1:LVR:TRUE:FALSE:org.apache.tools.ant.types.Resource:68:true |==> false
2:LVR:0:POS:org.apache.tools.ant.types.Resource:69:0 |==> 1
3:LVR:0:NEG:org.apache.tools.ant.types.Resource:69:0 |==> -1
4:LVR:FALSE:TRUE:org.apache.tools.ant.types.Resource:70:false |==> true
5:LVR:FALSE:TRUE:org.apache.tools.ant.types.Resource@<init>(java.lang.String):87:false |==> true
6:LVR:0:POS:org.apache.tools.ant.types.Resource@<init>(java.lang.String):87:0 |==> 1
7:LVR:0:NEG:org.apache.tools.ant.types.Resource@<init>(java.lang.String):87:0 |==> -1
8:LVR:FALSE:TRUE:org.apache.tools.ant.types.Resource@<init>(java.lang.String):87:false |==> true
9:LVR:FALSE:TRUE:org.apache.tools.ant.types.Resource@<init>(java.lang.String,boolean,long):97:false |==> true
10:STD:<ASSIGN>:<NO-OP>:org.apache.tools.ant.types.Resource@<init>(java.lang.String,boolean,long,boolean):106:this.name = name |==> <NO-OP>
11:STD:<ASSIGN>:<NO-OP>:org.apache.tools.ant.types.Resource@<init>(java.lang.String,boolean,long,boolean):107:this.exists = exists |==> <NO-OP>
12:STD:<ASSIGN>:<NO-OP>:org.apache.tools.ant.types.Resource@<init>(java.lang.String,boolean,long,boolean):108:this.lastmodified = lastmodified |==> <NO-OP>
13:STD:<ASSIGN>:<NO-OP>:org.apache.tools.ant.types.Resource@<init>(java.lang.String,boolean,long,boolean):109:this.directory = directory |==> <NO-OP>
14:EVR:<IDENTIFIER(java.lang.String)>:<DEFAULT>:org.apache.tools.ant.types.Resource@getName():124:name |==> null
15:STD:<ASSIGN>:<NO-OP>:org.apache.tools.ant.types.Resource@setName(java.lang.String):132:this.name = name |==> <NO-OP>
16:EVR:<IDENTIFIER(boolean)>:<DEFAULT>:org.apache.tools.ant.types.Resource@isExists():138:exists |==> false
17:STD:<ASSIGN>:<NO-OP>:org.apache.tools.ant.types.Resource@setExists(boolean):142:this.exists = exists |==> <NO-OP>
18:LVR:0:POS:org.apache.tools.ant.types.Resource@getLastModified():152:0 |==> 1
19:LVR:0:NEG:org.apache.tools.ant.types.Resource@getLastModified():152:0 |==> -1
20:ROR:<(long,long):!=(long,long):org.apache.tools.ant.types.Resource@getLastModified():152:lastmodified < 0 |==> lastmodified != 0
21:ROR:<(long,long):<=(long,long):org.apache.tools.ant.types.Resource@getLastModified():152:lastmodified < 0 |==> lastmodified <= 0
22:ROR:<(long,long):FALSE(long,long):org.apache.tools.ant.types.Resource@getLastModified():152:lastmodified < 0 |==> false
23:COR:||(boolean,boolean):!=(boolean,boolean):org.apache.tools.ant.types.Resource@getLastModified():152:!exists || lastmodified < 0 |==> !exists != lastmodified < 0
24:COR:||(boolean,boolean):LHS(boolean,boolean):org.apache.tools.ant.types.Resource@getLastModified():152:!exists || lastmodified < 0 |==> !exists
25:COR:||(boolean,boolean):RHS(boolean,boolean):org.apache.tools.ant.types.Resource@getLastModified():152:!exists || lastmodified < 0 |==> lastmodified < 0
26:COR:||(boolean,boolean):TRUE(boolean,boolean):org.apache.tools.ant.types.Resource@getLastModified():152:!exists || lastmodified < 0 |==> true
27:LVR:0:POS:org.apache.tools.ant.types.Resource@getLastModified():152:0 |==> 1
28:LVR:0:NEG:org.apache.tools.ant.types.Resource@getLastModified():152:0 |==> -1
29:STD:<ASSIGN>:<NO-OP>:org.apache.tools.ant.types.Resource@setLastModified(long):156:this.lastmodified = lastmodified |==> <NO-OP>
30:EVR:<IDENTIFIER(boolean)>:<DEFAULT>:org.apache.tools.ant.types.Resource@isDirectory():163:directory |==> false
31:STD:<ASSIGN>:<NO-OP>:org.apache.tools.ant.types.Resource@setDirectory(boolean):167:this.directory = directory |==> <NO-OP>
32:EVR:<METHOD_INVOCATION(java.lang.Object)>:<DEFAULT>:org.apache.tools.ant.types.Resource@clone():175:super.clone() |==> null
33:EVR:<TYPE_CAST(org.apache.tools.ant.types.Resource)>:<DEFAULT>:org.apache.tools.ant.types.Resource@compareTo(java.lang.Object):192:(Resource)other |==> null
34:EVR:<METHOD_INVOCATION(int)>:<DEFAULT>:org.apache.tools.ant.types.Resource@compareTo(java.lang.Object):193:getName().compareTo(r.getName()) |==> 0
