1:EVR:<NEW_CLASS(java.text.SimpleDateFormat)>:<DEFAULT>:org.apache.tools.ant.util.DateUtils:103:new SimpleDateFormat("EEE, dd MMM yyyy HH:mm:ss ", Locale.US) |==> null
2:EVR:<NEW_CLASS(java.text.MessageFormat)>:<DEFAULT>:org.apache.tools.ant.util.DateUtils:108:new MessageFormat("{0}{1}") |==> null
3:LVR:0:POS:org.apache.tools.ant.util.DateUtils:110:0 |==> 1
4:LVR:0:NEG:org.apache.tools.ant.util.DateUtils:110:0 |==> -1
5:LVR:POS:0:org.apache.tools.ant.util.DateUtils:110:1 |==> 0
6:LVR:POS:NEG:org.apache.tools.ant.util.DateUtils:110:1 |==> -1
7:LVR:POS:0:org.apache.tools.ant.util.DateUtils:110:2 |==> 0
8:LVR:POS:NEG:org.apache.tools.ant.util.DateUtils:110:2 |==> -2
9:EVR:<NEW_ARRAY(java.lang.String[])>:<DEFAULT>:org.apache.tools.ant.util.DateUtils:112:{"", "1 minute ", "{0,number} minutes "} |==> null
10:EVR:<NEW_ARRAY(java.lang.String[])>:<DEFAULT>:org.apache.tools.ant.util.DateUtils:114:{"0 seconds", "1 second", "{1,number} seconds"} |==> null
11:EVR:<NEW_CLASS(java.text.ChoiceFormat)>:<DEFAULT>:org.apache.tools.ant.util.DateUtils:117:new ChoiceFormat(LIMITS, MINUTES_PART) |==> null
12:EVR:<NEW_CLASS(java.text.ChoiceFormat)>:<DEFAULT>:org.apache.tools.ant.util.DateUtils:120:new ChoiceFormat(LIMITS, SECONDS_PART) |==> null
13:LVR:0:POS:org.apache.tools.ant.util.DateUtils:123:0 |==> 1
14:LVR:0:NEG:org.apache.tools.ant.util.DateUtils:123:0 |==> -1
15:STD:<CALL>:<NO-OP>:org.apache.tools.ant.util.DateUtils:123:MINUTE_SECONDS.setFormat(0, MINUTES_FORMAT) |==> <NO-OP>
16:LVR:POS:0:org.apache.tools.ant.util.DateUtils:124:1 |==> 0
17:LVR:POS:NEG:org.apache.tools.ant.util.DateUtils:124:1 |==> -1
18:STD:<CALL>:<NO-OP>:org.apache.tools.ant.util.DateUtils:124:MINUTE_SECONDS.setFormat(1, SECONDS_FORMAT) |==> <NO-OP>
19:EVR:<METHOD_INVOCATION(java.lang.String)>:<DEFAULT>:org.apache.tools.ant.util.DateUtils@format(long,java.lang.String):139:format(new Date(date), pattern) |==> null
20:EVR:<METHOD_INVOCATION(java.text.DateFormat)>:<DEFAULT>:org.apache.tools.ant.util.DateUtils@format(java.util.Date,java.lang.String):150:createDateFormat(pattern) |==> null
21:EVR:<METHOD_INVOCATION(java.lang.String)>:<DEFAULT>:org.apache.tools.ant.util.DateUtils@format(java.util.Date,java.lang.String):151:df.format(date) |==> null
22:LVR:POS:0:org.apache.tools.ant.util.DateUtils@formatElapsedTime(long):168:1000 |==> 0
23:LVR:POS:NEG:org.apache.tools.ant.util.DateUtils@formatElapsedTime(long):168:1000 |==> -1000
24:AOR:/(long,long):%(long,long):org.apache.tools.ant.util.DateUtils@formatElapsedTime(long):168:millis / 1000 |==> millis % 1000
25:AOR:/(long,long):*(long,long):org.apache.tools.ant.util.DateUtils@formatElapsedTime(long):168:millis / 1000 |==> millis * 1000
26:AOR:/(long,long):+(long,long):org.apache.tools.ant.util.DateUtils@formatElapsedTime(long):168:millis / 1000 |==> millis + 1000
27:AOR:/(long,long):-(long,long):org.apache.tools.ant.util.DateUtils@formatElapsedTime(long):168:millis / 1000 |==> millis - 1000
28:LVR:POS:0:org.apache.tools.ant.util.DateUtils@formatElapsedTime(long):169:60 |==> 0
29:LVR:POS:NEG:org.apache.tools.ant.util.DateUtils@formatElapsedTime(long):169:60 |==> -60
30:AOR:/(long,long):%(long,long):org.apache.tools.ant.util.DateUtils@formatElapsedTime(long):169:seconds / 60 |==> seconds % 60
31:AOR:/(long,long):*(long,long):org.apache.tools.ant.util.DateUtils@formatElapsedTime(long):169:seconds / 60 |==> seconds * 60
32:AOR:/(long,long):+(long,long):org.apache.tools.ant.util.DateUtils@formatElapsedTime(long):169:seconds / 60 |==> seconds + 60
33:AOR:/(long,long):-(long,long):org.apache.tools.ant.util.DateUtils@formatElapsedTime(long):169:seconds / 60 |==> seconds - 60
34:LVR:POS:0:org.apache.tools.ant.util.DateUtils@formatElapsedTime(long):170:60 |==> 0
35:LVR:POS:NEG:org.apache.tools.ant.util.DateUtils@formatElapsedTime(long):170:60 |==> -60
36:AOR:%(long,long):*(long,long):org.apache.tools.ant.util.DateUtils@formatElapsedTime(long):170:seconds % 60 |==> seconds * 60
37:AOR:%(long,long):+(long,long):org.apache.tools.ant.util.DateUtils@formatElapsedTime(long):170:seconds % 60 |==> seconds + 60
38:AOR:%(long,long):-(long,long):org.apache.tools.ant.util.DateUtils@formatElapsedTime(long):170:seconds % 60 |==> seconds - 60
39:AOR:%(long,long):/(long,long):org.apache.tools.ant.util.DateUtils@formatElapsedTime(long):170:seconds % 60 |==> seconds / 60
40:EVR:<METHOD_INVOCATION(java.lang.String)>:<DEFAULT>:org.apache.tools.ant.util.DateUtils@formatElapsedTime(long):171:MINUTE_SECONDS.format(args) |==> null
41:EVR:<NEW_CLASS(java.text.SimpleDateFormat)>:<DEFAULT>:org.apache.tools.ant.util.DateUtils@createDateFormat(java.lang.String):180:new SimpleDateFormat(pattern) |==> null
42:EVR:<METHOD_INVOCATION(java.util.TimeZone)>:<DEFAULT>:org.apache.tools.ant.util.DateUtils@createDateFormat(java.lang.String):181:TimeZone.getTimeZone("GMT") |==> null
43:STD:<CALL>:<NO-OP>:org.apache.tools.ant.util.DateUtils@createDateFormat(java.lang.String):182:sdf.setTimeZone(gmt) |==> <NO-OP>
44:LVR:TRUE:FALSE:org.apache.tools.ant.util.DateUtils@createDateFormat(java.lang.String):183:true |==> false
45:STD:<CALL>:<NO-OP>:org.apache.tools.ant.util.DateUtils@createDateFormat(java.lang.String):183:sdf.setLenient(true) |==> <NO-OP>
46:EVR:<IDENTIFIER(java.text.SimpleDateFormat)>:<DEFAULT>:org.apache.tools.ant.util.DateUtils@createDateFormat(java.lang.String):184:sdf |==> null
47:EVR:<METHOD_INVOCATION(int)>:<DEFAULT>:org.apache.tools.ant.util.DateUtils@getPhaseOfMoon(java.util.Calendar):220:cal.get(Calendar.DAY_OF_YEAR) |==> 0
48:LVR:POS:0:org.apache.tools.ant.util.DateUtils@getPhaseOfMoon(java.util.Calendar):221:1900 |==> 0
49:LVR:POS:NEG:org.apache.tools.ant.util.DateUtils@getPhaseOfMoon(java.util.Calendar):221:1900 |==> -1900
50:AOR:-(int,int):%(int,int):org.apache.tools.ant.util.DateUtils@getPhaseOfMoon(java.util.Calendar):221:cal.get(Calendar.YEAR) - 1900 |==> cal.get(Calendar.YEAR) % 1900
51:AOR:-(int,int):*(int,int):org.apache.tools.ant.util.DateUtils@getPhaseOfMoon(java.util.Calendar):221:cal.get(Calendar.YEAR) - 1900 |==> cal.get(Calendar.YEAR) * 1900
52:AOR:-(int,int):+(int,int):org.apache.tools.ant.util.DateUtils@getPhaseOfMoon(java.util.Calendar):221:cal.get(Calendar.YEAR) - 1900 |==> cal.get(Calendar.YEAR) + 1900
53:AOR:-(int,int):/(int,int):org.apache.tools.ant.util.DateUtils@getPhaseOfMoon(java.util.Calendar):221:cal.get(Calendar.YEAR) - 1900 |==> cal.get(Calendar.YEAR) / 1900
54:LVR:POS:0:org.apache.tools.ant.util.DateUtils@getPhaseOfMoon(java.util.Calendar):221:19 |==> 0
55:LVR:POS:NEG:org.apache.tools.ant.util.DateUtils@getPhaseOfMoon(java.util.Calendar):221:19 |==> -19
56:AOR:%(int,int):*(int,int):org.apache.tools.ant.util.DateUtils@getPhaseOfMoon(java.util.Calendar):221:(cal.get(Calendar.YEAR) - 1900) % 19 |==> (cal.get(Calendar.YEAR) - 1900) * 19
57:AOR:%(int,int):+(int,int):org.apache.tools.ant.util.DateUtils@getPhaseOfMoon(java.util.Calendar):221:(cal.get(Calendar.YEAR) - 1900) % 19 |==> (cal.get(Calendar.YEAR) - 1900) + 19
58:AOR:%(int,int):-(int,int):org.apache.tools.ant.util.DateUtils@getPhaseOfMoon(java.util.Calendar):221:(cal.get(Calendar.YEAR) - 1900) % 19 |==> (cal.get(Calendar.YEAR) - 1900) - 19
59:AOR:%(int,int):/(int,int):org.apache.tools.ant.util.DateUtils@getPhaseOfMoon(java.util.Calendar):221:(cal.get(Calendar.YEAR) - 1900) % 19 |==> (cal.get(Calendar.YEAR) - 1900) / 19
60:LVR:POS:0:org.apache.tools.ant.util.DateUtils@getPhaseOfMoon(java.util.Calendar):221:1 |==> 0
61:LVR:POS:NEG:org.apache.tools.ant.util.DateUtils@getPhaseOfMoon(java.util.Calendar):221:1 |==> -1
62:AOR:+(int,int):%(int,int):org.apache.tools.ant.util.DateUtils@getPhaseOfMoon(java.util.Calendar):221:((cal.get(Calendar.YEAR) - 1900) % 19) + 1 |==> ((cal.get(Calendar.YEAR) - 1900) % 19) % 1
63:AOR:+(int,int):*(int,int):org.apache.tools.ant.util.DateUtils@getPhaseOfMoon(java.util.Calendar):221:((cal.get(Calendar.YEAR) - 1900) % 19) + 1 |==> ((cal.get(Calendar.YEAR) - 1900) % 19) * 1
64:AOR:+(int,int):-(int,int):org.apache.tools.ant.util.DateUtils@getPhaseOfMoon(java.util.Calendar):221:((cal.get(Calendar.YEAR) - 1900) % 19) + 1 |==> ((cal.get(Calendar.YEAR) - 1900) % 19) - 1
65:AOR:+(int,int):/(int,int):org.apache.tools.ant.util.DateUtils@getPhaseOfMoon(java.util.Calendar):221:((cal.get(Calendar.YEAR) - 1900) % 19) + 1 |==> ((cal.get(Calendar.YEAR) - 1900) % 19) / 1
66:LVR:POS:0:org.apache.tools.ant.util.DateUtils@getPhaseOfMoon(java.util.Calendar):222:11 |==> 0
67:LVR:POS:NEG:org.apache.tools.ant.util.DateUtils@getPhaseOfMoon(java.util.Calendar):222:11 |==> -11
68:AOR:*(int,int):%(int,int):org.apache.tools.ant.util.DateUtils@getPhaseOfMoon(java.util.Calendar):222:11 * yearInMetonicCycle |==> 11 % yearInMetonicCycle
69:AOR:*(int,int):+(int,int):org.apache.tools.ant.util.DateUtils@getPhaseOfMoon(java.util.Calendar):222:11 * yearInMetonicCycle |==> 11 + yearInMetonicCycle
70:AOR:*(int,int):-(int,int):org.apache.tools.ant.util.DateUtils@getPhaseOfMoon(java.util.Calendar):222:11 * yearInMetonicCycle |==> 11 - yearInMetonicCycle
71:AOR:*(int,int):/(int,int):org.apache.tools.ant.util.DateUtils@getPhaseOfMoon(java.util.Calendar):222:11 * yearInMetonicCycle |==> 11 / yearInMetonicCycle
72:LVR:POS:0:org.apache.tools.ant.util.DateUtils@getPhaseOfMoon(java.util.Calendar):222:18 |==> 0
73:LVR:POS:NEG:org.apache.tools.ant.util.DateUtils@getPhaseOfMoon(java.util.Calendar):222:18 |==> -18
74:AOR:+(int,int):%(int,int):org.apache.tools.ant.util.DateUtils@getPhaseOfMoon(java.util.Calendar):222:11 * yearInMetonicCycle + 18 |==> 11 * yearInMetonicCycle % 18
75:AOR:+(int,int):*(int,int):org.apache.tools.ant.util.DateUtils@getPhaseOfMoon(java.util.Calendar):222:11 * yearInMetonicCycle + 18 |==> 11 * yearInMetonicCycle * 18
76:AOR:+(int,int):-(int,int):org.apache.tools.ant.util.DateUtils@getPhaseOfMoon(java.util.Calendar):222:11 * yearInMetonicCycle + 18 |==> 11 * yearInMetonicCycle - 18
77:AOR:+(int,int):/(int,int):org.apache.tools.ant.util.DateUtils@getPhaseOfMoon(java.util.Calendar):222:11 * yearInMetonicCycle + 18 |==> 11 * yearInMetonicCycle / 18
78:LVR:POS:0:org.apache.tools.ant.util.DateUtils@getPhaseOfMoon(java.util.Calendar):222:30 |==> 0
79:LVR:POS:NEG:org.apache.tools.ant.util.DateUtils@getPhaseOfMoon(java.util.Calendar):222:30 |==> -30
80:AOR:%(int,int):*(int,int):org.apache.tools.ant.util.DateUtils@getPhaseOfMoon(java.util.Calendar):222:(11 * yearInMetonicCycle + 18) % 30 |==> (11 * yearInMetonicCycle + 18) * 30
81:AOR:%(int,int):+(int,int):org.apache.tools.ant.util.DateUtils@getPhaseOfMoon(java.util.Calendar):222:(11 * yearInMetonicCycle + 18) % 30 |==> (11 * yearInMetonicCycle + 18) + 30
82:AOR:%(int,int):-(int,int):org.apache.tools.ant.util.DateUtils@getPhaseOfMoon(java.util.Calendar):222:(11 * yearInMetonicCycle + 18) % 30 |==> (11 * yearInMetonicCycle + 18) - 30
83:AOR:%(int,int):/(int,int):org.apache.tools.ant.util.DateUtils@getPhaseOfMoon(java.util.Calendar):222:(11 * yearInMetonicCycle + 18) % 30 |==> (11 * yearInMetonicCycle + 18) / 30
84:LVR:POS:0:org.apache.tools.ant.util.DateUtils@getPhaseOfMoon(java.util.Calendar):223:25 |==> 0
85:LVR:POS:NEG:org.apache.tools.ant.util.DateUtils@getPhaseOfMoon(java.util.Calendar):223:25 |==> -25
86:ROR:==(int,int):<=(int,int):org.apache.tools.ant.util.DateUtils@getPhaseOfMoon(java.util.Calendar):223:epact == 25 |==> epact <= 25
87:ROR:==(int,int):>=(int,int):org.apache.tools.ant.util.DateUtils@getPhaseOfMoon(java.util.Calendar):223:epact == 25 |==> epact >= 25
88:ROR:==(int,int):FALSE(int,int):org.apache.tools.ant.util.DateUtils@getPhaseOfMoon(java.util.Calendar):223:epact == 25 |==> false
89:LVR:POS:0:org.apache.tools.ant.util.DateUtils@getPhaseOfMoon(java.util.Calendar):223:11 |==> 0
90:LVR:POS:NEG:org.apache.tools.ant.util.DateUtils@getPhaseOfMoon(java.util.Calendar):223:11 |==> -11
91:ROR:>(int,int):!=(int,int):org.apache.tools.ant.util.DateUtils@getPhaseOfMoon(java.util.Calendar):223:yearInMetonicCycle > 11 |==> yearInMetonicCycle != 11
92:ROR:>(int,int):>=(int,int):org.apache.tools.ant.util.DateUtils@getPhaseOfMoon(java.util.Calendar):223:yearInMetonicCycle > 11 |==> yearInMetonicCycle >= 11
93:ROR:>(int,int):FALSE(int,int):org.apache.tools.ant.util.DateUtils@getPhaseOfMoon(java.util.Calendar):223:yearInMetonicCycle > 11 |==> false
94:COR:&&(boolean,boolean):==(boolean,boolean):org.apache.tools.ant.util.DateUtils@getPhaseOfMoon(java.util.Calendar):223:epact == 25 && yearInMetonicCycle > 11 |==> epact == 25 == yearInMetonicCycle > 11
95:COR:&&(boolean,boolean):FALSE(boolean,boolean):org.apache.tools.ant.util.DateUtils@getPhaseOfMoon(java.util.Calendar):223:epact == 25 && yearInMetonicCycle > 11 |==> false
96:COR:&&(boolean,boolean):LHS(boolean,boolean):org.apache.tools.ant.util.DateUtils@getPhaseOfMoon(java.util.Calendar):223:epact == 25 && yearInMetonicCycle > 11 |==> epact == 25
97:COR:&&(boolean,boolean):RHS(boolean,boolean):org.apache.tools.ant.util.DateUtils@getPhaseOfMoon(java.util.Calendar):223:epact == 25 && yearInMetonicCycle > 11 |==> yearInMetonicCycle > 11
98:LVR:POS:0:org.apache.tools.ant.util.DateUtils@getPhaseOfMoon(java.util.Calendar):223:24 |==> 0
99:LVR:POS:NEG:org.apache.tools.ant.util.DateUtils@getPhaseOfMoon(java.util.Calendar):223:24 |==> -24
100:ROR:==(int,int):<=(int,int):org.apache.tools.ant.util.DateUtils@getPhaseOfMoon(java.util.Calendar):223:epact == 24 |==> epact <= 24
101:ROR:==(int,int):>=(int,int):org.apache.tools.ant.util.DateUtils@getPhaseOfMoon(java.util.Calendar):223:epact == 24 |==> epact >= 24
102:ROR:==(int,int):FALSE(int,int):org.apache.tools.ant.util.DateUtils@getPhaseOfMoon(java.util.Calendar):223:epact == 24 |==> false
103:COR:||(boolean,boolean):!=(boolean,boolean):org.apache.tools.ant.util.DateUtils@getPhaseOfMoon(java.util.Calendar):223:(epact == 25 && yearInMetonicCycle > 11) || epact == 24 |==> (epact == 25 && yearInMetonicCycle > 11) != (epact == 24)
104:COR:||(boolean,boolean):LHS(boolean,boolean):org.apache.tools.ant.util.DateUtils@getPhaseOfMoon(java.util.Calendar):223:(epact == 25 && yearInMetonicCycle > 11) || epact == 24 |==> (epact == 25 && yearInMetonicCycle > 11)
105:COR:||(boolean,boolean):RHS(boolean,boolean):org.apache.tools.ant.util.DateUtils@getPhaseOfMoon(java.util.Calendar):223:(epact == 25 && yearInMetonicCycle > 11) || epact == 24 |==> epact == 24
106:COR:||(boolean,boolean):TRUE(boolean,boolean):org.apache.tools.ant.util.DateUtils@getPhaseOfMoon(java.util.Calendar):223:(epact == 25 && yearInMetonicCycle > 11) || epact == 24 |==> true
107:STD:<INC>:<NO-OP>:org.apache.tools.ant.util.DateUtils@getPhaseOfMoon(java.util.Calendar):224:epact++ |==> <NO-OP>
108:AOR:+(int,int):%(int,int):org.apache.tools.ant.util.DateUtils@getPhaseOfMoon(java.util.Calendar):226:dayOfTheYear + epact |==> dayOfTheYear % epact
109:AOR:+(int,int):*(int,int):org.apache.tools.ant.util.DateUtils@getPhaseOfMoon(java.util.Calendar):226:dayOfTheYear + epact |==> dayOfTheYear * epact
110:AOR:+(int,int):-(int,int):org.apache.tools.ant.util.DateUtils@getPhaseOfMoon(java.util.Calendar):226:dayOfTheYear + epact |==> dayOfTheYear - epact
111:AOR:+(int,int):/(int,int):org.apache.tools.ant.util.DateUtils@getPhaseOfMoon(java.util.Calendar):226:dayOfTheYear + epact |==> dayOfTheYear / epact
112:LVR:POS:0:org.apache.tools.ant.util.DateUtils@getPhaseOfMoon(java.util.Calendar):226:6 |==> 0
113:LVR:POS:NEG:org.apache.tools.ant.util.DateUtils@getPhaseOfMoon(java.util.Calendar):226:6 |==> -6
114:AOR:*(int,int):%(int,int):org.apache.tools.ant.util.DateUtils@getPhaseOfMoon(java.util.Calendar):226:(dayOfTheYear + epact) * 6 |==> (dayOfTheYear + epact) % 6
115:AOR:*(int,int):+(int,int):org.apache.tools.ant.util.DateUtils@getPhaseOfMoon(java.util.Calendar):226:(dayOfTheYear + epact) * 6 |==> (dayOfTheYear + epact) + 6
116:AOR:*(int,int):-(int,int):org.apache.tools.ant.util.DateUtils@getPhaseOfMoon(java.util.Calendar):226:(dayOfTheYear + epact) * 6 |==> (dayOfTheYear + epact) - 6
117:AOR:*(int,int):/(int,int):org.apache.tools.ant.util.DateUtils@getPhaseOfMoon(java.util.Calendar):226:(dayOfTheYear + epact) * 6 |==> (dayOfTheYear + epact) / 6
118:LVR:POS:0:org.apache.tools.ant.util.DateUtils@getPhaseOfMoon(java.util.Calendar):226:11 |==> 0
119:LVR:POS:NEG:org.apache.tools.ant.util.DateUtils@getPhaseOfMoon(java.util.Calendar):226:11 |==> -11
120:AOR:+(int,int):%(int,int):org.apache.tools.ant.util.DateUtils@getPhaseOfMoon(java.util.Calendar):226:((dayOfTheYear + epact) * 6) + 11 |==> ((dayOfTheYear + epact) * 6) % 11
121:AOR:+(int,int):*(int,int):org.apache.tools.ant.util.DateUtils@getPhaseOfMoon(java.util.Calendar):226:((dayOfTheYear + epact) * 6) + 11 |==> ((dayOfTheYear + epact) * 6) * 11
122:AOR:+(int,int):-(int,int):org.apache.tools.ant.util.DateUtils@getPhaseOfMoon(java.util.Calendar):226:((dayOfTheYear + epact) * 6) + 11 |==> ((dayOfTheYear + epact) * 6) - 11
123:AOR:+(int,int):/(int,int):org.apache.tools.ant.util.DateUtils@getPhaseOfMoon(java.util.Calendar):226:((dayOfTheYear + epact) * 6) + 11 |==> ((dayOfTheYear + epact) * 6) / 11
124:LVR:POS:0:org.apache.tools.ant.util.DateUtils@getPhaseOfMoon(java.util.Calendar):226:177 |==> 0
125:LVR:POS:NEG:org.apache.tools.ant.util.DateUtils@getPhaseOfMoon(java.util.Calendar):226:177 |==> -177
126:AOR:%(int,int):*(int,int):org.apache.tools.ant.util.DateUtils@getPhaseOfMoon(java.util.Calendar):226:(((dayOfTheYear + epact) * 6) + 11) % 177 |==> (((dayOfTheYear + epact) * 6) + 11) * 177
127:AOR:%(int,int):+(int,int):org.apache.tools.ant.util.DateUtils@getPhaseOfMoon(java.util.Calendar):226:(((dayOfTheYear + epact) * 6) + 11) % 177 |==> (((dayOfTheYear + epact) * 6) + 11) + 177
128:AOR:%(int,int):-(int,int):org.apache.tools.ant.util.DateUtils@getPhaseOfMoon(java.util.Calendar):226:(((dayOfTheYear + epact) * 6) + 11) % 177 |==> (((dayOfTheYear + epact) * 6) + 11) - 177
129:AOR:%(int,int):/(int,int):org.apache.tools.ant.util.DateUtils@getPhaseOfMoon(java.util.Calendar):226:(((dayOfTheYear + epact) * 6) + 11) % 177 |==> (((dayOfTheYear + epact) * 6) + 11) / 177
130:LVR:POS:0:org.apache.tools.ant.util.DateUtils@getPhaseOfMoon(java.util.Calendar):226:22 |==> 0
131:LVR:POS:NEG:org.apache.tools.ant.util.DateUtils@getPhaseOfMoon(java.util.Calendar):226:22 |==> -22
132:AOR:/(int,int):%(int,int):org.apache.tools.ant.util.DateUtils@getPhaseOfMoon(java.util.Calendar):226:((((dayOfTheYear + epact) * 6) + 11) % 177) / 22 |==> ((((dayOfTheYear + epact) * 6) + 11) % 177) % 22
133:AOR:/(int,int):*(int,int):org.apache.tools.ant.util.DateUtils@getPhaseOfMoon(java.util.Calendar):226:((((dayOfTheYear + epact) * 6) + 11) % 177) / 22 |==> ((((dayOfTheYear + epact) * 6) + 11) % 177) * 22
134:AOR:/(int,int):+(int,int):org.apache.tools.ant.util.DateUtils@getPhaseOfMoon(java.util.Calendar):226:((((dayOfTheYear + epact) * 6) + 11) % 177) / 22 |==> ((((dayOfTheYear + epact) * 6) + 11) % 177) + 22
135:AOR:/(int,int):-(int,int):org.apache.tools.ant.util.DateUtils@getPhaseOfMoon(java.util.Calendar):226:((((dayOfTheYear + epact) * 6) + 11) % 177) / 22 |==> ((((dayOfTheYear + epact) * 6) + 11) % 177) - 22
136:LVR:POS:0:org.apache.tools.ant.util.DateUtils@getPhaseOfMoon(java.util.Calendar):226:7 |==> 0
137:LVR:POS:NEG:org.apache.tools.ant.util.DateUtils@getPhaseOfMoon(java.util.Calendar):226:7 |==> -7
138:LOR:&(int,int):^(int,int):org.apache.tools.ant.util.DateUtils@getPhaseOfMoon(java.util.Calendar):226:(((((dayOfTheYear + epact) * 6) + 11) % 177) / 22) & 7 |==> (((((dayOfTheYear + epact) * 6) + 11) % 177) / 22) ^ 7
139:LOR:&(int,int):|(int,int):org.apache.tools.ant.util.DateUtils@getPhaseOfMoon(java.util.Calendar):226:(((((dayOfTheYear + epact) * 6) + 11) % 177) / 22) & 7 |==> (((((dayOfTheYear + epact) * 6) + 11) % 177) / 22) | 7
140:EVR:<METHOD_INVOCATION(java.util.Calendar)>:<DEFAULT>:org.apache.tools.ant.util.DateUtils@getDateForHeader():236:Calendar.getInstance() |==> null
141:EVR:<METHOD_INVOCATION(java.util.TimeZone)>:<DEFAULT>:org.apache.tools.ant.util.DateUtils@getDateForHeader():237:cal.getTimeZone() |==> null
142:EVR:<METHOD_INVOCATION(int)>:<DEFAULT>:org.apache.tools.ant.util.DateUtils@getDateForHeader():238:tz.getOffset(cal.get(Calendar.ERA), cal.get(Calendar.YEAR), cal.get(Calendar.MONTH), cal.get(Calendar.DAY_OF_MONTH), cal.get(Calendar.DAY_OF_WEEK), cal.get(Calendar.MILLISECOND)) |==> 0
143:LVR:0:POS:org.apache.tools.ant.util.DateUtils@getDateForHeader():244:0 |==> 1
144:LVR:0:NEG:org.apache.tools.ant.util.DateUtils@getDateForHeader():244:0 |==> -1
145:ROR:<(int,int):!=(int,int):org.apache.tools.ant.util.DateUtils@getDateForHeader():244:offset < 0 |==> offset != 0
146:ROR:<(int,int):<=(int,int):org.apache.tools.ant.util.DateUtils@getDateForHeader():244:offset < 0 |==> offset <= 0
147:ROR:<(int,int):FALSE(int,int):org.apache.tools.ant.util.DateUtils@getDateForHeader():244:offset < 0 |==> false
148:STD:<ASSIGN>:<NO-OP>:org.apache.tools.ant.util.DateUtils@getDateForHeader():245:offset = Math.abs(offset) |==> <NO-OP>
149:LVR:POS:0:org.apache.tools.ant.util.DateUtils@getDateForHeader():246:60 |==> 0
150:LVR:POS:NEG:org.apache.tools.ant.util.DateUtils@getDateForHeader():246:60 |==> -60
151:LVR:POS:0:org.apache.tools.ant.util.DateUtils@getDateForHeader():246:60 |==> 0
152:LVR:POS:NEG:org.apache.tools.ant.util.DateUtils@getDateForHeader():246:60 |==> -60
153:AOR:*(int,int):%(int,int):org.apache.tools.ant.util.DateUtils@getDateForHeader():246:60 * 60 |==> 60 % 60
154:AOR:*(int,int):+(int,int):org.apache.tools.ant.util.DateUtils@getDateForHeader():246:60 * 60 |==> 60 + 60
155:AOR:*(int,int):-(int,int):org.apache.tools.ant.util.DateUtils@getDateForHeader():246:60 * 60 |==> 60 - 60
156:AOR:*(int,int):/(int,int):org.apache.tools.ant.util.DateUtils@getDateForHeader():246:60 * 60 |==> 60 / 60
157:LVR:POS:0:org.apache.tools.ant.util.DateUtils@getDateForHeader():246:1000 |==> 0
158:LVR:POS:NEG:org.apache.tools.ant.util.DateUtils@getDateForHeader():246:1000 |==> -1000
159:AOR:*(int,int):%(int,int):org.apache.tools.ant.util.DateUtils@getDateForHeader():246:60 * 60 * 1000 |==> 60 * 60 % 1000
160:AOR:*(int,int):+(int,int):org.apache.tools.ant.util.DateUtils@getDateForHeader():246:60 * 60 * 1000 |==> 60 * 60 + 1000
161:AOR:*(int,int):-(int,int):org.apache.tools.ant.util.DateUtils@getDateForHeader():246:60 * 60 * 1000 |==> 60 * 60 - 1000
162:AOR:*(int,int):/(int,int):org.apache.tools.ant.util.DateUtils@getDateForHeader():246:60 * 60 * 1000 |==> 60 * 60 / 1000
163:AOR:/(int,int):%(int,int):org.apache.tools.ant.util.DateUtils@getDateForHeader():246:offset / (60 * 60 * 1000) |==> offset % (60 * 60 * 1000)
164:AOR:/(int,int):*(int,int):org.apache.tools.ant.util.DateUtils@getDateForHeader():246:offset / (60 * 60 * 1000) |==> offset * (60 * 60 * 1000)
165:AOR:/(int,int):+(int,int):org.apache.tools.ant.util.DateUtils@getDateForHeader():246:offset / (60 * 60 * 1000) |==> offset + (60 * 60 * 1000)
166:AOR:/(int,int):-(int,int):org.apache.tools.ant.util.DateUtils@getDateForHeader():246:offset / (60 * 60 * 1000) |==> offset - (60 * 60 * 1000)
167:LVR:POS:0:org.apache.tools.ant.util.DateUtils@getDateForHeader():247:60 |==> 0
168:LVR:POS:NEG:org.apache.tools.ant.util.DateUtils@getDateForHeader():247:60 |==> -60
169:LVR:POS:0:org.apache.tools.ant.util.DateUtils@getDateForHeader():247:1000 |==> 0
170:LVR:POS:NEG:org.apache.tools.ant.util.DateUtils@getDateForHeader():247:1000 |==> -1000
171:AOR:*(int,int):%(int,int):org.apache.tools.ant.util.DateUtils@getDateForHeader():247:60 * 1000 |==> 60 % 1000
172:AOR:*(int,int):+(int,int):org.apache.tools.ant.util.DateUtils@getDateForHeader():247:60 * 1000 |==> 60 + 1000
173:AOR:*(int,int):-(int,int):org.apache.tools.ant.util.DateUtils@getDateForHeader():247:60 * 1000 |==> 60 - 1000
174:AOR:*(int,int):/(int,int):org.apache.tools.ant.util.DateUtils@getDateForHeader():247:60 * 1000 |==> 60 / 1000
175:AOR:/(int,int):%(int,int):org.apache.tools.ant.util.DateUtils@getDateForHeader():247:offset / (60 * 1000) |==> offset % (60 * 1000)
176:AOR:/(int,int):*(int,int):org.apache.tools.ant.util.DateUtils@getDateForHeader():247:offset / (60 * 1000) |==> offset * (60 * 1000)
177:AOR:/(int,int):+(int,int):org.apache.tools.ant.util.DateUtils@getDateForHeader():247:offset / (60 * 1000) |==> offset + (60 * 1000)
178:AOR:/(int,int):-(int,int):org.apache.tools.ant.util.DateUtils@getDateForHeader():247:offset / (60 * 1000) |==> offset - (60 * 1000)
179:LVR:POS:0:org.apache.tools.ant.util.DateUtils@getDateForHeader():247:60 |==> 0
180:LVR:POS:NEG:org.apache.tools.ant.util.DateUtils@getDateForHeader():247:60 |==> -60
181:AOR:*(int,int):%(int,int):org.apache.tools.ant.util.DateUtils@getDateForHeader():247:60 * hours |==> 60 % hours
182:AOR:*(int,int):+(int,int):org.apache.tools.ant.util.DateUtils@getDateForHeader():247:60 * hours |==> 60 + hours
183:AOR:*(int,int):-(int,int):org.apache.tools.ant.util.DateUtils@getDateForHeader():247:60 * hours |==> 60 - hours
184:AOR:*(int,int):/(int,int):org.apache.tools.ant.util.DateUtils@getDateForHeader():247:60 * hours |==> 60 / hours
185:AOR:-(int,int):%(int,int):org.apache.tools.ant.util.DateUtils@getDateForHeader():247:offset / (60 * 1000) - 60 * hours |==> offset / (60 * 1000) % (60 * hours)
186:AOR:-(int,int):*(int,int):org.apache.tools.ant.util.DateUtils@getDateForHeader():247:offset / (60 * 1000) - 60 * hours |==> offset / (60 * 1000) * (60 * hours)
187:AOR:-(int,int):+(int,int):org.apache.tools.ant.util.DateUtils@getDateForHeader():247:offset / (60 * 1000) - 60 * hours |==> offset / (60 * 1000) + 60 * hours
188:AOR:-(int,int):/(int,int):org.apache.tools.ant.util.DateUtils@getDateForHeader():247:offset / (60 * 1000) - 60 * hours |==> offset / (60 * 1000) / (60 * hours)
189:LVR:POS:0:org.apache.tools.ant.util.DateUtils@getDateForHeader():248:10 |==> 0
190:LVR:POS:NEG:org.apache.tools.ant.util.DateUtils@getDateForHeader():248:10 |==> -10
191:ROR:<(int,int):!=(int,int):org.apache.tools.ant.util.DateUtils@getDateForHeader():248:hours < 10 |==> hours != 10
192:ROR:<(int,int):<=(int,int):org.apache.tools.ant.util.DateUtils@getDateForHeader():248:hours < 10 |==> hours <= 10
193:ROR:<(int,int):FALSE(int,int):org.apache.tools.ant.util.DateUtils@getDateForHeader():248:hours < 10 |==> false
194:STD:<CALL>:<NO-OP>:org.apache.tools.ant.util.DateUtils@getDateForHeader():249:tzMarker.append("0") |==> <NO-OP>
195:STD:<CALL>:<NO-OP>:org.apache.tools.ant.util.DateUtils@getDateForHeader():251:tzMarker.append(hours) |==> <NO-OP>
196:LVR:POS:0:org.apache.tools.ant.util.DateUtils@getDateForHeader():252:10 |==> 0
197:LVR:POS:NEG:org.apache.tools.ant.util.DateUtils@getDateForHeader():252:10 |==> -10
198:ROR:<(int,int):!=(int,int):org.apache.tools.ant.util.DateUtils@getDateForHeader():252:minutes < 10 |==> minutes != 10
199:ROR:<(int,int):<=(int,int):org.apache.tools.ant.util.DateUtils@getDateForHeader():252:minutes < 10 |==> minutes <= 10
200:ROR:<(int,int):FALSE(int,int):org.apache.tools.ant.util.DateUtils@getDateForHeader():252:minutes < 10 |==> false
201:STD:<CALL>:<NO-OP>:org.apache.tools.ant.util.DateUtils@getDateForHeader():253:tzMarker.append("0") |==> <NO-OP>
202:STD:<CALL>:<NO-OP>:org.apache.tools.ant.util.DateUtils@getDateForHeader():255:tzMarker.append(minutes) |==> <NO-OP>
203:EVR:<PLUS(java.lang.String)>:<DEFAULT>:org.apache.tools.ant.util.DateUtils@getDateForHeader():256:DATE_HEADER_FORMAT.format(cal.getTime()) + tzMarker.toString() |==> null
204:EVR:<METHOD_INVOCATION(java.util.Date)>:<DEFAULT>:org.apache.tools.ant.util.DateUtils@parseIso8601DateTime(java.lang.String):272:new SimpleDateFormat(ISO8601_DATETIME_PATTERN).parse(datestr) |==> null
205:EVR:<METHOD_INVOCATION(java.util.Date)>:<DEFAULT>:org.apache.tools.ant.util.DateUtils@parseIso8601Date(java.lang.String):287:new SimpleDateFormat(ISO8601_DATE_PATTERN).parse(datestr) |==> null
206:EVR:<METHOD_INVOCATION(java.util.Date)>:<DEFAULT>:org.apache.tools.ant.util.DateUtils@parseIso8601DateTimeOrDate(java.lang.String):304:parseIso8601DateTime(datestr) |==> null
207:EVR:<METHOD_INVOCATION(java.util.Date)>:<DEFAULT>:org.apache.tools.ant.util.DateUtils@parseIso8601DateTimeOrDate(java.lang.String):306:parseIso8601Date(datestr) |==> null
