1:EVR:<METHOD_INVOCATION(int)>:<DEFAULT>:org.apache.tools.ant.taskdefs.email.EmailAddress@<init>(java.lang.String):89:email.length() |==> 0
2:ROR:>(int,int):!=(int,int):org.apache.tools.ant.taskdefs.email.EmailAddress@<init>(java.lang.String):92:len > minLen |==> len != minLen
3:ROR:>(int,int):>=(int,int):org.apache.tools.ant.taskdefs.email.EmailAddress@<init>(java.lang.String):92:len > minLen |==> len >= minLen
4:ROR:>(int,int):FALSE(int,int):org.apache.tools.ant.taskdefs.email.EmailAddress@<init>(java.lang.String):92:len > minLen |==> false
5:LVR:0:POS:org.apache.tools.ant.taskdefs.email.EmailAddress@<init>(java.lang.String):93:0 |==> 1
6:LVR:0:NEG:org.apache.tools.ant.taskdefs.email.EmailAddress@<init>(java.lang.String):93:0 |==> -1
7:ROR:==(int,int):<=(int,int):org.apache.tools.ant.taskdefs.email.EmailAddress@<init>(java.lang.String):93:email.charAt(0) == '<' |==> email.charAt(0) <= '<'
8:ROR:==(int,int):>=(int,int):org.apache.tools.ant.taskdefs.email.EmailAddress@<init>(java.lang.String):93:email.charAt(0) == '<' |==> email.charAt(0) >= '<'
9:ROR:==(int,int):FALSE(int,int):org.apache.tools.ant.taskdefs.email.EmailAddress@<init>(java.lang.String):93:email.charAt(0) == '<' |==> false
10:LVR:POS:0:org.apache.tools.ant.taskdefs.email.EmailAddress@<init>(java.lang.String):93:1 |==> 0
11:LVR:POS:NEG:org.apache.tools.ant.taskdefs.email.EmailAddress@<init>(java.lang.String):93:1 |==> -1
12:ROR:==(int,int):<=(int,int):org.apache.tools.ant.taskdefs.email.EmailAddress@<init>(java.lang.String):93:email.charAt(1) == '<' |==> email.charAt(1) <= '<'
13:ROR:==(int,int):>=(int,int):org.apache.tools.ant.taskdefs.email.EmailAddress@<init>(java.lang.String):93:email.charAt(1) == '<' |==> email.charAt(1) >= '<'
14:ROR:==(int,int):FALSE(int,int):org.apache.tools.ant.taskdefs.email.EmailAddress@<init>(java.lang.String):93:email.charAt(1) == '<' |==> false
15:COR:||(boolean,boolean):!=(boolean,boolean):org.apache.tools.ant.taskdefs.email.EmailAddress@<init>(java.lang.String):93:email.charAt(0) == '<' || email.charAt(1) == '<' |==> email.charAt(0) == '<' != (email.charAt(1) == '<')
16:COR:||(boolean,boolean):LHS(boolean,boolean):org.apache.tools.ant.taskdefs.email.EmailAddress@<init>(java.lang.String):93:email.charAt(0) == '<' || email.charAt(1) == '<' |==> email.charAt(0) == '<'
17:COR:||(boolean,boolean):RHS(boolean,boolean):org.apache.tools.ant.taskdefs.email.EmailAddress@<init>(java.lang.String):93:email.charAt(0) == '<' || email.charAt(1) == '<' |==> email.charAt(1) == '<'
18:COR:||(boolean,boolean):TRUE(boolean,boolean):org.apache.tools.ant.taskdefs.email.EmailAddress@<init>(java.lang.String):93:email.charAt(0) == '<' || email.charAt(1) == '<' |==> true
19:LVR:POS:0:org.apache.tools.ant.taskdefs.email.EmailAddress@<init>(java.lang.String):94:1 |==> 0
20:LVR:POS:NEG:org.apache.tools.ant.taskdefs.email.EmailAddress@<init>(java.lang.String):94:1 |==> -1
21:AOR:-(int,int):%(int,int):org.apache.tools.ant.taskdefs.email.EmailAddress@<init>(java.lang.String):94:len - 1 |==> len % 1
22:AOR:-(int,int):*(int,int):org.apache.tools.ant.taskdefs.email.EmailAddress@<init>(java.lang.String):94:len - 1 |==> len * 1
23:AOR:-(int,int):+(int,int):org.apache.tools.ant.taskdefs.email.EmailAddress@<init>(java.lang.String):94:len - 1 |==> len + 1
24:AOR:-(int,int):/(int,int):org.apache.tools.ant.taskdefs.email.EmailAddress@<init>(java.lang.String):94:len - 1 |==> len / 1
25:ROR:==(int,int):<=(int,int):org.apache.tools.ant.taskdefs.email.EmailAddress@<init>(java.lang.String):94:email.charAt(len - 1) == '>' |==> email.charAt(len - 1) <= '>'
26:ROR:==(int,int):>=(int,int):org.apache.tools.ant.taskdefs.email.EmailAddress@<init>(java.lang.String):94:email.charAt(len - 1) == '>' |==> email.charAt(len - 1) >= '>'
27:ROR:==(int,int):FALSE(int,int):org.apache.tools.ant.taskdefs.email.EmailAddress@<init>(java.lang.String):94:email.charAt(len - 1) == '>' |==> false
28:LVR:POS:0:org.apache.tools.ant.taskdefs.email.EmailAddress@<init>(java.lang.String):94:2 |==> 0
29:LVR:POS:NEG:org.apache.tools.ant.taskdefs.email.EmailAddress@<init>(java.lang.String):94:2 |==> -2
30:AOR:-(int,int):%(int,int):org.apache.tools.ant.taskdefs.email.EmailAddress@<init>(java.lang.String):94:len - 2 |==> len % 2
31:AOR:-(int,int):*(int,int):org.apache.tools.ant.taskdefs.email.EmailAddress@<init>(java.lang.String):94:len - 2 |==> len * 2
32:AOR:-(int,int):+(int,int):org.apache.tools.ant.taskdefs.email.EmailAddress@<init>(java.lang.String):94:len - 2 |==> len + 2
33:AOR:-(int,int):/(int,int):org.apache.tools.ant.taskdefs.email.EmailAddress@<init>(java.lang.String):94:len - 2 |==> len / 2
34:ROR:==(int,int):<=(int,int):org.apache.tools.ant.taskdefs.email.EmailAddress@<init>(java.lang.String):94:email.charAt(len - 2) == '>' |==> email.charAt(len - 2) <= '>'
35:ROR:==(int,int):>=(int,int):org.apache.tools.ant.taskdefs.email.EmailAddress@<init>(java.lang.String):94:email.charAt(len - 2) == '>' |==> email.charAt(len - 2) >= '>'
36:ROR:==(int,int):FALSE(int,int):org.apache.tools.ant.taskdefs.email.EmailAddress@<init>(java.lang.String):94:email.charAt(len - 2) == '>' |==> false
37:COR:||(boolean,boolean):!=(boolean,boolean):org.apache.tools.ant.taskdefs.email.EmailAddress@<init>(java.lang.String):94:email.charAt(len - 1) == '>' || email.charAt(len - 2) == '>' |==> email.charAt(len - 1) == '>' != (email.charAt(len - 2) == '>')
38:COR:||(boolean,boolean):LHS(boolean,boolean):org.apache.tools.ant.taskdefs.email.EmailAddress@<init>(java.lang.String):94:email.charAt(len - 1) == '>' || email.charAt(len - 2) == '>' |==> email.charAt(len - 1) == '>'
39:COR:||(boolean,boolean):RHS(boolean,boolean):org.apache.tools.ant.taskdefs.email.EmailAddress@<init>(java.lang.String):94:email.charAt(len - 1) == '>' || email.charAt(len - 2) == '>' |==> email.charAt(len - 2) == '>'
40:COR:||(boolean,boolean):TRUE(boolean,boolean):org.apache.tools.ant.taskdefs.email.EmailAddress@<init>(java.lang.String):94:email.charAt(len - 1) == '>' || email.charAt(len - 2) == '>' |==> true
41:COR:&&(boolean,boolean):==(boolean,boolean):org.apache.tools.ant.taskdefs.email.EmailAddress@<init>(java.lang.String):93:(email.charAt(0) == '<' || email.charAt(1) == '<') && (email.charAt(len - 1) == '>' || email.charAt(len - 2) == '>') |==> (email.charAt(0) == '<' || email.charAt(1) == '<') == (email.charAt(len - 1) == '>' || email.charAt(len - 2) == '>')
42:COR:&&(boolean,boolean):FALSE(boolean,boolean):org.apache.tools.ant.taskdefs.email.EmailAddress@<init>(java.lang.String):94:(email.charAt(0) == '<' || email.charAt(1) == '<') && (email.charAt(len - 1) == '>' || email.charAt(len - 2) == '>') |==> false
43:COR:&&(boolean,boolean):LHS(boolean,boolean):org.apache.tools.ant.taskdefs.email.EmailAddress@<init>(java.lang.String):93:(email.charAt(0) == '<' || email.charAt(1) == '<') && (email.charAt(len - 1) == '>' || email.charAt(len - 2) == '>') |==> (email.charAt(0) == '<' || email.charAt(1) == '<')
44:COR:&&(boolean,boolean):RHS(boolean,boolean):org.apache.tools.ant.taskdefs.email.EmailAddress@<init>(java.lang.String):94:(email.charAt(0) == '<' || email.charAt(1) == '<') && (email.charAt(len - 1) == '>' || email.charAt(len - 2) == '>') |==> (email.charAt(len - 1) == '>' || email.charAt(len - 2) == '>')
45:LVR:TRUE:FALSE:org.apache.tools.ant.taskdefs.email.EmailAddress@<init>(java.lang.String):95:true |==> false
46:STD:<ASSIGN>:<NO-OP>:org.apache.tools.ant.taskdefs.email.EmailAddress@<init>(java.lang.String):95:this.address = trim(email, true) |==> <NO-OP>
47:STD:<RETURN>:<NO-OP>:org.apache.tools.ant.taskdefs.email.EmailAddress@<init>(java.lang.String):96:return; |==> <NO-OP>
48:LVR:0:POS:org.apache.tools.ant.taskdefs.email.EmailAddress@<init>(java.lang.String):100:0 |==> 1
49:LVR:0:NEG:org.apache.tools.ant.taskdefs.email.EmailAddress@<init>(java.lang.String):100:0 |==> -1
50:LVR:0:POS:org.apache.tools.ant.taskdefs.email.EmailAddress@<init>(java.lang.String):101:0 |==> 1
51:LVR:0:NEG:org.apache.tools.ant.taskdefs.email.EmailAddress@<init>(java.lang.String):101:0 |==> -1
52:LVR:0:POS:org.apache.tools.ant.taskdefs.email.EmailAddress@<init>(java.lang.String):102:0 |==> 1
53:LVR:0:NEG:org.apache.tools.ant.taskdefs.email.EmailAddress@<init>(java.lang.String):102:0 |==> -1
54:LVR:0:POS:org.apache.tools.ant.taskdefs.email.EmailAddress@<init>(java.lang.String):103:0 |==> 1
55:LVR:0:NEG:org.apache.tools.ant.taskdefs.email.EmailAddress@<init>(java.lang.String):103:0 |==> -1
56:LVR:0:POS:org.apache.tools.ant.taskdefs.email.EmailAddress@<init>(java.lang.String):104:0 |==> 1
57:LVR:0:NEG:org.apache.tools.ant.taskdefs.email.EmailAddress@<init>(java.lang.String):104:0 |==> -1
58:LVR:0:POS:org.apache.tools.ant.taskdefs.email.EmailAddress@<init>(java.lang.String):106:0 |==> 1
59:LVR:0:NEG:org.apache.tools.ant.taskdefs.email.EmailAddress@<init>(java.lang.String):106:0 |==> -1
60:ROR:<(int,int):!=(int,int):org.apache.tools.ant.taskdefs.email.EmailAddress@<init>(java.lang.String):106:i < len |==> i != len
61:ROR:<(int,int):<=(int,int):org.apache.tools.ant.taskdefs.email.EmailAddress@<init>(java.lang.String):106:i < len |==> i <= len
62:ROR:<(int,int):FALSE(int,int):org.apache.tools.ant.taskdefs.email.EmailAddress@<init>(java.lang.String):106:i < len |==> false
63:EVR:<METHOD_INVOCATION(char)>:<DEFAULT>:org.apache.tools.ant.taskdefs.email.EmailAddress@<init>(java.lang.String):107:email.charAt(i) |==> 0
64:ROR:==(int,int):<=(int,int):org.apache.tools.ant.taskdefs.email.EmailAddress@<init>(java.lang.String):108:c == '(' |==> c <= '('
65:ROR:==(int,int):>=(int,int):org.apache.tools.ant.taskdefs.email.EmailAddress@<init>(java.lang.String):108:c == '(' |==> c >= '('
66:ROR:==(int,int):FALSE(int,int):org.apache.tools.ant.taskdefs.email.EmailAddress@<init>(java.lang.String):108:c == '(' |==> false
67:STD:<INC>:<NO-OP>:org.apache.tools.ant.taskdefs.email.EmailAddress@<init>(java.lang.String):109:paramDepth++ |==> <NO-OP>
68:LVR:0:POS:org.apache.tools.ant.taskdefs.email.EmailAddress@<init>(java.lang.String):110:0 |==> 1
69:LVR:0:NEG:org.apache.tools.ant.taskdefs.email.EmailAddress@<init>(java.lang.String):110:0 |==> -1
70:ROR:==(int,int):<=(int,int):org.apache.tools.ant.taskdefs.email.EmailAddress@<init>(java.lang.String):110:start == 0 |==> start <= 0
71:ROR:==(int,int):>=(int,int):org.apache.tools.ant.taskdefs.email.EmailAddress@<init>(java.lang.String):110:start == 0 |==> start >= 0
72:ROR:==(int,int):FALSE(int,int):org.apache.tools.ant.taskdefs.email.EmailAddress@<init>(java.lang.String):110:start == 0 |==> false
73:STD:<ASSIGN>:<NO-OP>:org.apache.tools.ant.taskdefs.email.EmailAddress@<init>(java.lang.String):111:end = i |==> <NO-OP>
74:LVR:POS:0:org.apache.tools.ant.taskdefs.email.EmailAddress@<init>(java.lang.String):112:1 |==> 0
75:LVR:POS:NEG:org.apache.tools.ant.taskdefs.email.EmailAddress@<init>(java.lang.String):112:1 |==> -1
76:AOR:+(int,int):%(int,int):org.apache.tools.ant.taskdefs.email.EmailAddress@<init>(java.lang.String):112:i + 1 |==> i % 1
77:AOR:+(int,int):*(int,int):org.apache.tools.ant.taskdefs.email.EmailAddress@<init>(java.lang.String):112:i + 1 |==> i * 1
78:AOR:+(int,int):-(int,int):org.apache.tools.ant.taskdefs.email.EmailAddress@<init>(java.lang.String):112:i + 1 |==> i - 1
79:AOR:+(int,int):/(int,int):org.apache.tools.ant.taskdefs.email.EmailAddress@<init>(java.lang.String):112:i + 1 |==> i / 1
80:STD:<ASSIGN>:<NO-OP>:org.apache.tools.ant.taskdefs.email.EmailAddress@<init>(java.lang.String):112:nStart = i + 1 |==> <NO-OP>
81:ROR:==(int,int):<=(int,int):org.apache.tools.ant.taskdefs.email.EmailAddress@<init>(java.lang.String):114:c == ')' |==> c <= ')'
82:ROR:==(int,int):>=(int,int):org.apache.tools.ant.taskdefs.email.EmailAddress@<init>(java.lang.String):114:c == ')' |==> c >= ')'
83:ROR:==(int,int):FALSE(int,int):org.apache.tools.ant.taskdefs.email.EmailAddress@<init>(java.lang.String):114:c == ')' |==> false
84:STD:<DEC>:<NO-OP>:org.apache.tools.ant.taskdefs.email.EmailAddress@<init>(java.lang.String):115:paramDepth-- |==> <NO-OP>
85:LVR:0:POS:org.apache.tools.ant.taskdefs.email.EmailAddress@<init>(java.lang.String):116:0 |==> 1
86:LVR:0:NEG:org.apache.tools.ant.taskdefs.email.EmailAddress@<init>(java.lang.String):116:0 |==> -1
87:ROR:==(int,int):<=(int,int):org.apache.tools.ant.taskdefs.email.EmailAddress@<init>(java.lang.String):116:end == 0 |==> end <= 0
88:ROR:==(int,int):>=(int,int):org.apache.tools.ant.taskdefs.email.EmailAddress@<init>(java.lang.String):116:end == 0 |==> end >= 0
89:ROR:==(int,int):FALSE(int,int):org.apache.tools.ant.taskdefs.email.EmailAddress@<init>(java.lang.String):116:end == 0 |==> false
90:LVR:POS:0:org.apache.tools.ant.taskdefs.email.EmailAddress@<init>(java.lang.String):117:1 |==> 0
91:LVR:POS:NEG:org.apache.tools.ant.taskdefs.email.EmailAddress@<init>(java.lang.String):117:1 |==> -1
92:AOR:+(int,int):%(int,int):org.apache.tools.ant.taskdefs.email.EmailAddress@<init>(java.lang.String):117:i + 1 |==> i % 1
93:AOR:+(int,int):*(int,int):org.apache.tools.ant.taskdefs.email.EmailAddress@<init>(java.lang.String):117:i + 1 |==> i * 1
94:AOR:+(int,int):-(int,int):org.apache.tools.ant.taskdefs.email.EmailAddress@<init>(java.lang.String):117:i + 1 |==> i - 1
95:AOR:+(int,int):/(int,int):org.apache.tools.ant.taskdefs.email.EmailAddress@<init>(java.lang.String):117:i + 1 |==> i / 1
96:STD:<ASSIGN>:<NO-OP>:org.apache.tools.ant.taskdefs.email.EmailAddress@<init>(java.lang.String):117:start = i + 1 |==> <NO-OP>
97:STD:<ASSIGN>:<NO-OP>:org.apache.tools.ant.taskdefs.email.EmailAddress@<init>(java.lang.String):118:nEnd = i |==> <NO-OP>
98:LVR:0:POS:org.apache.tools.ant.taskdefs.email.EmailAddress@<init>(java.lang.String):120:0 |==> 1
99:LVR:0:NEG:org.apache.tools.ant.taskdefs.email.EmailAddress@<init>(java.lang.String):120:0 |==> -1
100:ROR:==(int,int):<=(int,int):org.apache.tools.ant.taskdefs.email.EmailAddress@<init>(java.lang.String):120:paramDepth == 0 |==> paramDepth <= 0
101:ROR:==(int,int):>=(int,int):org.apache.tools.ant.taskdefs.email.EmailAddress@<init>(java.lang.String):120:paramDepth == 0 |==> paramDepth >= 0
102:ROR:==(int,int):FALSE(int,int):org.apache.tools.ant.taskdefs.email.EmailAddress@<init>(java.lang.String):120:paramDepth == 0 |==> false
103:ROR:==(int,int):<=(int,int):org.apache.tools.ant.taskdefs.email.EmailAddress@<init>(java.lang.String):120:c == '<' |==> c <= '<'
104:ROR:==(int,int):>=(int,int):org.apache.tools.ant.taskdefs.email.EmailAddress@<init>(java.lang.String):120:c == '<' |==> c >= '<'
105:ROR:==(int,int):FALSE(int,int):org.apache.tools.ant.taskdefs.email.EmailAddress@<init>(java.lang.String):120:c == '<' |==> false
106:COR:&&(boolean,boolean):==(boolean,boolean):org.apache.tools.ant.taskdefs.email.EmailAddress@<init>(java.lang.String):120:paramDepth == 0 && c == '<' |==> paramDepth == 0 == (c == '<')
107:COR:&&(boolean,boolean):FALSE(boolean,boolean):org.apache.tools.ant.taskdefs.email.EmailAddress@<init>(java.lang.String):120:paramDepth == 0 && c == '<' |==> false
108:COR:&&(boolean,boolean):LHS(boolean,boolean):org.apache.tools.ant.taskdefs.email.EmailAddress@<init>(java.lang.String):120:paramDepth == 0 && c == '<' |==> paramDepth == 0
109:COR:&&(boolean,boolean):RHS(boolean,boolean):org.apache.tools.ant.taskdefs.email.EmailAddress@<init>(java.lang.String):120:paramDepth == 0 && c == '<' |==> c == '<'
110:LVR:0:POS:org.apache.tools.ant.taskdefs.email.EmailAddress@<init>(java.lang.String):121:0 |==> 1
111:LVR:0:NEG:org.apache.tools.ant.taskdefs.email.EmailAddress@<init>(java.lang.String):121:0 |==> -1
112:ROR:==(int,int):<=(int,int):org.apache.tools.ant.taskdefs.email.EmailAddress@<init>(java.lang.String):121:start == 0 |==> start <= 0
113:ROR:==(int,int):>=(int,int):org.apache.tools.ant.taskdefs.email.EmailAddress@<init>(java.lang.String):121:start == 0 |==> start >= 0
114:ROR:==(int,int):FALSE(int,int):org.apache.tools.ant.taskdefs.email.EmailAddress@<init>(java.lang.String):121:start == 0 |==> false
115:STD:<ASSIGN>:<NO-OP>:org.apache.tools.ant.taskdefs.email.EmailAddress@<init>(java.lang.String):122:nEnd = i |==> <NO-OP>
116:LVR:POS:0:org.apache.tools.ant.taskdefs.email.EmailAddress@<init>(java.lang.String):124:1 |==> 0
117:LVR:POS:NEG:org.apache.tools.ant.taskdefs.email.EmailAddress@<init>(java.lang.String):124:1 |==> -1
118:AOR:+(int,int):%(int,int):org.apache.tools.ant.taskdefs.email.EmailAddress@<init>(java.lang.String):124:i + 1 |==> i % 1
119:AOR:+(int,int):*(int,int):org.apache.tools.ant.taskdefs.email.EmailAddress@<init>(java.lang.String):124:i + 1 |==> i * 1
120:AOR:+(int,int):-(int,int):org.apache.tools.ant.taskdefs.email.EmailAddress@<init>(java.lang.String):124:i + 1 |==> i - 1
121:AOR:+(int,int):/(int,int):org.apache.tools.ant.taskdefs.email.EmailAddress@<init>(java.lang.String):124:i + 1 |==> i / 1
122:STD:<ASSIGN>:<NO-OP>:org.apache.tools.ant.taskdefs.email.EmailAddress@<init>(java.lang.String):124:start = i + 1 |==> <NO-OP>
123:LVR:0:POS:org.apache.tools.ant.taskdefs.email.EmailAddress@<init>(java.lang.String):125:0 |==> 1
124:LVR:0:NEG:org.apache.tools.ant.taskdefs.email.EmailAddress@<init>(java.lang.String):125:0 |==> -1
125:ROR:==(int,int):<=(int,int):org.apache.tools.ant.taskdefs.email.EmailAddress@<init>(java.lang.String):125:paramDepth == 0 |==> paramDepth <= 0
126:ROR:==(int,int):>=(int,int):org.apache.tools.ant.taskdefs.email.EmailAddress@<init>(java.lang.String):125:paramDepth == 0 |==> paramDepth >= 0
127:ROR:==(int,int):FALSE(int,int):org.apache.tools.ant.taskdefs.email.EmailAddress@<init>(java.lang.String):125:paramDepth == 0 |==> false
128:ROR:==(int,int):<=(int,int):org.apache.tools.ant.taskdefs.email.EmailAddress@<init>(java.lang.String):125:c == '>' |==> c <= '>'
129:ROR:==(int,int):>=(int,int):org.apache.tools.ant.taskdefs.email.EmailAddress@<init>(java.lang.String):125:c == '>' |==> c >= '>'
130:ROR:==(int,int):FALSE(int,int):org.apache.tools.ant.taskdefs.email.EmailAddress@<init>(java.lang.String):125:c == '>' |==> false
131:COR:&&(boolean,boolean):==(boolean,boolean):org.apache.tools.ant.taskdefs.email.EmailAddress@<init>(java.lang.String):125:paramDepth == 0 && c == '>' |==> paramDepth == 0 == (c == '>')
132:COR:&&(boolean,boolean):FALSE(boolean,boolean):org.apache.tools.ant.taskdefs.email.EmailAddress@<init>(java.lang.String):125:paramDepth == 0 && c == '>' |==> false
133:COR:&&(boolean,boolean):LHS(boolean,boolean):org.apache.tools.ant.taskdefs.email.EmailAddress@<init>(java.lang.String):125:paramDepth == 0 && c == '>' |==> paramDepth == 0
134:COR:&&(boolean,boolean):RHS(boolean,boolean):org.apache.tools.ant.taskdefs.email.EmailAddress@<init>(java.lang.String):125:paramDepth == 0 && c == '>' |==> c == '>'
135:STD:<ASSIGN>:<NO-OP>:org.apache.tools.ant.taskdefs.email.EmailAddress@<init>(java.lang.String):126:end = i |==> <NO-OP>
136:LVR:POS:0:org.apache.tools.ant.taskdefs.email.EmailAddress@<init>(java.lang.String):127:1 |==> 0
137:LVR:POS:NEG:org.apache.tools.ant.taskdefs.email.EmailAddress@<init>(java.lang.String):127:1 |==> -1
138:AOR:-(int,int):%(int,int):org.apache.tools.ant.taskdefs.email.EmailAddress@<init>(java.lang.String):127:len - 1 |==> len % 1
139:AOR:-(int,int):*(int,int):org.apache.tools.ant.taskdefs.email.EmailAddress@<init>(java.lang.String):127:len - 1 |==> len * 1
140:AOR:-(int,int):+(int,int):org.apache.tools.ant.taskdefs.email.EmailAddress@<init>(java.lang.String):127:len - 1 |==> len + 1
141:AOR:-(int,int):/(int,int):org.apache.tools.ant.taskdefs.email.EmailAddress@<init>(java.lang.String):127:len - 1 |==> len / 1
142:ROR:!=(int,int):<(int,int):org.apache.tools.ant.taskdefs.email.EmailAddress@<init>(java.lang.String):127:end != len - 1 |==> end < len - 1
143:ROR:!=(int,int):>(int,int):org.apache.tools.ant.taskdefs.email.EmailAddress@<init>(java.lang.String):127:end != len - 1 |==> end > len - 1
144:ROR:!=(int,int):TRUE(int,int):org.apache.tools.ant.taskdefs.email.EmailAddress@<init>(java.lang.String):127:end != len - 1 |==> true
145:LVR:POS:0:org.apache.tools.ant.taskdefs.email.EmailAddress@<init>(java.lang.String):128:1 |==> 0
146:LVR:POS:NEG:org.apache.tools.ant.taskdefs.email.EmailAddress@<init>(java.lang.String):128:1 |==> -1
147:AOR:+(int,int):%(int,int):org.apache.tools.ant.taskdefs.email.EmailAddress@<init>(java.lang.String):128:i + 1 |==> i % 1
148:AOR:+(int,int):*(int,int):org.apache.tools.ant.taskdefs.email.EmailAddress@<init>(java.lang.String):128:i + 1 |==> i * 1
149:AOR:+(int,int):-(int,int):org.apache.tools.ant.taskdefs.email.EmailAddress@<init>(java.lang.String):128:i + 1 |==> i - 1
150:AOR:+(int,int):/(int,int):org.apache.tools.ant.taskdefs.email.EmailAddress@<init>(java.lang.String):128:i + 1 |==> i / 1
151:STD:<ASSIGN>:<NO-OP>:org.apache.tools.ant.taskdefs.email.EmailAddress@<init>(java.lang.String):128:nStart = i + 1 |==> <NO-OP>
152:LVR:0:POS:org.apache.tools.ant.taskdefs.email.EmailAddress@<init>(java.lang.String):134:0 |==> 1
153:LVR:0:NEG:org.apache.tools.ant.taskdefs.email.EmailAddress@<init>(java.lang.String):134:0 |==> -1
154:ROR:==(int,int):<=(int,int):org.apache.tools.ant.taskdefs.email.EmailAddress@<init>(java.lang.String):134:end == 0 |==> end <= 0
155:ROR:==(int,int):>=(int,int):org.apache.tools.ant.taskdefs.email.EmailAddress@<init>(java.lang.String):134:end == 0 |==> end >= 0
156:ROR:==(int,int):FALSE(int,int):org.apache.tools.ant.taskdefs.email.EmailAddress@<init>(java.lang.String):134:end == 0 |==> false
157:STD:<ASSIGN>:<NO-OP>:org.apache.tools.ant.taskdefs.email.EmailAddress@<init>(java.lang.String):135:end = len |==> <NO-OP>
158:LVR:0:POS:org.apache.tools.ant.taskdefs.email.EmailAddress@<init>(java.lang.String):138:0 |==> 1
159:LVR:0:NEG:org.apache.tools.ant.taskdefs.email.EmailAddress@<init>(java.lang.String):138:0 |==> -1
160:ROR:==(int,int):<=(int,int):org.apache.tools.ant.taskdefs.email.EmailAddress@<init>(java.lang.String):138:nEnd == 0 |==> nEnd <= 0
161:ROR:==(int,int):>=(int,int):org.apache.tools.ant.taskdefs.email.EmailAddress@<init>(java.lang.String):138:nEnd == 0 |==> nEnd >= 0
162:ROR:==(int,int):FALSE(int,int):org.apache.tools.ant.taskdefs.email.EmailAddress@<init>(java.lang.String):138:nEnd == 0 |==> false
163:STD:<ASSIGN>:<NO-OP>:org.apache.tools.ant.taskdefs.email.EmailAddress@<init>(java.lang.String):139:nEnd = len |==> <NO-OP>
164:LVR:TRUE:FALSE:org.apache.tools.ant.taskdefs.email.EmailAddress@<init>(java.lang.String):143:true |==> false
165:STD:<ASSIGN>:<NO-OP>:org.apache.tools.ant.taskdefs.email.EmailAddress@<init>(java.lang.String):143:this.address = trim(email.substring(start, end), true) |==> <NO-OP>
166:LVR:FALSE:TRUE:org.apache.tools.ant.taskdefs.email.EmailAddress@<init>(java.lang.String):144:false |==> true
167:STD:<ASSIGN>:<NO-OP>:org.apache.tools.ant.taskdefs.email.EmailAddress@<init>(java.lang.String):144:this.name = trim(email.substring(nStart, nEnd), false) |==> <NO-OP>
168:AOR:+(int,int):%(int,int):org.apache.tools.ant.taskdefs.email.EmailAddress@<init>(java.lang.String):148:this.name.length() + this.address.length() |==> this.name.length() % this.address.length()
169:AOR:+(int,int):*(int,int):org.apache.tools.ant.taskdefs.email.EmailAddress@<init>(java.lang.String):148:this.name.length() + this.address.length() |==> this.name.length() * this.address.length()
170:AOR:+(int,int):-(int,int):org.apache.tools.ant.taskdefs.email.EmailAddress@<init>(java.lang.String):148:this.name.length() + this.address.length() |==> this.name.length() - this.address.length()
171:AOR:+(int,int):/(int,int):org.apache.tools.ant.taskdefs.email.EmailAddress@<init>(java.lang.String):148:this.name.length() + this.address.length() |==> this.name.length() / this.address.length()
172:ROR:>(int,int):!=(int,int):org.apache.tools.ant.taskdefs.email.EmailAddress@<init>(java.lang.String):148:this.name.length() + this.address.length() > len |==> this.name.length() + this.address.length() != len
173:ROR:>(int,int):>=(int,int):org.apache.tools.ant.taskdefs.email.EmailAddress@<init>(java.lang.String):148:this.name.length() + this.address.length() > len |==> this.name.length() + this.address.length() >= len
174:ROR:>(int,int):FALSE(int,int):org.apache.tools.ant.taskdefs.email.EmailAddress@<init>(java.lang.String):148:this.name.length() + this.address.length() > len |==> false
175:STD:<ASSIGN>:<NO-OP>:org.apache.tools.ant.taskdefs.email.EmailAddress@<init>(java.lang.String):149:this.name = null |==> <NO-OP>
176:LVR:0:POS:org.apache.tools.ant.taskdefs.email.EmailAddress@trim(java.lang.String,boolean):158:0 |==> 1
177:LVR:0:NEG:org.apache.tools.ant.taskdefs.email.EmailAddress@trim(java.lang.String,boolean):158:0 |==> -1
178:EVR:<METHOD_INVOCATION(int)>:<DEFAULT>:org.apache.tools.ant.taskdefs.email.EmailAddress@trim(java.lang.String,boolean):159:t.length() |==> 0
179:LVR:FALSE:TRUE:org.apache.tools.ant.taskdefs.email.EmailAddress@trim(java.lang.String,boolean):160:false |==> true
180:LVR:FALSE:TRUE:org.apache.tools.ant.taskdefs.email.EmailAddress@trim(java.lang.String,boolean):162:false |==> true
181:STD:<ASSIGN>:<NO-OP>:org.apache.tools.ant.taskdefs.email.EmailAddress@trim(java.lang.String,boolean):162:trim = false |==> <NO-OP>
182:LVR:POS:0:org.apache.tools.ant.taskdefs.email.EmailAddress@trim(java.lang.String,boolean):163:1 |==> 0
183:LVR:POS:NEG:org.apache.tools.ant.taskdefs.email.EmailAddress@trim(java.lang.String,boolean):163:1 |==> -1
184:AOR:-(int,int):%(int,int):org.apache.tools.ant.taskdefs.email.EmailAddress@trim(java.lang.String,boolean):163:end - 1 |==> end % 1
185:AOR:-(int,int):*(int,int):org.apache.tools.ant.taskdefs.email.EmailAddress@trim(java.lang.String,boolean):163:end - 1 |==> end * 1
186:AOR:-(int,int):+(int,int):org.apache.tools.ant.taskdefs.email.EmailAddress@trim(java.lang.String,boolean):163:end - 1 |==> end + 1
187:AOR:-(int,int):/(int,int):org.apache.tools.ant.taskdefs.email.EmailAddress@trim(java.lang.String,boolean):163:end - 1 |==> end / 1
188:ROR:==(int,int):<=(int,int):org.apache.tools.ant.taskdefs.email.EmailAddress@trim(java.lang.String,boolean):163:t.charAt(end - 1) == ')' |==> t.charAt(end - 1) <= ')'
189:ROR:==(int,int):>=(int,int):org.apache.tools.ant.taskdefs.email.EmailAddress@trim(java.lang.String,boolean):163:t.charAt(end - 1) == ')' |==> t.charAt(end - 1) >= ')'
190:ROR:==(int,int):FALSE(int,int):org.apache.tools.ant.taskdefs.email.EmailAddress@trim(java.lang.String,boolean):163:t.charAt(end - 1) == ')' |==> false
191:LVR:POS:0:org.apache.tools.ant.taskdefs.email.EmailAddress@trim(java.lang.String,boolean):164:1 |==> 0
192:LVR:POS:NEG:org.apache.tools.ant.taskdefs.email.EmailAddress@trim(java.lang.String,boolean):164:1 |==> -1
193:AOR:-(int,int):%(int,int):org.apache.tools.ant.taskdefs.email.EmailAddress@trim(java.lang.String,boolean):164:end - 1 |==> end % 1
194:AOR:-(int,int):*(int,int):org.apache.tools.ant.taskdefs.email.EmailAddress@trim(java.lang.String,boolean):164:end - 1 |==> end * 1
195:AOR:-(int,int):+(int,int):org.apache.tools.ant.taskdefs.email.EmailAddress@trim(java.lang.String,boolean):164:end - 1 |==> end + 1
196:AOR:-(int,int):/(int,int):org.apache.tools.ant.taskdefs.email.EmailAddress@trim(java.lang.String,boolean):164:end - 1 |==> end / 1
197:ROR:==(int,int):<=(int,int):org.apache.tools.ant.taskdefs.email.EmailAddress@trim(java.lang.String,boolean):164:t.charAt(end - 1) == '>' |==> t.charAt(end - 1) <= '>'
198:ROR:==(int,int):>=(int,int):org.apache.tools.ant.taskdefs.email.EmailAddress@trim(java.lang.String,boolean):164:t.charAt(end - 1) == '>' |==> t.charAt(end - 1) >= '>'
199:ROR:==(int,int):FALSE(int,int):org.apache.tools.ant.taskdefs.email.EmailAddress@trim(java.lang.String,boolean):164:t.charAt(end - 1) == '>' |==> false
200:COR:&&(boolean,boolean):==(boolean,boolean):org.apache.tools.ant.taskdefs.email.EmailAddress@trim(java.lang.String,boolean):164:t.charAt(end - 1) == '>' && trimAngleBrackets |==> t.charAt(end - 1) == '>' == trimAngleBrackets
201:COR:&&(boolean,boolean):FALSE(boolean,boolean):org.apache.tools.ant.taskdefs.email.EmailAddress@trim(java.lang.String,boolean):164:t.charAt(end - 1) == '>' && trimAngleBrackets |==> false
202:COR:&&(boolean,boolean):LHS(boolean,boolean):org.apache.tools.ant.taskdefs.email.EmailAddress@trim(java.lang.String,boolean):164:t.charAt(end - 1) == '>' && trimAngleBrackets |==> t.charAt(end - 1) == '>'
203:COR:&&(boolean,boolean):RHS(boolean,boolean):org.apache.tools.ant.taskdefs.email.EmailAddress@trim(java.lang.String,boolean):164:t.charAt(end - 1) == '>' && trimAngleBrackets |==> trimAngleBrackets
204:COR:||(boolean,boolean):!=(boolean,boolean):org.apache.tools.ant.taskdefs.email.EmailAddress@trim(java.lang.String,boolean):163:t.charAt(end - 1) == ')' || (t.charAt(end - 1) == '>' && trimAngleBrackets) |==> t.charAt(end - 1) == ')' != (t.charAt(end - 1) == '>' && trimAngleBrackets)
205:COR:||(boolean,boolean):LHS(boolean,boolean):org.apache.tools.ant.taskdefs.email.EmailAddress@trim(java.lang.String,boolean):163:t.charAt(end - 1) == ')' || (t.charAt(end - 1) == '>' && trimAngleBrackets) |==> t.charAt(end - 1) == ')'
206:COR:||(boolean,boolean):RHS(boolean,boolean):org.apache.tools.ant.taskdefs.email.EmailAddress@trim(java.lang.String,boolean):164:t.charAt(end - 1) == ')' || (t.charAt(end - 1) == '>' && trimAngleBrackets) |==> (t.charAt(end - 1) == '>' && trimAngleBrackets)
207:COR:||(boolean,boolean):TRUE(boolean,boolean):org.apache.tools.ant.taskdefs.email.EmailAddress@trim(java.lang.String,boolean):164:t.charAt(end - 1) == ')' || (t.charAt(end - 1) == '>' && trimAngleBrackets) |==> true
208:LVR:POS:0:org.apache.tools.ant.taskdefs.email.EmailAddress@trim(java.lang.String,boolean):165:1 |==> 0
209:LVR:POS:NEG:org.apache.tools.ant.taskdefs.email.EmailAddress@trim(java.lang.String,boolean):165:1 |==> -1
210:AOR:-(int,int):%(int,int):org.apache.tools.ant.taskdefs.email.EmailAddress@trim(java.lang.String,boolean):165:end - 1 |==> end % 1
211:AOR:-(int,int):*(int,int):org.apache.tools.ant.taskdefs.email.EmailAddress@trim(java.lang.String,boolean):165:end - 1 |==> end * 1
212:AOR:-(int,int):+(int,int):org.apache.tools.ant.taskdefs.email.EmailAddress@trim(java.lang.String,boolean):165:end - 1 |==> end + 1
213:AOR:-(int,int):/(int,int):org.apache.tools.ant.taskdefs.email.EmailAddress@trim(java.lang.String,boolean):165:end - 1 |==> end / 1
214:ROR:==(int,int):<=(int,int):org.apache.tools.ant.taskdefs.email.EmailAddress@trim(java.lang.String,boolean):165:t.charAt(end - 1) == '\"' |==> t.charAt(end - 1) <= '\"'
215:ROR:==(int,int):>=(int,int):org.apache.tools.ant.taskdefs.email.EmailAddress@trim(java.lang.String,boolean):165:t.charAt(end - 1) == '\"' |==> t.charAt(end - 1) >= '\"'
216:ROR:==(int,int):FALSE(int,int):org.apache.tools.ant.taskdefs.email.EmailAddress@trim(java.lang.String,boolean):165:t.charAt(end - 1) == '\"' |==> false
217:LVR:POS:0:org.apache.tools.ant.taskdefs.email.EmailAddress@trim(java.lang.String,boolean):165:2 |==> 0
218:LVR:POS:NEG:org.apache.tools.ant.taskdefs.email.EmailAddress@trim(java.lang.String,boolean):165:2 |==> -2
219:AOR:-(int,int):%(int,int):org.apache.tools.ant.taskdefs.email.EmailAddress@trim(java.lang.String,boolean):165:end - 2 |==> end % 2
220:AOR:-(int,int):*(int,int):org.apache.tools.ant.taskdefs.email.EmailAddress@trim(java.lang.String,boolean):165:end - 2 |==> end * 2
221:AOR:-(int,int):+(int,int):org.apache.tools.ant.taskdefs.email.EmailAddress@trim(java.lang.String,boolean):165:end - 2 |==> end + 2
222:AOR:-(int,int):/(int,int):org.apache.tools.ant.taskdefs.email.EmailAddress@trim(java.lang.String,boolean):165:end - 2 |==> end / 2
223:ROR:!=(int,int):<(int,int):org.apache.tools.ant.taskdefs.email.EmailAddress@trim(java.lang.String,boolean):165:t.charAt(end - 2) != '\\' |==> t.charAt(end - 2) < '\\'
224:ROR:!=(int,int):>(int,int):org.apache.tools.ant.taskdefs.email.EmailAddress@trim(java.lang.String,boolean):165:t.charAt(end - 2) != '\\' |==> t.charAt(end - 2) > '\\'
225:ROR:!=(int,int):TRUE(int,int):org.apache.tools.ant.taskdefs.email.EmailAddress@trim(java.lang.String,boolean):165:t.charAt(end - 2) != '\\' |==> true
226:COR:&&(boolean,boolean):==(boolean,boolean):org.apache.tools.ant.taskdefs.email.EmailAddress@trim(java.lang.String,boolean):165:t.charAt(end - 1) == '\"' && t.charAt(end - 2) != '\\' |==> t.charAt(end - 1) == '\"' == (t.charAt(end - 2) != '\\')
227:COR:&&(boolean,boolean):FALSE(boolean,boolean):org.apache.tools.ant.taskdefs.email.EmailAddress@trim(java.lang.String,boolean):165:t.charAt(end - 1) == '\"' && t.charAt(end - 2) != '\\' |==> false
228:COR:&&(boolean,boolean):LHS(boolean,boolean):org.apache.tools.ant.taskdefs.email.EmailAddress@trim(java.lang.String,boolean):165:t.charAt(end - 1) == '\"' && t.charAt(end - 2) != '\\' |==> t.charAt(end - 1) == '\"'
229:COR:&&(boolean,boolean):RHS(boolean,boolean):org.apache.tools.ant.taskdefs.email.EmailAddress@trim(java.lang.String,boolean):165:t.charAt(end - 1) == '\"' && t.charAt(end - 2) != '\\' |==> t.charAt(end - 2) != '\\'
230:COR:||(boolean,boolean):!=(boolean,boolean):org.apache.tools.ant.taskdefs.email.EmailAddress@trim(java.lang.String,boolean):163:t.charAt(end - 1) == ')' || (t.charAt(end - 1) == '>' && trimAngleBrackets) || (t.charAt(end - 1) == '\"' && t.charAt(end - 2) != '\\') |==> (t.charAt(end - 1) == ')' || (t.charAt(end - 1) == '>' && trimAngleBrackets)) != (t.charAt(end - 1) == '\"' && t.charAt(end - 2) != '\\')
231:COR:||(boolean,boolean):LHS(boolean,boolean):org.apache.tools.ant.taskdefs.email.EmailAddress@trim(java.lang.String,boolean):163:t.charAt(end - 1) == ')' || (t.charAt(end - 1) == '>' && trimAngleBrackets) || (t.charAt(end - 1) == '\"' && t.charAt(end - 2) != '\\') |==> t.charAt(end - 1) == ')' || (t.charAt(end - 1) == '>' && trimAngleBrackets)
232:COR:||(boolean,boolean):RHS(boolean,boolean):org.apache.tools.ant.taskdefs.email.EmailAddress@trim(java.lang.String,boolean):165:t.charAt(end - 1) == ')' || (t.charAt(end - 1) == '>' && trimAngleBrackets) || (t.charAt(end - 1) == '\"' && t.charAt(end - 2) != '\\') |==> (t.charAt(end - 1) == '\"' && t.charAt(end - 2) != '\\')
233:COR:||(boolean,boolean):TRUE(boolean,boolean):org.apache.tools.ant.taskdefs.email.EmailAddress@trim(java.lang.String,boolean):165:t.charAt(end - 1) == ')' || (t.charAt(end - 1) == '>' && trimAngleBrackets) || (t.charAt(end - 1) == '\"' && t.charAt(end - 2) != '\\') |==> true
234:LVR:POS:0:org.apache.tools.ant.taskdefs.email.EmailAddress@trim(java.lang.String,boolean):166:1 |==> 0
235:LVR:POS:NEG:org.apache.tools.ant.taskdefs.email.EmailAddress@trim(java.lang.String,boolean):166:1 |==> -1
236:AOR:-(int,int):%(int,int):org.apache.tools.ant.taskdefs.email.EmailAddress@trim(java.lang.String,boolean):166:end - 1 |==> end % 1
237:AOR:-(int,int):*(int,int):org.apache.tools.ant.taskdefs.email.EmailAddress@trim(java.lang.String,boolean):166:end - 1 |==> end * 1
238:AOR:-(int,int):+(int,int):org.apache.tools.ant.taskdefs.email.EmailAddress@trim(java.lang.String,boolean):166:end - 1 |==> end + 1
239:AOR:-(int,int):/(int,int):org.apache.tools.ant.taskdefs.email.EmailAddress@trim(java.lang.String,boolean):166:end - 1 |==> end / 1
240:ROR:<=(int,int):<(int,int):org.apache.tools.ant.taskdefs.email.EmailAddress@trim(java.lang.String,boolean):166:t.charAt(end - 1) <= ' ' |==> t.charAt(end - 1) < ' '
241:ROR:<=(int,int):==(int,int):org.apache.tools.ant.taskdefs.email.EmailAddress@trim(java.lang.String,boolean):166:t.charAt(end - 1) <= ' ' |==> t.charAt(end - 1) == ' '
242:ROR:<=(int,int):TRUE(int,int):org.apache.tools.ant.taskdefs.email.EmailAddress@trim(java.lang.String,boolean):166:t.charAt(end - 1) <= ' ' |==> true
243:COR:||(boolean,boolean):!=(boolean,boolean):org.apache.tools.ant.taskdefs.email.EmailAddress@trim(java.lang.String,boolean):163:t.charAt(end - 1) == ')' || (t.charAt(end - 1) == '>' && trimAngleBrackets) || (t.charAt(end - 1) == '\"' && t.charAt(end - 2) != '\\') || t.charAt(end - 1) <= ' ' |==> (t.charAt(end - 1) == ')' || (t.charAt(end - 1) == '>' && trimAngleBrackets) || (t.charAt(end - 1) == '\"' && t.charAt(end - 2) != '\\')) != t.charAt(end - 1) <= ' '
244:COR:||(boolean,boolean):LHS(boolean,boolean):org.apache.tools.ant.taskdefs.email.EmailAddress@trim(java.lang.String,boolean):163:t.charAt(end - 1) == ')' || (t.charAt(end - 1) == '>' && trimAngleBrackets) || (t.charAt(end - 1) == '\"' && t.charAt(end - 2) != '\\') || t.charAt(end - 1) <= ' ' |==> t.charAt(end - 1) == ')' || (t.charAt(end - 1) == '>' && trimAngleBrackets) || (t.charAt(end - 1) == '\"' && t.charAt(end - 2) != '\\')
245:COR:||(boolean,boolean):RHS(boolean,boolean):org.apache.tools.ant.taskdefs.email.EmailAddress@trim(java.lang.String,boolean):166:t.charAt(end - 1) == ')' || (t.charAt(end - 1) == '>' && trimAngleBrackets) || (t.charAt(end - 1) == '\"' && t.charAt(end - 2) != '\\') || t.charAt(end - 1) <= ' ' |==> t.charAt(end - 1) <= ' '
246:COR:||(boolean,boolean):TRUE(boolean,boolean):org.apache.tools.ant.taskdefs.email.EmailAddress@trim(java.lang.String,boolean):166:t.charAt(end - 1) == ')' || (t.charAt(end - 1) == '>' && trimAngleBrackets) || (t.charAt(end - 1) == '\"' && t.charAt(end - 2) != '\\') || t.charAt(end - 1) <= ' ' |==> true
247:LVR:TRUE:FALSE:org.apache.tools.ant.taskdefs.email.EmailAddress@trim(java.lang.String,boolean):167:true |==> false
248:STD:<ASSIGN>:<NO-OP>:org.apache.tools.ant.taskdefs.email.EmailAddress@trim(java.lang.String,boolean):167:trim = true |==> <NO-OP>
249:STD:<DEC>:<NO-OP>:org.apache.tools.ant.taskdefs.email.EmailAddress@trim(java.lang.String,boolean):168:end-- |==> <NO-OP>
250:ROR:==(int,int):<=(int,int):org.apache.tools.ant.taskdefs.email.EmailAddress@trim(java.lang.String,boolean):170:t.charAt(start) == '(' |==> t.charAt(start) <= '('
251:ROR:==(int,int):>=(int,int):org.apache.tools.ant.taskdefs.email.EmailAddress@trim(java.lang.String,boolean):170:t.charAt(start) == '(' |==> t.charAt(start) >= '('
252:ROR:==(int,int):FALSE(int,int):org.apache.tools.ant.taskdefs.email.EmailAddress@trim(java.lang.String,boolean):170:t.charAt(start) == '(' |==> false
253:ROR:==(int,int):<=(int,int):org.apache.tools.ant.taskdefs.email.EmailAddress@trim(java.lang.String,boolean):171:t.charAt(start) == '<' |==> t.charAt(start) <= '<'
254:ROR:==(int,int):>=(int,int):org.apache.tools.ant.taskdefs.email.EmailAddress@trim(java.lang.String,boolean):171:t.charAt(start) == '<' |==> t.charAt(start) >= '<'
255:ROR:==(int,int):FALSE(int,int):org.apache.tools.ant.taskdefs.email.EmailAddress@trim(java.lang.String,boolean):171:t.charAt(start) == '<' |==> false
256:COR:&&(boolean,boolean):==(boolean,boolean):org.apache.tools.ant.taskdefs.email.EmailAddress@trim(java.lang.String,boolean):171:t.charAt(start) == '<' && trimAngleBrackets |==> t.charAt(start) == '<' == trimAngleBrackets
257:COR:&&(boolean,boolean):FALSE(boolean,boolean):org.apache.tools.ant.taskdefs.email.EmailAddress@trim(java.lang.String,boolean):171:t.charAt(start) == '<' && trimAngleBrackets |==> false
258:COR:&&(boolean,boolean):LHS(boolean,boolean):org.apache.tools.ant.taskdefs.email.EmailAddress@trim(java.lang.String,boolean):171:t.charAt(start) == '<' && trimAngleBrackets |==> t.charAt(start) == '<'
259:COR:&&(boolean,boolean):RHS(boolean,boolean):org.apache.tools.ant.taskdefs.email.EmailAddress@trim(java.lang.String,boolean):171:t.charAt(start) == '<' && trimAngleBrackets |==> trimAngleBrackets
260:COR:||(boolean,boolean):!=(boolean,boolean):org.apache.tools.ant.taskdefs.email.EmailAddress@trim(java.lang.String,boolean):170:t.charAt(start) == '(' || (t.charAt(start) == '<' && trimAngleBrackets) |==> t.charAt(start) == '(' != (t.charAt(start) == '<' && trimAngleBrackets)
261:COR:||(boolean,boolean):LHS(boolean,boolean):org.apache.tools.ant.taskdefs.email.EmailAddress@trim(java.lang.String,boolean):170:t.charAt(start) == '(' || (t.charAt(start) == '<' && trimAngleBrackets) |==> t.charAt(start) == '('
262:COR:||(boolean,boolean):RHS(boolean,boolean):org.apache.tools.ant.taskdefs.email.EmailAddress@trim(java.lang.String,boolean):171:t.charAt(start) == '(' || (t.charAt(start) == '<' && trimAngleBrackets) |==> (t.charAt(start) == '<' && trimAngleBrackets)
263:COR:||(boolean,boolean):TRUE(boolean,boolean):org.apache.tools.ant.taskdefs.email.EmailAddress@trim(java.lang.String,boolean):171:t.charAt(start) == '(' || (t.charAt(start) == '<' && trimAngleBrackets) |==> true
264:ROR:==(int,int):<=(int,int):org.apache.tools.ant.taskdefs.email.EmailAddress@trim(java.lang.String,boolean):172:t.charAt(start) == '\"' |==> t.charAt(start) <= '\"'
265:ROR:==(int,int):>=(int,int):org.apache.tools.ant.taskdefs.email.EmailAddress@trim(java.lang.String,boolean):172:t.charAt(start) == '\"' |==> t.charAt(start) >= '\"'
266:ROR:==(int,int):FALSE(int,int):org.apache.tools.ant.taskdefs.email.EmailAddress@trim(java.lang.String,boolean):172:t.charAt(start) == '\"' |==> false
267:COR:||(boolean,boolean):!=(boolean,boolean):org.apache.tools.ant.taskdefs.email.EmailAddress@trim(java.lang.String,boolean):170:t.charAt(start) == '(' || (t.charAt(start) == '<' && trimAngleBrackets) || t.charAt(start) == '\"' |==> (t.charAt(start) == '(' || (t.charAt(start) == '<' && trimAngleBrackets)) != (t.charAt(start) == '\"')
268:COR:||(boolean,boolean):LHS(boolean,boolean):org.apache.tools.ant.taskdefs.email.EmailAddress@trim(java.lang.String,boolean):170:t.charAt(start) == '(' || (t.charAt(start) == '<' && trimAngleBrackets) || t.charAt(start) == '\"' |==> t.charAt(start) == '(' || (t.charAt(start) == '<' && trimAngleBrackets)
269:COR:||(boolean,boolean):RHS(boolean,boolean):org.apache.tools.ant.taskdefs.email.EmailAddress@trim(java.lang.String,boolean):172:t.charAt(start) == '(' || (t.charAt(start) == '<' && trimAngleBrackets) || t.charAt(start) == '\"' |==> t.charAt(start) == '\"'
270:COR:||(boolean,boolean):TRUE(boolean,boolean):org.apache.tools.ant.taskdefs.email.EmailAddress@trim(java.lang.String,boolean):172:t.charAt(start) == '(' || (t.charAt(start) == '<' && trimAngleBrackets) || t.charAt(start) == '\"' |==> true
271:ROR:<=(int,int):<(int,int):org.apache.tools.ant.taskdefs.email.EmailAddress@trim(java.lang.String,boolean):173:t.charAt(start) <= ' ' |==> t.charAt(start) < ' '
272:ROR:<=(int,int):==(int,int):org.apache.tools.ant.taskdefs.email.EmailAddress@trim(java.lang.String,boolean):173:t.charAt(start) <= ' ' |==> t.charAt(start) == ' '
273:ROR:<=(int,int):TRUE(int,int):org.apache.tools.ant.taskdefs.email.EmailAddress@trim(java.lang.String,boolean):173:t.charAt(start) <= ' ' |==> true
274:COR:||(boolean,boolean):!=(boolean,boolean):org.apache.tools.ant.taskdefs.email.EmailAddress@trim(java.lang.String,boolean):170:t.charAt(start) == '(' || (t.charAt(start) == '<' && trimAngleBrackets) || t.charAt(start) == '\"' || t.charAt(start) <= ' ' |==> (t.charAt(start) == '(' || (t.charAt(start) == '<' && trimAngleBrackets) || t.charAt(start) == '\"') != t.charAt(start) <= ' '
275:COR:||(boolean,boolean):LHS(boolean,boolean):org.apache.tools.ant.taskdefs.email.EmailAddress@trim(java.lang.String,boolean):170:t.charAt(start) == '(' || (t.charAt(start) == '<' && trimAngleBrackets) || t.charAt(start) == '\"' || t.charAt(start) <= ' ' |==> t.charAt(start) == '(' || (t.charAt(start) == '<' && trimAngleBrackets) || t.charAt(start) == '\"'
276:COR:||(boolean,boolean):RHS(boolean,boolean):org.apache.tools.ant.taskdefs.email.EmailAddress@trim(java.lang.String,boolean):173:t.charAt(start) == '(' || (t.charAt(start) == '<' && trimAngleBrackets) || t.charAt(start) == '\"' || t.charAt(start) <= ' ' |==> t.charAt(start) <= ' '
277:COR:||(boolean,boolean):TRUE(boolean,boolean):org.apache.tools.ant.taskdefs.email.EmailAddress@trim(java.lang.String,boolean):173:t.charAt(start) == '(' || (t.charAt(start) == '<' && trimAngleBrackets) || t.charAt(start) == '\"' || t.charAt(start) <= ' ' |==> true
278:LVR:TRUE:FALSE:org.apache.tools.ant.taskdefs.email.EmailAddress@trim(java.lang.String,boolean):174:true |==> false
279:STD:<ASSIGN>:<NO-OP>:org.apache.tools.ant.taskdefs.email.EmailAddress@trim(java.lang.String,boolean):174:trim = true |==> <NO-OP>
280:STD:<INC>:<NO-OP>:org.apache.tools.ant.taskdefs.email.EmailAddress@trim(java.lang.String,boolean):175:start++ |==> <NO-OP>
281:EVR:<METHOD_INVOCATION(java.lang.String)>:<DEFAULT>:org.apache.tools.ant.taskdefs.email.EmailAddress@trim(java.lang.String,boolean):178:t.substring(start, end) |==> null
282:STD:<ASSIGN>:<NO-OP>:org.apache.tools.ant.taskdefs.email.EmailAddress@setName(java.lang.String):188:this.name = name |==> <NO-OP>
283:STD:<ASSIGN>:<NO-OP>:org.apache.tools.ant.taskdefs.email.EmailAddress@setAddress(java.lang.String):198:this.address = address |==> <NO-OP>
284:ROR:==(java.lang.Object,java.lang.Object):FALSE(java.lang.Object,java.lang.Object):org.apache.tools.ant.taskdefs.email.EmailAddress@toString():208:name == null |==> false
285:EVR:<IDENTIFIER(java.lang.String)>:<DEFAULT>:org.apache.tools.ant.taskdefs.email.EmailAddress@toString():209:address |==> null
286:EVR:<PLUS(java.lang.String)>:<DEFAULT>:org.apache.tools.ant.taskdefs.email.EmailAddress@toString():211:name + " <" + address + ">" |==> null
287:EVR:<IDENTIFIER(java.lang.String)>:<DEFAULT>:org.apache.tools.ant.taskdefs.email.EmailAddress@getAddress():222:address |==> null
288:EVR:<IDENTIFIER(java.lang.String)>:<DEFAULT>:org.apache.tools.ant.taskdefs.email.EmailAddress@getName():232:name |==> null
