1:LVR:FALSE:TRUE:org.apache.tools.ant.taskdefs.Get:73:false |==> true
2:LVR:FALSE:TRUE:org.apache.tools.ant.taskdefs.Get:74:false |==> true
3:LVR:FALSE:TRUE:org.apache.tools.ant.taskdefs.Get:75:false |==> true
4:ROR:==(java.lang.Object,java.lang.Object):FALSE(java.lang.Object,java.lang.Object):org.apache.tools.ant.taskdefs.Get@execute():83:source == null |==> false
5:ROR:==(java.lang.Object,java.lang.Object):FALSE(java.lang.Object,java.lang.Object):org.apache.tools.ant.taskdefs.Get@execute():87:dest == null |==> false
6:COR:&&(boolean,boolean):==(boolean,boolean):org.apache.tools.ant.taskdefs.Get@execute():91:dest.exists() && dest.isDirectory() |==> dest.exists() == dest.isDirectory()
7:COR:&&(boolean,boolean):FALSE(boolean,boolean):org.apache.tools.ant.taskdefs.Get@execute():91:dest.exists() && dest.isDirectory() |==> false
8:COR:&&(boolean,boolean):LHS(boolean,boolean):org.apache.tools.ant.taskdefs.Get@execute():91:dest.exists() && dest.isDirectory() |==> dest.exists()
9:COR:&&(boolean,boolean):RHS(boolean,boolean):org.apache.tools.ant.taskdefs.Get@execute():91:dest.exists() && dest.isDirectory() |==> dest.isDirectory()
10:COR:&&(boolean,boolean):==(boolean,boolean):org.apache.tools.ant.taskdefs.Get@execute():96:dest.exists() && !dest.canWrite() |==> dest.exists() == !dest.canWrite()
11:COR:&&(boolean,boolean):FALSE(boolean,boolean):org.apache.tools.ant.taskdefs.Get@execute():96:dest.exists() && !dest.canWrite() |==> false
12:COR:&&(boolean,boolean):LHS(boolean,boolean):org.apache.tools.ant.taskdefs.Get@execute():96:dest.exists() && !dest.canWrite() |==> dest.exists()
13:COR:&&(boolean,boolean):RHS(boolean,boolean):org.apache.tools.ant.taskdefs.Get@execute():96:dest.exists() && !dest.canWrite() |==> !dest.canWrite()
14:STD:<CALL>:<NO-OP>:org.apache.tools.ant.taskdefs.Get@execute():103:log("Getting: " + source) |==> <NO-OP>
15:LVR:0:POS:org.apache.tools.ant.taskdefs.Get@execute():106:0 |==> 1
16:LVR:0:NEG:org.apache.tools.ant.taskdefs.Get@execute():106:0 |==> -1
17:LVR:FALSE:TRUE:org.apache.tools.ant.taskdefs.Get@execute():108:false |==> true
18:COR:&&(boolean,boolean):==(boolean,boolean):org.apache.tools.ant.taskdefs.Get@execute():109:useTimestamp && dest.exists() |==> useTimestamp == dest.exists()
19:COR:&&(boolean,boolean):FALSE(boolean,boolean):org.apache.tools.ant.taskdefs.Get@execute():109:useTimestamp && dest.exists() |==> false
20:COR:&&(boolean,boolean):LHS(boolean,boolean):org.apache.tools.ant.taskdefs.Get@execute():109:useTimestamp && dest.exists() |==> useTimestamp
21:COR:&&(boolean,boolean):RHS(boolean,boolean):org.apache.tools.ant.taskdefs.Get@execute():109:useTimestamp && dest.exists() |==> dest.exists()
