1:STD:<CALL>:<NO-OP>:org.apache.xalan.processor.XSLTSchema@<init>():70:build() |==> <NO-OP>
2:LVR:TRUE:FALSE:org.apache.xalan.processor.XSLTSchema@build():81:true |==> false
3:LVR:FALSE:TRUE:org.apache.xalan.processor.XSLTSchema@build():81:false |==> true
4:LVR:TRUE:FALSE:org.apache.xalan.processor.XSLTSchema@build():86:true |==> false
5:LVR:FALSE:TRUE:org.apache.xalan.processor.XSLTSchema@build():86:false |==> true
6:LVR:FALSE:TRUE:org.apache.xalan.processor.XSLTSchema@build():93:false |==> true
7:LVR:FALSE:TRUE:org.apache.xalan.processor.XSLTSchema@build():93:false |==> true
8:LVR:FALSE:TRUE:org.apache.xalan.processor.XSLTSchema@build():95:false |==> true
9:LVR:FALSE:TRUE:org.apache.xalan.processor.XSLTSchema@build():95:false |==> true
10:LVR:FALSE:TRUE:org.apache.xalan.processor.XSLTSchema@build():97:false |==> true
11:LVR:FALSE:TRUE:org.apache.xalan.processor.XSLTSchema@build():97:false |==> true
12:LVR:FALSE:TRUE:org.apache.xalan.processor.XSLTSchema@build():101:false |==> true
13:LVR:FALSE:TRUE:org.apache.xalan.processor.XSLTSchema@build():101:false |==> true
14:LVR:FALSE:TRUE:org.apache.xalan.processor.XSLTSchema@build():104:false |==> true
15:LVR:FALSE:TRUE:org.apache.xalan.processor.XSLTSchema@build():104:false |==> true
16:LVR:FALSE:TRUE:org.apache.xalan.processor.XSLTSchema@build():107:false |==> true
17:LVR:FALSE:TRUE:org.apache.xalan.processor.XSLTSchema@build():107:false |==> true
18:LVR:FALSE:TRUE:org.apache.xalan.processor.XSLTSchema@build():110:false |==> true
19:LVR:FALSE:TRUE:org.apache.xalan.processor.XSLTSchema@build():110:false |==> true
20:LVR:FALSE:TRUE:org.apache.xalan.processor.XSLTSchema@build():114:false |==> true
21:LVR:FALSE:TRUE:org.apache.xalan.processor.XSLTSchema@build():114:false |==> true
22:LVR:FALSE:TRUE:org.apache.xalan.processor.XSLTSchema@build():116:false |==> true
23:LVR:FALSE:TRUE:org.apache.xalan.processor.XSLTSchema@build():116:false |==> true
24:LVR:FALSE:TRUE:org.apache.xalan.processor.XSLTSchema@build():118:false |==> true
25:LVR:FALSE:TRUE:org.apache.xalan.processor.XSLTSchema@build():118:false |==> true
26:LVR:TRUE:FALSE:org.apache.xalan.processor.XSLTSchema@build():125:true |==> false
27:LVR:FALSE:TRUE:org.apache.xalan.processor.XSLTSchema@build():125:false |==> true
28:LVR:TRUE:FALSE:org.apache.xalan.processor.XSLTSchema@build():130:true |==> false
29:LVR:TRUE:FALSE:org.apache.xalan.processor.XSLTSchema@build():130:true |==> false
30:LVR:TRUE:FALSE:org.apache.xalan.processor.XSLTSchema@build():137:true |==> false
31:LVR:TRUE:FALSE:org.apache.xalan.processor.XSLTSchema@build():137:true |==> false
32:LVR:FALSE:TRUE:org.apache.xalan.processor.XSLTSchema@build():143:false |==> true
33:LVR:FALSE:TRUE:org.apache.xalan.processor.XSLTSchema@build():143:false |==> true
34:LVR:TRUE:FALSE:org.apache.xalan.processor.XSLTSchema@build():147:true |==> false
35:LVR:FALSE:TRUE:org.apache.xalan.processor.XSLTSchema@build():147:false |==> true
36:LVR:FALSE:TRUE:org.apache.xalan.processor.XSLTSchema@build():152:false |==> true
37:LVR:TRUE:FALSE:org.apache.xalan.processor.XSLTSchema@build():152:true |==> false
38:LVR:FALSE:TRUE:org.apache.xalan.processor.XSLTSchema@build():156:false |==> true
39:LVR:FALSE:TRUE:org.apache.xalan.processor.XSLTSchema@build():158:false |==> true
40:LVR:FALSE:TRUE:org.apache.xalan.processor.XSLTSchema@build():160:false |==> true
41:LVR:FALSE:TRUE:org.apache.xalan.processor.XSLTSchema@build():162:false |==> true
42:LVR:FALSE:TRUE:org.apache.xalan.processor.XSLTSchema@build():164:false |==> true
43:LVR:FALSE:TRUE:org.apache.xalan.processor.XSLTSchema@build():167:false |==> true
44:LVR:FALSE:TRUE:org.apache.xalan.processor.XSLTSchema@build():167:false |==> true
45:LVR:FALSE:TRUE:org.apache.xalan.processor.XSLTSchema@build():169:false |==> true
46:LVR:FALSE:TRUE:org.apache.xalan.processor.XSLTSchema@build():171:false |==> true
47:LVR:FALSE:TRUE:org.apache.xalan.processor.XSLTSchema@build():174:false |==> true
48:LVR:FALSE:TRUE:org.apache.xalan.processor.XSLTSchema@build():178:false |==> true
49:LVR:FALSE:TRUE:org.apache.xalan.processor.XSLTSchema@build():185:false |==> true
50:LVR:FALSE:TRUE:org.apache.xalan.processor.XSLTSchema@build():185:false |==> true
51:LVR:TRUE:FALSE:org.apache.xalan.processor.XSLTSchema@build():189:true |==> false
52:LVR:FALSE:TRUE:org.apache.xalan.processor.XSLTSchema@build():189:false |==> true
53:LVR:TRUE:FALSE:org.apache.xalan.processor.XSLTSchema@build():196:true |==> false
54:LVR:FALSE:TRUE:org.apache.xalan.processor.XSLTSchema@build():196:false |==> true
55:LVR:FALSE:TRUE:org.apache.xalan.processor.XSLTSchema@build():201:false |==> true
56:LVR:FALSE:TRUE:org.apache.xalan.processor.XSLTSchema@build():201:false |==> true
57:LVR:FALSE:TRUE:org.apache.xalan.processor.XSLTSchema@build():207:false |==> true
58:LVR:FALSE:TRUE:org.apache.xalan.processor.XSLTSchema@build():212:false |==> true
59:LVR:TRUE:FALSE:org.apache.xalan.processor.XSLTSchema@build():215:true |==> false
60:LVR:FALSE:TRUE:org.apache.xalan.processor.XSLTSchema@build():215:false |==> true
61:LVR:FALSE:TRUE:org.apache.xalan.processor.XSLTSchema@build():218:false |==> true
62:LVR:FALSE:TRUE:org.apache.xalan.processor.XSLTSchema@build():218:false |==> true
63:LVR:FALSE:TRUE:org.apache.xalan.processor.XSLTSchema@build():221:false |==> true
64:LVR:FALSE:TRUE:org.apache.xalan.processor.XSLTSchema@build():221:false |==> true
65:LVR:FALSE:TRUE:org.apache.xalan.processor.XSLTSchema@build():225:false |==> true
66:LVR:FALSE:TRUE:org.apache.xalan.processor.XSLTSchema@build():225:false |==> true
67:LVR:FALSE:TRUE:org.apache.xalan.processor.XSLTSchema@build():228:false |==> true
68:LVR:FALSE:TRUE:org.apache.xalan.processor.XSLTSchema@build():228:false |==> true
69:LVR:FALSE:TRUE:org.apache.xalan.processor.XSLTSchema@build():228:false |==> true
70:LVR:FALSE:TRUE:org.apache.xalan.processor.XSLTSchema@build():235:false |==> true
71:LVR:TRUE:FALSE:org.apache.xalan.processor.XSLTSchema@build():235:true |==> false
72:LVR:TRUE:FALSE:org.apache.xalan.processor.XSLTSchema@build():239:true |==> false
73:LVR:FALSE:TRUE:org.apache.xalan.processor.XSLTSchema@build():239:false |==> true
74:LVR:TRUE:FALSE:org.apache.xalan.processor.XSLTSchema@build():242:true |==> false
75:LVR:FALSE:TRUE:org.apache.xalan.processor.XSLTSchema@build():242:false |==> true
76:LVR:FALSE:TRUE:org.apache.xalan.processor.XSLTSchema@build():248:false |==> true
77:LVR:FALSE:TRUE:org.apache.xalan.processor.XSLTSchema@build():248:false |==> true
78:LVR:FALSE:TRUE:org.apache.xalan.processor.XSLTSchema@build():251:false |==> true
79:LVR:FALSE:TRUE:org.apache.xalan.processor.XSLTSchema@build():251:false |==> true
80:LVR:FALSE:TRUE:org.apache.xalan.processor.XSLTSchema@build():251:false |==> true
81:STD:<CALL>:<NO-OP>:org.apache.xalan.processor.XSLTSchema@build():255:levelAttr.setDefault("single") |==> <NO-OP>
82:LVR:FALSE:TRUE:org.apache.xalan.processor.XSLTSchema@build():257:false |==> true
83:LVR:FALSE:TRUE:org.apache.xalan.processor.XSLTSchema@build():257:false |==> true
84:LVR:FALSE:TRUE:org.apache.xalan.processor.XSLTSchema@build():259:false |==> true
85:LVR:FALSE:TRUE:org.apache.xalan.processor.XSLTSchema@build():259:false |==> true
86:LVR:FALSE:TRUE:org.apache.xalan.processor.XSLTSchema@build():261:false |==> true
87:LVR:FALSE:TRUE:org.apache.xalan.processor.XSLTSchema@build():261:false |==> true
88:LVR:FALSE:TRUE:org.apache.xalan.processor.XSLTSchema@build():263:false |==> true
89:LVR:TRUE:FALSE:org.apache.xalan.processor.XSLTSchema@build():263:true |==> false
90:STD:<CALL>:<NO-OP>:org.apache.xalan.processor.XSLTSchema@build():264:formatAttr.setDefault("1") |==> <NO-OP>
91:LVR:FALSE:TRUE:org.apache.xalan.processor.XSLTSchema@build():268:false |==> true
92:LVR:TRUE:FALSE:org.apache.xalan.processor.XSLTSchema@build():268:true |==> false
93:LVR:FALSE:TRUE:org.apache.xalan.processor.XSLTSchema@build():273:false |==> true
94:LVR:TRUE:FALSE:org.apache.xalan.processor.XSLTSchema@build():273:true |==> false
95:LVR:FALSE:TRUE:org.apache.xalan.processor.XSLTSchema@build():273:false |==> true
96:LVR:FALSE:TRUE:org.apache.xalan.processor.XSLTSchema@build():279:false |==> true
97:LVR:TRUE:FALSE:org.apache.xalan.processor.XSLTSchema@build():279:true |==> false
98:LVR:FALSE:TRUE:org.apache.xalan.processor.XSLTSchema@build():283:false |==> true
99:LVR:TRUE:FALSE:org.apache.xalan.processor.XSLTSchema@build():283:true |==> false
100:LVR:FALSE:TRUE:org.apache.xalan.processor.XSLTSchema@build():286:false |==> true
101:LVR:TRUE:FALSE:org.apache.xalan.processor.XSLTSchema@build():286:true |==> false
102:LVR:TRUE:FALSE:org.apache.xalan.processor.XSLTSchema@build():286:true |==> false
103:STD:<CALL>:<NO-OP>:org.apache.xalan.processor.XSLTSchema@build():288:dataTypeAttr.setDefault("text") |==> <NO-OP>
104:LVR:FALSE:TRUE:org.apache.xalan.processor.XSLTSchema@build():291:false |==> true
105:LVR:TRUE:FALSE:org.apache.xalan.processor.XSLTSchema@build():291:true |==> false
106:LVR:FALSE:TRUE:org.apache.xalan.processor.XSLTSchema@build():291:false |==> true
107:STD:<CALL>:<NO-OP>:org.apache.xalan.processor.XSLTSchema@build():294:orderAttr.setDefault("ascending") |==> <NO-OP>
108:LVR:FALSE:TRUE:org.apache.xalan.processor.XSLTSchema@build():297:false |==> true
109:LVR:TRUE:FALSE:org.apache.xalan.processor.XSLTSchema@build():297:true |==> false
110:LVR:FALSE:TRUE:org.apache.xalan.processor.XSLTSchema@build():297:false |==> true
111:LVR:FALSE:TRUE:org.apache.xalan.processor.XSLTSchema@build():303:false |==> true
112:LVR:FALSE:TRUE:org.apache.xalan.processor.XSLTSchema@build():303:false |==> true
113:STD:<CALL>:<NO-OP>:org.apache.xalan.processor.XSLTSchema@build():304:terminateAttr.setDefault("no") |==> <NO-OP>
114:LVR:FALSE:TRUE:org.apache.xalan.processor.XSLTSchema@build():310:false |==> true
115:LVR:FALSE:TRUE:org.apache.xalan.processor.XSLTSchema@build():310:false |==> true
116:LVR:FALSE:TRUE:org.apache.xalan.processor.XSLTSchema@build():314:false |==> true
117:LVR:FALSE:TRUE:org.apache.xalan.processor.XSLTSchema@build():314:false |==> true
118:LVR:FALSE:TRUE:org.apache.xalan.processor.XSLTSchema@build():318:false |==> true
119:LVR:FALSE:TRUE:org.apache.xalan.processor.XSLTSchema@build():318:false |==> true
120:LVR:FALSE:TRUE:org.apache.xalan.processor.XSLTSchema@build():321:false |==> true
121:LVR:FALSE:TRUE:org.apache.xalan.processor.XSLTSchema@build():321:false |==> true
