1:LVR:POS:0:org.apache.poi.hssf.record.SheetPropertiesRecord:75:1 |==> 0
2:LVR:POS:NEG:org.apache.poi.hssf.record.SheetPropertiesRecord:75:1 |==> -1
3:LVR:POS:0:org.apache.poi.hssf.record.SheetPropertiesRecord:76:2 |==> 0
4:LVR:POS:NEG:org.apache.poi.hssf.record.SheetPropertiesRecord:76:2 |==> -2
5:LVR:POS:0:org.apache.poi.hssf.record.SheetPropertiesRecord:77:4 |==> 0
6:LVR:POS:NEG:org.apache.poi.hssf.record.SheetPropertiesRecord:77:4 |==> -4
7:LVR:POS:0:org.apache.poi.hssf.record.SheetPropertiesRecord:78:8 |==> 0
8:LVR:POS:NEG:org.apache.poi.hssf.record.SheetPropertiesRecord:78:8 |==> -8
9:LVR:POS:0:org.apache.poi.hssf.record.SheetPropertiesRecord:79:16 |==> 0
10:LVR:POS:NEG:org.apache.poi.hssf.record.SheetPropertiesRecord:79:16 |==> -16
11:ROR:!=(int,int):<(int,int):org.apache.poi.hssf.record.SheetPropertiesRecord@validateSid(short):129:id != sid |==> id < sid
12:ROR:!=(int,int):>(int,int):org.apache.poi.hssf.record.SheetPropertiesRecord@validateSid(short):129:id != sid |==> id > sid
13:ROR:!=(int,int):TRUE(int,int):org.apache.poi.hssf.record.SheetPropertiesRecord@validateSid(short):129:id != sid |==> true
14:LVR:0:POS:org.apache.poi.hssf.record.SheetPropertiesRecord@fillFields(byte[],short,int):138:0 |==> 1
15:LVR:0:NEG:org.apache.poi.hssf.record.SheetPropertiesRecord@fillFields(byte[],short,int):138:0 |==> -1
16:LVR:0:POS:org.apache.poi.hssf.record.SheetPropertiesRecord@fillFields(byte[],short,int):139:0 |==> 1
17:LVR:0:NEG:org.apache.poi.hssf.record.SheetPropertiesRecord@fillFields(byte[],short,int):139:0 |==> -1
18:AOR:+(int,int):%(int,int):org.apache.poi.hssf.record.SheetPropertiesRecord@fillFields(byte[],short,int):139:pos + 0 |==> pos % 0
19:AOR:+(int,int):*(int,int):org.apache.poi.hssf.record.SheetPropertiesRecord@fillFields(byte[],short,int):139:pos + 0 |==> pos * 0
20:AOR:+(int,int):-(int,int):org.apache.poi.hssf.record.SheetPropertiesRecord@fillFields(byte[],short,int):139:pos + 0 |==> pos - 0
21:AOR:+(int,int):/(int,int):org.apache.poi.hssf.record.SheetPropertiesRecord@fillFields(byte[],short,int):139:pos + 0 |==> pos / 0
22:AOR:+(int,int):%(int,int):org.apache.poi.hssf.record.SheetPropertiesRecord@fillFields(byte[],short,int):139:pos + 0 + offset |==> (pos + 0) % offset
23:AOR:+(int,int):*(int,int):org.apache.poi.hssf.record.SheetPropertiesRecord@fillFields(byte[],short,int):139:pos + 0 + offset |==> (pos + 0) * offset
24:AOR:+(int,int):-(int,int):org.apache.poi.hssf.record.SheetPropertiesRecord@fillFields(byte[],short,int):139:pos + 0 + offset |==> pos + 0 - offset
25:AOR:+(int,int):/(int,int):org.apache.poi.hssf.record.SheetPropertiesRecord@fillFields(byte[],short,int):139:pos + 0 + offset |==> (pos + 0) / offset
