1:LVR:POS:0:org.apache.poi.hpsf.wellknown.SectionIDMap:86:242 |==> 0
2:LVR:POS:NEG:org.apache.poi.hpsf.wellknown.SectionIDMap:86:242 |==> -242
3:LVR:POS:0:org.apache.poi.hpsf.wellknown.SectionIDMap:86:159 |==> 0
4:LVR:POS:NEG:org.apache.poi.hpsf.wellknown.SectionIDMap:86:159 |==> -159
5:LVR:POS:0:org.apache.poi.hpsf.wellknown.SectionIDMap:86:133 |==> 0
6:LVR:POS:NEG:org.apache.poi.hpsf.wellknown.SectionIDMap:86:133 |==> -133
7:LVR:POS:0:org.apache.poi.hpsf.wellknown.SectionIDMap:86:224 |==> 0
8:LVR:POS:NEG:org.apache.poi.hpsf.wellknown.SectionIDMap:86:224 |==> -224
9:LVR:POS:0:org.apache.poi.hpsf.wellknown.SectionIDMap:87:79 |==> 0
10:LVR:POS:NEG:org.apache.poi.hpsf.wellknown.SectionIDMap:87:79 |==> -79
11:LVR:POS:0:org.apache.poi.hpsf.wellknown.SectionIDMap:87:249 |==> 0
12:LVR:POS:NEG:org.apache.poi.hpsf.wellknown.SectionIDMap:87:249 |==> -249
13:LVR:POS:0:org.apache.poi.hpsf.wellknown.SectionIDMap:87:16 |==> 0
14:LVR:POS:NEG:org.apache.poi.hpsf.wellknown.SectionIDMap:87:16 |==> -16
15:LVR:POS:0:org.apache.poi.hpsf.wellknown.SectionIDMap:87:104 |==> 0
16:LVR:POS:NEG:org.apache.poi.hpsf.wellknown.SectionIDMap:87:104 |==> -104
17:LVR:POS:0:org.apache.poi.hpsf.wellknown.SectionIDMap:88:171 |==> 0
18:LVR:POS:NEG:org.apache.poi.hpsf.wellknown.SectionIDMap:88:171 |==> -171
19:LVR:POS:0:org.apache.poi.hpsf.wellknown.SectionIDMap:88:145 |==> 0
20:LVR:POS:NEG:org.apache.poi.hpsf.wellknown.SectionIDMap:88:145 |==> -145
21:LVR:POS:0:org.apache.poi.hpsf.wellknown.SectionIDMap:88:8 |==> 0
22:LVR:POS:NEG:org.apache.poi.hpsf.wellknown.SectionIDMap:88:8 |==> -8
23:LVR:0:POS:org.apache.poi.hpsf.wellknown.SectionIDMap:88:0 |==> 1
24:LVR:0:NEG:org.apache.poi.hpsf.wellknown.SectionIDMap:88:0 |==> -1
25:LVR:POS:0:org.apache.poi.hpsf.wellknown.SectionIDMap:89:43 |==> 0
26:LVR:POS:NEG:org.apache.poi.hpsf.wellknown.SectionIDMap:89:43 |==> -43
27:LVR:POS:0:org.apache.poi.hpsf.wellknown.SectionIDMap:89:39 |==> 0
28:LVR:POS:NEG:org.apache.poi.hpsf.wellknown.SectionIDMap:89:39 |==> -39
29:LVR:POS:0:org.apache.poi.hpsf.wellknown.SectionIDMap:89:179 |==> 0
30:LVR:POS:NEG:org.apache.poi.hpsf.wellknown.SectionIDMap:89:179 |==> -179
31:LVR:POS:0:org.apache.poi.hpsf.wellknown.SectionIDMap:89:217 |==> 0
32:LVR:POS:NEG:org.apache.poi.hpsf.wellknown.SectionIDMap:89:217 |==> -217
33:LVR:POS:0:org.apache.poi.hpsf.wellknown.SectionIDMap:99:213 |==> 0
34:LVR:POS:NEG:org.apache.poi.hpsf.wellknown.SectionIDMap:99:213 |==> -213
35:LVR:POS:0:org.apache.poi.hpsf.wellknown.SectionIDMap:99:205 |==> 0
36:LVR:POS:NEG:org.apache.poi.hpsf.wellknown.SectionIDMap:99:205 |==> -205
37:LVR:POS:0:org.apache.poi.hpsf.wellknown.SectionIDMap:99:213 |==> 0
38:LVR:POS:NEG:org.apache.poi.hpsf.wellknown.SectionIDMap:99:213 |==> -213
39:LVR:POS:0:org.apache.poi.hpsf.wellknown.SectionIDMap:99:2 |==> 0
40:LVR:POS:NEG:org.apache.poi.hpsf.wellknown.SectionIDMap:99:2 |==> -2
41:LVR:POS:0:org.apache.poi.hpsf.wellknown.SectionIDMap:100:46 |==> 0
42:LVR:POS:NEG:org.apache.poi.hpsf.wellknown.SectionIDMap:100:46 |==> -46
43:LVR:POS:0:org.apache.poi.hpsf.wellknown.SectionIDMap:100:156 |==> 0
44:LVR:POS:NEG:org.apache.poi.hpsf.wellknown.SectionIDMap:100:156 |==> -156
45:LVR:POS:0:org.apache.poi.hpsf.wellknown.SectionIDMap:100:16 |==> 0
46:LVR:POS:NEG:org.apache.poi.hpsf.wellknown.SectionIDMap:100:16 |==> -16
47:LVR:POS:0:org.apache.poi.hpsf.wellknown.SectionIDMap:100:27 |==> 0
48:LVR:POS:NEG:org.apache.poi.hpsf.wellknown.SectionIDMap:100:27 |==> -27
49:LVR:POS:0:org.apache.poi.hpsf.wellknown.SectionIDMap:101:147 |==> 0
50:LVR:POS:NEG:org.apache.poi.hpsf.wellknown.SectionIDMap:101:147 |==> -147
51:LVR:POS:0:org.apache.poi.hpsf.wellknown.SectionIDMap:101:151 |==> 0
52:LVR:POS:NEG:org.apache.poi.hpsf.wellknown.SectionIDMap:101:151 |==> -151
53:LVR:POS:0:org.apache.poi.hpsf.wellknown.SectionIDMap:101:8 |==> 0
54:LVR:POS:NEG:org.apache.poi.hpsf.wellknown.SectionIDMap:101:8 |==> -8
55:LVR:0:POS:org.apache.poi.hpsf.wellknown.SectionIDMap:101:0 |==> 1
56:LVR:0:NEG:org.apache.poi.hpsf.wellknown.SectionIDMap:101:0 |==> -1
57:LVR:POS:0:org.apache.poi.hpsf.wellknown.SectionIDMap:102:43 |==> 0
58:LVR:POS:NEG:org.apache.poi.hpsf.wellknown.SectionIDMap:102:43 |==> -43
59:LVR:POS:0:org.apache.poi.hpsf.wellknown.SectionIDMap:102:44 |==> 0
60:LVR:POS:NEG:org.apache.poi.hpsf.wellknown.SectionIDMap:102:44 |==> -44
61:LVR:POS:0:org.apache.poi.hpsf.wellknown.SectionIDMap:102:249 |==> 0
62:LVR:POS:NEG:org.apache.poi.hpsf.wellknown.SectionIDMap:102:249 |==> -249
63:LVR:POS:0:org.apache.poi.hpsf.wellknown.SectionIDMap:102:174 |==> 0
64:LVR:POS:NEG:org.apache.poi.hpsf.wellknown.SectionIDMap:102:174 |==> -174
65:ROR:==(java.lang.Object,java.lang.Object):FALSE(java.lang.Object,java.lang.Object):org.apache.poi.hpsf.wellknown.SectionIDMap@getInstance():119:defaultMap == null |==> false
66:EVR:<NEW_CLASS(org.apache.poi.hpsf.wellknown.SectionIDMap)>:<DEFAULT>:org.apache.poi.hpsf.wellknown.SectionIDMap@getInstance():121:new SectionIDMap() |==> null
67:STD:<CALL>:<NO-OP>:org.apache.poi.hpsf.wellknown.SectionIDMap@getInstance():122:m.put(SUMMARY_INFORMATION_ID, PropertyIDMap.getSummaryInformationProperties()) |==> <NO-OP>
68:STD:<CALL>:<NO-OP>:org.apache.poi.hpsf.wellknown.SectionIDMap@getInstance():124:m.put(DOCUMENT_SUMMARY_INFORMATION_ID, PropertyIDMap.getDocumentSummaryInformationProperties()) |==> <NO-OP>
