1:LVR:POS:0:org.apache.poi.hssf.record.DatRecord:75:1 |==> 0
2:LVR:POS:NEG:org.apache.poi.hssf.record.DatRecord:75:1 |==> -1
3:LVR:POS:0:org.apache.poi.hssf.record.DatRecord:76:2 |==> 0
4:LVR:POS:NEG:org.apache.poi.hssf.record.DatRecord:76:2 |==> -2
5:LVR:POS:0:org.apache.poi.hssf.record.DatRecord:77:4 |==> 0
6:LVR:POS:NEG:org.apache.poi.hssf.record.DatRecord:77:4 |==> -4
7:LVR:POS:0:org.apache.poi.hssf.record.DatRecord:78:8 |==> 0
8:LVR:POS:NEG:org.apache.poi.hssf.record.DatRecord:78:8 |==> -8
9:ROR:!=(int,int):<(int,int):org.apache.poi.hssf.record.DatRecord@validateSid(short):124:id != sid |==> id < sid
10:ROR:!=(int,int):>(int,int):org.apache.poi.hssf.record.DatRecord@validateSid(short):124:id != sid |==> id > sid
11:ROR:!=(int,int):TRUE(int,int):org.apache.poi.hssf.record.DatRecord@validateSid(short):124:id != sid |==> true
12:LVR:0:POS:org.apache.poi.hssf.record.DatRecord@fillFields(byte[],short,int):133:0 |==> 1
13:LVR:0:NEG:org.apache.poi.hssf.record.DatRecord@fillFields(byte[],short,int):133:0 |==> -1
14:LVR:0:POS:org.apache.poi.hssf.record.DatRecord@fillFields(byte[],short,int):134:0 |==> 1
15:LVR:0:NEG:org.apache.poi.hssf.record.DatRecord@fillFields(byte[],short,int):134:0 |==> -1
16:AOR:+(int,int):%(int,int):org.apache.poi.hssf.record.DatRecord@fillFields(byte[],short,int):134:pos + 0 |==> pos % 0
17:AOR:+(int,int):*(int,int):org.apache.poi.hssf.record.DatRecord@fillFields(byte[],short,int):134:pos + 0 |==> pos * 0
18:AOR:+(int,int):-(int,int):org.apache.poi.hssf.record.DatRecord@fillFields(byte[],short,int):134:pos + 0 |==> pos - 0
19:AOR:+(int,int):/(int,int):org.apache.poi.hssf.record.DatRecord@fillFields(byte[],short,int):134:pos + 0 |==> pos / 0
20:AOR:+(int,int):%(int,int):org.apache.poi.hssf.record.DatRecord@fillFields(byte[],short,int):134:pos + 0 + offset |==> (pos + 0) % offset
21:AOR:+(int,int):*(int,int):org.apache.poi.hssf.record.DatRecord@fillFields(byte[],short,int):134:pos + 0 + offset |==> (pos + 0) * offset
22:AOR:+(int,int):-(int,int):org.apache.poi.hssf.record.DatRecord@fillFields(byte[],short,int):134:pos + 0 + offset |==> pos + 0 - offset
23:AOR:+(int,int):/(int,int):org.apache.poi.hssf.record.DatRecord@fillFields(byte[],short,int):134:pos + 0 + offset |==> (pos + 0) / offset
