1:LVR:POS:0:org.apache.poi.hpsf.Thumbnail:75:4 |==> 0
2:LVR:POS:NEG:org.apache.poi.hpsf.Thumbnail:75:4 |==> -4
3:LVR:POS:0:org.apache.poi.hpsf.Thumbnail:85:8 |==> 0
4:LVR:POS:NEG:org.apache.poi.hpsf.Thumbnail:85:8 |==> -8
5:LVR:POS:0:org.apache.poi.hpsf.Thumbnail:103:20 |==> 0
6:LVR:POS:NEG:org.apache.poi.hpsf.Thumbnail:103:20 |==> -20
7:LVR:NEG:0:org.apache.poi.hpsf.Thumbnail:115:-1 |==> 0
8:LVR:NEG:POS:org.apache.poi.hpsf.Thumbnail:115:-1 |==> 1
9:LVR:NEG:0:org.apache.poi.hpsf.Thumbnail:127:-2 |==> 0
10:LVR:NEG:POS:org.apache.poi.hpsf.Thumbnail:127:-2 |==> 2
11:LVR:NEG:0:org.apache.poi.hpsf.Thumbnail:139:-3 |==> 0
12:LVR:NEG:POS:org.apache.poi.hpsf.Thumbnail:139:-3 |==> 3
13:LVR:0:POS:org.apache.poi.hpsf.Thumbnail:152:0 |==> 1
14:LVR:0:NEG:org.apache.poi.hpsf.Thumbnail:152:0 |==> -1
15:LVR:POS:0:org.apache.poi.hpsf.Thumbnail:162:3 |==> 0
16:LVR:POS:NEG:org.apache.poi.hpsf.Thumbnail:162:3 |==> -3
17:LVR:POS:0:org.apache.poi.hpsf.Thumbnail:167:8 |==> 0
18:LVR:POS:NEG:org.apache.poi.hpsf.Thumbnail:167:8 |==> -8
19:LVR:POS:0:org.apache.poi.hpsf.Thumbnail:172:14 |==> 0
20:LVR:POS:NEG:org.apache.poi.hpsf.Thumbnail:172:14 |==> -14
21:LVR:POS:0:org.apache.poi.hpsf.Thumbnail:181:2 |==> 0
22:LVR:POS:NEG:org.apache.poi.hpsf.Thumbnail:181:2 |==> -2
