1:LVR:POS:0:org.apache.poi.hssf.record.PrintSetupRecord:81:1 |==> 0
2:LVR:POS:NEG:org.apache.poi.hssf.record.PrintSetupRecord:81:1 |==> -1
3:LVR:POS:0:org.apache.poi.hssf.record.PrintSetupRecord:83:2 |==> 0
4:LVR:POS:NEG:org.apache.poi.hssf.record.PrintSetupRecord:83:2 |==> -2
5:LVR:POS:0:org.apache.poi.hssf.record.PrintSetupRecord:85:4 |==> 0
6:LVR:POS:NEG:org.apache.poi.hssf.record.PrintSetupRecord:85:4 |==> -4
7:LVR:POS:0:org.apache.poi.hssf.record.PrintSetupRecord:90:8 |==> 0
8:LVR:POS:NEG:org.apache.poi.hssf.record.PrintSetupRecord:90:8 |==> -8
9:LVR:POS:0:org.apache.poi.hssf.record.PrintSetupRecord:92:16 |==> 0
10:LVR:POS:NEG:org.apache.poi.hssf.record.PrintSetupRecord:92:16 |==> -16
11:LVR:POS:0:org.apache.poi.hssf.record.PrintSetupRecord:94:32 |==> 0
12:LVR:POS:NEG:org.apache.poi.hssf.record.PrintSetupRecord:94:32 |==> -32
13:LVR:POS:0:org.apache.poi.hssf.record.PrintSetupRecord:96:64 |==> 0
14:LVR:POS:NEG:org.apache.poi.hssf.record.PrintSetupRecord:96:64 |==> -64
15:LVR:POS:0:org.apache.poi.hssf.record.PrintSetupRecord:98:128 |==> 0
16:LVR:POS:NEG:org.apache.poi.hssf.record.PrintSetupRecord:98:128 |==> -128
17:ROR:!=(int,int):<(int,int):org.apache.poi.hssf.record.PrintSetupRecord@validateSid(short):137:id != sid |==> id < sid
18:ROR:!=(int,int):>(int,int):org.apache.poi.hssf.record.PrintSetupRecord@validateSid(short):137:id != sid |==> id > sid
19:ROR:!=(int,int):TRUE(int,int):org.apache.poi.hssf.record.PrintSetupRecord@validateSid(short):137:id != sid |==> true
20:LVR:0:POS:org.apache.poi.hssf.record.PrintSetupRecord@fillFields(byte[],short,int):146:0 |==> 1
21:LVR:0:NEG:org.apache.poi.hssf.record.PrintSetupRecord@fillFields(byte[],short,int):146:0 |==> -1
22:AOR:+(int,int):%(int,int):org.apache.poi.hssf.record.PrintSetupRecord@fillFields(byte[],short,int):146:0 + offset |==> 0 % offset
23:AOR:+(int,int):*(int,int):org.apache.poi.hssf.record.PrintSetupRecord@fillFields(byte[],short,int):146:0 + offset |==> 0 * offset
24:AOR:+(int,int):-(int,int):org.apache.poi.hssf.record.PrintSetupRecord@fillFields(byte[],short,int):146:0 + offset |==> 0 - offset
25:AOR:+(int,int):/(int,int):org.apache.poi.hssf.record.PrintSetupRecord@fillFields(byte[],short,int):146:0 + offset |==> 0 / offset
