1:ROR:!=(java.lang.Object,java.lang.Object):TRUE(java.lang.Object,java.lang.Object):org.apache.xerces.msg.ExceptionMessagesLocalizer@localizeMessage(java.lang.String,java.util.Locale):78:locale != null |==> true
2:STD:<ASSIGN>:<NO-OP>:org.apache.xerces.msg.ExceptionMessagesLocalizer@localizeMessage(java.lang.String,java.util.Locale):79:fResourceBundle = ListResourceBundle.getBundle("org.apache.xerces.msg.ExceptionMessages", locale) |==> <NO-OP>
3:ROR:==(java.lang.Object,java.lang.Object):FALSE(java.lang.Object,java.lang.Object):org.apache.xerces.msg.ExceptionMessagesLocalizer@localizeMessage(java.lang.String,java.util.Locale):80:fResourceBundle == null |==> false
4:ROR:==(java.lang.Object,java.lang.Object):FALSE(java.lang.Object,java.lang.Object):org.apache.xerces.msg.ExceptionMessagesLocalizer@localizeMessage(java.lang.String,java.util.Locale):80:locale == null |==> false
5:COR:||(boolean,boolean):!=(boolean,boolean):org.apache.xerces.msg.ExceptionMessagesLocalizer@localizeMessage(java.lang.String,java.util.Locale):80:fResourceBundle == null || locale == null |==> fResourceBundle == null != (locale == null)
6:COR:||(boolean,boolean):LHS(boolean,boolean):org.apache.xerces.msg.ExceptionMessagesLocalizer@localizeMessage(java.lang.String,java.util.Locale):80:fResourceBundle == null || locale == null |==> fResourceBundle == null
7:COR:||(boolean,boolean):RHS(boolean,boolean):org.apache.xerces.msg.ExceptionMessagesLocalizer@localizeMessage(java.lang.String,java.util.Locale):80:fResourceBundle == null || locale == null |==> locale == null
8:COR:||(boolean,boolean):TRUE(boolean,boolean):org.apache.xerces.msg.ExceptionMessagesLocalizer@localizeMessage(java.lang.String,java.util.Locale):80:fResourceBundle == null || locale == null |==> true
9:STD:<ASSIGN>:<NO-OP>:org.apache.xerces.msg.ExceptionMessagesLocalizer@localizeMessage(java.lang.String,java.util.Locale):81:fResourceBundle = ListResourceBundle.getBundle("org.apache.xerces.msg.ExceptionMessages") |==> <NO-OP>
10:EVR:<METHOD_INVOCATION(int)>:<DEFAULT>:org.apache.xerces.msg.ExceptionMessagesLocalizer@localizeMessage(java.lang.String,java.util.Locale):83:string.indexOf(' ') |==> 0
11:LVR:0:POS:org.apache.xerces.msg.ExceptionMessagesLocalizer@localizeMessage(java.lang.String,java.util.Locale):84:0 |==> 1
12:LVR:0:NEG:org.apache.xerces.msg.ExceptionMessagesLocalizer@localizeMessage(java.lang.String,java.util.Locale):84:0 |==> -1
13:EVR:<METHOD_INVOCATION(int)>:<DEFAULT>:org.apache.xerces.msg.ExceptionMessagesLocalizer@localizeMessage(java.lang.String,java.util.Locale):86:string.indexOf('\n') |==> 0
14:LVR:0:POS:org.apache.xerces.msg.ExceptionMessagesLocalizer@localizeMessage(java.lang.String,java.util.Locale):87:0 |==> 1
15:LVR:0:NEG:org.apache.xerces.msg.ExceptionMessagesLocalizer@localizeMessage(java.lang.String,java.util.Locale):87:0 |==> -1
16:ROR:==(int,int):<=(int,int):org.apache.xerces.msg.ExceptionMessagesLocalizer@localizeMessage(java.lang.String,java.util.Locale):87:nlIndex == 0 |==> nlIndex <= 0
17:ROR:==(int,int):>=(int,int):org.apache.xerces.msg.ExceptionMessagesLocalizer@localizeMessage(java.lang.String,java.util.Locale):87:nlIndex == 0 |==> nlIndex >= 0
18:ROR:==(int,int):FALSE(int,int):org.apache.xerces.msg.ExceptionMessagesLocalizer@localizeMessage(java.lang.String,java.util.Locale):87:nlIndex == 0 |==> false
19:ROR:==(java.lang.Object,java.lang.Object):FALSE(java.lang.Object,java.lang.Object):org.apache.xerces.msg.ExceptionMessagesLocalizer@localizeMessage(java.lang.String,java.util.Locale):87:key == null |==> false
20:COR:||(boolean,boolean):!=(boolean,boolean):org.apache.xerces.msg.ExceptionMessagesLocalizer@localizeMessage(java.lang.String,java.util.Locale):87:nlIndex == 0 || key == null |==> nlIndex == 0 != (key == null)
21:COR:||(boolean,boolean):LHS(boolean,boolean):org.apache.xerces.msg.ExceptionMessagesLocalizer@localizeMessage(java.lang.String,java.util.Locale):87:nlIndex == 0 || key == null |==> nlIndex == 0
22:COR:||(boolean,boolean):RHS(boolean,boolean):org.apache.xerces.msg.ExceptionMessagesLocalizer@localizeMessage(java.lang.String,java.util.Locale):87:nlIndex == 0 || key == null |==> key == null
23:COR:||(boolean,boolean):TRUE(boolean,boolean):org.apache.xerces.msg.ExceptionMessagesLocalizer@localizeMessage(java.lang.String,java.util.Locale):87:nlIndex == 0 || key == null |==> true
24:COR:||(boolean,boolean):!=(boolean,boolean):org.apache.xerces.msg.ExceptionMessagesLocalizer@localizeMessage(java.lang.String,java.util.Locale):87:nlIndex == 0 || key == null || key.equals("") |==> (nlIndex == 0 || key == null) != key.equals("")
25:COR:||(boolean,boolean):LHS(boolean,boolean):org.apache.xerces.msg.ExceptionMessagesLocalizer@localizeMessage(java.lang.String,java.util.Locale):87:nlIndex == 0 || key == null || key.equals("") |==> nlIndex == 0 || key == null
26:COR:||(boolean,boolean):RHS(boolean,boolean):org.apache.xerces.msg.ExceptionMessagesLocalizer@localizeMessage(java.lang.String,java.util.Locale):87:nlIndex == 0 || key == null || key.equals("") |==> key.equals("")
27:COR:||(boolean,boolean):TRUE(boolean,boolean):org.apache.xerces.msg.ExceptionMessagesLocalizer@localizeMessage(java.lang.String,java.util.Locale):87:nlIndex == 0 || key == null || key.equals("") |==> true
28:STD:<RETURN>:<NO-OP>:org.apache.xerces.msg.ExceptionMessagesLocalizer@localizeMessage(java.lang.String,java.util.Locale):87:return null; |==> <NO-OP>
29:EVR:<METHOD_INVOCATION(java.lang.String)>:<DEFAULT>:org.apache.xerces.msg.ExceptionMessagesLocalizer@localizeMessage(java.lang.String,java.util.Locale):89:fResourceBundle.getString(key) |==> null
30:LVR:0:POS:org.apache.xerces.msg.ExceptionMessagesLocalizer@localizeMessage(java.lang.String,java.util.Locale):90:0 |==> 1
31:LVR:0:NEG:org.apache.xerces.msg.ExceptionMessagesLocalizer@localizeMessage(java.lang.String,java.util.Locale):90:0 |==> -1
32:ROR:<(int,int):!=(int,int):org.apache.xerces.msg.ExceptionMessagesLocalizer@localizeMessage(java.lang.String,java.util.Locale):90:nlIndex < 0 |==> nlIndex != 0
33:ROR:<(int,int):<=(int,int):org.apache.xerces.msg.ExceptionMessagesLocalizer@localizeMessage(java.lang.String,java.util.Locale):90:nlIndex < 0 |==> nlIndex <= 0
34:ROR:<(int,int):FALSE(int,int):org.apache.xerces.msg.ExceptionMessagesLocalizer@localizeMessage(java.lang.String,java.util.Locale):90:nlIndex < 0 |==> false
35:STD:<RETURN>:<NO-OP>:org.apache.xerces.msg.ExceptionMessagesLocalizer@localizeMessage(java.lang.String,java.util.Locale):91:return msg; |==> <NO-OP>
36:LVR:POS:0:org.apache.xerces.msg.ExceptionMessagesLocalizer@localizeMessage(java.lang.String,java.util.Locale):94:1 |==> 0
37:LVR:POS:NEG:org.apache.xerces.msg.ExceptionMessagesLocalizer@localizeMessage(java.lang.String,java.util.Locale):94:1 |==> -1
38:AOR:+(int,int):%(int,int):org.apache.xerces.msg.ExceptionMessagesLocalizer@localizeMessage(java.lang.String,java.util.Locale):94:nlIndex + 1 |==> nlIndex % 1
39:AOR:+(int,int):*(int,int):org.apache.xerces.msg.ExceptionMessagesLocalizer@localizeMessage(java.lang.String,java.util.Locale):94:nlIndex + 1 |==> nlIndex * 1
40:AOR:+(int,int):-(int,int):org.apache.xerces.msg.ExceptionMessagesLocalizer@localizeMessage(java.lang.String,java.util.Locale):94:nlIndex + 1 |==> nlIndex - 1
41:AOR:+(int,int):/(int,int):org.apache.xerces.msg.ExceptionMessagesLocalizer@localizeMessage(java.lang.String,java.util.Locale):94:nlIndex + 1 |==> nlIndex / 1
42:EVR:<METHOD_INVOCATION(int)>:<DEFAULT>:org.apache.xerces.msg.ExceptionMessagesLocalizer@localizeMessage(java.lang.String,java.util.Locale):95:st.countTokens() |==> 0
43:EVR:<NEW_ARRAY(java.lang.String[])>:<DEFAULT>:org.apache.xerces.msg.ExceptionMessagesLocalizer@localizeMessage(java.lang.String,java.util.Locale):96:new String[count] |==> null
44:LVR:0:POS:org.apache.xerces.msg.ExceptionMessagesLocalizer@localizeMessage(java.lang.String,java.util.Locale):97:0 |==> 1
45:LVR:0:NEG:org.apache.xerces.msg.ExceptionMessagesLocalizer@localizeMessage(java.lang.String,java.util.Locale):97:0 |==> -1
46:ROR:<(int,int):!=(int,int):org.apache.xerces.msg.ExceptionMessagesLocalizer@localizeMessage(java.lang.String,java.util.Locale):97:i < count |==> i != count
47:ROR:<(int,int):<=(int,int):org.apache.xerces.msg.ExceptionMessagesLocalizer@localizeMessage(java.lang.String,java.util.Locale):97:i < count |==> i <= count
48:ROR:<(int,int):FALSE(int,int):org.apache.xerces.msg.ExceptionMessagesLocalizer@localizeMessage(java.lang.String,java.util.Locale):97:i < count |==> false
49:STD:<ASSIGN>:<NO-OP>:org.apache.xerces.msg.ExceptionMessagesLocalizer@localizeMessage(java.lang.String,java.util.Locale):98:args[i] = st.nextToken() |==> <NO-OP>
50:ROR:!=(java.lang.Object,java.lang.Object):TRUE(java.lang.Object,java.lang.Object):org.apache.xerces.msg.ExceptionMessagesLocalizer@localizeMessage(java.lang.String,java.util.Locale):101:args != null |==> true
51:STD:<ASSIGN>:<NO-OP>:org.apache.xerces.msg.ExceptionMessagesLocalizer@localizeMessage(java.lang.String,java.util.Locale):103:msg = java.text.MessageFormat.format(msg, args) |==> <NO-OP>
52:STD:<ASSIGN>:<NO-OP>:org.apache.xerces.msg.ExceptionMessagesLocalizer@localizeMessage(java.lang.String,java.util.Locale):105:msg = fResourceBundle.getString(FMT001) + ": " + msg |==> <NO-OP>
53:EVR:<IDENTIFIER(java.lang.String)>:<DEFAULT>:org.apache.xerces.msg.ExceptionMessagesLocalizer@localizeMessage(java.lang.String,java.util.Locale):108:msg |==> null
