1:STD:<ASSIGN>:<NO-OP>:org.apache.xerces.utils.NamespacesScope@<init>(org.apache.xerces.utils.NamespacesScope.NamespacesHandler):95:fHandler = handler |==> <NO-OP>
2:LVR:0:POS:org.apache.xerces.utils.NamespacesScope@<init>(org.apache.xerces.utils.NamespacesScope.NamespacesHandler):96:0 |==> 1
3:LVR:0:NEG:org.apache.xerces.utils.NamespacesScope@<init>(org.apache.xerces.utils.NamespacesScope.NamespacesHandler):96:0 |==> -1
4:LVR:POS:0:org.apache.xerces.utils.NamespacesScope@<init>(org.apache.xerces.utils.NamespacesScope.NamespacesHandler):96:9 |==> 0
5:LVR:POS:NEG:org.apache.xerces.utils.NamespacesScope@<init>(org.apache.xerces.utils.NamespacesScope.NamespacesHandler):96:9 |==> -9
6:STD:<ASSIGN>:<NO-OP>:org.apache.xerces.utils.NamespacesScope@<init>(org.apache.xerces.utils.NamespacesScope.NamespacesHandler):96:fNamespaceMappings[0] = new int[9] |==> <NO-OP>
7:LVR:0:POS:org.apache.xerces.utils.NamespacesScope@<init>(org.apache.xerces.utils.NamespacesScope.NamespacesHandler):97:0 |==> 1
8:LVR:0:NEG:org.apache.xerces.utils.NamespacesScope@<init>(org.apache.xerces.utils.NamespacesScope.NamespacesHandler):97:0 |==> -1
9:LVR:0:POS:org.apache.xerces.utils.NamespacesScope@<init>(org.apache.xerces.utils.NamespacesScope.NamespacesHandler):97:0 |==> 1
10:LVR:0:NEG:org.apache.xerces.utils.NamespacesScope@<init>(org.apache.xerces.utils.NamespacesScope.NamespacesHandler):97:0 |==> -1
11:LVR:POS:0:org.apache.xerces.utils.NamespacesScope@<init>(org.apache.xerces.utils.NamespacesScope.NamespacesHandler):97:1 |==> 0
12:LVR:POS:NEG:org.apache.xerces.utils.NamespacesScope@<init>(org.apache.xerces.utils.NamespacesScope.NamespacesHandler):97:1 |==> -1
13:STD:<ASSIGN>:<NO-OP>:org.apache.xerces.utils.NamespacesScope@<init>(org.apache.xerces.utils.NamespacesScope.NamespacesHandler):97:fNamespaceMappings[0][0] = 1 |==> <NO-OP>
14:LVR:0:POS:org.apache.xerces.utils.NamespacesScope@setNamespaceForPrefix(int,int):106:0 |==> 1
15:LVR:0:NEG:org.apache.xerces.utils.NamespacesScope@setNamespaceForPrefix(int,int):106:0 |==> -1
16:ROR:==(int,int):<=(int,int):org.apache.xerces.utils.NamespacesScope@setNamespaceForPrefix(int,int):107:offset == fNamespaceMappings[fElementDepth].length |==> offset <= fNamespaceMappings[fElementDepth].length
17:ROR:==(int,int):>=(int,int):org.apache.xerces.utils.NamespacesScope@setNamespaceForPrefix(int,int):107:offset == fNamespaceMappings[fElementDepth].length |==> offset >= fNamespaceMappings[fElementDepth].length
18:ROR:==(int,int):FALSE(int,int):org.apache.xerces.utils.NamespacesScope@setNamespaceForPrefix(int,int):107:offset == fNamespaceMappings[fElementDepth].length |==> false
19:LVR:POS:0:org.apache.xerces.utils.NamespacesScope@setNamespaceForPrefix(int,int):108:8 |==> 0
20:LVR:POS:NEG:org.apache.xerces.utils.NamespacesScope@setNamespaceForPrefix(int,int):108:8 |==> -8
21:AOR:+(int,int):%(int,int):org.apache.xerces.utils.NamespacesScope@setNamespaceForPrefix(int,int):108:offset + 8 |==> offset % 8
22:AOR:+(int,int):*(int,int):org.apache.xerces.utils.NamespacesScope@setNamespaceForPrefix(int,int):108:offset + 8 |==> offset * 8
23:AOR:+(int,int):-(int,int):org.apache.xerces.utils.NamespacesScope@setNamespaceForPrefix(int,int):108:offset + 8 |==> offset - 8
24:AOR:+(int,int):/(int,int):org.apache.xerces.utils.NamespacesScope@setNamespaceForPrefix(int,int):108:offset + 8 |==> offset / 8
25:LVR:0:POS:org.apache.xerces.utils.NamespacesScope@setNamespaceForPrefix(int,int):109:0 |==> 1
26:LVR:0:NEG:org.apache.xerces.utils.NamespacesScope@setNamespaceForPrefix(int,int):109:0 |==> -1
27:LVR:0:POS:org.apache.xerces.utils.NamespacesScope@setNamespaceForPrefix(int,int):109:0 |==> 1
28:LVR:0:NEG:org.apache.xerces.utils.NamespacesScope@setNamespaceForPrefix(int,int):109:0 |==> -1
29:STD:<CALL>:<NO-OP>:org.apache.xerces.utils.NamespacesScope@setNamespaceForPrefix(int,int):109:System.arraycopy(fNamespaceMappings[fElementDepth], 0, newMappings, 0, offset) |==> <NO-OP>
30:STD:<ASSIGN>:<NO-OP>:org.apache.xerces.utils.NamespacesScope@setNamespaceForPrefix(int,int):110:fNamespaceMappings[fElementDepth] = newMappings |==> <NO-OP>
31:STD:<ASSIGN>:<NO-OP>:org.apache.xerces.utils.NamespacesScope@setNamespaceForPrefix(int,int):112:fNamespaceMappings[fElementDepth][offset++] = prefix |==> <NO-OP>
32:STD:<ASSIGN>:<NO-OP>:org.apache.xerces.utils.NamespacesScope@setNamespaceForPrefix(int,int):113:fNamespaceMappings[fElementDepth][offset++] = namespace |==> <NO-OP>
33:LVR:0:POS:org.apache.xerces.utils.NamespacesScope@setNamespaceForPrefix(int,int):114:0 |==> 1
34:LVR:0:NEG:org.apache.xerces.utils.NamespacesScope@setNamespaceForPrefix(int,int):114:0 |==> -1
35:STD:<ASSIGN>:<NO-OP>:org.apache.xerces.utils.NamespacesScope@setNamespaceForPrefix(int,int):114:fNamespaceMappings[fElementDepth][0] = offset |==> <NO-OP>
36:LVR:0:POS:org.apache.xerces.utils.NamespacesScope@setNamespaceForPrefix(int,int):115:0 |==> 1
37:LVR:0:NEG:org.apache.xerces.utils.NamespacesScope@setNamespaceForPrefix(int,int):115:0 |==> -1
38:ROR:>(int,int):!=(int,int):org.apache.xerces.utils.NamespacesScope@setNamespaceForPrefix(int,int):115:fElementDepth > 0 |==> fElementDepth != 0
39:ROR:>(int,int):>=(int,int):org.apache.xerces.utils.NamespacesScope@setNamespaceForPrefix(int,int):115:fElementDepth > 0 |==> fElementDepth >= 0
40:ROR:>(int,int):FALSE(int,int):org.apache.xerces.utils.NamespacesScope@setNamespaceForPrefix(int,int):115:fElementDepth > 0 |==> false
41:STD:<CALL>:<NO-OP>:org.apache.xerces.utils.NamespacesScope@setNamespaceForPrefix(int,int):116:fHandler.startNamespaceDeclScope(prefix, namespace) |==> <NO-OP>
42:EVR:<IDENTIFIER(int)>:<DEFAULT>:org.apache.xerces.utils.NamespacesScope@getNamespaceForPrefix(int):124:fElementDepth |==> 0
43:LVR:0:POS:org.apache.xerces.utils.NamespacesScope@getNamespaceForPrefix(int):124:0 |==> 1
44:LVR:0:NEG:org.apache.xerces.utils.NamespacesScope@getNamespaceForPrefix(int):124:0 |==> -1
45:ROR:>=(int,int):==(int,int):org.apache.xerces.utils.NamespacesScope@getNamespaceForPrefix(int):124:depth >= 0 |==> depth == 0
46:ROR:>=(int,int):>(int,int):org.apache.xerces.utils.NamespacesScope@getNamespaceForPrefix(int):124:depth >= 0 |==> depth > 0
47:ROR:>=(int,int):TRUE(int,int):org.apache.xerces.utils.NamespacesScope@getNamespaceForPrefix(int):124:depth >= 0 |==> true
48:LVR:0:POS:org.apache.xerces.utils.NamespacesScope@getNamespaceForPrefix(int):125:0 |==> 1
49:LVR:0:NEG:org.apache.xerces.utils.NamespacesScope@getNamespaceForPrefix(int):125:0 |==> -1
50:LVR:POS:0:org.apache.xerces.utils.NamespacesScope@getNamespaceForPrefix(int):126:1 |==> 0
51:LVR:POS:NEG:org.apache.xerces.utils.NamespacesScope@getNamespaceForPrefix(int):126:1 |==> -1
52:ROR:<(int,int):!=(int,int):org.apache.xerces.utils.NamespacesScope@getNamespaceForPrefix(int):126:i < offset |==> i != offset
53:ROR:<(int,int):<=(int,int):org.apache.xerces.utils.NamespacesScope@getNamespaceForPrefix(int):126:i < offset |==> i <= offset
54:ROR:<(int,int):FALSE(int,int):org.apache.xerces.utils.NamespacesScope@getNamespaceForPrefix(int):126:i < offset |==> false
55:LVR:POS:0:org.apache.xerces.utils.NamespacesScope@getNamespaceForPrefix(int):126:2 |==> 0
56:LVR:POS:NEG:org.apache.xerces.utils.NamespacesScope@getNamespaceForPrefix(int):126:2 |==> -2
57:ROR:==(int,int):<=(int,int):org.apache.xerces.utils.NamespacesScope@getNamespaceForPrefix(int):127:prefix == fNamespaceMappings[depth][i] |==> prefix <= fNamespaceMappings[depth][i]
58:ROR:==(int,int):>=(int,int):org.apache.xerces.utils.NamespacesScope@getNamespaceForPrefix(int):127:prefix == fNamespaceMappings[depth][i] |==> prefix >= fNamespaceMappings[depth][i]
59:ROR:==(int,int):FALSE(int,int):org.apache.xerces.utils.NamespacesScope@getNamespaceForPrefix(int):127:prefix == fNamespaceMappings[depth][i] |==> false
60:LVR:POS:0:org.apache.xerces.utils.NamespacesScope@getNamespaceForPrefix(int):128:1 |==> 0
61:LVR:POS:NEG:org.apache.xerces.utils.NamespacesScope@getNamespaceForPrefix(int):128:1 |==> -1
62:AOR:+(int,int):%(int,int):org.apache.xerces.utils.NamespacesScope@getNamespaceForPrefix(int):128:i + 1 |==> i % 1
63:AOR:+(int,int):*(int,int):org.apache.xerces.utils.NamespacesScope@getNamespaceForPrefix(int):128:i + 1 |==> i * 1
64:AOR:+(int,int):-(int,int):org.apache.xerces.utils.NamespacesScope@getNamespaceForPrefix(int):128:i + 1 |==> i - 1
65:AOR:+(int,int):/(int,int):org.apache.xerces.utils.NamespacesScope@getNamespaceForPrefix(int):128:i + 1 |==> i / 1
66:STD:<RETURN>:<NO-OP>:org.apache.xerces.utils.NamespacesScope@getNamespaceForPrefix(int):128:return fNamespaceMappings[depth][Config.__M_NO == 65 ? i / 1 : Config.__M_NO == 64 ? i - 1 : Config.__M_NO == 63 ? i * 1 : Config.__M_NO == 62 ? i % 1 : Config.__M_NO == 0 && Config.COVERED(62, 65) ? i + 1 : i + (Config.__M_NO == 0 && Config.COVERED(60, 61) ? 1 : Config.__M_NO == 61 ? -1 : Config.__M_NO == 60 ? 0 : 1)]; |==> <NO-OP>
67:LVR:NEG:0:org.apache.xerces.utils.NamespacesScope@getNamespaceForPrefix(int):132:-1 |==> 0
68:LVR:NEG:POS:org.apache.xerces.utils.NamespacesScope@getNamespaceForPrefix(int):132:-1 |==> 1
69:STD:<INC>:<NO-OP>:org.apache.xerces.utils.NamespacesScope@increaseDepth():138:fElementDepth++ |==> <NO-OP>
70:ROR:==(int,int):<=(int,int):org.apache.xerces.utils.NamespacesScope@increaseDepth():139:fElementDepth == fNamespaceMappings.length |==> fElementDepth <= fNamespaceMappings.length
71:ROR:==(int,int):>=(int,int):org.apache.xerces.utils.NamespacesScope@increaseDepth():139:fElementDepth == fNamespaceMappings.length |==> fElementDepth >= fNamespaceMappings.length
72:ROR:==(int,int):FALSE(int,int):org.apache.xerces.utils.NamespacesScope@increaseDepth():139:fElementDepth == fNamespaceMappings.length |==> false
73:LVR:POS:0:org.apache.xerces.utils.NamespacesScope@increaseDepth():140:8 |==> 0
74:LVR:POS:NEG:org.apache.xerces.utils.NamespacesScope@increaseDepth():140:8 |==> -8
75:AOR:+(int,int):%(int,int):org.apache.xerces.utils.NamespacesScope@increaseDepth():140:fElementDepth + 8 |==> fElementDepth % 8
76:AOR:+(int,int):*(int,int):org.apache.xerces.utils.NamespacesScope@increaseDepth():140:fElementDepth + 8 |==> fElementDepth * 8
77:AOR:+(int,int):-(int,int):org.apache.xerces.utils.NamespacesScope@increaseDepth():140:fElementDepth + 8 |==> fElementDepth - 8
78:AOR:+(int,int):/(int,int):org.apache.xerces.utils.NamespacesScope@increaseDepth():140:fElementDepth + 8 |==> fElementDepth / 8
79:LVR:0:POS:org.apache.xerces.utils.NamespacesScope@increaseDepth():141:0 |==> 1
80:LVR:0:NEG:org.apache.xerces.utils.NamespacesScope@increaseDepth():141:0 |==> -1
81:LVR:0:POS:org.apache.xerces.utils.NamespacesScope@increaseDepth():141:0 |==> 1
82:LVR:0:NEG:org.apache.xerces.utils.NamespacesScope@increaseDepth():141:0 |==> -1
83:STD:<CALL>:<NO-OP>:org.apache.xerces.utils.NamespacesScope@increaseDepth():141:System.arraycopy(fNamespaceMappings, 0, newMappings, 0, fElementDepth) |==> <NO-OP>
84:STD:<ASSIGN>:<NO-OP>:org.apache.xerces.utils.NamespacesScope@increaseDepth():142:fNamespaceMappings = newMappings |==> <NO-OP>
85:ROR:==(java.lang.Object,java.lang.Object):FALSE(java.lang.Object,java.lang.Object):org.apache.xerces.utils.NamespacesScope@increaseDepth():144:fNamespaceMappings[fElementDepth] == null |==> false
86:LVR:POS:0:org.apache.xerces.utils.NamespacesScope@increaseDepth():145:9 |==> 0
87:LVR:POS:NEG:org.apache.xerces.utils.NamespacesScope@increaseDepth():145:9 |==> -9
88:STD:<ASSIGN>:<NO-OP>:org.apache.xerces.utils.NamespacesScope@increaseDepth():145:fNamespaceMappings[fElementDepth] = new int[9] |==> <NO-OP>
89:LVR:0:POS:org.apache.xerces.utils.NamespacesScope@increaseDepth():146:0 |==> 1
90:LVR:0:NEG:org.apache.xerces.utils.NamespacesScope@increaseDepth():146:0 |==> -1
91:LVR:POS:0:org.apache.xerces.utils.NamespacesScope@increaseDepth():146:1 |==> 0
92:LVR:POS:NEG:org.apache.xerces.utils.NamespacesScope@increaseDepth():146:1 |==> -1
93:STD:<ASSIGN>:<NO-OP>:org.apache.xerces.utils.NamespacesScope@increaseDepth():146:fNamespaceMappings[fElementDepth][0] = 1 |==> <NO-OP>
94:LVR:0:POS:org.apache.xerces.utils.NamespacesScope@decreaseDepth():152:0 |==> 1
95:LVR:0:NEG:org.apache.xerces.utils.NamespacesScope@decreaseDepth():152:0 |==> -1
96:ROR:>(int,int):!=(int,int):org.apache.xerces.utils.NamespacesScope@decreaseDepth():152:fElementDepth > 0 |==> fElementDepth != 0
97:ROR:>(int,int):>=(int,int):org.apache.xerces.utils.NamespacesScope@decreaseDepth():152:fElementDepth > 0 |==> fElementDepth >= 0
98:ROR:>(int,int):FALSE(int,int):org.apache.xerces.utils.NamespacesScope@decreaseDepth():152:fElementDepth > 0 |==> false
99:LVR:0:POS:org.apache.xerces.utils.NamespacesScope@decreaseDepth():153:0 |==> 1
100:LVR:0:NEG:org.apache.xerces.utils.NamespacesScope@decreaseDepth():153:0 |==> -1
101:LVR:POS:0:org.apache.xerces.utils.NamespacesScope@decreaseDepth():154:1 |==> 0
102:LVR:POS:NEG:org.apache.xerces.utils.NamespacesScope@decreaseDepth():154:1 |==> -1
103:ROR:>(int,int):!=(int,int):org.apache.xerces.utils.NamespacesScope@decreaseDepth():154:offset > 1 |==> offset != 1
104:ROR:>(int,int):>=(int,int):org.apache.xerces.utils.NamespacesScope@decreaseDepth():154:offset > 1 |==> offset >= 1
105:ROR:>(int,int):FALSE(int,int):org.apache.xerces.utils.NamespacesScope@decreaseDepth():154:offset > 1 |==> false
106:LVR:POS:0:org.apache.xerces.utils.NamespacesScope@decreaseDepth():155:2 |==> 0
107:LVR:POS:NEG:org.apache.xerces.utils.NamespacesScope@decreaseDepth():155:2 |==> -2
108:STD:<ASSIGN>:<NO-OP>:org.apache.xerces.utils.NamespacesScope@decreaseDepth():155:offset -= 2 |==> <NO-OP>
109:STD:<CALL>:<NO-OP>:org.apache.xerces.utils.NamespacesScope@decreaseDepth():156:fHandler.endNamespaceDeclScope(fNamespaceMappings[fElementDepth][offset]) |==> <NO-OP>
110:STD:<DEC>:<NO-OP>:org.apache.xerces.utils.NamespacesScope@decreaseDepth():159:fElementDepth-- |==> <NO-OP>
111:LVR:0:POS:org.apache.xerces.utils.NamespacesScope:162:0 |==> 1
112:LVR:0:NEG:org.apache.xerces.utils.NamespacesScope:162:0 |==> -1
113:LVR:POS:0:org.apache.xerces.utils.NamespacesScope:163:8 |==> 0
114:LVR:POS:NEG:org.apache.xerces.utils.NamespacesScope:163:8 |==> -8
