1:LVR:0:POS:org.apache.xerces.utils.StringHasher@hashString(java.lang.String,int):82:0 |==> 1
2:LVR:0:NEG:org.apache.xerces.utils.StringHasher@hashString(java.lang.String,int):82:0 |==> -1
3:LVR:0:POS:org.apache.xerces.utils.StringHasher@hashString(java.lang.String,int):83:0 |==> 1
4:LVR:0:NEG:org.apache.xerces.utils.StringHasher@hashString(java.lang.String,int):83:0 |==> -1
5:ROR:<(int,int):!=(int,int):org.apache.xerces.utils.StringHasher@hashString(java.lang.String,int):83:i < strLength |==> i != strLength
6:ROR:<(int,int):<=(int,int):org.apache.xerces.utils.StringHasher@hashString(java.lang.String,int):83:i < strLength |==> i <= strLength
7:ROR:<(int,int):FALSE(int,int):org.apache.xerces.utils.StringHasher@hashString(java.lang.String,int):83:i < strLength |==> false
8:LVR:POS:0:org.apache.xerces.utils.StringHasher@hashString(java.lang.String,int):84:24 |==> 0
9:LVR:POS:NEG:org.apache.xerces.utils.StringHasher@hashString(java.lang.String,int):84:24 |==> -24
10:SOR:>>(int,int):<<(int,int):org.apache.xerces.utils.StringHasher@hashString(java.lang.String,int):84:hashcode >> 24 |==> hashcode << 24
11:SOR:>>(int,int):>>>(int,int):org.apache.xerces.utils.StringHasher@hashString(java.lang.String,int):84:hashcode >> 24 |==> hashcode >>> 24
12:LVR:POS:0:org.apache.xerces.utils.StringHasher@hashString(java.lang.String,int):85:37 |==> 0
13:LVR:POS:NEG:org.apache.xerces.utils.StringHasher@hashString(java.lang.String,int):85:37 |==> -37
14:AOR:*(int,int):%(int,int):org.apache.xerces.utils.StringHasher@hashString(java.lang.String,int):85:hashcode * 37 |==> hashcode % 37
15:AOR:*(int,int):+(int,int):org.apache.xerces.utils.StringHasher@hashString(java.lang.String,int):85:hashcode * 37 |==> hashcode + 37
16:AOR:*(int,int):-(int,int):org.apache.xerces.utils.StringHasher@hashString(java.lang.String,int):85:hashcode * 37 |==> hashcode - 37
17:AOR:*(int,int):/(int,int):org.apache.xerces.utils.StringHasher@hashString(java.lang.String,int):85:hashcode * 37 |==> hashcode / 37
18:AOR:+(int,int):%(int,int):org.apache.xerces.utils.StringHasher@hashString(java.lang.String,int):85:(hashcode * 37) + top |==> (hashcode * 37) % top
19:AOR:+(int,int):*(int,int):org.apache.xerces.utils.StringHasher@hashString(java.lang.String,int):85:(hashcode * 37) + top |==> (hashcode * 37) * top
20:AOR:+(int,int):-(int,int):org.apache.xerces.utils.StringHasher@hashString(java.lang.String,int):85:(hashcode * 37) + top |==> (hashcode * 37) - top
21:AOR:+(int,int):/(int,int):org.apache.xerces.utils.StringHasher@hashString(java.lang.String,int):85:(hashcode * 37) + top |==> (hashcode * 37) / top
22:AOR:+(int,int):%(int,int):org.apache.xerces.utils.StringHasher@hashString(java.lang.String,int):85:(hashcode * 37) + top + ((int)str.charAt(i)) |==> ((hashcode * 37) + top) % ((int)str.charAt(i))
23:AOR:+(int,int):*(int,int):org.apache.xerces.utils.StringHasher@hashString(java.lang.String,int):85:(hashcode * 37) + top + ((int)str.charAt(i)) |==> ((hashcode * 37) + top) * ((int)str.charAt(i))
24:AOR:+(int,int):-(int,int):org.apache.xerces.utils.StringHasher@hashString(java.lang.String,int):85:(hashcode * 37) + top + ((int)str.charAt(i)) |==> (hashcode * 37) + top - ((int)str.charAt(i))
25:AOR:+(int,int):/(int,int):org.apache.xerces.utils.StringHasher@hashString(java.lang.String,int):85:(hashcode * 37) + top + ((int)str.charAt(i)) |==> ((hashcode * 37) + top) / ((int)str.charAt(i))
26:STD:<ASSIGN>:<NO-OP>:org.apache.xerces.utils.StringHasher@hashString(java.lang.String,int):85:hashcode += ((hashcode * 37) + top + ((int)str.charAt(i))) |==> <NO-OP>
27:LVR:POS:0:org.apache.xerces.utils.StringHasher@hashString(java.lang.String,int):87:2147483647 |==> 0
28:LVR:POS:NEG:org.apache.xerces.utils.StringHasher@hashString(java.lang.String,int):87:2147483647 |==> -2147483647
29:LOR:&(int,int):^(int,int):org.apache.xerces.utils.StringHasher@hashString(java.lang.String,int):87:hashcode & 2147483647 |==> hashcode ^ 2147483647
30:LOR:&(int,int):|(int,int):org.apache.xerces.utils.StringHasher@hashString(java.lang.String,int):87:hashcode & 2147483647 |==> hashcode | 2147483647
31:STD:<ASSIGN>:<NO-OP>:org.apache.xerces.utils.StringHasher@hashString(java.lang.String,int):87:hashcode = (hashcode & 2147483647) |==> <NO-OP>
32:LVR:0:POS:org.apache.xerces.utils.StringHasher@hashString(java.lang.String,int):88:0 |==> 1
33:LVR:0:NEG:org.apache.xerces.utils.StringHasher@hashString(java.lang.String,int):88:0 |==> -1
34:ROR:==(int,int):<=(int,int):org.apache.xerces.utils.StringHasher@hashString(java.lang.String,int):88:hashcode == 0 |==> hashcode <= 0
35:ROR:==(int,int):>=(int,int):org.apache.xerces.utils.StringHasher@hashString(java.lang.String,int):88:hashcode == 0 |==> hashcode >= 0
36:ROR:==(int,int):FALSE(int,int):org.apache.xerces.utils.StringHasher@hashString(java.lang.String,int):88:hashcode == 0 |==> false
37:LVR:POS:0:org.apache.xerces.utils.StringHasher@hashString(java.lang.String,int):88:1 |==> 0
38:LVR:POS:NEG:org.apache.xerces.utils.StringHasher@hashString(java.lang.String,int):88:1 |==> -1
39:LVR:0:POS:org.apache.xerces.utils.StringHasher@hashChars(char[],int,int):99:0 |==> 1
40:LVR:0:NEG:org.apache.xerces.utils.StringHasher@hashChars(char[],int,int):99:0 |==> -1
41:LVR:0:POS:org.apache.xerces.utils.StringHasher@hashChars(char[],int,int):100:0 |==> 1
42:LVR:0:NEG:org.apache.xerces.utils.StringHasher@hashChars(char[],int,int):100:0 |==> -1
43:ROR:<(int,int):!=(int,int):org.apache.xerces.utils.StringHasher@hashChars(char[],int,int):100:i < length |==> i != length
44:ROR:<(int,int):<=(int,int):org.apache.xerces.utils.StringHasher@hashChars(char[],int,int):100:i < length |==> i <= length
45:ROR:<(int,int):FALSE(int,int):org.apache.xerces.utils.StringHasher@hashChars(char[],int,int):100:i < length |==> false
46:LVR:POS:0:org.apache.xerces.utils.StringHasher@hashChars(char[],int,int):101:24 |==> 0
47:LVR:POS:NEG:org.apache.xerces.utils.StringHasher@hashChars(char[],int,int):101:24 |==> -24
48:SOR:>>(int,int):<<(int,int):org.apache.xerces.utils.StringHasher@hashChars(char[],int,int):101:hashcode >> 24 |==> hashcode << 24
49:SOR:>>(int,int):>>>(int,int):org.apache.xerces.utils.StringHasher@hashChars(char[],int,int):101:hashcode >> 24 |==> hashcode >>> 24
50:LVR:POS:0:org.apache.xerces.utils.StringHasher@hashChars(char[],int,int):102:37 |==> 0
51:LVR:POS:NEG:org.apache.xerces.utils.StringHasher@hashChars(char[],int,int):102:37 |==> -37
52:AOR:*(int,int):%(int,int):org.apache.xerces.utils.StringHasher@hashChars(char[],int,int):102:hashcode * 37 |==> hashcode % 37
53:AOR:*(int,int):+(int,int):org.apache.xerces.utils.StringHasher@hashChars(char[],int,int):102:hashcode * 37 |==> hashcode + 37
54:AOR:*(int,int):-(int,int):org.apache.xerces.utils.StringHasher@hashChars(char[],int,int):102:hashcode * 37 |==> hashcode - 37
55:AOR:*(int,int):/(int,int):org.apache.xerces.utils.StringHasher@hashChars(char[],int,int):102:hashcode * 37 |==> hashcode / 37
56:AOR:+(int,int):%(int,int):org.apache.xerces.utils.StringHasher@hashChars(char[],int,int):102:(hashcode * 37) + top |==> (hashcode * 37) % top
57:AOR:+(int,int):*(int,int):org.apache.xerces.utils.StringHasher@hashChars(char[],int,int):102:(hashcode * 37) + top |==> (hashcode * 37) * top
58:AOR:+(int,int):-(int,int):org.apache.xerces.utils.StringHasher@hashChars(char[],int,int):102:(hashcode * 37) + top |==> (hashcode * 37) - top
59:AOR:+(int,int):/(int,int):org.apache.xerces.utils.StringHasher@hashChars(char[],int,int):102:(hashcode * 37) + top |==> (hashcode * 37) / top
60:LVR:POS:0:org.apache.xerces.utils.StringHasher@hashChars(char[],int,int):102:65535 |==> 0
61:LVR:POS:NEG:org.apache.xerces.utils.StringHasher@hashChars(char[],int,int):102:65535 |==> -65535
62:LOR:&(int,int):^(int,int):org.apache.xerces.utils.StringHasher@hashChars(char[],int,int):102:chars[offset++] & 65535 |==> chars[offset++] ^ 65535
63:LOR:&(int,int):|(int,int):org.apache.xerces.utils.StringHasher@hashChars(char[],int,int):102:chars[offset++] & 65535 |==> chars[offset++] | 65535
64:AOR:+(int,int):%(int,int):org.apache.xerces.utils.StringHasher@hashChars(char[],int,int):102:(hashcode * 37) + top + ((int)(chars[offset++] & 65535)) |==> ((hashcode * 37) + top) % ((int)(chars[offset++] & 65535))
65:AOR:+(int,int):*(int,int):org.apache.xerces.utils.StringHasher@hashChars(char[],int,int):102:(hashcode * 37) + top + ((int)(chars[offset++] & 65535)) |==> ((hashcode * 37) + top) * ((int)(chars[offset++] & 65535))
66:AOR:+(int,int):-(int,int):org.apache.xerces.utils.StringHasher@hashChars(char[],int,int):102:(hashcode * 37) + top + ((int)(chars[offset++] & 65535)) |==> (hashcode * 37) + top - ((int)(chars[offset++] & 65535))
67:AOR:+(int,int):/(int,int):org.apache.xerces.utils.StringHasher@hashChars(char[],int,int):102:(hashcode * 37) + top + ((int)(chars[offset++] & 65535)) |==> ((hashcode * 37) + top) / ((int)(chars[offset++] & 65535))
68:STD:<ASSIGN>:<NO-OP>:org.apache.xerces.utils.StringHasher@hashChars(char[],int,int):102:hashcode += ((hashcode * 37) + top + ((int)(chars[offset++] & 65535))) |==> <NO-OP>
69:LVR:POS:0:org.apache.xerces.utils.StringHasher@hashChars(char[],int,int):104:2147483647 |==> 0
70:LVR:POS:NEG:org.apache.xerces.utils.StringHasher@hashChars(char[],int,int):104:2147483647 |==> -2147483647
71:LOR:&(int,int):^(int,int):org.apache.xerces.utils.StringHasher@hashChars(char[],int,int):104:hashcode & 2147483647 |==> hashcode ^ 2147483647
72:LOR:&(int,int):|(int,int):org.apache.xerces.utils.StringHasher@hashChars(char[],int,int):104:hashcode & 2147483647 |==> hashcode | 2147483647
73:STD:<ASSIGN>:<NO-OP>:org.apache.xerces.utils.StringHasher@hashChars(char[],int,int):104:hashcode = (hashcode & 2147483647) |==> <NO-OP>
74:LVR:0:POS:org.apache.xerces.utils.StringHasher@hashChars(char[],int,int):105:0 |==> 1
75:LVR:0:NEG:org.apache.xerces.utils.StringHasher@hashChars(char[],int,int):105:0 |==> -1
76:ROR:==(int,int):<=(int,int):org.apache.xerces.utils.StringHasher@hashChars(char[],int,int):105:hashcode == 0 |==> hashcode <= 0
77:ROR:==(int,int):>=(int,int):org.apache.xerces.utils.StringHasher@hashChars(char[],int,int):105:hashcode == 0 |==> hashcode >= 0
78:ROR:==(int,int):FALSE(int,int):org.apache.xerces.utils.StringHasher@hashChars(char[],int,int):105:hashcode == 0 |==> false
79:LVR:POS:0:org.apache.xerces.utils.StringHasher@hashChars(char[],int,int):105:1 |==> 0
80:LVR:POS:NEG:org.apache.xerces.utils.StringHasher@hashChars(char[],int,int):105:1 |==> -1
81:LVR:POS:0:org.apache.xerces.utils.StringHasher@hashChar(int,int):118:24 |==> 0
82:LVR:POS:NEG:org.apache.xerces.utils.StringHasher@hashChar(int,int):118:24 |==> -24
83:SOR:>>(int,int):<<(int,int):org.apache.xerces.utils.StringHasher@hashChar(int,int):118:hashcode >> 24 |==> hashcode << 24
84:SOR:>>(int,int):>>>(int,int):org.apache.xerces.utils.StringHasher@hashChar(int,int):118:hashcode >> 24 |==> hashcode >>> 24
85:LVR:POS:0:org.apache.xerces.utils.StringHasher@hashChar(int,int):119:37 |==> 0
86:LVR:POS:NEG:org.apache.xerces.utils.StringHasher@hashChar(int,int):119:37 |==> -37
87:AOR:*(int,int):%(int,int):org.apache.xerces.utils.StringHasher@hashChar(int,int):119:hashcode * 37 |==> hashcode % 37
88:AOR:*(int,int):+(int,int):org.apache.xerces.utils.StringHasher@hashChar(int,int):119:hashcode * 37 |==> hashcode + 37
89:AOR:*(int,int):-(int,int):org.apache.xerces.utils.StringHasher@hashChar(int,int):119:hashcode * 37 |==> hashcode - 37
90:AOR:*(int,int):/(int,int):org.apache.xerces.utils.StringHasher@hashChar(int,int):119:hashcode * 37 |==> hashcode / 37
91:AOR:+(int,int):%(int,int):org.apache.xerces.utils.StringHasher@hashChar(int,int):119:(hashcode * 37) + top |==> (hashcode * 37) % top
92:AOR:+(int,int):*(int,int):org.apache.xerces.utils.StringHasher@hashChar(int,int):119:(hashcode * 37) + top |==> (hashcode * 37) * top
93:AOR:+(int,int):-(int,int):org.apache.xerces.utils.StringHasher@hashChar(int,int):119:(hashcode * 37) + top |==> (hashcode * 37) - top
94:AOR:+(int,int):/(int,int):org.apache.xerces.utils.StringHasher@hashChar(int,int):119:(hashcode * 37) + top |==> (hashcode * 37) / top
95:AOR:+(int,int):%(int,int):org.apache.xerces.utils.StringHasher@hashChar(int,int):119:(hashcode * 37) + top + ch |==> ((hashcode * 37) + top) % ch
96:AOR:+(int,int):*(int,int):org.apache.xerces.utils.StringHasher@hashChar(int,int):119:(hashcode * 37) + top + ch |==> ((hashcode * 37) + top) * ch
97:AOR:+(int,int):-(int,int):org.apache.xerces.utils.StringHasher@hashChar(int,int):119:(hashcode * 37) + top + ch |==> (hashcode * 37) + top - ch
98:AOR:+(int,int):/(int,int):org.apache.xerces.utils.StringHasher@hashChar(int,int):119:(hashcode * 37) + top + ch |==> ((hashcode * 37) + top) / ch
99:STD:<ASSIGN>:<NO-OP>:org.apache.xerces.utils.StringHasher@hashChar(int,int):119:hashcode += ((hashcode * 37) + top + ch) |==> <NO-OP>
100:EVR:<IDENTIFIER(int)>:<DEFAULT>:org.apache.xerces.utils.StringHasher@hashChar(int,int):120:hashcode |==> 0
101:LVR:POS:0:org.apache.xerces.utils.StringHasher@finishHash(int):130:2147483647 |==> 0
102:LVR:POS:NEG:org.apache.xerces.utils.StringHasher@finishHash(int):130:2147483647 |==> -2147483647
103:LOR:&(int,int):^(int,int):org.apache.xerces.utils.StringHasher@finishHash(int):130:hashcode & 2147483647 |==> hashcode ^ 2147483647
104:LOR:&(int,int):|(int,int):org.apache.xerces.utils.StringHasher@finishHash(int):130:hashcode & 2147483647 |==> hashcode | 2147483647
105:STD:<ASSIGN>:<NO-OP>:org.apache.xerces.utils.StringHasher@finishHash(int):130:hashcode = (hashcode & 2147483647) |==> <NO-OP>
106:LVR:0:POS:org.apache.xerces.utils.StringHasher@finishHash(int):131:0 |==> 1
107:LVR:0:NEG:org.apache.xerces.utils.StringHasher@finishHash(int):131:0 |==> -1
108:ROR:==(int,int):<=(int,int):org.apache.xerces.utils.StringHasher@finishHash(int):131:hashcode == 0 |==> hashcode <= 0
109:ROR:==(int,int):>=(int,int):org.apache.xerces.utils.StringHasher@finishHash(int):131:hashcode == 0 |==> hashcode >= 0
110:ROR:==(int,int):FALSE(int,int):org.apache.xerces.utils.StringHasher@finishHash(int):131:hashcode == 0 |==> false
111:LVR:POS:0:org.apache.xerces.utils.StringHasher@finishHash(int):131:1 |==> 0
112:LVR:POS:NEG:org.apache.xerces.utils.StringHasher@finishHash(int):131:1 |==> -1
