1:LVR:0:POS:org.apache.xerces.readers.EBCDICRecognizer@recognize(XMLEntityReaderFactory,XMLEntityHandler,XMLErrorReporter,boolean,StringPool,ChunkyByteArray,boolean,boolean):86:0 |==> 1
2:LVR:0:NEG:org.apache.xerces.readers.EBCDICRecognizer@recognize(XMLEntityReaderFactory,XMLEntityHandler,XMLErrorReporter,boolean,StringPool,ChunkyByteArray,boolean,boolean):86:0 |==> -1
3:LVR:POS:0:org.apache.xerces.readers.EBCDICRecognizer@recognize(XMLEntityReaderFactory,XMLEntityHandler,XMLErrorReporter,boolean,StringPool,ChunkyByteArray,boolean,boolean):87:1 |==> 0
4:LVR:POS:NEG:org.apache.xerces.readers.EBCDICRecognizer@recognize(XMLEntityReaderFactory,XMLEntityHandler,XMLErrorReporter,boolean,StringPool,ChunkyByteArray,boolean,boolean):87:1 |==> -1
5:LVR:POS:0:org.apache.xerces.readers.EBCDICRecognizer@recognize(XMLEntityReaderFactory,XMLEntityHandler,XMLErrorReporter,boolean,StringPool,ChunkyByteArray,boolean,boolean):88:2 |==> 0
6:LVR:POS:NEG:org.apache.xerces.readers.EBCDICRecognizer@recognize(XMLEntityReaderFactory,XMLEntityHandler,XMLErrorReporter,boolean,StringPool,ChunkyByteArray,boolean,boolean):88:2 |==> -2
7:LVR:POS:0:org.apache.xerces.readers.EBCDICRecognizer@recognize(XMLEntityReaderFactory,XMLEntityHandler,XMLErrorReporter,boolean,StringPool,ChunkyByteArray,boolean,boolean):89:3 |==> 0
8:LVR:POS:NEG:org.apache.xerces.readers.EBCDICRecognizer@recognize(XMLEntityReaderFactory,XMLEntityHandler,XMLErrorReporter,boolean,StringPool,ChunkyByteArray,boolean,boolean):89:3 |==> -3
9:LVR:FALSE:TRUE:org.apache.xerces.readers.EBCDICRecognizer@recognize(XMLEntityReaderFactory,XMLEntityHandler,XMLErrorReporter,boolean,StringPool,ChunkyByteArray,boolean,boolean):90:false |==> true
10:LVR:POS:0:org.apache.xerces.readers.EBCDICRecognizer@recognize(XMLEntityReaderFactory,XMLEntityHandler,XMLErrorReporter,boolean,StringPool,ChunkyByteArray,boolean,boolean):92:76 |==> 0
11:LVR:POS:NEG:org.apache.xerces.readers.EBCDICRecognizer@recognize(XMLEntityReaderFactory,XMLEntityHandler,XMLErrorReporter,boolean,StringPool,ChunkyByteArray,boolean,boolean):92:76 |==> -76
12:ROR:!=(int,int):<(int,int):org.apache.xerces.readers.EBCDICRecognizer@recognize(XMLEntityReaderFactory,XMLEntityHandler,XMLErrorReporter,boolean,StringPool,ChunkyByteArray,boolean,boolean):92:b0 != 76 |==> b0 < 76
13:ROR:!=(int,int):>(int,int):org.apache.xerces.readers.EBCDICRecognizer@recognize(XMLEntityReaderFactory,XMLEntityHandler,XMLErrorReporter,boolean,StringPool,ChunkyByteArray,boolean,boolean):92:b0 != 76 |==> b0 > 76
14:ROR:!=(int,int):TRUE(int,int):org.apache.xerces.readers.EBCDICRecognizer@recognize(XMLEntityReaderFactory,XMLEntityHandler,XMLErrorReporter,boolean,StringPool,ChunkyByteArray,boolean,boolean):92:b0 != 76 |==> true
15:LVR:POS:0:org.apache.xerces.readers.EBCDICRecognizer@recognize(XMLEntityReaderFactory,XMLEntityHandler,XMLErrorReporter,boolean,StringPool,ChunkyByteArray,boolean,boolean):92:111 |==> 0
16:LVR:POS:NEG:org.apache.xerces.readers.EBCDICRecognizer@recognize(XMLEntityReaderFactory,XMLEntityHandler,XMLErrorReporter,boolean,StringPool,ChunkyByteArray,boolean,boolean):92:111 |==> -111
17:ROR:!=(int,int):<(int,int):org.apache.xerces.readers.EBCDICRecognizer@recognize(XMLEntityReaderFactory,XMLEntityHandler,XMLErrorReporter,boolean,StringPool,ChunkyByteArray,boolean,boolean):92:b1 != 111 |==> b1 < 111
18:ROR:!=(int,int):>(int,int):org.apache.xerces.readers.EBCDICRecognizer@recognize(XMLEntityReaderFactory,XMLEntityHandler,XMLErrorReporter,boolean,StringPool,ChunkyByteArray,boolean,boolean):92:b1 != 111 |==> b1 > 111
19:ROR:!=(int,int):TRUE(int,int):org.apache.xerces.readers.EBCDICRecognizer@recognize(XMLEntityReaderFactory,XMLEntityHandler,XMLErrorReporter,boolean,StringPool,ChunkyByteArray,boolean,boolean):92:b1 != 111 |==> true
20:COR:||(boolean,boolean):!=(boolean,boolean):org.apache.xerces.readers.EBCDICRecognizer@recognize(XMLEntityReaderFactory,XMLEntityHandler,XMLErrorReporter,boolean,StringPool,ChunkyByteArray,boolean,boolean):92:b0 != 76 || b1 != 111 |==> b0 != 76 != (b1 != 111)
21:COR:||(boolean,boolean):LHS(boolean,boolean):org.apache.xerces.readers.EBCDICRecognizer@recognize(XMLEntityReaderFactory,XMLEntityHandler,XMLErrorReporter,boolean,StringPool,ChunkyByteArray,boolean,boolean):92:b0 != 76 || b1 != 111 |==> b0 != 76
22:COR:||(boolean,boolean):RHS(boolean,boolean):org.apache.xerces.readers.EBCDICRecognizer@recognize(XMLEntityReaderFactory,XMLEntityHandler,XMLErrorReporter,boolean,StringPool,ChunkyByteArray,boolean,boolean):92:b0 != 76 || b1 != 111 |==> b1 != 111
23:COR:||(boolean,boolean):TRUE(boolean,boolean):org.apache.xerces.readers.EBCDICRecognizer@recognize(XMLEntityReaderFactory,XMLEntityHandler,XMLErrorReporter,boolean,StringPool,ChunkyByteArray,boolean,boolean):92:b0 != 76 || b1 != 111 |==> true
24:LVR:POS:0:org.apache.xerces.readers.EBCDICRecognizer@recognize(XMLEntityReaderFactory,XMLEntityHandler,XMLErrorReporter,boolean,StringPool,ChunkyByteArray,boolean,boolean):92:167 |==> 0
25:LVR:POS:NEG:org.apache.xerces.readers.EBCDICRecognizer@recognize(XMLEntityReaderFactory,XMLEntityHandler,XMLErrorReporter,boolean,StringPool,ChunkyByteArray,boolean,boolean):92:167 |==> -167
26:ROR:!=(int,int):<(int,int):org.apache.xerces.readers.EBCDICRecognizer@recognize(XMLEntityReaderFactory,XMLEntityHandler,XMLErrorReporter,boolean,StringPool,ChunkyByteArray,boolean,boolean):92:b2 != (byte)167 |==> b2 < (byte)167
27:ROR:!=(int,int):>(int,int):org.apache.xerces.readers.EBCDICRecognizer@recognize(XMLEntityReaderFactory,XMLEntityHandler,XMLErrorReporter,boolean,StringPool,ChunkyByteArray,boolean,boolean):92:b2 != (byte)167 |==> b2 > (byte)167
28:ROR:!=(int,int):TRUE(int,int):org.apache.xerces.readers.EBCDICRecognizer@recognize(XMLEntityReaderFactory,XMLEntityHandler,XMLErrorReporter,boolean,StringPool,ChunkyByteArray,boolean,boolean):92:b2 != (byte)167 |==> true
29:COR:||(boolean,boolean):!=(boolean,boolean):org.apache.xerces.readers.EBCDICRecognizer@recognize(XMLEntityReaderFactory,XMLEntityHandler,XMLErrorReporter,boolean,StringPool,ChunkyByteArray,boolean,boolean):92:b0 != 76 || b1 != 111 || b2 != (byte)167 |==> (b0 != 76 || b1 != 111) != (b2 != (byte)167)
30:COR:||(boolean,boolean):LHS(boolean,boolean):org.apache.xerces.readers.EBCDICRecognizer@recognize(XMLEntityReaderFactory,XMLEntityHandler,XMLErrorReporter,boolean,StringPool,ChunkyByteArray,boolean,boolean):92:b0 != 76 || b1 != 111 || b2 != (byte)167 |==> b0 != 76 || b1 != 111
31:COR:||(boolean,boolean):RHS(boolean,boolean):org.apache.xerces.readers.EBCDICRecognizer@recognize(XMLEntityReaderFactory,XMLEntityHandler,XMLErrorReporter,boolean,StringPool,ChunkyByteArray,boolean,boolean):92:b0 != 76 || b1 != 111 || b2 != (byte)167 |==> b2 != (byte)167
32:COR:||(boolean,boolean):TRUE(boolean,boolean):org.apache.xerces.readers.EBCDICRecognizer@recognize(XMLEntityReaderFactory,XMLEntityHandler,XMLErrorReporter,boolean,StringPool,ChunkyByteArray,boolean,boolean):92:b0 != 76 || b1 != 111 || b2 != (byte)167 |==> true
33:LVR:POS:0:org.apache.xerces.readers.EBCDICRecognizer@recognize(XMLEntityReaderFactory,XMLEntityHandler,XMLErrorReporter,boolean,StringPool,ChunkyByteArray,boolean,boolean):92:148 |==> 0
34:LVR:POS:NEG:org.apache.xerces.readers.EBCDICRecognizer@recognize(XMLEntityReaderFactory,XMLEntityHandler,XMLErrorReporter,boolean,StringPool,ChunkyByteArray,boolean,boolean):92:148 |==> -148
35:ROR:!=(int,int):<(int,int):org.apache.xerces.readers.EBCDICRecognizer@recognize(XMLEntityReaderFactory,XMLEntityHandler,XMLErrorReporter,boolean,StringPool,ChunkyByteArray,boolean,boolean):92:b3 != (byte)148 |==> b3 < (byte)148
36:ROR:!=(int,int):>(int,int):org.apache.xerces.readers.EBCDICRecognizer@recognize(XMLEntityReaderFactory,XMLEntityHandler,XMLErrorReporter,boolean,StringPool,ChunkyByteArray,boolean,boolean):92:b3 != (byte)148 |==> b3 > (byte)148
37:ROR:!=(int,int):TRUE(int,int):org.apache.xerces.readers.EBCDICRecognizer@recognize(XMLEntityReaderFactory,XMLEntityHandler,XMLErrorReporter,boolean,StringPool,ChunkyByteArray,boolean,boolean):92:b3 != (byte)148 |==> true
38:COR:||(boolean,boolean):!=(boolean,boolean):org.apache.xerces.readers.EBCDICRecognizer@recognize(XMLEntityReaderFactory,XMLEntityHandler,XMLErrorReporter,boolean,StringPool,ChunkyByteArray,boolean,boolean):92:b0 != 76 || b1 != 111 || b2 != (byte)167 || b3 != (byte)148 |==> (b0 != 76 || b1 != 111 || b2 != (byte)167) != (b3 != (byte)148)
39:COR:||(boolean,boolean):LHS(boolean,boolean):org.apache.xerces.readers.EBCDICRecognizer@recognize(XMLEntityReaderFactory,XMLEntityHandler,XMLErrorReporter,boolean,StringPool,ChunkyByteArray,boolean,boolean):92:b0 != 76 || b1 != 111 || b2 != (byte)167 || b3 != (byte)148 |==> b0 != 76 || b1 != 111 || b2 != (byte)167
40:COR:||(boolean,boolean):RHS(boolean,boolean):org.apache.xerces.readers.EBCDICRecognizer@recognize(XMLEntityReaderFactory,XMLEntityHandler,XMLErrorReporter,boolean,StringPool,ChunkyByteArray,boolean,boolean):92:b0 != 76 || b1 != 111 || b2 != (byte)167 || b3 != (byte)148 |==> b3 != (byte)148
41:COR:||(boolean,boolean):TRUE(boolean,boolean):org.apache.xerces.readers.EBCDICRecognizer@recognize(XMLEntityReaderFactory,XMLEntityHandler,XMLErrorReporter,boolean,StringPool,ChunkyByteArray,boolean,boolean):92:b0 != 76 || b1 != 111 || b2 != (byte)167 || b3 != (byte)148 |==> true
