1:LVR:0:POS:bsh.ASCII_UCodeESC_CharStream@hexval(char):16:0 |==> 1
2:LVR:0:NEG:bsh.ASCII_UCodeESC_CharStream@hexval(char):16:0 |==> -1
3:STD:<RETURN>:<NO-OP>:bsh.ASCII_UCodeESC_CharStream@hexval(char):16:return Config.__M_NO == 0 && Config.COVERED(1, 2) ? 0 : Config.__M_NO == 2 ? -1 : Config.__M_NO == 1 ? 1 : 0; |==> <NO-OP>
4:LVR:POS:0:bsh.ASCII_UCodeESC_CharStream@hexval(char):18:1 |==> 0
5:LVR:POS:NEG:bsh.ASCII_UCodeESC_CharStream@hexval(char):18:1 |==> -1
6:STD:<RETURN>:<NO-OP>:bsh.ASCII_UCodeESC_CharStream@hexval(char):18:return Config.__M_NO == 0 && Config.COVERED(4, 5) ? 1 : Config.__M_NO == 5 ? -1 : Config.__M_NO == 4 ? 0 : 1; |==> <NO-OP>
7:LVR:POS:0:bsh.ASCII_UCodeESC_CharStream@hexval(char):20:2 |==> 0
8:LVR:POS:NEG:bsh.ASCII_UCodeESC_CharStream@hexval(char):20:2 |==> -2
9:STD:<RETURN>:<NO-OP>:bsh.ASCII_UCodeESC_CharStream@hexval(char):20:return Config.__M_NO == 0 && Config.COVERED(7, 8) ? 2 : Config.__M_NO == 8 ? -2 : Config.__M_NO == 7 ? 0 : 2; |==> <NO-OP>
10:LVR:POS:0:bsh.ASCII_UCodeESC_CharStream@hexval(char):22:3 |==> 0
11:LVR:POS:NEG:bsh.ASCII_UCodeESC_CharStream@hexval(char):22:3 |==> -3
12:STD:<RETURN>:<NO-OP>:bsh.ASCII_UCodeESC_CharStream@hexval(char):22:return Config.__M_NO == 0 && Config.COVERED(10, 11) ? 3 : Config.__M_NO == 11 ? -3 : Config.__M_NO == 10 ? 0 : 3; |==> <NO-OP>
13:LVR:POS:0:bsh.ASCII_UCodeESC_CharStream@hexval(char):24:4 |==> 0
14:LVR:POS:NEG:bsh.ASCII_UCodeESC_CharStream@hexval(char):24:4 |==> -4
15:STD:<RETURN>:<NO-OP>:bsh.ASCII_UCodeESC_CharStream@hexval(char):24:return Config.__M_NO == 0 && Config.COVERED(13, 14) ? 4 : Config.__M_NO == 14 ? -4 : Config.__M_NO == 13 ? 0 : 4; |==> <NO-OP>
16:LVR:POS:0:bsh.ASCII_UCodeESC_CharStream@hexval(char):26:5 |==> 0
17:LVR:POS:NEG:bsh.ASCII_UCodeESC_CharStream@hexval(char):26:5 |==> -5
18:STD:<RETURN>:<NO-OP>:bsh.ASCII_UCodeESC_CharStream@hexval(char):26:return Config.__M_NO == 0 && Config.COVERED(16, 17) ? 5 : Config.__M_NO == 17 ? -5 : Config.__M_NO == 16 ? 0 : 5; |==> <NO-OP>
19:LVR:POS:0:bsh.ASCII_UCodeESC_CharStream@hexval(char):28:6 |==> 0
20:LVR:POS:NEG:bsh.ASCII_UCodeESC_CharStream@hexval(char):28:6 |==> -6
21:STD:<RETURN>:<NO-OP>:bsh.ASCII_UCodeESC_CharStream@hexval(char):28:return Config.__M_NO == 0 && Config.COVERED(19, 20) ? 6 : Config.__M_NO == 20 ? -6 : Config.__M_NO == 19 ? 0 : 6; |==> <NO-OP>
22:LVR:POS:0:bsh.ASCII_UCodeESC_CharStream@hexval(char):30:7 |==> 0
23:LVR:POS:NEG:bsh.ASCII_UCodeESC_CharStream@hexval(char):30:7 |==> -7
24:STD:<RETURN>:<NO-OP>:bsh.ASCII_UCodeESC_CharStream@hexval(char):30:return Config.__M_NO == 0 && Config.COVERED(22, 23) ? 7 : Config.__M_NO == 23 ? -7 : Config.__M_NO == 22 ? 0 : 7; |==> <NO-OP>
25:LVR:POS:0:bsh.ASCII_UCodeESC_CharStream@hexval(char):32:8 |==> 0
26:LVR:POS:NEG:bsh.ASCII_UCodeESC_CharStream@hexval(char):32:8 |==> -8
27:STD:<RETURN>:<NO-OP>:bsh.ASCII_UCodeESC_CharStream@hexval(char):32:return Config.__M_NO == 0 && Config.COVERED(25, 26) ? 8 : Config.__M_NO == 26 ? -8 : Config.__M_NO == 25 ? 0 : 8; |==> <NO-OP>
28:LVR:POS:0:bsh.ASCII_UCodeESC_CharStream@hexval(char):34:9 |==> 0
29:LVR:POS:NEG:bsh.ASCII_UCodeESC_CharStream@hexval(char):34:9 |==> -9
30:STD:<RETURN>:<NO-OP>:bsh.ASCII_UCodeESC_CharStream@hexval(char):34:return Config.__M_NO == 0 && Config.COVERED(28, 29) ? 9 : Config.__M_NO == 29 ? -9 : Config.__M_NO == 28 ? 0 : 9; |==> <NO-OP>
31:LVR:POS:0:bsh.ASCII_UCodeESC_CharStream@hexval(char):38:10 |==> 0
32:LVR:POS:NEG:bsh.ASCII_UCodeESC_CharStream@hexval(char):38:10 |==> -10
33:STD:<RETURN>:<NO-OP>:bsh.ASCII_UCodeESC_CharStream@hexval(char):38:return Config.__M_NO == 0 && Config.COVERED(31, 32) ? 10 : Config.__M_NO == 32 ? -10 : Config.__M_NO == 31 ? 0 : 10; |==> <NO-OP>
34:LVR:POS:0:bsh.ASCII_UCodeESC_CharStream@hexval(char):41:11 |==> 0
35:LVR:POS:NEG:bsh.ASCII_UCodeESC_CharStream@hexval(char):41:11 |==> -11
36:STD:<RETURN>:<NO-OP>:bsh.ASCII_UCodeESC_CharStream@hexval(char):41:return Config.__M_NO == 0 && Config.COVERED(34, 35) ? 11 : Config.__M_NO == 35 ? -11 : Config.__M_NO == 34 ? 0 : 11; |==> <NO-OP>
37:LVR:POS:0:bsh.ASCII_UCodeESC_CharStream@hexval(char):44:12 |==> 0
38:LVR:POS:NEG:bsh.ASCII_UCodeESC_CharStream@hexval(char):44:12 |==> -12
39:STD:<RETURN>:<NO-OP>:bsh.ASCII_UCodeESC_CharStream@hexval(char):44:return Config.__M_NO == 0 && Config.COVERED(37, 38) ? 12 : Config.__M_NO == 38 ? -12 : Config.__M_NO == 37 ? 0 : 12; |==> <NO-OP>
40:LVR:POS:0:bsh.ASCII_UCodeESC_CharStream@hexval(char):47:13 |==> 0
41:LVR:POS:NEG:bsh.ASCII_UCodeESC_CharStream@hexval(char):47:13 |==> -13
42:STD:<RETURN>:<NO-OP>:bsh.ASCII_UCodeESC_CharStream@hexval(char):47:return Config.__M_NO == 0 && Config.COVERED(40, 41) ? 13 : Config.__M_NO == 41 ? -13 : Config.__M_NO == 40 ? 0 : 13; |==> <NO-OP>
43:LVR:POS:0:bsh.ASCII_UCodeESC_CharStream@hexval(char):50:14 |==> 0
44:LVR:POS:NEG:bsh.ASCII_UCodeESC_CharStream@hexval(char):50:14 |==> -14
45:STD:<RETURN>:<NO-OP>:bsh.ASCII_UCodeESC_CharStream@hexval(char):50:return Config.__M_NO == 0 && Config.COVERED(43, 44) ? 14 : Config.__M_NO == 44 ? -14 : Config.__M_NO == 43 ? 0 : 14; |==> <NO-OP>
46:LVR:POS:0:bsh.ASCII_UCodeESC_CharStream@hexval(char):53:15 |==> 0
47:LVR:POS:NEG:bsh.ASCII_UCodeESC_CharStream@hexval(char):53:15 |==> -15
48:STD:<RETURN>:<NO-OP>:bsh.ASCII_UCodeESC_CharStream@hexval(char):53:return Config.__M_NO == 0 && Config.COVERED(46, 47) ? 15 : Config.__M_NO == 47 ? -15 : Config.__M_NO == 46 ? 0 : 15; |==> <NO-OP>
49:LVR:NEG:0:bsh.ASCII_UCodeESC_CharStream:59:-1 |==> 0
50:LVR:NEG:POS:bsh.ASCII_UCodeESC_CharStream:59:-1 |==> 1
51:LVR:0:POS:bsh.ASCII_UCodeESC_CharStream:66:0 |==> 1
52:LVR:0:NEG:bsh.ASCII_UCodeESC_CharStream:66:0 |==> -1
53:LVR:POS:0:bsh.ASCII_UCodeESC_CharStream:67:1 |==> 0
54:LVR:POS:NEG:bsh.ASCII_UCodeESC_CharStream:67:1 |==> -1
55:LVR:FALSE:TRUE:bsh.ASCII_UCodeESC_CharStream:71:false |==> true
56:LVR:FALSE:TRUE:bsh.ASCII_UCodeESC_CharStream:72:false |==> true
57:LVR:0:POS:bsh.ASCII_UCodeESC_CharStream:76:0 |==> 1
58:LVR:0:NEG:bsh.ASCII_UCodeESC_CharStream:76:0 |==> -1
59:LVR:NEG:0:bsh.ASCII_UCodeESC_CharStream:77:-1 |==> 0
60:LVR:NEG:POS:bsh.ASCII_UCodeESC_CharStream:77:-1 |==> 1
61:LVR:0:POS:bsh.ASCII_UCodeESC_CharStream:78:0 |==> 1
62:LVR:0:NEG:bsh.ASCII_UCodeESC_CharStream:78:0 |==> -1
63:LVR:POS:0:bsh.ASCII_UCodeESC_CharStream@ExpandBuff(boolean):82:2048 |==> 0
64:LVR:POS:NEG:bsh.ASCII_UCodeESC_CharStream@ExpandBuff(boolean):82:2048 |==> -2048
65:AOR:+(int,int):%(int,int):bsh.ASCII_UCodeESC_CharStream@ExpandBuff(boolean):82:bufsize + 2048 |==> bufsize % 2048
66:AOR:+(int,int):*(int,int):bsh.ASCII_UCodeESC_CharStream@ExpandBuff(boolean):82:bufsize + 2048 |==> bufsize * 2048
67:AOR:+(int,int):-(int,int):bsh.ASCII_UCodeESC_CharStream@ExpandBuff(boolean):82:bufsize + 2048 |==> bufsize - 2048
68:AOR:+(int,int):/(int,int):bsh.ASCII_UCodeESC_CharStream@ExpandBuff(boolean):82:bufsize + 2048 |==> bufsize / 2048
69:LVR:POS:0:bsh.ASCII_UCodeESC_CharStream@ExpandBuff(boolean):83:2048 |==> 0
70:LVR:POS:NEG:bsh.ASCII_UCodeESC_CharStream@ExpandBuff(boolean):83:2048 |==> -2048
71:AOR:+(int,int):%(int,int):bsh.ASCII_UCodeESC_CharStream@ExpandBuff(boolean):83:bufsize + 2048 |==> bufsize % 2048
72:AOR:+(int,int):*(int,int):bsh.ASCII_UCodeESC_CharStream@ExpandBuff(boolean):83:bufsize + 2048 |==> bufsize * 2048
73:AOR:+(int,int):-(int,int):bsh.ASCII_UCodeESC_CharStream@ExpandBuff(boolean):83:bufsize + 2048 |==> bufsize - 2048
74:AOR:+(int,int):/(int,int):bsh.ASCII_UCodeESC_CharStream@ExpandBuff(boolean):83:bufsize + 2048 |==> bufsize / 2048
75:LVR:POS:0:bsh.ASCII_UCodeESC_CharStream@ExpandBuff(boolean):84:2048 |==> 0
76:LVR:POS:NEG:bsh.ASCII_UCodeESC_CharStream@ExpandBuff(boolean):84:2048 |==> -2048
77:AOR:+(int,int):%(int,int):bsh.ASCII_UCodeESC_CharStream@ExpandBuff(boolean):84:bufsize + 2048 |==> bufsize % 2048
78:AOR:+(int,int):*(int,int):bsh.ASCII_UCodeESC_CharStream@ExpandBuff(boolean):84:bufsize + 2048 |==> bufsize * 2048
79:AOR:+(int,int):-(int,int):bsh.ASCII_UCodeESC_CharStream@ExpandBuff(boolean):84:bufsize + 2048 |==> bufsize - 2048
80:AOR:+(int,int):/(int,int):bsh.ASCII_UCodeESC_CharStream@ExpandBuff(boolean):84:bufsize + 2048 |==> bufsize / 2048
81:COR:wrapAround:TRUE:bsh.ASCII_UCodeESC_CharStream@ExpandBuff(boolean):88:wrapAround |==> false
82:COR:wrapAround:FALSE:bsh.ASCII_UCodeESC_CharStream@ExpandBuff(boolean):88:wrapAround |==> true
83:LVR:0:POS:bsh.ASCII_UCodeESC_CharStream@ExpandBuff(boolean):90:0 |==> 1
84:LVR:0:NEG:bsh.ASCII_UCodeESC_CharStream@ExpandBuff(boolean):90:0 |==> -1
85:AOR:-(int,int):%(int,int):bsh.ASCII_UCodeESC_CharStream@ExpandBuff(boolean):90:bufsize - tokenBegin |==> bufsize % tokenBegin
86:AOR:-(int,int):*(int,int):bsh.ASCII_UCodeESC_CharStream@ExpandBuff(boolean):90:bufsize - tokenBegin |==> bufsize * tokenBegin
87:AOR:-(int,int):+(int,int):bsh.ASCII_UCodeESC_CharStream@ExpandBuff(boolean):90:bufsize - tokenBegin |==> bufsize + tokenBegin
88:AOR:-(int,int):/(int,int):bsh.ASCII_UCodeESC_CharStream@ExpandBuff(boolean):90:bufsize - tokenBegin |==> bufsize / tokenBegin
89:STD:<CALL>:<NO-OP>:bsh.ASCII_UCodeESC_CharStream@ExpandBuff(boolean):90:System.arraycopy(buffer, tokenBegin, newbuffer, 0, bufsize - tokenBegin) |==> <NO-OP>
90:LVR:0:POS:bsh.ASCII_UCodeESC_CharStream@ExpandBuff(boolean):91:0 |==> 1
91:LVR:0:NEG:bsh.ASCII_UCodeESC_CharStream@ExpandBuff(boolean):91:0 |==> -1
92:AOR:-(int,int):%(int,int):bsh.ASCII_UCodeESC_CharStream@ExpandBuff(boolean):92:bufsize - tokenBegin |==> bufsize % tokenBegin
93:AOR:-(int,int):*(int,int):bsh.ASCII_UCodeESC_CharStream@ExpandBuff(boolean):92:bufsize - tokenBegin |==> bufsize * tokenBegin
94:AOR:-(int,int):+(int,int):bsh.ASCII_UCodeESC_CharStream@ExpandBuff(boolean):92:bufsize - tokenBegin |==> bufsize + tokenBegin
95:AOR:-(int,int):/(int,int):bsh.ASCII_UCodeESC_CharStream@ExpandBuff(boolean):92:bufsize - tokenBegin |==> bufsize / tokenBegin
96:STD:<CALL>:<NO-OP>:bsh.ASCII_UCodeESC_CharStream@ExpandBuff(boolean):91:System.arraycopy(buffer, 0, newbuffer, bufsize - tokenBegin, bufpos) |==> <NO-OP>
97:STD:<ASSIGN>:<NO-OP>:bsh.ASCII_UCodeESC_CharStream@ExpandBuff(boolean):93:buffer = newbuffer |==> <NO-OP>
98:LVR:0:POS:bsh.ASCII_UCodeESC_CharStream@ExpandBuff(boolean):95:0 |==> 1
99:LVR:0:NEG:bsh.ASCII_UCodeESC_CharStream@ExpandBuff(boolean):95:0 |==> -1
100:AOR:-(int,int):%(int,int):bsh.ASCII_UCodeESC_CharStream@ExpandBuff(boolean):95:bufsize - tokenBegin |==> bufsize % tokenBegin
101:AOR:-(int,int):*(int,int):bsh.ASCII_UCodeESC_CharStream@ExpandBuff(boolean):95:bufsize - tokenBegin |==> bufsize * tokenBegin
102:AOR:-(int,int):+(int,int):bsh.ASCII_UCodeESC_CharStream@ExpandBuff(boolean):95:bufsize - tokenBegin |==> bufsize + tokenBegin
103:AOR:-(int,int):/(int,int):bsh.ASCII_UCodeESC_CharStream@ExpandBuff(boolean):95:bufsize - tokenBegin |==> bufsize / tokenBegin
104:STD:<CALL>:<NO-OP>:bsh.ASCII_UCodeESC_CharStream@ExpandBuff(boolean):95:System.arraycopy(bufline, tokenBegin, newbufline, 0, bufsize - tokenBegin) |==> <NO-OP>
105:LVR:0:POS:bsh.ASCII_UCodeESC_CharStream@ExpandBuff(boolean):96:0 |==> 1
106:LVR:0:NEG:bsh.ASCII_UCodeESC_CharStream@ExpandBuff(boolean):96:0 |==> -1
107:AOR:-(int,int):%(int,int):bsh.ASCII_UCodeESC_CharStream@ExpandBuff(boolean):96:bufsize - tokenBegin |==> bufsize % tokenBegin
108:AOR:-(int,int):*(int,int):bsh.ASCII_UCodeESC_CharStream@ExpandBuff(boolean):96:bufsize - tokenBegin |==> bufsize * tokenBegin
109:AOR:-(int,int):+(int,int):bsh.ASCII_UCodeESC_CharStream@ExpandBuff(boolean):96:bufsize - tokenBegin |==> bufsize + tokenBegin
110:AOR:-(int,int):/(int,int):bsh.ASCII_UCodeESC_CharStream@ExpandBuff(boolean):96:bufsize - tokenBegin |==> bufsize / tokenBegin
111:STD:<CALL>:<NO-OP>:bsh.ASCII_UCodeESC_CharStream@ExpandBuff(boolean):96:System.arraycopy(bufline, 0, newbufline, bufsize - tokenBegin, bufpos) |==> <NO-OP>
112:STD:<ASSIGN>:<NO-OP>:bsh.ASCII_UCodeESC_CharStream@ExpandBuff(boolean):97:bufline = newbufline |==> <NO-OP>
113:LVR:0:POS:bsh.ASCII_UCodeESC_CharStream@ExpandBuff(boolean):99:0 |==> 1
114:LVR:0:NEG:bsh.ASCII_UCodeESC_CharStream@ExpandBuff(boolean):99:0 |==> -1
115:AOR:-(int,int):%(int,int):bsh.ASCII_UCodeESC_CharStream@ExpandBuff(boolean):99:bufsize - tokenBegin |==> bufsize % tokenBegin
116:AOR:-(int,int):*(int,int):bsh.ASCII_UCodeESC_CharStream@ExpandBuff(boolean):99:bufsize - tokenBegin |==> bufsize * tokenBegin
117:AOR:-(int,int):+(int,int):bsh.ASCII_UCodeESC_CharStream@ExpandBuff(boolean):99:bufsize - tokenBegin |==> bufsize + tokenBegin
118:AOR:-(int,int):/(int,int):bsh.ASCII_UCodeESC_CharStream@ExpandBuff(boolean):99:bufsize - tokenBegin |==> bufsize / tokenBegin
119:STD:<CALL>:<NO-OP>:bsh.ASCII_UCodeESC_CharStream@ExpandBuff(boolean):99:System.arraycopy(bufcolumn, tokenBegin, newbufcolumn, 0, bufsize - tokenBegin) |==> <NO-OP>
120:LVR:0:POS:bsh.ASCII_UCodeESC_CharStream@ExpandBuff(boolean):100:0 |==> 1
121:LVR:0:NEG:bsh.ASCII_UCodeESC_CharStream@ExpandBuff(boolean):100:0 |==> -1
122:AOR:-(int,int):%(int,int):bsh.ASCII_UCodeESC_CharStream@ExpandBuff(boolean):100:bufsize - tokenBegin |==> bufsize % tokenBegin
123:AOR:-(int,int):*(int,int):bsh.ASCII_UCodeESC_CharStream@ExpandBuff(boolean):100:bufsize - tokenBegin |==> bufsize * tokenBegin
124:AOR:-(int,int):+(int,int):bsh.ASCII_UCodeESC_CharStream@ExpandBuff(boolean):100:bufsize - tokenBegin |==> bufsize + tokenBegin
125:AOR:-(int,int):/(int,int):bsh.ASCII_UCodeESC_CharStream@ExpandBuff(boolean):100:bufsize - tokenBegin |==> bufsize / tokenBegin
126:STD:<CALL>:<NO-OP>:bsh.ASCII_UCodeESC_CharStream@ExpandBuff(boolean):100:System.arraycopy(bufcolumn, 0, newbufcolumn, bufsize - tokenBegin, bufpos) |==> <NO-OP>
127:STD:<ASSIGN>:<NO-OP>:bsh.ASCII_UCodeESC_CharStream@ExpandBuff(boolean):101:bufcolumn = newbufcolumn |==> <NO-OP>
128:AOR:-(int,int):%(int,int):bsh.ASCII_UCodeESC_CharStream@ExpandBuff(boolean):103:bufsize - tokenBegin |==> bufsize % tokenBegin
129:AOR:-(int,int):*(int,int):bsh.ASCII_UCodeESC_CharStream@ExpandBuff(boolean):103:bufsize - tokenBegin |==> bufsize * tokenBegin
130:AOR:-(int,int):+(int,int):bsh.ASCII_UCodeESC_CharStream@ExpandBuff(boolean):103:bufsize - tokenBegin |==> bufsize + tokenBegin
131:AOR:-(int,int):/(int,int):bsh.ASCII_UCodeESC_CharStream@ExpandBuff(boolean):103:bufsize - tokenBegin |==> bufsize / tokenBegin
132:STD:<ASSIGN>:<NO-OP>:bsh.ASCII_UCodeESC_CharStream@ExpandBuff(boolean):103:bufpos += (bufsize - tokenBegin) |==> <NO-OP>
133:LVR:0:POS:bsh.ASCII_UCodeESC_CharStream@ExpandBuff(boolean):107:0 |==> 1
134:LVR:0:NEG:bsh.ASCII_UCodeESC_CharStream@ExpandBuff(boolean):107:0 |==> -1
135:AOR:-(int,int):%(int,int):bsh.ASCII_UCodeESC_CharStream@ExpandBuff(boolean):107:bufsize - tokenBegin |==> bufsize % tokenBegin
136:AOR:-(int,int):*(int,int):bsh.ASCII_UCodeESC_CharStream@ExpandBuff(boolean):107:bufsize - tokenBegin |==> bufsize * tokenBegin
137:AOR:-(int,int):+(int,int):bsh.ASCII_UCodeESC_CharStream@ExpandBuff(boolean):107:bufsize - tokenBegin |==> bufsize + tokenBegin
138:AOR:-(int,int):/(int,int):bsh.ASCII_UCodeESC_CharStream@ExpandBuff(boolean):107:bufsize - tokenBegin |==> bufsize / tokenBegin
139:STD:<CALL>:<NO-OP>:bsh.ASCII_UCodeESC_CharStream@ExpandBuff(boolean):107:System.arraycopy(buffer, tokenBegin, newbuffer, 0, bufsize - tokenBegin) |==> <NO-OP>
140:STD:<ASSIGN>:<NO-OP>:bsh.ASCII_UCodeESC_CharStream@ExpandBuff(boolean):108:buffer = newbuffer |==> <NO-OP>
141:LVR:0:POS:bsh.ASCII_UCodeESC_CharStream@ExpandBuff(boolean):110:0 |==> 1
142:LVR:0:NEG:bsh.ASCII_UCodeESC_CharStream@ExpandBuff(boolean):110:0 |==> -1
143:AOR:-(int,int):%(int,int):bsh.ASCII_UCodeESC_CharStream@ExpandBuff(boolean):110:bufsize - tokenBegin |==> bufsize % tokenBegin
144:AOR:-(int,int):*(int,int):bsh.ASCII_UCodeESC_CharStream@ExpandBuff(boolean):110:bufsize - tokenBegin |==> bufsize * tokenBegin
145:AOR:-(int,int):+(int,int):bsh.ASCII_UCodeESC_CharStream@ExpandBuff(boolean):110:bufsize - tokenBegin |==> bufsize + tokenBegin
146:AOR:-(int,int):/(int,int):bsh.ASCII_UCodeESC_CharStream@ExpandBuff(boolean):110:bufsize - tokenBegin |==> bufsize / tokenBegin
147:STD:<CALL>:<NO-OP>:bsh.ASCII_UCodeESC_CharStream@ExpandBuff(boolean):110:System.arraycopy(bufline, tokenBegin, newbufline, 0, bufsize - tokenBegin) |==> <NO-OP>
148:STD:<ASSIGN>:<NO-OP>:bsh.ASCII_UCodeESC_CharStream@ExpandBuff(boolean):111:bufline = newbufline |==> <NO-OP>
149:LVR:0:POS:bsh.ASCII_UCodeESC_CharStream@ExpandBuff(boolean):113:0 |==> 1
150:LVR:0:NEG:bsh.ASCII_UCodeESC_CharStream@ExpandBuff(boolean):113:0 |==> -1
151:AOR:-(int,int):%(int,int):bsh.ASCII_UCodeESC_CharStream@ExpandBuff(boolean):113:bufsize - tokenBegin |==> bufsize % tokenBegin
152:AOR:-(int,int):*(int,int):bsh.ASCII_UCodeESC_CharStream@ExpandBuff(boolean):113:bufsize - tokenBegin |==> bufsize * tokenBegin
153:AOR:-(int,int):+(int,int):bsh.ASCII_UCodeESC_CharStream@ExpandBuff(boolean):113:bufsize - tokenBegin |==> bufsize + tokenBegin
154:AOR:-(int,int):/(int,int):bsh.ASCII_UCodeESC_CharStream@ExpandBuff(boolean):113:bufsize - tokenBegin |==> bufsize / tokenBegin
155:STD:<CALL>:<NO-OP>:bsh.ASCII_UCodeESC_CharStream@ExpandBuff(boolean):113:System.arraycopy(bufcolumn, tokenBegin, newbufcolumn, 0, bufsize - tokenBegin) |==> <NO-OP>
156:STD:<ASSIGN>:<NO-OP>:bsh.ASCII_UCodeESC_CharStream@ExpandBuff(boolean):114:bufcolumn = newbufcolumn |==> <NO-OP>
157:STD:<ASSIGN>:<NO-OP>:bsh.ASCII_UCodeESC_CharStream@ExpandBuff(boolean):116:bufpos -= tokenBegin |==> <NO-OP>
158:LVR:POS:0:bsh.ASCII_UCodeESC_CharStream@ExpandBuff(boolean):124:2048 |==> 0
159:LVR:POS:NEG:bsh.ASCII_UCodeESC_CharStream@ExpandBuff(boolean):124:2048 |==> -2048
160:STD:<ASSIGN>:<NO-OP>:bsh.ASCII_UCodeESC_CharStream@ExpandBuff(boolean):124:available = (bufsize += 2048) |==> <NO-OP>
161:LVR:0:POS:bsh.ASCII_UCodeESC_CharStream@ExpandBuff(boolean):125:0 |==> 1
162:LVR:0:NEG:bsh.ASCII_UCodeESC_CharStream@ExpandBuff(boolean):125:0 |==> -1
163:STD:<ASSIGN>:<NO-OP>:bsh.ASCII_UCodeESC_CharStream@ExpandBuff(boolean):125:tokenBegin = 0 |==> <NO-OP>
164:LVR:POS:0:bsh.ASCII_UCodeESC_CharStream@FillBuff():131:4096 |==> 0
165:LVR:POS:NEG:bsh.ASCII_UCodeESC_CharStream@FillBuff():131:4096 |==> -4096
166:ROR:==(int,int):<=(int,int):bsh.ASCII_UCodeESC_CharStream@FillBuff():131:maxNextCharInd == 4096 |==> maxNextCharInd <= 4096
167:ROR:==(int,int):>=(int,int):bsh.ASCII_UCodeESC_CharStream@FillBuff():131:maxNextCharInd == 4096 |==> maxNextCharInd >= 4096
168:ROR:==(int,int):FALSE(int,int):bsh.ASCII_UCodeESC_CharStream@FillBuff():131:maxNextCharInd == 4096 |==> false
169:LVR:0:POS:bsh.ASCII_UCodeESC_CharStream@FillBuff():132:0 |==> 1
170:LVR:0:NEG:bsh.ASCII_UCodeESC_CharStream@FillBuff():132:0 |==> -1
171:STD:<ASSIGN>:<NO-OP>:bsh.ASCII_UCodeESC_CharStream@FillBuff():132:maxNextCharInd = nextCharInd = 0 |==> <NO-OP>
172:LVR:POS:0:bsh.ASCII_UCodeESC_CharStream@FillBuff():136:4096 |==> 0
173:LVR:POS:NEG:bsh.ASCII_UCodeESC_CharStream@FillBuff():136:4096 |==> -4096
174:AOR:-(int,int):%(int,int):bsh.ASCII_UCodeESC_CharStream@FillBuff():136:4096 - maxNextCharInd |==> 4096 % maxNextCharInd
175:AOR:-(int,int):*(int,int):bsh.ASCII_UCodeESC_CharStream@FillBuff():136:4096 - maxNextCharInd |==> 4096 * maxNextCharInd
176:AOR:-(int,int):+(int,int):bsh.ASCII_UCodeESC_CharStream@FillBuff():136:4096 - maxNextCharInd |==> 4096 + maxNextCharInd
177:AOR:-(int,int):/(int,int):bsh.ASCII_UCodeESC_CharStream@FillBuff():136:4096 - maxNextCharInd |==> 4096 / maxNextCharInd
178:LVR:NEG:0:bsh.ASCII_UCodeESC_CharStream@FillBuff():136:-1 |==> 0
179:LVR:NEG:POS:bsh.ASCII_UCodeESC_CharStream@FillBuff():136:-1 |==> 1
180:ROR:==(int,int):<=(int,int):bsh.ASCII_UCodeESC_CharStream@FillBuff():135:(i = inputStream.read(nextCharBuf, maxNextCharInd, 4096 - maxNextCharInd)) == -1 |==> (i = inputStream.read(nextCharBuf, maxNextCharInd, 4096 - maxNextCharInd)) <= -1
181:ROR:==(int,int):>=(int,int):bsh.ASCII_UCodeESC_CharStream@FillBuff():135:(i = inputStream.read(nextCharBuf, maxNextCharInd, 4096 - maxNextCharInd)) == -1 |==> (i = inputStream.read(nextCharBuf, maxNextCharInd, 4096 - maxNextCharInd)) >= -1
182:STD:<CALL>:<NO-OP>:bsh.ASCII_UCodeESC_CharStream@FillBuff():138:inputStream.close() |==> <NO-OP>
183:STD:<ASSIGN>:<NO-OP>:bsh.ASCII_UCodeESC_CharStream@FillBuff():142:maxNextCharInd += i |==> <NO-OP>
184:STD:<RETURN>:<NO-OP>:bsh.ASCII_UCodeESC_CharStream@FillBuff():143:return; |==> <NO-OP>
185:LVR:0:POS:bsh.ASCII_UCodeESC_CharStream@FillBuff():146:0 |==> 1
186:LVR:0:NEG:bsh.ASCII_UCodeESC_CharStream@FillBuff():146:0 |==> -1
187:ROR:!=(int,int):<(int,int):bsh.ASCII_UCodeESC_CharStream@FillBuff():146:bufpos != 0 |==> bufpos < 0
188:ROR:!=(int,int):>(int,int):bsh.ASCII_UCodeESC_CharStream@FillBuff():146:bufpos != 0 |==> bufpos > 0
189:ROR:!=(int,int):TRUE(int,int):bsh.ASCII_UCodeESC_CharStream@FillBuff():146:bufpos != 0 |==> true
190:STD:<DEC>:<NO-OP>:bsh.ASCII_UCodeESC_CharStream@FillBuff():148:--bufpos |==> <NO-OP>
191:LVR:0:POS:bsh.ASCII_UCodeESC_CharStream@FillBuff():149:0 |==> 1
192:LVR:0:NEG:bsh.ASCII_UCodeESC_CharStream@FillBuff():149:0 |==> -1
193:STD:<CALL>:<NO-OP>:bsh.ASCII_UCodeESC_CharStream@FillBuff():149:backup(0) |==> <NO-OP>
194:STD:<ASSIGN>:<NO-OP>:bsh.ASCII_UCodeESC_CharStream@FillBuff():153:bufline[bufpos] = line |==> <NO-OP>
195:STD:<ASSIGN>:<NO-OP>:bsh.ASCII_UCodeESC_CharStream@FillBuff():154:bufcolumn[bufpos] = column |==> <NO-OP>
196:ROR:>=(int,int):==(int,int):bsh.ASCII_UCodeESC_CharStream@ReadByte():162:++nextCharInd >= maxNextCharInd |==> ++nextCharInd == maxNextCharInd
197:ROR:>=(int,int):>(int,int):bsh.ASCII_UCodeESC_CharStream@ReadByte():162:++nextCharInd >= maxNextCharInd |==> ++nextCharInd > maxNextCharInd
198:ROR:>=(int,int):TRUE(int,int):bsh.ASCII_UCodeESC_CharStream@ReadByte():162:++nextCharInd >= maxNextCharInd |==> true
199:STD:<CALL>:<NO-OP>:bsh.ASCII_UCodeESC_CharStream@ReadByte():163:FillBuff() |==> <NO-OP>
200:EVR:<ARRAY_ACCESS(char)>:<DEFAULT>:bsh.ASCII_UCodeESC_CharStream@ReadByte():165:nextCharBuf[nextCharInd] |==> 0
201:LVR:0:POS:bsh.ASCII_UCodeESC_CharStream@BeginToken():170:0 |==> 1
202:LVR:0:NEG:bsh.ASCII_UCodeESC_CharStream@BeginToken():170:0 |==> -1
203:ROR:>(int,int):!=(int,int):bsh.ASCII_UCodeESC_CharStream@BeginToken():170:inBuf > 0 |==> inBuf != 0
204:ROR:>(int,int):>=(int,int):bsh.ASCII_UCodeESC_CharStream@BeginToken():170:inBuf > 0 |==> inBuf >= 0
205:ROR:>(int,int):FALSE(int,int):bsh.ASCII_UCodeESC_CharStream@BeginToken():170:inBuf > 0 |==> false
206:STD:<DEC>:<NO-OP>:bsh.ASCII_UCodeESC_CharStream@BeginToken():172:--inBuf |==> <NO-OP>
207:LVR:POS:0:bsh.ASCII_UCodeESC_CharStream@BeginToken():173:1 |==> 0
208:LVR:POS:NEG:bsh.ASCII_UCodeESC_CharStream@BeginToken():173:1 |==> -1
209:AOR:-(int,int):%(int,int):bsh.ASCII_UCodeESC_CharStream@BeginToken():173:bufsize - 1 |==> bufsize % 1
210:AOR:-(int,int):*(int,int):bsh.ASCII_UCodeESC_CharStream@BeginToken():173:bufsize - 1 |==> bufsize * 1
211:AOR:-(int,int):+(int,int):bsh.ASCII_UCodeESC_CharStream@BeginToken():173:bufsize - 1 |==> bufsize + 1
212:AOR:-(int,int):/(int,int):bsh.ASCII_UCodeESC_CharStream@BeginToken():173:bufsize - 1 |==> bufsize / 1
213:ROR:==(int,int):<=(int,int):bsh.ASCII_UCodeESC_CharStream@BeginToken():173:bufpos == bufsize - 1 |==> bufpos <= bufsize - 1
214:ROR:==(int,int):>=(int,int):bsh.ASCII_UCodeESC_CharStream@BeginToken():173:bufpos == bufsize - 1 |==> bufpos >= bufsize - 1
215:ROR:==(int,int):FALSE(int,int):bsh.ASCII_UCodeESC_CharStream@BeginToken():173:bufpos == bufsize - 1 |==> false
216:LVR:0:POS:bsh.ASCII_UCodeESC_CharStream@BeginToken():173:0 |==> 1
217:LVR:0:NEG:bsh.ASCII_UCodeESC_CharStream@BeginToken():173:0 |==> -1
218:STD:<RETURN>:<NO-OP>:bsh.ASCII_UCodeESC_CharStream@BeginToken():173:return buffer[tokenBegin = (Config.__M_NO == 215 ? false : Config.__M_NO == 214 ? bufpos >= bufsize - 1 : Config.__M_NO == 213 ? bufpos <= bufsize - 1 : Config.__M_NO == 0 && Config.COVERED(213, 215) ? bufpos == bufsize - 1 : bufpos == (Config.__M_NO == 212 ? bufsize / 1 : Config.__M_NO == 211 ? bufsize + 1 : Config.__M_NO == 210 ? bufsize * 1 : Config.__M_NO == 209 ? bufsize % 1 : Config.__M_NO == 0 && Config.COVERED(209, 212) ? bufsize - 1 : bufsize - (Config.__M_NO == 0 && Config.COVERED(207, 208) ? 1 : Config.__M_NO == 208 ? -1 : Config.__M_NO == 207 ? 0 : 1))) ? (bufpos = Config.__M_NO == 0 && Config.COVERED(216, 217) ? 0 : Config.__M_NO == 217 ? -1 : Config.__M_NO == 216 ? 1 : 0) : ++bufpos]; |==> <NO-OP>
219:LVR:0:POS:bsh.ASCII_UCodeESC_CharStream@BeginToken():177:0 |==> 1
220:LVR:0:NEG:bsh.ASCII_UCodeESC_CharStream@BeginToken():177:0 |==> -1
221:STD:<ASSIGN>:<NO-OP>:bsh.ASCII_UCodeESC_CharStream@BeginToken():177:tokenBegin = 0 |==> <NO-OP>
222:LVR:NEG:0:bsh.ASCII_UCodeESC_CharStream@BeginToken():178:-1 |==> 0
223:LVR:NEG:POS:bsh.ASCII_UCodeESC_CharStream@BeginToken():178:-1 |==> 1
224:STD:<ASSIGN>:<NO-OP>:bsh.ASCII_UCodeESC_CharStream@BeginToken():178:bufpos = -1 |==> <NO-OP>
225:EVR:<METHOD_INVOCATION(char)>:<DEFAULT>:bsh.ASCII_UCodeESC_CharStream@BeginToken():180:readChar() |==> 0
226:ROR:==(int,int):<=(int,int):bsh.ASCII_UCodeESC_CharStream@AdjustBuffSize():185:available == bufsize |==> available <= bufsize
227:ROR:==(int,int):>=(int,int):bsh.ASCII_UCodeESC_CharStream@AdjustBuffSize():185:available == bufsize |==> available >= bufsize
228:ROR:==(int,int):FALSE(int,int):bsh.ASCII_UCodeESC_CharStream@AdjustBuffSize():185:available == bufsize |==> false
229:LVR:POS:0:bsh.ASCII_UCodeESC_CharStream@AdjustBuffSize():187:2048 |==> 0
230:LVR:POS:NEG:bsh.ASCII_UCodeESC_CharStream@AdjustBuffSize():187:2048 |==> -2048
231:ROR:>(int,int):!=(int,int):bsh.ASCII_UCodeESC_CharStream@AdjustBuffSize():187:tokenBegin > 2048 |==> tokenBegin != 2048
232:ROR:>(int,int):>=(int,int):bsh.ASCII_UCodeESC_CharStream@AdjustBuffSize():187:tokenBegin > 2048 |==> tokenBegin >= 2048
233:ROR:>(int,int):FALSE(int,int):bsh.ASCII_UCodeESC_CharStream@AdjustBuffSize():187:tokenBegin > 2048 |==> false
234:LVR:0:POS:bsh.ASCII_UCodeESC_CharStream@AdjustBuffSize():189:0 |==> 1
235:LVR:0:NEG:bsh.ASCII_UCodeESC_CharStream@AdjustBuffSize():189:0 |==> -1
236:STD:<ASSIGN>:<NO-OP>:bsh.ASCII_UCodeESC_CharStream@AdjustBuffSize():189:bufpos = 0 |==> <NO-OP>
237:STD:<ASSIGN>:<NO-OP>:bsh.ASCII_UCodeESC_CharStream@AdjustBuffSize():190:available = tokenBegin |==> <NO-OP>
238:LVR:FALSE:TRUE:bsh.ASCII_UCodeESC_CharStream@AdjustBuffSize():193:false |==> true
239:STD:<CALL>:<NO-OP>:bsh.ASCII_UCodeESC_CharStream@AdjustBuffSize():193:ExpandBuff(false) |==> <NO-OP>
240:ROR:>(int,int):!=(int,int):bsh.ASCII_UCodeESC_CharStream@AdjustBuffSize():195:available > tokenBegin |==> available != tokenBegin
241:ROR:>(int,int):>=(int,int):bsh.ASCII_UCodeESC_CharStream@AdjustBuffSize():195:available > tokenBegin |==> available >= tokenBegin
242:ROR:>(int,int):FALSE(int,int):bsh.ASCII_UCodeESC_CharStream@AdjustBuffSize():195:available > tokenBegin |==> false
243:STD:<ASSIGN>:<NO-OP>:bsh.ASCII_UCodeESC_CharStream@AdjustBuffSize():196:available = bufsize |==> <NO-OP>
244:AOR:-(int,int):%(int,int):bsh.ASCII_UCodeESC_CharStream@AdjustBuffSize():197:tokenBegin - available |==> tokenBegin % available
245:AOR:-(int,int):*(int,int):bsh.ASCII_UCodeESC_CharStream@AdjustBuffSize():197:tokenBegin - available |==> tokenBegin * available
246:AOR:-(int,int):+(int,int):bsh.ASCII_UCodeESC_CharStream@AdjustBuffSize():197:tokenBegin - available |==> tokenBegin + available
247:AOR:-(int,int):/(int,int):bsh.ASCII_UCodeESC_CharStream@AdjustBuffSize():197:tokenBegin - available |==> tokenBegin / available
248:LVR:POS:0:bsh.ASCII_UCodeESC_CharStream@AdjustBuffSize():197:2048 |==> 0
249:LVR:POS:NEG:bsh.ASCII_UCodeESC_CharStream@AdjustBuffSize():197:2048 |==> -2048
250:ROR:<(int,int):!=(int,int):bsh.ASCII_UCodeESC_CharStream@AdjustBuffSize():197:(tokenBegin - available) < 2048 |==> (tokenBegin - available) != 2048
251:ROR:<(int,int):<=(int,int):bsh.ASCII_UCodeESC_CharStream@AdjustBuffSize():197:(tokenBegin - available) < 2048 |==> (tokenBegin - available) <= 2048
252:ROR:<(int,int):FALSE(int,int):bsh.ASCII_UCodeESC_CharStream@AdjustBuffSize():197:(tokenBegin - available) < 2048 |==> false
253:LVR:TRUE:FALSE:bsh.ASCII_UCodeESC_CharStream@AdjustBuffSize():198:true |==> false
254:STD:<CALL>:<NO-OP>:bsh.ASCII_UCodeESC_CharStream@AdjustBuffSize():198:ExpandBuff(true) |==> <NO-OP>
255:STD:<ASSIGN>:<NO-OP>:bsh.ASCII_UCodeESC_CharStream@AdjustBuffSize():200:available = tokenBegin |==> <NO-OP>
256:STD:<INC>:<NO-OP>:bsh.ASCII_UCodeESC_CharStream@UpdateLineColumn(char):205:column++ |==> <NO-OP>
257:COR:prevCharIsLF:TRUE:bsh.ASCII_UCodeESC_CharStream@UpdateLineColumn(char):207:prevCharIsLF |==> false
258:COR:prevCharIsLF:FALSE:bsh.ASCII_UCodeESC_CharStream@UpdateLineColumn(char):207:prevCharIsLF |==> true
259:LVR:FALSE:TRUE:bsh.ASCII_UCodeESC_CharStream@UpdateLineColumn(char):209:false |==> true
260:STD:<ASSIGN>:<NO-OP>:bsh.ASCII_UCodeESC_CharStream@UpdateLineColumn(char):209:prevCharIsLF = false |==> <NO-OP>
261:LVR:POS:0:bsh.ASCII_UCodeESC_CharStream@UpdateLineColumn(char):210:1 |==> 0
262:LVR:POS:NEG:bsh.ASCII_UCodeESC_CharStream@UpdateLineColumn(char):210:1 |==> -1
263:STD:<ASSIGN>:<NO-OP>:bsh.ASCII_UCodeESC_CharStream@UpdateLineColumn(char):210:line += (column = 1) |==> <NO-OP>
264:COR:prevCharIsCR:TRUE:bsh.ASCII_UCodeESC_CharStream@UpdateLineColumn(char):212:prevCharIsCR |==> false
265:COR:prevCharIsCR:FALSE:bsh.ASCII_UCodeESC_CharStream@UpdateLineColumn(char):212:prevCharIsCR |==> true
266:LVR:FALSE:TRUE:bsh.ASCII_UCodeESC_CharStream@UpdateLineColumn(char):214:false |==> true
267:STD:<ASSIGN>:<NO-OP>:bsh.ASCII_UCodeESC_CharStream@UpdateLineColumn(char):214:prevCharIsCR = false |==> <NO-OP>
268:ROR:==(int,int):<=(int,int):bsh.ASCII_UCodeESC_CharStream@UpdateLineColumn(char):215:c == '\n' |==> c <= '\n'
269:ROR:==(int,int):>=(int,int):bsh.ASCII_UCodeESC_CharStream@UpdateLineColumn(char):215:c == '\n' |==> c >= '\n'
270:ROR:==(int,int):FALSE(int,int):bsh.ASCII_UCodeESC_CharStream@UpdateLineColumn(char):215:c == '\n' |==> false
271:LVR:TRUE:FALSE:bsh.ASCII_UCodeESC_CharStream@UpdateLineColumn(char):217:true |==> false
272:STD:<ASSIGN>:<NO-OP>:bsh.ASCII_UCodeESC_CharStream@UpdateLineColumn(char):217:prevCharIsLF = true |==> <NO-OP>
273:LVR:POS:0:bsh.ASCII_UCodeESC_CharStream@UpdateLineColumn(char):220:1 |==> 0
274:LVR:POS:NEG:bsh.ASCII_UCodeESC_CharStream@UpdateLineColumn(char):220:1 |==> -1
275:STD:<ASSIGN>:<NO-OP>:bsh.ASCII_UCodeESC_CharStream@UpdateLineColumn(char):220:line += (column = 1) |==> <NO-OP>
276:LVR:TRUE:FALSE:bsh.ASCII_UCodeESC_CharStream@UpdateLineColumn(char):226:true |==> false
277:STD:<ASSIGN>:<NO-OP>:bsh.ASCII_UCodeESC_CharStream@UpdateLineColumn(char):226:prevCharIsCR = true |==> <NO-OP>
278:STD:<BREAK>:<NO-OP>:bsh.ASCII_UCodeESC_CharStream@UpdateLineColumn(char):227:break; |==> <NO-OP>
279:LVR:TRUE:FALSE:bsh.ASCII_UCodeESC_CharStream@UpdateLineColumn(char):229:true |==> false
280:STD:<ASSIGN>:<NO-OP>:bsh.ASCII_UCodeESC_CharStream@UpdateLineColumn(char):229:prevCharIsLF = true |==> <NO-OP>
281:STD:<BREAK>:<NO-OP>:bsh.ASCII_UCodeESC_CharStream@UpdateLineColumn(char):230:break; |==> <NO-OP>
282:STD:<DEC>:<NO-OP>:bsh.ASCII_UCodeESC_CharStream@UpdateLineColumn(char):232:column-- |==> <NO-OP>
283:LVR:POS:0:bsh.ASCII_UCodeESC_CharStream@UpdateLineColumn(char):233:8 |==> 0
284:LVR:POS:NEG:bsh.ASCII_UCodeESC_CharStream@UpdateLineColumn(char):233:8 |==> -8
285:LVR:POS:0:bsh.ASCII_UCodeESC_CharStream@UpdateLineColumn(char):233:7 |==> 0
286:LVR:POS:NEG:bsh.ASCII_UCodeESC_CharStream@UpdateLineColumn(char):233:7 |==> -7
287:LOR:&(int,int):^(int,int):bsh.ASCII_UCodeESC_CharStream@UpdateLineColumn(char):233:column & 7 |==> column ^ 7
288:LOR:&(int,int):|(int,int):bsh.ASCII_UCodeESC_CharStream@UpdateLineColumn(char):233:column & 7 |==> column | 7
289:AOR:-(int,int):%(int,int):bsh.ASCII_UCodeESC_CharStream@UpdateLineColumn(char):233:8 - (column & 7) |==> 8 % (column & 7)
290:AOR:-(int,int):*(int,int):bsh.ASCII_UCodeESC_CharStream@UpdateLineColumn(char):233:8 - (column & 7) |==> 8 * (column & 7)
291:AOR:-(int,int):+(int,int):bsh.ASCII_UCodeESC_CharStream@UpdateLineColumn(char):233:8 - (column & 7) |==> 8 + (column & 7)
292:AOR:-(int,int):/(int,int):bsh.ASCII_UCodeESC_CharStream@UpdateLineColumn(char):233:8 - (column & 7) |==> 8 / (column & 7)
293:STD:<ASSIGN>:<NO-OP>:bsh.ASCII_UCodeESC_CharStream@UpdateLineColumn(char):233:column += (8 - (column & 7)) |==> <NO-OP>
294:STD:<BREAK>:<NO-OP>:bsh.ASCII_UCodeESC_CharStream@UpdateLineColumn(char):234:break; |==> <NO-OP>
295:STD:<BREAK>:<NO-OP>:bsh.ASCII_UCodeESC_CharStream@UpdateLineColumn(char):236:break; |==> <NO-OP>
296:STD:<ASSIGN>:<NO-OP>:bsh.ASCII_UCodeESC_CharStream@UpdateLineColumn(char):239:bufline[bufpos] = line |==> <NO-OP>
297:STD:<ASSIGN>:<NO-OP>:bsh.ASCII_UCodeESC_CharStream@UpdateLineColumn(char):240:bufcolumn[bufpos] = column |==> <NO-OP>
298:LVR:0:POS:bsh.ASCII_UCodeESC_CharStream@readChar():245:0 |==> 1
299:LVR:0:NEG:bsh.ASCII_UCodeESC_CharStream@readChar():245:0 |==> -1
300:ROR:>(int,int):!=(int,int):bsh.ASCII_UCodeESC_CharStream@readChar():245:inBuf > 0 |==> inBuf != 0
301:ROR:>(int,int):>=(int,int):bsh.ASCII_UCodeESC_CharStream@readChar():245:inBuf > 0 |==> inBuf >= 0
302:ROR:>(int,int):FALSE(int,int):bsh.ASCII_UCodeESC_CharStream@readChar():245:inBuf > 0 |==> false
303:STD:<DEC>:<NO-OP>:bsh.ASCII_UCodeESC_CharStream@readChar():247:--inBuf |==> <NO-OP>
304:LVR:POS:0:bsh.ASCII_UCodeESC_CharStream@readChar():248:1 |==> 0
305:LVR:POS:NEG:bsh.ASCII_UCodeESC_CharStream@readChar():248:1 |==> -1
306:AOR:-(int,int):%(int,int):bsh.ASCII_UCodeESC_CharStream@readChar():248:bufsize - 1 |==> bufsize % 1
307:AOR:-(int,int):*(int,int):bsh.ASCII_UCodeESC_CharStream@readChar():248:bufsize - 1 |==> bufsize * 1
308:AOR:-(int,int):+(int,int):bsh.ASCII_UCodeESC_CharStream@readChar():248:bufsize - 1 |==> bufsize + 1
309:AOR:-(int,int):/(int,int):bsh.ASCII_UCodeESC_CharStream@readChar():248:bufsize - 1 |==> bufsize / 1
310:ROR:==(int,int):<=(int,int):bsh.ASCII_UCodeESC_CharStream@readChar():248:bufpos == bufsize - 1 |==> bufpos <= bufsize - 1
311:ROR:==(int,int):>=(int,int):bsh.ASCII_UCodeESC_CharStream@readChar():248:bufpos == bufsize - 1 |==> bufpos >= bufsize - 1
312:ROR:==(int,int):FALSE(int,int):bsh.ASCII_UCodeESC_CharStream@readChar():248:bufpos == bufsize - 1 |==> false
313:LVR:0:POS:bsh.ASCII_UCodeESC_CharStream@readChar():248:0 |==> 1
314:LVR:0:NEG:bsh.ASCII_UCodeESC_CharStream@readChar():248:0 |==> -1
315:STD:<RETURN>:<NO-OP>:bsh.ASCII_UCodeESC_CharStream@readChar():248:return buffer[(Config.__M_NO == 312 ? false : Config.__M_NO == 311 ? bufpos >= bufsize - 1 : Config.__M_NO == 310 ? bufpos <= bufsize - 1 : Config.__M_NO == 0 && Config.COVERED(310, 312) ? bufpos == bufsize - 1 : bufpos == (Config.__M_NO == 309 ? bufsize / 1 : Config.__M_NO == 308 ? bufsize + 1 : Config.__M_NO == 307 ? bufsize * 1 : Config.__M_NO == 306 ? bufsize % 1 : Config.__M_NO == 0 && Config.COVERED(306, 309) ? bufsize - 1 : bufsize - (Config.__M_NO == 0 && Config.COVERED(304, 305) ? 1 : Config.__M_NO == 305 ? -1 : Config.__M_NO == 304 ? 0 : 1))) ? (bufpos = Config.__M_NO == 0 && Config.COVERED(313, 314) ? 0 : Config.__M_NO == 314 ? -1 : Config.__M_NO == 313 ? 1 : 0) : ++bufpos]; |==> <NO-OP>
316:ROR:==(int,int):<=(int,int):bsh.ASCII_UCodeESC_CharStream@readChar():253:++bufpos == available |==> ++bufpos <= available
317:ROR:==(int,int):>=(int,int):bsh.ASCII_UCodeESC_CharStream@readChar():253:++bufpos == available |==> ++bufpos >= available
318:ROR:==(int,int):FALSE(int,int):bsh.ASCII_UCodeESC_CharStream@readChar():253:++bufpos == available |==> false
319:STD:<CALL>:<NO-OP>:bsh.ASCII_UCodeESC_CharStream@readChar():254:AdjustBuffSize() |==> <NO-OP>
320:LVR:POS:0:bsh.ASCII_UCodeESC_CharStream@readChar():256:255 |==> 0
321:LVR:POS:NEG:bsh.ASCII_UCodeESC_CharStream@readChar():256:255 |==> -255
322:LOR:&(int,int):^(int,int):bsh.ASCII_UCodeESC_CharStream@readChar():256:(char)255 & ReadByte() |==> (char)255 ^ ReadByte()
323:LOR:&(int,int):|(int,int):bsh.ASCII_UCodeESC_CharStream@readChar():256:(char)255 & ReadByte() |==> (char)255 | ReadByte()
324:ROR:==(int,int):<=(int,int):bsh.ASCII_UCodeESC_CharStream@readChar():256:(buffer[bufpos] = c = (char)((char)255 & ReadByte())) == '\\' |==> (buffer[bufpos] = c = (char)((char)255 & ReadByte())) <= '\\'
325:ROR:==(int,int):>=(int,int):bsh.ASCII_UCodeESC_CharStream@readChar():256:(buffer[bufpos] = c = (char)((char)255 & ReadByte())) == '\\' |==> (buffer[bufpos] = c = (char)((char)255 & ReadByte())) >= '\\'
326:ROR:==(int,int):FALSE(int,int):bsh.ASCII_UCodeESC_CharStream@readChar():256:(buffer[bufpos] = c = (char)((char)255 & ReadByte())) == '\\' |==> false
327:STD:<CALL>:<NO-OP>:bsh.ASCII_UCodeESC_CharStream@readChar():258:UpdateLineColumn(c) |==> <NO-OP>
328:LVR:POS:0:bsh.ASCII_UCodeESC_CharStream@readChar():260:1 |==> 0
329:LVR:POS:NEG:bsh.ASCII_UCodeESC_CharStream@readChar():260:1 |==> -1
330:ROR:==(int,int):<=(int,int):bsh.ASCII_UCodeESC_CharStream@readChar():264:++bufpos == available |==> ++bufpos <= available
331:ROR:==(int,int):>=(int,int):bsh.ASCII_UCodeESC_CharStream@readChar():264:++bufpos == available |==> ++bufpos >= available
332:ROR:==(int,int):FALSE(int,int):bsh.ASCII_UCodeESC_CharStream@readChar():264:++bufpos == available |==> false
333:STD:<CALL>:<NO-OP>:bsh.ASCII_UCodeESC_CharStream@readChar():265:AdjustBuffSize() |==> <NO-OP>
334:LVR:POS:0:bsh.ASCII_UCodeESC_CharStream@readChar():269:255 |==> 0
335:LVR:POS:NEG:bsh.ASCII_UCodeESC_CharStream@readChar():269:255 |==> -255
336:LOR:&(int,int):^(int,int):bsh.ASCII_UCodeESC_CharStream@readChar():269:(char)255 & ReadByte() |==> (char)255 ^ ReadByte()
337:LOR:&(int,int):|(int,int):bsh.ASCII_UCodeESC_CharStream@readChar():269:(char)255 & ReadByte() |==> (char)255 | ReadByte()
338:ROR:!=(int,int):<(int,int):bsh.ASCII_UCodeESC_CharStream@readChar():269:(buffer[bufpos] = c = (char)((char)255 & ReadByte())) != '\\' |==> (buffer[bufpos] = c = (char)((char)255 & ReadByte())) < '\\'
339:ROR:!=(int,int):>(int,int):bsh.ASCII_UCodeESC_CharStream@readChar():269:(buffer[bufpos] = c = (char)((char)255 & ReadByte())) != '\\' |==> (buffer[bufpos] = c = (char)((char)255 & ReadByte())) > '\\'
340:ROR:!=(int,int):TRUE(int,int):bsh.ASCII_UCodeESC_CharStream@readChar():269:(buffer[bufpos] = c = (char)((char)255 & ReadByte())) != '\\' |==> true
341:STD:<CALL>:<NO-OP>:bsh.ASCII_UCodeESC_CharStream@readChar():271:UpdateLineColumn(c) |==> <NO-OP>
342:ROR:==(int,int):<=(int,int):bsh.ASCII_UCodeESC_CharStream@readChar():273:c == 'u' |==> c <= 'u'
343:ROR:==(int,int):>=(int,int):bsh.ASCII_UCodeESC_CharStream@readChar():273:c == 'u' |==> c >= 'u'
344:ROR:==(int,int):FALSE(int,int):bsh.ASCII_UCodeESC_CharStream@readChar():273:c == 'u' |==> false
345:LVR:POS:0:bsh.ASCII_UCodeESC_CharStream@readChar():273:1 |==> 0
346:LVR:POS:NEG:bsh.ASCII_UCodeESC_CharStream@readChar():273:1 |==> -1
347:LOR:&(int,int):^(int,int):bsh.ASCII_UCodeESC_CharStream@readChar():273:backSlashCnt & 1 |==> backSlashCnt ^ 1
348:LOR:&(int,int):|(int,int):bsh.ASCII_UCodeESC_CharStream@readChar():273:backSlashCnt & 1 |==> backSlashCnt | 1
349:LVR:POS:0:bsh.ASCII_UCodeESC_CharStream@readChar():273:1 |==> 0
350:LVR:POS:NEG:bsh.ASCII_UCodeESC_CharStream@readChar():273:1 |==> -1
351:ROR:==(int,int):<=(int,int):bsh.ASCII_UCodeESC_CharStream@readChar():273:(backSlashCnt & 1) == 1 |==> (backSlashCnt & 1) <= 1
352:ROR:==(int,int):>=(int,int):bsh.ASCII_UCodeESC_CharStream@readChar():273:(backSlashCnt & 1) == 1 |==> (backSlashCnt & 1) >= 1
353:ROR:==(int,int):FALSE(int,int):bsh.ASCII_UCodeESC_CharStream@readChar():273:(backSlashCnt & 1) == 1 |==> false
354:COR:&&(boolean,boolean):==(boolean,boolean):bsh.ASCII_UCodeESC_CharStream@readChar():273:(c == 'u') && ((backSlashCnt & 1) == 1) |==> (c == 'u') == ((backSlashCnt & 1) == 1)
355:COR:&&(boolean,boolean):FALSE(boolean,boolean):bsh.ASCII_UCodeESC_CharStream@readChar():273:(c == 'u') && ((backSlashCnt & 1) == 1) |==> false
356:COR:&&(boolean,boolean):LHS(boolean,boolean):bsh.ASCII_UCodeESC_CharStream@readChar():273:(c == 'u') && ((backSlashCnt & 1) == 1) |==> (c == 'u')
357:COR:&&(boolean,boolean):RHS(boolean,boolean):bsh.ASCII_UCodeESC_CharStream@readChar():273:(c == 'u') && ((backSlashCnt & 1) == 1) |==> ((backSlashCnt & 1) == 1)
358:LVR:0:POS:bsh.ASCII_UCodeESC_CharStream@readChar():275:0 |==> 1
359:LVR:0:NEG:bsh.ASCII_UCodeESC_CharStream@readChar():275:0 |==> -1
360:ROR:<(int,int):!=(int,int):bsh.ASCII_UCodeESC_CharStream@readChar():275:--bufpos < 0 |==> --bufpos != 0
361:ROR:<(int,int):<=(int,int):bsh.ASCII_UCodeESC_CharStream@readChar():275:--bufpos < 0 |==> --bufpos <= 0
362:ROR:<(int,int):FALSE(int,int):bsh.ASCII_UCodeESC_CharStream@readChar():275:--bufpos < 0 |==> false
363:LVR:POS:0:bsh.ASCII_UCodeESC_CharStream@readChar():276:1 |==> 0
364:LVR:POS:NEG:bsh.ASCII_UCodeESC_CharStream@readChar():276:1 |==> -1
365:AOR:-(int,int):%(int,int):bsh.ASCII_UCodeESC_CharStream@readChar():276:bufsize - 1 |==> bufsize % 1
366:AOR:-(int,int):*(int,int):bsh.ASCII_UCodeESC_CharStream@readChar():276:bufsize - 1 |==> bufsize * 1
367:AOR:-(int,int):+(int,int):bsh.ASCII_UCodeESC_CharStream@readChar():276:bufsize - 1 |==> bufsize + 1
368:AOR:-(int,int):/(int,int):bsh.ASCII_UCodeESC_CharStream@readChar():276:bufsize - 1 |==> bufsize / 1
369:STD:<ASSIGN>:<NO-OP>:bsh.ASCII_UCodeESC_CharStream@readChar():276:bufpos = bufsize - 1 |==> <NO-OP>
370:STD:<BREAK>:<NO-OP>:bsh.ASCII_UCodeESC_CharStream@readChar():278:break; |==> <NO-OP>
371:STD:<CALL>:<NO-OP>:bsh.ASCII_UCodeESC_CharStream@readChar():281:backup(backSlashCnt) |==> <NO-OP>
372:LVR:POS:0:bsh.ASCII_UCodeESC_CharStream@readChar():287:1 |==> 0
373:LVR:POS:NEG:bsh.ASCII_UCodeESC_CharStream@readChar():287:1 |==> -1
374:ROR:>(int,int):!=(int,int):bsh.ASCII_UCodeESC_CharStream@readChar():287:backSlashCnt > 1 |==> backSlashCnt != 1
375:ROR:>(int,int):>=(int,int):bsh.ASCII_UCodeESC_CharStream@readChar():287:backSlashCnt > 1 |==> backSlashCnt >= 1
376:ROR:>(int,int):FALSE(int,int):bsh.ASCII_UCodeESC_CharStream@readChar():287:backSlashCnt > 1 |==> false
377:STD:<CALL>:<NO-OP>:bsh.ASCII_UCodeESC_CharStream@readChar():288:backup(backSlashCnt) |==> <NO-OP>
378:STD:<RETURN>:<NO-OP>:bsh.ASCII_UCodeESC_CharStream@readChar():290:return '\\'; |==> <NO-OP>
379:STD:<CALL>:<NO-OP>:bsh.ASCII_UCodeESC_CharStream@readChar():293:UpdateLineColumn(c) |==> <NO-OP>
380:STD:<INC>:<NO-OP>:bsh.ASCII_UCodeESC_CharStream@readChar():294:backSlashCnt++ |==> <NO-OP>
381:LVR:POS:0:bsh.ASCII_UCodeESC_CharStream@readChar():300:255 |==> 0
382:LVR:POS:NEG:bsh.ASCII_UCodeESC_CharStream@readChar():300:255 |==> -255
383:LOR:&(int,int):^(int,int):bsh.ASCII_UCodeESC_CharStream@readChar():300:(char)255 & ReadByte() |==> (char)255 ^ ReadByte()
384:LOR:&(int,int):|(int,int):bsh.ASCII_UCodeESC_CharStream@readChar():300:(char)255 & ReadByte() |==> (char)255 | ReadByte()
385:ROR:==(int,int):<=(int,int):bsh.ASCII_UCodeESC_CharStream@readChar():300:(c = (char)((char)255 & ReadByte())) == 'u' |==> (c = (char)((char)255 & ReadByte())) <= 'u'
386:ROR:==(int,int):>=(int,int):bsh.ASCII_UCodeESC_CharStream@readChar():300:(c = (char)((char)255 & ReadByte())) == 'u' |==> (c = (char)((char)255 & ReadByte())) >= 'u'
387:ROR:==(int,int):FALSE(int,int):bsh.ASCII_UCodeESC_CharStream@readChar():300:(c = (char)((char)255 & ReadByte())) == 'u' |==> false
388:STD:<INC>:<NO-OP>:bsh.ASCII_UCodeESC_CharStream@readChar():301:++column |==> <NO-OP>
389:LVR:POS:0:bsh.ASCII_UCodeESC_CharStream@readChar():303:12 |==> 0
390:LVR:POS:NEG:bsh.ASCII_UCodeESC_CharStream@readChar():303:12 |==> -12
391:SOR:<<(int,int):>>(int,int):bsh.ASCII_UCodeESC_CharStream@readChar():303:hexval(c) << 12 |==> hexval(c) >> 12
392:SOR:<<(int,int):>>>(int,int):bsh.ASCII_UCodeESC_CharStream@readChar():303:hexval(c) << 12 |==> hexval(c) >>> 12
393:LVR:POS:0:bsh.ASCII_UCodeESC_CharStream@readChar():304:255 |==> 0
394:LVR:POS:NEG:bsh.ASCII_UCodeESC_CharStream@readChar():304:255 |==> -255
395:LOR:&(int,int):^(int,int):bsh.ASCII_UCodeESC_CharStream@readChar():304:(char)255 & ReadByte() |==> (char)255 ^ ReadByte()
396:LOR:&(int,int):|(int,int):bsh.ASCII_UCodeESC_CharStream@readChar():304:(char)255 & ReadByte() |==> (char)255 | ReadByte()
397:LVR:POS:0:bsh.ASCII_UCodeESC_CharStream@readChar():304:8 |==> 0
398:LVR:POS:NEG:bsh.ASCII_UCodeESC_CharStream@readChar():304:8 |==> -8
399:SOR:<<(int,int):>>(int,int):bsh.ASCII_UCodeESC_CharStream@readChar():304:hexval((char)((char)255 & ReadByte())) << 8 |==> hexval((char)((char)255 & ReadByte())) >> 8
400:SOR:<<(int,int):>>>(int,int):bsh.ASCII_UCodeESC_CharStream@readChar():304:hexval((char)((char)255 & ReadByte())) << 8 |==> hexval((char)((char)255 & ReadByte())) >>> 8
401:LOR:|(int,int):&(int,int):bsh.ASCII_UCodeESC_CharStream@readChar():303:hexval(c) << 12 | hexval((char)((char)255 & ReadByte())) << 8 |==> hexval(c) << 12 & hexval((char)((char)255 & ReadByte())) << 8
402:LOR:|(int,int):^(int,int):bsh.ASCII_UCodeESC_CharStream@readChar():303:hexval(c) << 12 | hexval((char)((char)255 & ReadByte())) << 8 |==> hexval(c) << 12 ^ hexval((char)((char)255 & ReadByte())) << 8
403:LVR:POS:0:bsh.ASCII_UCodeESC_CharStream@readChar():305:255 |==> 0
404:LVR:POS:NEG:bsh.ASCII_UCodeESC_CharStream@readChar():305:255 |==> -255
405:LOR:&(int,int):^(int,int):bsh.ASCII_UCodeESC_CharStream@readChar():305:(char)255 & ReadByte() |==> (char)255 ^ ReadByte()
406:LOR:&(int,int):|(int,int):bsh.ASCII_UCodeESC_CharStream@readChar():305:(char)255 & ReadByte() |==> (char)255 | ReadByte()
407:LVR:POS:0:bsh.ASCII_UCodeESC_CharStream@readChar():305:4 |==> 0
408:LVR:POS:NEG:bsh.ASCII_UCodeESC_CharStream@readChar():305:4 |==> -4
409:SOR:<<(int,int):>>(int,int):bsh.ASCII_UCodeESC_CharStream@readChar():305:hexval((char)((char)255 & ReadByte())) << 4 |==> hexval((char)((char)255 & ReadByte())) >> 4
410:SOR:<<(int,int):>>>(int,int):bsh.ASCII_UCodeESC_CharStream@readChar():305:hexval((char)((char)255 & ReadByte())) << 4 |==> hexval((char)((char)255 & ReadByte())) >>> 4
411:LOR:|(int,int):&(int,int):bsh.ASCII_UCodeESC_CharStream@readChar():303:hexval(c) << 12 | hexval((char)((char)255 & ReadByte())) << 8 | hexval((char)((char)255 & ReadByte())) << 4 |==> (hexval(c) << 12 | hexval((char)((char)255 & ReadByte())) << 8) & hexval((char)((char)255 & ReadByte())) << 4
412:LOR:|(int,int):^(int,int):bsh.ASCII_UCodeESC_CharStream@readChar():303:hexval(c) << 12 | hexval((char)((char)255 & ReadByte())) << 8 | hexval((char)((char)255 & ReadByte())) << 4 |==> (hexval(c) << 12 | hexval((char)((char)255 & ReadByte())) << 8) ^ hexval((char)((char)255 & ReadByte())) << 4
413:LVR:POS:0:bsh.ASCII_UCodeESC_CharStream@readChar():306:255 |==> 0
414:LVR:POS:NEG:bsh.ASCII_UCodeESC_CharStream@readChar():306:255 |==> -255
415:LOR:&(int,int):^(int,int):bsh.ASCII_UCodeESC_CharStream@readChar():306:(char)255 & ReadByte() |==> (char)255 ^ ReadByte()
416:LOR:&(int,int):|(int,int):bsh.ASCII_UCodeESC_CharStream@readChar():306:(char)255 & ReadByte() |==> (char)255 | ReadByte()
417:LOR:|(int,int):&(int,int):bsh.ASCII_UCodeESC_CharStream@readChar():303:hexval(c) << 12 | hexval((char)((char)255 & ReadByte())) << 8 | hexval((char)((char)255 & ReadByte())) << 4 | hexval((char)((char)255 & ReadByte())) |==> (hexval(c) << 12 | hexval((char)((char)255 & ReadByte())) << 8 | hexval((char)((char)255 & ReadByte())) << 4) & hexval((char)((char)255 & ReadByte()))
418:LOR:|(int,int):^(int,int):bsh.ASCII_UCodeESC_CharStream@readChar():303:hexval(c) << 12 | hexval((char)((char)255 & ReadByte())) << 8 | hexval((char)((char)255 & ReadByte())) << 4 | hexval((char)((char)255 & ReadByte())) |==> (hexval(c) << 12 | hexval((char)((char)255 & ReadByte())) << 8 | hexval((char)((char)255 & ReadByte())) << 4) ^ hexval((char)((char)255 & ReadByte()))
419:STD:<ASSIGN>:<NO-OP>:bsh.ASCII_UCodeESC_CharStream@readChar():303:buffer[bufpos] = c = (char)(hexval(c) << 12 | hexval((char)((char)255 & ReadByte())) << 8 | hexval((char)((char)255 & ReadByte())) << 4 | hexval((char)((char)255 & ReadByte()))) |==> <NO-OP>
420:LVR:POS:0:bsh.ASCII_UCodeESC_CharStream@readChar():308:4 |==> 0
421:LVR:POS:NEG:bsh.ASCII_UCodeESC_CharStream@readChar():308:4 |==> -4
422:STD:<ASSIGN>:<NO-OP>:bsh.ASCII_UCodeESC_CharStream@readChar():308:column += 4 |==> <NO-OP>
423:LVR:POS:0:bsh.ASCII_UCodeESC_CharStream@readChar():316:1 |==> 0
424:LVR:POS:NEG:bsh.ASCII_UCodeESC_CharStream@readChar():316:1 |==> -1
425:ROR:==(int,int):<=(int,int):bsh.ASCII_UCodeESC_CharStream@readChar():316:backSlashCnt == 1 |==> backSlashCnt <= 1
426:ROR:==(int,int):>=(int,int):bsh.ASCII_UCodeESC_CharStream@readChar():316:backSlashCnt == 1 |==> backSlashCnt >= 1
427:ROR:==(int,int):FALSE(int,int):bsh.ASCII_UCodeESC_CharStream@readChar():316:backSlashCnt == 1 |==> false
428:EVR:<IDENTIFIER(char)>:<DEFAULT>:bsh.ASCII_UCodeESC_CharStream@readChar():317:c |==> 0
429:LVR:POS:0:bsh.ASCII_UCodeESC_CharStream@readChar():320:1 |==> 0
430:LVR:POS:NEG:bsh.ASCII_UCodeESC_CharStream@readChar():320:1 |==> -1
431:AOR:-(int,int):%(int,int):bsh.ASCII_UCodeESC_CharStream@readChar():320:backSlashCnt - 1 |==> backSlashCnt % 1
432:AOR:-(int,int):*(int,int):bsh.ASCII_UCodeESC_CharStream@readChar():320:backSlashCnt - 1 |==> backSlashCnt * 1
433:AOR:-(int,int):+(int,int):bsh.ASCII_UCodeESC_CharStream@readChar():320:backSlashCnt - 1 |==> backSlashCnt + 1
434:AOR:-(int,int):/(int,int):bsh.ASCII_UCodeESC_CharStream@readChar():320:backSlashCnt - 1 |==> backSlashCnt / 1
435:STD:<CALL>:<NO-OP>:bsh.ASCII_UCodeESC_CharStream@readChar():320:backup(backSlashCnt - 1) |==> <NO-OP>
436:STD:<CALL>:<NO-OP>:bsh.ASCII_UCodeESC_CharStream@readChar():326:UpdateLineColumn(c) |==> <NO-OP>
437:EVR:<PARENTHESIZED(char)>:<DEFAULT>:bsh.ASCII_UCodeESC_CharStream@readChar():327:(c) |==> 0
438:EVR:<ARRAY_ACCESS(int)>:<DEFAULT>:bsh.ASCII_UCodeESC_CharStream@getColumn():337:bufcolumn[bufpos] |==> 0
439:EVR:<ARRAY_ACCESS(int)>:<DEFAULT>:bsh.ASCII_UCodeESC_CharStream@getLine():346:bufline[bufpos] |==> 0
440:EVR:<ARRAY_ACCESS(int)>:<DEFAULT>:bsh.ASCII_UCodeESC_CharStream@getEndColumn():350:bufcolumn[bufpos] |==> 0
441:EVR:<ARRAY_ACCESS(int)>:<DEFAULT>:bsh.ASCII_UCodeESC_CharStream@getEndLine():354:bufline[bufpos] |==> 0
442:EVR:<ARRAY_ACCESS(int)>:<DEFAULT>:bsh.ASCII_UCodeESC_CharStream@getBeginColumn():358:bufcolumn[tokenBegin] |==> 0
443:EVR:<ARRAY_ACCESS(int)>:<DEFAULT>:bsh.ASCII_UCodeESC_CharStream@getBeginLine():362:bufline[tokenBegin] |==> 0
444:STD:<ASSIGN>:<NO-OP>:bsh.ASCII_UCodeESC_CharStream@backup(int):367:inBuf += amount |==> <NO-OP>
445:LVR:0:POS:bsh.ASCII_UCodeESC_CharStream@backup(int):368:0 |==> 1
446:LVR:0:NEG:bsh.ASCII_UCodeESC_CharStream@backup(int):368:0 |==> -1
447:ROR:<(int,int):!=(int,int):bsh.ASCII_UCodeESC_CharStream@backup(int):368:(bufpos -= amount) < 0 |==> (bufpos -= amount) != 0
448:ROR:<(int,int):<=(int,int):bsh.ASCII_UCodeESC_CharStream@backup(int):368:(bufpos -= amount) < 0 |==> (bufpos -= amount) <= 0
449:ROR:<(int,int):FALSE(int,int):bsh.ASCII_UCodeESC_CharStream@backup(int):368:(bufpos -= amount) < 0 |==> false
450:STD:<ASSIGN>:<NO-OP>:bsh.ASCII_UCodeESC_CharStream@backup(int):369:bufpos += bufsize |==> <NO-OP>
451:STD:<ASSIGN>:<NO-OP>:bsh.ASCII_UCodeESC_CharStream@<init>(java.io.Reader,int,int,int):375:inputStream = dstream |==> <NO-OP>
452:STD:<ASSIGN>:<NO-OP>:bsh.ASCII_UCodeESC_CharStream@<init>(java.io.Reader,int,int,int):376:line = startline |==> <NO-OP>
453:LVR:POS:0:bsh.ASCII_UCodeESC_CharStream@<init>(java.io.Reader,int,int,int):377:1 |==> 0
454:LVR:POS:NEG:bsh.ASCII_UCodeESC_CharStream@<init>(java.io.Reader,int,int,int):377:1 |==> -1
455:AOR:-(int,int):%(int,int):bsh.ASCII_UCodeESC_CharStream@<init>(java.io.Reader,int,int,int):377:startcolumn - 1 |==> startcolumn % 1
456:AOR:-(int,int):*(int,int):bsh.ASCII_UCodeESC_CharStream@<init>(java.io.Reader,int,int,int):377:startcolumn - 1 |==> startcolumn * 1
457:AOR:-(int,int):+(int,int):bsh.ASCII_UCodeESC_CharStream@<init>(java.io.Reader,int,int,int):377:startcolumn - 1 |==> startcolumn + 1
458:AOR:-(int,int):/(int,int):bsh.ASCII_UCodeESC_CharStream@<init>(java.io.Reader,int,int,int):377:startcolumn - 1 |==> startcolumn / 1
459:STD:<ASSIGN>:<NO-OP>:bsh.ASCII_UCodeESC_CharStream@<init>(java.io.Reader,int,int,int):377:column = startcolumn - 1 |==> <NO-OP>
460:STD:<ASSIGN>:<NO-OP>:bsh.ASCII_UCodeESC_CharStream@<init>(java.io.Reader,int,int,int):379:available = bufsize = buffersize |==> <NO-OP>
461:STD:<ASSIGN>:<NO-OP>:bsh.ASCII_UCodeESC_CharStream@<init>(java.io.Reader,int,int,int):380:buffer = new char[buffersize] |==> <NO-OP>
462:STD:<ASSIGN>:<NO-OP>:bsh.ASCII_UCodeESC_CharStream@<init>(java.io.Reader,int,int,int):381:bufline = new int[buffersize] |==> <NO-OP>
463:STD:<ASSIGN>:<NO-OP>:bsh.ASCII_UCodeESC_CharStream@<init>(java.io.Reader,int,int,int):382:bufcolumn = new int[buffersize] |==> <NO-OP>
464:LVR:POS:0:bsh.ASCII_UCodeESC_CharStream@<init>(java.io.Reader,int,int,int):383:4096 |==> 0
465:LVR:POS:NEG:bsh.ASCII_UCodeESC_CharStream@<init>(java.io.Reader,int,int,int):383:4096 |==> -4096
466:STD:<ASSIGN>:<NO-OP>:bsh.ASCII_UCodeESC_CharStream@<init>(java.io.Reader,int,int,int):383:nextCharBuf = new char[4096] |==> <NO-OP>
467:LVR:POS:0:bsh.ASCII_UCodeESC_CharStream@<init>(java.io.Reader,int,int):389:4096 |==> 0
468:LVR:POS:NEG:bsh.ASCII_UCodeESC_CharStream@<init>(java.io.Reader,int,int):389:4096 |==> -4096
469:STD:<ASSIGN>:<NO-OP>:bsh.ASCII_UCodeESC_CharStream@ReInit(java.io.Reader,int,int,int):394:inputStream = dstream |==> <NO-OP>
470:STD:<ASSIGN>:<NO-OP>:bsh.ASCII_UCodeESC_CharStream@ReInit(java.io.Reader,int,int,int):395:line = startline |==> <NO-OP>
471:LVR:POS:0:bsh.ASCII_UCodeESC_CharStream@ReInit(java.io.Reader,int,int,int):396:1 |==> 0
472:LVR:POS:NEG:bsh.ASCII_UCodeESC_CharStream@ReInit(java.io.Reader,int,int,int):396:1 |==> -1
473:AOR:-(int,int):%(int,int):bsh.ASCII_UCodeESC_CharStream@ReInit(java.io.Reader,int,int,int):396:startcolumn - 1 |==> startcolumn % 1
474:AOR:-(int,int):*(int,int):bsh.ASCII_UCodeESC_CharStream@ReInit(java.io.Reader,int,int,int):396:startcolumn - 1 |==> startcolumn * 1
475:AOR:-(int,int):+(int,int):bsh.ASCII_UCodeESC_CharStream@ReInit(java.io.Reader,int,int,int):396:startcolumn - 1 |==> startcolumn + 1
476:AOR:-(int,int):/(int,int):bsh.ASCII_UCodeESC_CharStream@ReInit(java.io.Reader,int,int,int):396:startcolumn - 1 |==> startcolumn / 1
477:STD:<ASSIGN>:<NO-OP>:bsh.ASCII_UCodeESC_CharStream@ReInit(java.io.Reader,int,int,int):396:column = startcolumn - 1 |==> <NO-OP>
478:ROR:==(java.lang.Object,java.lang.Object):FALSE(java.lang.Object,java.lang.Object):bsh.ASCII_UCodeESC_CharStream@ReInit(java.io.Reader,int,int,int):398:buffer == null |==> false
479:ROR:!=(int,int):<(int,int):bsh.ASCII_UCodeESC_CharStream@ReInit(java.io.Reader,int,int,int):398:buffersize != buffer.length |==> buffersize < buffer.length
480:ROR:!=(int,int):>(int,int):bsh.ASCII_UCodeESC_CharStream@ReInit(java.io.Reader,int,int,int):398:buffersize != buffer.length |==> buffersize > buffer.length
481:ROR:!=(int,int):TRUE(int,int):bsh.ASCII_UCodeESC_CharStream@ReInit(java.io.Reader,int,int,int):398:buffersize != buffer.length |==> true
482:COR:||(boolean,boolean):!=(boolean,boolean):bsh.ASCII_UCodeESC_CharStream@ReInit(java.io.Reader,int,int,int):398:buffer == null || buffersize != buffer.length |==> buffer == null != (buffersize != buffer.length)
483:COR:||(boolean,boolean):LHS(boolean,boolean):bsh.ASCII_UCodeESC_CharStream@ReInit(java.io.Reader,int,int,int):398:buffer == null || buffersize != buffer.length |==> buffer == null
484:COR:||(boolean,boolean):RHS(boolean,boolean):bsh.ASCII_UCodeESC_CharStream@ReInit(java.io.Reader,int,int,int):398:buffer == null || buffersize != buffer.length |==> buffersize != buffer.length
485:COR:||(boolean,boolean):TRUE(boolean,boolean):bsh.ASCII_UCodeESC_CharStream@ReInit(java.io.Reader,int,int,int):398:buffer == null || buffersize != buffer.length |==> true
486:STD:<ASSIGN>:<NO-OP>:bsh.ASCII_UCodeESC_CharStream@ReInit(java.io.Reader,int,int,int):400:available = bufsize = buffersize |==> <NO-OP>
487:STD:<ASSIGN>:<NO-OP>:bsh.ASCII_UCodeESC_CharStream@ReInit(java.io.Reader,int,int,int):401:buffer = new char[buffersize] |==> <NO-OP>
488:STD:<ASSIGN>:<NO-OP>:bsh.ASCII_UCodeESC_CharStream@ReInit(java.io.Reader,int,int,int):402:bufline = new int[buffersize] |==> <NO-OP>
489:STD:<ASSIGN>:<NO-OP>:bsh.ASCII_UCodeESC_CharStream@ReInit(java.io.Reader,int,int,int):403:bufcolumn = new int[buffersize] |==> <NO-OP>
490:LVR:POS:0:bsh.ASCII_UCodeESC_CharStream@ReInit(java.io.Reader,int,int,int):404:4096 |==> 0
491:LVR:POS:NEG:bsh.ASCII_UCodeESC_CharStream@ReInit(java.io.Reader,int,int,int):404:4096 |==> -4096
492:STD:<ASSIGN>:<NO-OP>:bsh.ASCII_UCodeESC_CharStream@ReInit(java.io.Reader,int,int,int):404:nextCharBuf = new char[4096] |==> <NO-OP>
493:LVR:FALSE:TRUE:bsh.ASCII_UCodeESC_CharStream@ReInit(java.io.Reader,int,int,int):406:false |==> true
494:STD:<ASSIGN>:<NO-OP>:bsh.ASCII_UCodeESC_CharStream@ReInit(java.io.Reader,int,int,int):406:prevCharIsLF = prevCharIsCR = false |==> <NO-OP>
495:LVR:0:POS:bsh.ASCII_UCodeESC_CharStream@ReInit(java.io.Reader,int,int,int):407:0 |==> 1
496:LVR:0:NEG:bsh.ASCII_UCodeESC_CharStream@ReInit(java.io.Reader,int,int,int):407:0 |==> -1
497:STD:<ASSIGN>:<NO-OP>:bsh.ASCII_UCodeESC_CharStream@ReInit(java.io.Reader,int,int,int):407:tokenBegin = inBuf = maxNextCharInd = 0 |==> <NO-OP>
498:LVR:NEG:0:bsh.ASCII_UCodeESC_CharStream@ReInit(java.io.Reader,int,int,int):408:-1 |==> 0
499:LVR:NEG:POS:bsh.ASCII_UCodeESC_CharStream@ReInit(java.io.Reader,int,int,int):408:-1 |==> 1
500:STD:<ASSIGN>:<NO-OP>:bsh.ASCII_UCodeESC_CharStream@ReInit(java.io.Reader,int,int,int):408:nextCharInd = bufpos = -1 |==> <NO-OP>
501:LVR:POS:0:bsh.ASCII_UCodeESC_CharStream@ReInit(java.io.Reader,int,int):414:4096 |==> 0
502:LVR:POS:NEG:bsh.ASCII_UCodeESC_CharStream@ReInit(java.io.Reader,int,int):414:4096 |==> -4096
503:STD:<CALL>:<NO-OP>:bsh.ASCII_UCodeESC_CharStream@ReInit(java.io.Reader,int,int):414:ReInit(dstream, startline, startcolumn, 4096) |==> <NO-OP>
504:LVR:POS:0:bsh.ASCII_UCodeESC_CharStream@<init>(java.io.InputStream,int,int,int):419:4096 |==> 0
505:LVR:POS:NEG:bsh.ASCII_UCodeESC_CharStream@<init>(java.io.InputStream,int,int,int):419:4096 |==> -4096
506:LVR:POS:0:bsh.ASCII_UCodeESC_CharStream@<init>(java.io.InputStream,int,int):425:4096 |==> 0
507:LVR:POS:NEG:bsh.ASCII_UCodeESC_CharStream@<init>(java.io.InputStream,int,int):425:4096 |==> -4096
508:LVR:POS:0:bsh.ASCII_UCodeESC_CharStream@ReInit(java.io.InputStream,int,int,int):431:4096 |==> 0
509:LVR:POS:NEG:bsh.ASCII_UCodeESC_CharStream@ReInit(java.io.InputStream,int,int,int):431:4096 |==> -4096
510:STD:<CALL>:<NO-OP>:bsh.ASCII_UCodeESC_CharStream@ReInit(java.io.InputStream,int,int,int):431:ReInit(new java.io.InputStreamReader(dstream), startline, startcolumn, 4096) |==> <NO-OP>
511:LVR:POS:0:bsh.ASCII_UCodeESC_CharStream@ReInit(java.io.InputStream,int,int):436:4096 |==> 0
512:LVR:POS:NEG:bsh.ASCII_UCodeESC_CharStream@ReInit(java.io.InputStream,int,int):436:4096 |==> -4096
513:STD:<CALL>:<NO-OP>:bsh.ASCII_UCodeESC_CharStream@ReInit(java.io.InputStream,int,int):436:ReInit(dstream, startline, startcolumn, 4096) |==> <NO-OP>
514:ROR:>=(int,int):==(int,int):bsh.ASCII_UCodeESC_CharStream@GetImage():441:bufpos >= tokenBegin |==> bufpos == tokenBegin
515:ROR:>=(int,int):>(int,int):bsh.ASCII_UCodeESC_CharStream@GetImage():441:bufpos >= tokenBegin |==> bufpos > tokenBegin
516:ROR:>=(int,int):TRUE(int,int):bsh.ASCII_UCodeESC_CharStream@GetImage():441:bufpos >= tokenBegin |==> true
517:AOR:-(int,int):%(int,int):bsh.ASCII_UCodeESC_CharStream@GetImage():442:bufpos - tokenBegin |==> bufpos % tokenBegin
518:AOR:-(int,int):*(int,int):bsh.ASCII_UCodeESC_CharStream@GetImage():442:bufpos - tokenBegin |==> bufpos * tokenBegin
519:AOR:-(int,int):+(int,int):bsh.ASCII_UCodeESC_CharStream@GetImage():442:bufpos - tokenBegin |==> bufpos + tokenBegin
520:AOR:-(int,int):/(int,int):bsh.ASCII_UCodeESC_CharStream@GetImage():442:bufpos - tokenBegin |==> bufpos / tokenBegin
521:LVR:POS:0:bsh.ASCII_UCodeESC_CharStream@GetImage():442:1 |==> 0
522:LVR:POS:NEG:bsh.ASCII_UCodeESC_CharStream@GetImage():442:1 |==> -1
523:AOR:+(int,int):%(int,int):bsh.ASCII_UCodeESC_CharStream@GetImage():442:bufpos - tokenBegin + 1 |==> (bufpos - tokenBegin) % 1
524:AOR:+(int,int):*(int,int):bsh.ASCII_UCodeESC_CharStream@GetImage():442:bufpos - tokenBegin + 1 |==> (bufpos - tokenBegin) * 1
525:AOR:+(int,int):-(int,int):bsh.ASCII_UCodeESC_CharStream@GetImage():442:bufpos - tokenBegin + 1 |==> bufpos - tokenBegin - 1
526:AOR:+(int,int):/(int,int):bsh.ASCII_UCodeESC_CharStream@GetImage():442:bufpos - tokenBegin + 1 |==> (bufpos - tokenBegin) / 1
527:AOR:-(int,int):%(int,int):bsh.ASCII_UCodeESC_CharStream@GetImage():444:bufsize - tokenBegin |==> bufsize % tokenBegin
528:AOR:-(int,int):*(int,int):bsh.ASCII_UCodeESC_CharStream@GetImage():444:bufsize - tokenBegin |==> bufsize * tokenBegin
529:AOR:-(int,int):+(int,int):bsh.ASCII_UCodeESC_CharStream@GetImage():444:bufsize - tokenBegin |==> bufsize + tokenBegin
530:AOR:-(int,int):/(int,int):bsh.ASCII_UCodeESC_CharStream@GetImage():444:bufsize - tokenBegin |==> bufsize / tokenBegin
531:LVR:0:POS:bsh.ASCII_UCodeESC_CharStream@GetImage():445:0 |==> 1
532:LVR:0:NEG:bsh.ASCII_UCodeESC_CharStream@GetImage():445:0 |==> -1
533:LVR:POS:0:bsh.ASCII_UCodeESC_CharStream@GetImage():445:1 |==> 0
534:LVR:POS:NEG:bsh.ASCII_UCodeESC_CharStream@GetImage():445:1 |==> -1
535:AOR:+(int,int):%(int,int):bsh.ASCII_UCodeESC_CharStream@GetImage():445:bufpos + 1 |==> bufpos % 1
536:AOR:+(int,int):*(int,int):bsh.ASCII_UCodeESC_CharStream@GetImage():445:bufpos + 1 |==> bufpos * 1
537:AOR:+(int,int):-(int,int):bsh.ASCII_UCodeESC_CharStream@GetImage():445:bufpos + 1 |==> bufpos - 1
538:AOR:+(int,int):/(int,int):bsh.ASCII_UCodeESC_CharStream@GetImage():445:bufpos + 1 |==> bufpos / 1
539:EVR:<NEW_ARRAY(char[])>:<DEFAULT>:bsh.ASCII_UCodeESC_CharStream@GetSuffix(int):450:new char[len] |==> null
540:LVR:POS:0:bsh.ASCII_UCodeESC_CharStream@GetSuffix(int):452:1 |==> 0
541:LVR:POS:NEG:bsh.ASCII_UCodeESC_CharStream@GetSuffix(int):452:1 |==> -1
542:AOR:+(int,int):%(int,int):bsh.ASCII_UCodeESC_CharStream@GetSuffix(int):452:bufpos + 1 |==> bufpos % 1
543:AOR:+(int,int):*(int,int):bsh.ASCII_UCodeESC_CharStream@GetSuffix(int):452:bufpos + 1 |==> bufpos * 1
544:AOR:+(int,int):-(int,int):bsh.ASCII_UCodeESC_CharStream@GetSuffix(int):452:bufpos + 1 |==> bufpos - 1
545:AOR:+(int,int):/(int,int):bsh.ASCII_UCodeESC_CharStream@GetSuffix(int):452:bufpos + 1 |==> bufpos / 1
546:ROR:>=(int,int):==(int,int):bsh.ASCII_UCodeESC_CharStream@GetSuffix(int):452:(bufpos + 1) >= len |==> (bufpos + 1) == len
547:ROR:>=(int,int):>(int,int):bsh.ASCII_UCodeESC_CharStream@GetSuffix(int):452:(bufpos + 1) >= len |==> (bufpos + 1) > len
548:ROR:>=(int,int):TRUE(int,int):bsh.ASCII_UCodeESC_CharStream@GetSuffix(int):452:(bufpos + 1) >= len |==> true
549:AOR:-(int,int):%(int,int):bsh.ASCII_UCodeESC_CharStream@GetSuffix(int):453:bufpos - len |==> bufpos % len
550:AOR:-(int,int):*(int,int):bsh.ASCII_UCodeESC_CharStream@GetSuffix(int):453:bufpos - len |==> bufpos * len
551:AOR:-(int,int):+(int,int):bsh.ASCII_UCodeESC_CharStream@GetSuffix(int):453:bufpos - len |==> bufpos + len
552:AOR:-(int,int):/(int,int):bsh.ASCII_UCodeESC_CharStream@GetSuffix(int):453:bufpos - len |==> bufpos / len
553:LVR:POS:0:bsh.ASCII_UCodeESC_CharStream@GetSuffix(int):453:1 |==> 0
554:LVR:POS:NEG:bsh.ASCII_UCodeESC_CharStream@GetSuffix(int):453:1 |==> -1
555:AOR:+(int,int):%(int,int):bsh.ASCII_UCodeESC_CharStream@GetSuffix(int):453:bufpos - len + 1 |==> (bufpos - len) % 1
556:AOR:+(int,int):*(int,int):bsh.ASCII_UCodeESC_CharStream@GetSuffix(int):453:bufpos - len + 1 |==> (bufpos - len) * 1
557:AOR:+(int,int):-(int,int):bsh.ASCII_UCodeESC_CharStream@GetSuffix(int):453:bufpos - len + 1 |==> bufpos - len - 1
558:AOR:+(int,int):/(int,int):bsh.ASCII_UCodeESC_CharStream@GetSuffix(int):453:bufpos - len + 1 |==> (bufpos - len) / 1
559:LVR:0:POS:bsh.ASCII_UCodeESC_CharStream@GetSuffix(int):453:0 |==> 1
560:LVR:0:NEG:bsh.ASCII_UCodeESC_CharStream@GetSuffix(int):453:0 |==> -1
561:STD:<CALL>:<NO-OP>:bsh.ASCII_UCodeESC_CharStream@GetSuffix(int):453:System.arraycopy(buffer, bufpos - len + 1, ret, 0, len) |==> <NO-OP>
562:AOR:-(int,int):%(int,int):bsh.ASCII_UCodeESC_CharStream@GetSuffix(int):456:len - bufpos |==> len % bufpos
563:AOR:-(int,int):*(int,int):bsh.ASCII_UCodeESC_CharStream@GetSuffix(int):456:len - bufpos |==> len * bufpos
564:AOR:-(int,int):+(int,int):bsh.ASCII_UCodeESC_CharStream@GetSuffix(int):456:len - bufpos |==> len + bufpos
565:AOR:-(int,int):/(int,int):bsh.ASCII_UCodeESC_CharStream@GetSuffix(int):456:len - bufpos |==> len / bufpos
566:LVR:POS:0:bsh.ASCII_UCodeESC_CharStream@GetSuffix(int):456:1 |==> 0
567:LVR:POS:NEG:bsh.ASCII_UCodeESC_CharStream@GetSuffix(int):456:1 |==> -1
568:AOR:-(int,int):%(int,int):bsh.ASCII_UCodeESC_CharStream@GetSuffix(int):456:len - bufpos - 1 |==> (len - bufpos) % 1
569:AOR:-(int,int):*(int,int):bsh.ASCII_UCodeESC_CharStream@GetSuffix(int):456:len - bufpos - 1 |==> (len - bufpos) * 1
570:AOR:-(int,int):+(int,int):bsh.ASCII_UCodeESC_CharStream@GetSuffix(int):456:len - bufpos - 1 |==> len - bufpos + 1
571:AOR:-(int,int):/(int,int):bsh.ASCII_UCodeESC_CharStream@GetSuffix(int):456:len - bufpos - 1 |==> (len - bufpos) / 1
572:AOR:-(int,int):%(int,int):bsh.ASCII_UCodeESC_CharStream@GetSuffix(int):456:bufsize - (len - bufpos - 1) |==> bufsize % (len - bufpos - 1)
573:AOR:-(int,int):*(int,int):bsh.ASCII_UCodeESC_CharStream@GetSuffix(int):456:bufsize - (len - bufpos - 1) |==> bufsize * (len - bufpos - 1)
574:AOR:-(int,int):+(int,int):bsh.ASCII_UCodeESC_CharStream@GetSuffix(int):456:bufsize - (len - bufpos - 1) |==> bufsize + (len - bufpos - 1)
575:AOR:-(int,int):/(int,int):bsh.ASCII_UCodeESC_CharStream@GetSuffix(int):456:bufsize - (len - bufpos - 1) |==> bufsize / (len - bufpos - 1)
576:LVR:0:POS:bsh.ASCII_UCodeESC_CharStream@GetSuffix(int):456:0 |==> 1
577:LVR:0:NEG:bsh.ASCII_UCodeESC_CharStream@GetSuffix(int):456:0 |==> -1
578:AOR:-(int,int):%(int,int):bsh.ASCII_UCodeESC_CharStream@GetSuffix(int):457:len - bufpos |==> len % bufpos
579:AOR:-(int,int):*(int,int):bsh.ASCII_UCodeESC_CharStream@GetSuffix(int):457:len - bufpos |==> len * bufpos
580:AOR:-(int,int):+(int,int):bsh.ASCII_UCodeESC_CharStream@GetSuffix(int):457:len - bufpos |==> len + bufpos
581:AOR:-(int,int):/(int,int):bsh.ASCII_UCodeESC_CharStream@GetSuffix(int):457:len - bufpos |==> len / bufpos
582:LVR:POS:0:bsh.ASCII_UCodeESC_CharStream@GetSuffix(int):457:1 |==> 0
583:LVR:POS:NEG:bsh.ASCII_UCodeESC_CharStream@GetSuffix(int):457:1 |==> -1
584:AOR:-(int,int):%(int,int):bsh.ASCII_UCodeESC_CharStream@GetSuffix(int):457:len - bufpos - 1 |==> (len - bufpos) % 1
585:AOR:-(int,int):*(int,int):bsh.ASCII_UCodeESC_CharStream@GetSuffix(int):457:len - bufpos - 1 |==> (len - bufpos) * 1
586:AOR:-(int,int):+(int,int):bsh.ASCII_UCodeESC_CharStream@GetSuffix(int):457:len - bufpos - 1 |==> len - bufpos + 1
587:AOR:-(int,int):/(int,int):bsh.ASCII_UCodeESC_CharStream@GetSuffix(int):457:len - bufpos - 1 |==> (len - bufpos) / 1
588:STD:<CALL>:<NO-OP>:bsh.ASCII_UCodeESC_CharStream@GetSuffix(int):456:System.arraycopy(buffer, bufsize - (len - bufpos - 1), ret, 0, len - bufpos - 1) |==> <NO-OP>
589:LVR:0:POS:bsh.ASCII_UCodeESC_CharStream@GetSuffix(int):458:0 |==> 1
590:LVR:0:NEG:bsh.ASCII_UCodeESC_CharStream@GetSuffix(int):458:0 |==> -1
591:AOR:-(int,int):%(int,int):bsh.ASCII_UCodeESC_CharStream@GetSuffix(int):458:len - bufpos |==> len % bufpos
592:AOR:-(int,int):*(int,int):bsh.ASCII_UCodeESC_CharStream@GetSuffix(int):458:len - bufpos |==> len * bufpos
593:AOR:-(int,int):+(int,int):bsh.ASCII_UCodeESC_CharStream@GetSuffix(int):458:len - bufpos |==> len + bufpos
594:AOR:-(int,int):/(int,int):bsh.ASCII_UCodeESC_CharStream@GetSuffix(int):458:len - bufpos |==> len / bufpos
595:LVR:POS:0:bsh.ASCII_UCodeESC_CharStream@GetSuffix(int):458:1 |==> 0
596:LVR:POS:NEG:bsh.ASCII_UCodeESC_CharStream@GetSuffix(int):458:1 |==> -1
597:AOR:-(int,int):%(int,int):bsh.ASCII_UCodeESC_CharStream@GetSuffix(int):458:len - bufpos - 1 |==> (len - bufpos) % 1
598:AOR:-(int,int):*(int,int):bsh.ASCII_UCodeESC_CharStream@GetSuffix(int):458:len - bufpos - 1 |==> (len - bufpos) * 1
599:AOR:-(int,int):+(int,int):bsh.ASCII_UCodeESC_CharStream@GetSuffix(int):458:len - bufpos - 1 |==> len - bufpos + 1
600:AOR:-(int,int):/(int,int):bsh.ASCII_UCodeESC_CharStream@GetSuffix(int):458:len - bufpos - 1 |==> (len - bufpos) / 1
601:LVR:POS:0:bsh.ASCII_UCodeESC_CharStream@GetSuffix(int):458:1 |==> 0
602:LVR:POS:NEG:bsh.ASCII_UCodeESC_CharStream@GetSuffix(int):458:1 |==> -1
603:AOR:+(int,int):%(int,int):bsh.ASCII_UCodeESC_CharStream@GetSuffix(int):458:bufpos + 1 |==> bufpos % 1
604:AOR:+(int,int):*(int,int):bsh.ASCII_UCodeESC_CharStream@GetSuffix(int):458:bufpos + 1 |==> bufpos * 1
605:AOR:+(int,int):-(int,int):bsh.ASCII_UCodeESC_CharStream@GetSuffix(int):458:bufpos + 1 |==> bufpos - 1
606:AOR:+(int,int):/(int,int):bsh.ASCII_UCodeESC_CharStream@GetSuffix(int):458:bufpos + 1 |==> bufpos / 1
607:STD:<CALL>:<NO-OP>:bsh.ASCII_UCodeESC_CharStream@GetSuffix(int):458:System.arraycopy(buffer, 0, ret, len - bufpos - 1, bufpos + 1) |==> <NO-OP>
608:EVR:<IDENTIFIER(char[])>:<DEFAULT>:bsh.ASCII_UCodeESC_CharStream@GetSuffix(int):461:ret |==> null
609:STD:<ASSIGN>:<NO-OP>:bsh.ASCII_UCodeESC_CharStream@Done():466:nextCharBuf = null |==> <NO-OP>
610:STD:<ASSIGN>:<NO-OP>:bsh.ASCII_UCodeESC_CharStream@Done():467:buffer = null |==> <NO-OP>
611:STD:<ASSIGN>:<NO-OP>:bsh.ASCII_UCodeESC_CharStream@Done():468:bufline = null |==> <NO-OP>
612:STD:<ASSIGN>:<NO-OP>:bsh.ASCII_UCodeESC_CharStream@Done():469:bufcolumn = null |==> <NO-OP>
613:EVR:<IDENTIFIER(int)>:<DEFAULT>:bsh.ASCII_UCodeESC_CharStream@adjustBeginLineColumn(int,int):477:tokenBegin |==> 0
614:ROR:>=(int,int):==(int,int):bsh.ASCII_UCodeESC_CharStream@adjustBeginLineColumn(int,int):480:bufpos >= tokenBegin |==> bufpos == tokenBegin
615:ROR:>=(int,int):>(int,int):bsh.ASCII_UCodeESC_CharStream@adjustBeginLineColumn(int,int):480:bufpos >= tokenBegin |==> bufpos > tokenBegin
616:ROR:>=(int,int):TRUE(int,int):bsh.ASCII_UCodeESC_CharStream@adjustBeginLineColumn(int,int):480:bufpos >= tokenBegin |==> true
617:AOR:-(int,int):%(int,int):bsh.ASCII_UCodeESC_CharStream@adjustBeginLineColumn(int,int):482:bufpos - tokenBegin |==> bufpos % tokenBegin
618:AOR:-(int,int):*(int,int):bsh.ASCII_UCodeESC_CharStream@adjustBeginLineColumn(int,int):482:bufpos - tokenBegin |==> bufpos * tokenBegin
619:AOR:-(int,int):+(int,int):bsh.ASCII_UCodeESC_CharStream@adjustBeginLineColumn(int,int):482:bufpos - tokenBegin |==> bufpos + tokenBegin
620:AOR:-(int,int):/(int,int):bsh.ASCII_UCodeESC_CharStream@adjustBeginLineColumn(int,int):482:bufpos - tokenBegin |==> bufpos / tokenBegin
621:AOR:+(int,int):%(int,int):bsh.ASCII_UCodeESC_CharStream@adjustBeginLineColumn(int,int):482:bufpos - tokenBegin + inBuf |==> (bufpos - tokenBegin) % inBuf
622:AOR:+(int,int):*(int,int):bsh.ASCII_UCodeESC_CharStream@adjustBeginLineColumn(int,int):482:bufpos - tokenBegin + inBuf |==> (bufpos - tokenBegin) * inBuf
623:AOR:+(int,int):-(int,int):bsh.ASCII_UCodeESC_CharStream@adjustBeginLineColumn(int,int):482:bufpos - tokenBegin + inBuf |==> bufpos - tokenBegin - inBuf
624:AOR:+(int,int):/(int,int):bsh.ASCII_UCodeESC_CharStream@adjustBeginLineColumn(int,int):482:bufpos - tokenBegin + inBuf |==> (bufpos - tokenBegin) / inBuf
625:LVR:POS:0:bsh.ASCII_UCodeESC_CharStream@adjustBeginLineColumn(int,int):482:1 |==> 0
626:LVR:POS:NEG:bsh.ASCII_UCodeESC_CharStream@adjustBeginLineColumn(int,int):482:1 |==> -1
627:AOR:+(int,int):%(int,int):bsh.ASCII_UCodeESC_CharStream@adjustBeginLineColumn(int,int):482:bufpos - tokenBegin + inBuf + 1 |==> (bufpos - tokenBegin + inBuf) % 1
628:AOR:+(int,int):*(int,int):bsh.ASCII_UCodeESC_CharStream@adjustBeginLineColumn(int,int):482:bufpos - tokenBegin + inBuf + 1 |==> (bufpos - tokenBegin + inBuf) * 1
629:AOR:+(int,int):-(int,int):bsh.ASCII_UCodeESC_CharStream@adjustBeginLineColumn(int,int):482:bufpos - tokenBegin + inBuf + 1 |==> bufpos - tokenBegin + inBuf - 1
630:AOR:+(int,int):/(int,int):bsh.ASCII_UCodeESC_CharStream@adjustBeginLineColumn(int,int):482:bufpos - tokenBegin + inBuf + 1 |==> (bufpos - tokenBegin + inBuf) / 1
631:AOR:-(int,int):%(int,int):bsh.ASCII_UCodeESC_CharStream@adjustBeginLineColumn(int,int):486:bufsize - tokenBegin |==> bufsize % tokenBegin
632:AOR:-(int,int):*(int,int):bsh.ASCII_UCodeESC_CharStream@adjustBeginLineColumn(int,int):486:bufsize - tokenBegin |==> bufsize * tokenBegin
633:AOR:-(int,int):+(int,int):bsh.ASCII_UCodeESC_CharStream@adjustBeginLineColumn(int,int):486:bufsize - tokenBegin |==> bufsize + tokenBegin
634:AOR:-(int,int):/(int,int):bsh.ASCII_UCodeESC_CharStream@adjustBeginLineColumn(int,int):486:bufsize - tokenBegin |==> bufsize / tokenBegin
635:AOR:+(int,int):%(int,int):bsh.ASCII_UCodeESC_CharStream@adjustBeginLineColumn(int,int):486:bufsize - tokenBegin + bufpos |==> (bufsize - tokenBegin) % bufpos
636:AOR:+(int,int):*(int,int):bsh.ASCII_UCodeESC_CharStream@adjustBeginLineColumn(int,int):486:bufsize - tokenBegin + bufpos |==> (bufsize - tokenBegin) * bufpos
637:AOR:+(int,int):-(int,int):bsh.ASCII_UCodeESC_CharStream@adjustBeginLineColumn(int,int):486:bufsize - tokenBegin + bufpos |==> bufsize - tokenBegin - bufpos
638:AOR:+(int,int):/(int,int):bsh.ASCII_UCodeESC_CharStream@adjustBeginLineColumn(int,int):486:bufsize - tokenBegin + bufpos |==> (bufsize - tokenBegin) / bufpos
639:LVR:POS:0:bsh.ASCII_UCodeESC_CharStream@adjustBeginLineColumn(int,int):486:1 |==> 0
640:LVR:POS:NEG:bsh.ASCII_UCodeESC_CharStream@adjustBeginLineColumn(int,int):486:1 |==> -1
641:AOR:+(int,int):%(int,int):bsh.ASCII_UCodeESC_CharStream@adjustBeginLineColumn(int,int):486:bufsize - tokenBegin + bufpos + 1 |==> (bufsize - tokenBegin + bufpos) % 1
642:AOR:+(int,int):*(int,int):bsh.ASCII_UCodeESC_CharStream@adjustBeginLineColumn(int,int):486:bufsize - tokenBegin + bufpos + 1 |==> (bufsize - tokenBegin + bufpos) * 1
643:AOR:+(int,int):-(int,int):bsh.ASCII_UCodeESC_CharStream@adjustBeginLineColumn(int,int):486:bufsize - tokenBegin + bufpos + 1 |==> bufsize - tokenBegin + bufpos - 1
644:AOR:+(int,int):/(int,int):bsh.ASCII_UCodeESC_CharStream@adjustBeginLineColumn(int,int):486:bufsize - tokenBegin + bufpos + 1 |==> (bufsize - tokenBegin + bufpos) / 1
645:AOR:+(int,int):%(int,int):bsh.ASCII_UCodeESC_CharStream@adjustBeginLineColumn(int,int):486:bufsize - tokenBegin + bufpos + 1 + inBuf |==> (bufsize - tokenBegin + bufpos + 1) % inBuf
646:AOR:+(int,int):*(int,int):bsh.ASCII_UCodeESC_CharStream@adjustBeginLineColumn(int,int):486:bufsize - tokenBegin + bufpos + 1 + inBuf |==> (bufsize - tokenBegin + bufpos + 1) * inBuf
647:AOR:+(int,int):-(int,int):bsh.ASCII_UCodeESC_CharStream@adjustBeginLineColumn(int,int):486:bufsize - tokenBegin + bufpos + 1 + inBuf |==> bufsize - tokenBegin + bufpos + 1 - inBuf
648:AOR:+(int,int):/(int,int):bsh.ASCII_UCodeESC_CharStream@adjustBeginLineColumn(int,int):486:bufsize - tokenBegin + bufpos + 1 + inBuf |==> (bufsize - tokenBegin + bufpos + 1) / inBuf
649:LVR:0:POS:bsh.ASCII_UCodeESC_CharStream@adjustBeginLineColumn(int,int):489:0 |==> 1
650:LVR:0:NEG:bsh.ASCII_UCodeESC_CharStream@adjustBeginLineColumn(int,int):489:0 |==> -1
651:LVR:0:POS:bsh.ASCII_UCodeESC_CharStream@adjustBeginLineColumn(int,int):489:0 |==> 1
652:LVR:0:NEG:bsh.ASCII_UCodeESC_CharStream@adjustBeginLineColumn(int,int):489:0 |==> -1
653:LVR:0:POS:bsh.ASCII_UCodeESC_CharStream@adjustBeginLineColumn(int,int):489:0 |==> 1
654:LVR:0:NEG:bsh.ASCII_UCodeESC_CharStream@adjustBeginLineColumn(int,int):489:0 |==> -1
655:LVR:0:POS:bsh.ASCII_UCodeESC_CharStream@adjustBeginLineColumn(int,int):490:0 |==> 1
656:LVR:0:NEG:bsh.ASCII_UCodeESC_CharStream@adjustBeginLineColumn(int,int):490:0 |==> -1
657:LVR:0:POS:bsh.ASCII_UCodeESC_CharStream@adjustBeginLineColumn(int,int):490:0 |==> 1
658:LVR:0:NEG:bsh.ASCII_UCodeESC_CharStream@adjustBeginLineColumn(int,int):490:0 |==> -1
659:ROR:<(int,int):!=(int,int):bsh.ASCII_UCodeESC_CharStream@adjustBeginLineColumn(int,int):492:i < len |==> i != len
660:ROR:<(int,int):<=(int,int):bsh.ASCII_UCodeESC_CharStream@adjustBeginLineColumn(int,int):492:i < len |==> i <= len
661:ROR:<(int,int):FALSE(int,int):bsh.ASCII_UCodeESC_CharStream@adjustBeginLineColumn(int,int):492:i < len |==> false
662:AOR:%(int,int):*(int,int):bsh.ASCII_UCodeESC_CharStream@adjustBeginLineColumn(int,int):493:start % bufsize |==> start * bufsize
663:AOR:%(int,int):+(int,int):bsh.ASCII_UCodeESC_CharStream@adjustBeginLineColumn(int,int):493:start % bufsize |==> start + bufsize
664:AOR:%(int,int):-(int,int):bsh.ASCII_UCodeESC_CharStream@adjustBeginLineColumn(int,int):493:start % bufsize |==> start - bufsize
665:AOR:%(int,int):/(int,int):bsh.ASCII_UCodeESC_CharStream@adjustBeginLineColumn(int,int):493:start % bufsize |==> start / bufsize
666:AOR:%(int,int):*(int,int):bsh.ASCII_UCodeESC_CharStream@adjustBeginLineColumn(int,int):493:++start % bufsize |==> ++start * bufsize
667:AOR:%(int,int):+(int,int):bsh.ASCII_UCodeESC_CharStream@adjustBeginLineColumn(int,int):493:++start % bufsize |==> ++start + bufsize
668:AOR:%(int,int):-(int,int):bsh.ASCII_UCodeESC_CharStream@adjustBeginLineColumn(int,int):493:++start % bufsize |==> ++start - bufsize
669:AOR:%(int,int):/(int,int):bsh.ASCII_UCodeESC_CharStream@adjustBeginLineColumn(int,int):493:++start % bufsize |==> ++start / bufsize
670:ROR:==(int,int):<=(int,int):bsh.ASCII_UCodeESC_CharStream@adjustBeginLineColumn(int,int):493:bufline[j = start % bufsize] == bufline[k = ++start % bufsize] |==> bufline[j = start % bufsize] <= bufline[k = ++start % bufsize]
671:ROR:==(int,int):>=(int,int):bsh.ASCII_UCodeESC_CharStream@adjustBeginLineColumn(int,int):493:bufline[j = start % bufsize] == bufline[k = ++start % bufsize] |==> bufline[j = start % bufsize] >= bufline[k = ++start % bufsize]
672:ROR:==(int,int):FALSE(int,int):bsh.ASCII_UCodeESC_CharStream@adjustBeginLineColumn(int,int):493:bufline[j = start % bufsize] == bufline[k = ++start % bufsize] |==> false
673:COR:&&(boolean,boolean):==(boolean,boolean):bsh.ASCII_UCodeESC_CharStream@adjustBeginLineColumn(int,int):492:i < len && bufline[j = start % bufsize] == bufline[k = ++start % bufsize] |==> i < len == (bufline[j = start % bufsize] == bufline[k = ++start % bufsize])
674:COR:&&(boolean,boolean):FALSE(boolean,boolean):bsh.ASCII_UCodeESC_CharStream@adjustBeginLineColumn(int,int):492:i < len && bufline[j = start % bufsize] == bufline[k = ++start % bufsize] |==> false
675:COR:&&(boolean,boolean):LHS(boolean,boolean):bsh.ASCII_UCodeESC_CharStream@adjustBeginLineColumn(int,int):492:i < len && bufline[j = start % bufsize] == bufline[k = ++start % bufsize] |==> i < len
676:COR:&&(boolean,boolean):RHS(boolean,boolean):bsh.ASCII_UCodeESC_CharStream@adjustBeginLineColumn(int,int):493:i < len && bufline[j = start % bufsize] == bufline[k = ++start % bufsize] |==> bufline[j = start % bufsize] == bufline[k = ++start % bufsize]
677:STD:<ASSIGN>:<NO-OP>:bsh.ASCII_UCodeESC_CharStream@adjustBeginLineColumn(int,int):495:bufline[j] = newLine |==> <NO-OP>
678:AOR:+(int,int):%(int,int):bsh.ASCII_UCodeESC_CharStream@adjustBeginLineColumn(int,int):496:columnDiff + bufcolumn[k] |==> columnDiff % bufcolumn[k]
679:AOR:+(int,int):*(int,int):bsh.ASCII_UCodeESC_CharStream@adjustBeginLineColumn(int,int):496:columnDiff + bufcolumn[k] |==> columnDiff * bufcolumn[k]
680:AOR:+(int,int):-(int,int):bsh.ASCII_UCodeESC_CharStream@adjustBeginLineColumn(int,int):496:columnDiff + bufcolumn[k] |==> columnDiff - bufcolumn[k]
681:AOR:+(int,int):/(int,int):bsh.ASCII_UCodeESC_CharStream@adjustBeginLineColumn(int,int):496:columnDiff + bufcolumn[k] |==> columnDiff / bufcolumn[k]
682:AOR:-(int,int):%(int,int):bsh.ASCII_UCodeESC_CharStream@adjustBeginLineColumn(int,int):496:columnDiff + bufcolumn[k] - bufcolumn[j] |==> (columnDiff + bufcolumn[k]) % bufcolumn[j]
683:AOR:-(int,int):*(int,int):bsh.ASCII_UCodeESC_CharStream@adjustBeginLineColumn(int,int):496:columnDiff + bufcolumn[k] - bufcolumn[j] |==> (columnDiff + bufcolumn[k]) * bufcolumn[j]
684:AOR:-(int,int):+(int,int):bsh.ASCII_UCodeESC_CharStream@adjustBeginLineColumn(int,int):496:columnDiff + bufcolumn[k] - bufcolumn[j] |==> columnDiff + bufcolumn[k] + bufcolumn[j]
685:AOR:-(int,int):/(int,int):bsh.ASCII_UCodeESC_CharStream@adjustBeginLineColumn(int,int):496:columnDiff + bufcolumn[k] - bufcolumn[j] |==> (columnDiff + bufcolumn[k]) / bufcolumn[j]
686:STD:<ASSIGN>:<NO-OP>:bsh.ASCII_UCodeESC_CharStream@adjustBeginLineColumn(int,int):496:nextColDiff = columnDiff + bufcolumn[k] - bufcolumn[j] |==> <NO-OP>
687:AOR:+(int,int):%(int,int):bsh.ASCII_UCodeESC_CharStream@adjustBeginLineColumn(int,int):497:newCol + columnDiff |==> newCol % columnDiff
688:AOR:+(int,int):*(int,int):bsh.ASCII_UCodeESC_CharStream@adjustBeginLineColumn(int,int):497:newCol + columnDiff |==> newCol * columnDiff
689:AOR:+(int,int):-(int,int):bsh.ASCII_UCodeESC_CharStream@adjustBeginLineColumn(int,int):497:newCol + columnDiff |==> newCol - columnDiff
690:AOR:+(int,int):/(int,int):bsh.ASCII_UCodeESC_CharStream@adjustBeginLineColumn(int,int):497:newCol + columnDiff |==> newCol / columnDiff
691:STD:<ASSIGN>:<NO-OP>:bsh.ASCII_UCodeESC_CharStream@adjustBeginLineColumn(int,int):497:bufcolumn[j] = newCol + columnDiff |==> <NO-OP>
692:STD:<ASSIGN>:<NO-OP>:bsh.ASCII_UCodeESC_CharStream@adjustBeginLineColumn(int,int):498:columnDiff = nextColDiff |==> <NO-OP>
693:STD:<INC>:<NO-OP>:bsh.ASCII_UCodeESC_CharStream@adjustBeginLineColumn(int,int):499:i++ |==> <NO-OP>
694:ROR:<(int,int):!=(int,int):bsh.ASCII_UCodeESC_CharStream@adjustBeginLineColumn(int,int):502:i < len |==> i != len
695:ROR:<(int,int):<=(int,int):bsh.ASCII_UCodeESC_CharStream@adjustBeginLineColumn(int,int):502:i < len |==> i <= len
696:ROR:<(int,int):FALSE(int,int):bsh.ASCII_UCodeESC_CharStream@adjustBeginLineColumn(int,int):502:i < len |==> false
697:STD:<ASSIGN>:<NO-OP>:bsh.ASCII_UCodeESC_CharStream@adjustBeginLineColumn(int,int):504:bufline[j] = newLine++ |==> <NO-OP>
698:AOR:+(int,int):%(int,int):bsh.ASCII_UCodeESC_CharStream@adjustBeginLineColumn(int,int):505:newCol + columnDiff |==> newCol % columnDiff
699:AOR:+(int,int):*(int,int):bsh.ASCII_UCodeESC_CharStream@adjustBeginLineColumn(int,int):505:newCol + columnDiff |==> newCol * columnDiff
700:AOR:+(int,int):-(int,int):bsh.ASCII_UCodeESC_CharStream@adjustBeginLineColumn(int,int):505:newCol + columnDiff |==> newCol - columnDiff
701:AOR:+(int,int):/(int,int):bsh.ASCII_UCodeESC_CharStream@adjustBeginLineColumn(int,int):505:newCol + columnDiff |==> newCol / columnDiff
702:STD:<ASSIGN>:<NO-OP>:bsh.ASCII_UCodeESC_CharStream@adjustBeginLineColumn(int,int):505:bufcolumn[j] = newCol + columnDiff |==> <NO-OP>
703:ROR:<(int,int):!=(int,int):bsh.ASCII_UCodeESC_CharStream@adjustBeginLineColumn(int,int):507:i++ < len |==> i++ != len
704:ROR:<(int,int):<=(int,int):bsh.ASCII_UCodeESC_CharStream@adjustBeginLineColumn(int,int):507:i++ < len |==> i++ <= len
705:ROR:<(int,int):FALSE(int,int):bsh.ASCII_UCodeESC_CharStream@adjustBeginLineColumn(int,int):507:i++ < len |==> false
706:AOR:%(int,int):*(int,int):bsh.ASCII_UCodeESC_CharStream@adjustBeginLineColumn(int,int):509:start % bufsize |==> start * bufsize
707:AOR:%(int,int):+(int,int):bsh.ASCII_UCodeESC_CharStream@adjustBeginLineColumn(int,int):509:start % bufsize |==> start + bufsize
708:AOR:%(int,int):-(int,int):bsh.ASCII_UCodeESC_CharStream@adjustBeginLineColumn(int,int):509:start % bufsize |==> start - bufsize
709:AOR:%(int,int):/(int,int):bsh.ASCII_UCodeESC_CharStream@adjustBeginLineColumn(int,int):509:start % bufsize |==> start / bufsize
710:AOR:%(int,int):*(int,int):bsh.ASCII_UCodeESC_CharStream@adjustBeginLineColumn(int,int):509:++start % bufsize |==> ++start * bufsize
711:AOR:%(int,int):+(int,int):bsh.ASCII_UCodeESC_CharStream@adjustBeginLineColumn(int,int):509:++start % bufsize |==> ++start + bufsize
712:AOR:%(int,int):-(int,int):bsh.ASCII_UCodeESC_CharStream@adjustBeginLineColumn(int,int):509:++start % bufsize |==> ++start - bufsize
713:AOR:%(int,int):/(int,int):bsh.ASCII_UCodeESC_CharStream@adjustBeginLineColumn(int,int):509:++start % bufsize |==> ++start / bufsize
714:ROR:!=(int,int):<(int,int):bsh.ASCII_UCodeESC_CharStream@adjustBeginLineColumn(int,int):509:bufline[j = start % bufsize] != bufline[++start % bufsize] |==> bufline[j = start % bufsize] < bufline[++start % bufsize]
715:ROR:!=(int,int):>(int,int):bsh.ASCII_UCodeESC_CharStream@adjustBeginLineColumn(int,int):509:bufline[j = start % bufsize] != bufline[++start % bufsize] |==> bufline[j = start % bufsize] > bufline[++start % bufsize]
716:ROR:!=(int,int):TRUE(int,int):bsh.ASCII_UCodeESC_CharStream@adjustBeginLineColumn(int,int):509:bufline[j = start % bufsize] != bufline[++start % bufsize] |==> true
717:STD:<ASSIGN>:<NO-OP>:bsh.ASCII_UCodeESC_CharStream@adjustBeginLineColumn(int,int):510:bufline[j] = newLine++ |==> <NO-OP>
718:STD:<ASSIGN>:<NO-OP>:bsh.ASCII_UCodeESC_CharStream@adjustBeginLineColumn(int,int):512:bufline[j] = newLine |==> <NO-OP>
719:STD:<ASSIGN>:<NO-OP>:bsh.ASCII_UCodeESC_CharStream@adjustBeginLineColumn(int,int):516:line = bufline[j] |==> <NO-OP>
720:STD:<ASSIGN>:<NO-OP>:bsh.ASCII_UCodeESC_CharStream@adjustBeginLineColumn(int,int):517:column = bufcolumn[j] |==> <NO-OP>
