1:LVR:0:POS:bsh.JavaCharStream@hexval(char):16:0 |==> 1
2:LVR:0:NEG:bsh.JavaCharStream@hexval(char):16:0 |==> -1
3:STD:<RETURN>:<NO-OP>:bsh.JavaCharStream@hexval(char):16:return Config.__M_NO == 0 && Config.COVERED(1, 2) ? 0 : Config.__M_NO == 2 ? -1 : Config.__M_NO == 1 ? 1 : 0; |==> <NO-OP>
4:LVR:POS:0:bsh.JavaCharStream@hexval(char):18:1 |==> 0
5:LVR:POS:NEG:bsh.JavaCharStream@hexval(char):18:1 |==> -1
6:STD:<RETURN>:<NO-OP>:bsh.JavaCharStream@hexval(char):18:return Config.__M_NO == 0 && Config.COVERED(4, 5) ? 1 : Config.__M_NO == 5 ? -1 : Config.__M_NO == 4 ? 0 : 1; |==> <NO-OP>
7:LVR:POS:0:bsh.JavaCharStream@hexval(char):20:2 |==> 0
8:LVR:POS:NEG:bsh.JavaCharStream@hexval(char):20:2 |==> -2
9:STD:<RETURN>:<NO-OP>:bsh.JavaCharStream@hexval(char):20:return Config.__M_NO == 0 && Config.COVERED(7, 8) ? 2 : Config.__M_NO == 8 ? -2 : Config.__M_NO == 7 ? 0 : 2; |==> <NO-OP>
10:LVR:POS:0:bsh.JavaCharStream@hexval(char):22:3 |==> 0
11:LVR:POS:NEG:bsh.JavaCharStream@hexval(char):22:3 |==> -3
12:STD:<RETURN>:<NO-OP>:bsh.JavaCharStream@hexval(char):22:return Config.__M_NO == 0 && Config.COVERED(10, 11) ? 3 : Config.__M_NO == 11 ? -3 : Config.__M_NO == 10 ? 0 : 3; |==> <NO-OP>
13:LVR:POS:0:bsh.JavaCharStream@hexval(char):24:4 |==> 0
14:LVR:POS:NEG:bsh.JavaCharStream@hexval(char):24:4 |==> -4
15:STD:<RETURN>:<NO-OP>:bsh.JavaCharStream@hexval(char):24:return Config.__M_NO == 0 && Config.COVERED(13, 14) ? 4 : Config.__M_NO == 14 ? -4 : Config.__M_NO == 13 ? 0 : 4; |==> <NO-OP>
16:LVR:POS:0:bsh.JavaCharStream@hexval(char):26:5 |==> 0
17:LVR:POS:NEG:bsh.JavaCharStream@hexval(char):26:5 |==> -5
18:STD:<RETURN>:<NO-OP>:bsh.JavaCharStream@hexval(char):26:return Config.__M_NO == 0 && Config.COVERED(16, 17) ? 5 : Config.__M_NO == 17 ? -5 : Config.__M_NO == 16 ? 0 : 5; |==> <NO-OP>
19:LVR:POS:0:bsh.JavaCharStream@hexval(char):28:6 |==> 0
20:LVR:POS:NEG:bsh.JavaCharStream@hexval(char):28:6 |==> -6
21:STD:<RETURN>:<NO-OP>:bsh.JavaCharStream@hexval(char):28:return Config.__M_NO == 0 && Config.COVERED(19, 20) ? 6 : Config.__M_NO == 20 ? -6 : Config.__M_NO == 19 ? 0 : 6; |==> <NO-OP>
22:LVR:POS:0:bsh.JavaCharStream@hexval(char):30:7 |==> 0
23:LVR:POS:NEG:bsh.JavaCharStream@hexval(char):30:7 |==> -7
24:STD:<RETURN>:<NO-OP>:bsh.JavaCharStream@hexval(char):30:return Config.__M_NO == 0 && Config.COVERED(22, 23) ? 7 : Config.__M_NO == 23 ? -7 : Config.__M_NO == 22 ? 0 : 7; |==> <NO-OP>
25:LVR:POS:0:bsh.JavaCharStream@hexval(char):32:8 |==> 0
26:LVR:POS:NEG:bsh.JavaCharStream@hexval(char):32:8 |==> -8
27:STD:<RETURN>:<NO-OP>:bsh.JavaCharStream@hexval(char):32:return Config.__M_NO == 0 && Config.COVERED(25, 26) ? 8 : Config.__M_NO == 26 ? -8 : Config.__M_NO == 25 ? 0 : 8; |==> <NO-OP>
28:LVR:POS:0:bsh.JavaCharStream@hexval(char):34:9 |==> 0
29:LVR:POS:NEG:bsh.JavaCharStream@hexval(char):34:9 |==> -9
30:STD:<RETURN>:<NO-OP>:bsh.JavaCharStream@hexval(char):34:return Config.__M_NO == 0 && Config.COVERED(28, 29) ? 9 : Config.__M_NO == 29 ? -9 : Config.__M_NO == 28 ? 0 : 9; |==> <NO-OP>
31:LVR:POS:0:bsh.JavaCharStream@hexval(char):38:10 |==> 0
32:LVR:POS:NEG:bsh.JavaCharStream@hexval(char):38:10 |==> -10
33:STD:<RETURN>:<NO-OP>:bsh.JavaCharStream@hexval(char):38:return Config.__M_NO == 0 && Config.COVERED(31, 32) ? 10 : Config.__M_NO == 32 ? -10 : Config.__M_NO == 31 ? 0 : 10; |==> <NO-OP>
34:LVR:POS:0:bsh.JavaCharStream@hexval(char):41:11 |==> 0
35:LVR:POS:NEG:bsh.JavaCharStream@hexval(char):41:11 |==> -11
36:STD:<RETURN>:<NO-OP>:bsh.JavaCharStream@hexval(char):41:return Config.__M_NO == 0 && Config.COVERED(34, 35) ? 11 : Config.__M_NO == 35 ? -11 : Config.__M_NO == 34 ? 0 : 11; |==> <NO-OP>
37:LVR:POS:0:bsh.JavaCharStream@hexval(char):44:12 |==> 0
38:LVR:POS:NEG:bsh.JavaCharStream@hexval(char):44:12 |==> -12
39:STD:<RETURN>:<NO-OP>:bsh.JavaCharStream@hexval(char):44:return Config.__M_NO == 0 && Config.COVERED(37, 38) ? 12 : Config.__M_NO == 38 ? -12 : Config.__M_NO == 37 ? 0 : 12; |==> <NO-OP>
40:LVR:POS:0:bsh.JavaCharStream@hexval(char):47:13 |==> 0
41:LVR:POS:NEG:bsh.JavaCharStream@hexval(char):47:13 |==> -13
42:STD:<RETURN>:<NO-OP>:bsh.JavaCharStream@hexval(char):47:return Config.__M_NO == 0 && Config.COVERED(40, 41) ? 13 : Config.__M_NO == 41 ? -13 : Config.__M_NO == 40 ? 0 : 13; |==> <NO-OP>
43:LVR:POS:0:bsh.JavaCharStream@hexval(char):50:14 |==> 0
44:LVR:POS:NEG:bsh.JavaCharStream@hexval(char):50:14 |==> -14
45:STD:<RETURN>:<NO-OP>:bsh.JavaCharStream@hexval(char):50:return Config.__M_NO == 0 && Config.COVERED(43, 44) ? 14 : Config.__M_NO == 44 ? -14 : Config.__M_NO == 43 ? 0 : 14; |==> <NO-OP>
46:LVR:POS:0:bsh.JavaCharStream@hexval(char):53:15 |==> 0
47:LVR:POS:NEG:bsh.JavaCharStream@hexval(char):53:15 |==> -15
48:STD:<RETURN>:<NO-OP>:bsh.JavaCharStream@hexval(char):53:return Config.__M_NO == 0 && Config.COVERED(46, 47) ? 15 : Config.__M_NO == 47 ? -15 : Config.__M_NO == 46 ? 0 : 15; |==> <NO-OP>
49:LVR:NEG:0:bsh.JavaCharStream:59:-1 |==> 0
50:LVR:NEG:POS:bsh.JavaCharStream:59:-1 |==> 1
51:LVR:0:POS:bsh.JavaCharStream:66:0 |==> 1
52:LVR:0:NEG:bsh.JavaCharStream:66:0 |==> -1
53:LVR:POS:0:bsh.JavaCharStream:67:1 |==> 0
54:LVR:POS:NEG:bsh.JavaCharStream:67:1 |==> -1
55:LVR:FALSE:TRUE:bsh.JavaCharStream:69:false |==> true
56:LVR:FALSE:TRUE:bsh.JavaCharStream:70:false |==> true
57:LVR:0:POS:bsh.JavaCharStream:76:0 |==> 1
58:LVR:0:NEG:bsh.JavaCharStream:76:0 |==> -1
59:LVR:NEG:0:bsh.JavaCharStream:77:-1 |==> 0
60:LVR:NEG:POS:bsh.JavaCharStream:77:-1 |==> 1
61:LVR:0:POS:bsh.JavaCharStream:78:0 |==> 1
62:LVR:0:NEG:bsh.JavaCharStream:78:0 |==> -1
63:LVR:POS:0:bsh.JavaCharStream@ExpandBuff(boolean):82:2048 |==> 0
64:LVR:POS:NEG:bsh.JavaCharStream@ExpandBuff(boolean):82:2048 |==> -2048
65:AOR:+(int,int):%(int,int):bsh.JavaCharStream@ExpandBuff(boolean):82:bufsize + 2048 |==> bufsize % 2048
66:AOR:+(int,int):*(int,int):bsh.JavaCharStream@ExpandBuff(boolean):82:bufsize + 2048 |==> bufsize * 2048
67:AOR:+(int,int):-(int,int):bsh.JavaCharStream@ExpandBuff(boolean):82:bufsize + 2048 |==> bufsize - 2048
68:AOR:+(int,int):/(int,int):bsh.JavaCharStream@ExpandBuff(boolean):82:bufsize + 2048 |==> bufsize / 2048
69:LVR:POS:0:bsh.JavaCharStream@ExpandBuff(boolean):83:2048 |==> 0
70:LVR:POS:NEG:bsh.JavaCharStream@ExpandBuff(boolean):83:2048 |==> -2048
71:AOR:+(int,int):%(int,int):bsh.JavaCharStream@ExpandBuff(boolean):83:bufsize + 2048 |==> bufsize % 2048
72:AOR:+(int,int):*(int,int):bsh.JavaCharStream@ExpandBuff(boolean):83:bufsize + 2048 |==> bufsize * 2048
73:AOR:+(int,int):-(int,int):bsh.JavaCharStream@ExpandBuff(boolean):83:bufsize + 2048 |==> bufsize - 2048
74:AOR:+(int,int):/(int,int):bsh.JavaCharStream@ExpandBuff(boolean):83:bufsize + 2048 |==> bufsize / 2048
75:LVR:POS:0:bsh.JavaCharStream@ExpandBuff(boolean):84:2048 |==> 0
76:LVR:POS:NEG:bsh.JavaCharStream@ExpandBuff(boolean):84:2048 |==> -2048
77:AOR:+(int,int):%(int,int):bsh.JavaCharStream@ExpandBuff(boolean):84:bufsize + 2048 |==> bufsize % 2048
78:AOR:+(int,int):*(int,int):bsh.JavaCharStream@ExpandBuff(boolean):84:bufsize + 2048 |==> bufsize * 2048
79:AOR:+(int,int):-(int,int):bsh.JavaCharStream@ExpandBuff(boolean):84:bufsize + 2048 |==> bufsize - 2048
80:AOR:+(int,int):/(int,int):bsh.JavaCharStream@ExpandBuff(boolean):84:bufsize + 2048 |==> bufsize / 2048
81:COR:wrapAround:TRUE:bsh.JavaCharStream@ExpandBuff(boolean):88:wrapAround |==> false
82:COR:wrapAround:FALSE:bsh.JavaCharStream@ExpandBuff(boolean):88:wrapAround |==> true
83:LVR:0:POS:bsh.JavaCharStream@ExpandBuff(boolean):90:0 |==> 1
84:LVR:0:NEG:bsh.JavaCharStream@ExpandBuff(boolean):90:0 |==> -1
85:AOR:-(int,int):%(int,int):bsh.JavaCharStream@ExpandBuff(boolean):90:bufsize - tokenBegin |==> bufsize % tokenBegin
86:AOR:-(int,int):*(int,int):bsh.JavaCharStream@ExpandBuff(boolean):90:bufsize - tokenBegin |==> bufsize * tokenBegin
87:AOR:-(int,int):+(int,int):bsh.JavaCharStream@ExpandBuff(boolean):90:bufsize - tokenBegin |==> bufsize + tokenBegin
88:AOR:-(int,int):/(int,int):bsh.JavaCharStream@ExpandBuff(boolean):90:bufsize - tokenBegin |==> bufsize / tokenBegin
89:STD:<CALL>:<NO-OP>:bsh.JavaCharStream@ExpandBuff(boolean):90:System.arraycopy(buffer, tokenBegin, newbuffer, 0, bufsize - tokenBegin) |==> <NO-OP>
90:LVR:0:POS:bsh.JavaCharStream@ExpandBuff(boolean):91:0 |==> 1
91:LVR:0:NEG:bsh.JavaCharStream@ExpandBuff(boolean):91:0 |==> -1
92:AOR:-(int,int):%(int,int):bsh.JavaCharStream@ExpandBuff(boolean):92:bufsize - tokenBegin |==> bufsize % tokenBegin
93:AOR:-(int,int):*(int,int):bsh.JavaCharStream@ExpandBuff(boolean):92:bufsize - tokenBegin |==> bufsize * tokenBegin
94:AOR:-(int,int):+(int,int):bsh.JavaCharStream@ExpandBuff(boolean):92:bufsize - tokenBegin |==> bufsize + tokenBegin
95:AOR:-(int,int):/(int,int):bsh.JavaCharStream@ExpandBuff(boolean):92:bufsize - tokenBegin |==> bufsize / tokenBegin
96:STD:<CALL>:<NO-OP>:bsh.JavaCharStream@ExpandBuff(boolean):91:System.arraycopy(buffer, 0, newbuffer, bufsize - tokenBegin, bufpos) |==> <NO-OP>
97:STD:<ASSIGN>:<NO-OP>:bsh.JavaCharStream@ExpandBuff(boolean):93:buffer = newbuffer |==> <NO-OP>
98:LVR:0:POS:bsh.JavaCharStream@ExpandBuff(boolean):95:0 |==> 1
99:LVR:0:NEG:bsh.JavaCharStream@ExpandBuff(boolean):95:0 |==> -1
100:AOR:-(int,int):%(int,int):bsh.JavaCharStream@ExpandBuff(boolean):95:bufsize - tokenBegin |==> bufsize % tokenBegin
101:AOR:-(int,int):*(int,int):bsh.JavaCharStream@ExpandBuff(boolean):95:bufsize - tokenBegin |==> bufsize * tokenBegin
102:AOR:-(int,int):+(int,int):bsh.JavaCharStream@ExpandBuff(boolean):95:bufsize - tokenBegin |==> bufsize + tokenBegin
103:AOR:-(int,int):/(int,int):bsh.JavaCharStream@ExpandBuff(boolean):95:bufsize - tokenBegin |==> bufsize / tokenBegin
104:STD:<CALL>:<NO-OP>:bsh.JavaCharStream@ExpandBuff(boolean):95:System.arraycopy(bufline, tokenBegin, newbufline, 0, bufsize - tokenBegin) |==> <NO-OP>
105:LVR:0:POS:bsh.JavaCharStream@ExpandBuff(boolean):96:0 |==> 1
106:LVR:0:NEG:bsh.JavaCharStream@ExpandBuff(boolean):96:0 |==> -1
107:AOR:-(int,int):%(int,int):bsh.JavaCharStream@ExpandBuff(boolean):96:bufsize - tokenBegin |==> bufsize % tokenBegin
108:AOR:-(int,int):*(int,int):bsh.JavaCharStream@ExpandBuff(boolean):96:bufsize - tokenBegin |==> bufsize * tokenBegin
109:AOR:-(int,int):+(int,int):bsh.JavaCharStream@ExpandBuff(boolean):96:bufsize - tokenBegin |==> bufsize + tokenBegin
110:AOR:-(int,int):/(int,int):bsh.JavaCharStream@ExpandBuff(boolean):96:bufsize - tokenBegin |==> bufsize / tokenBegin
111:STD:<CALL>:<NO-OP>:bsh.JavaCharStream@ExpandBuff(boolean):96:System.arraycopy(bufline, 0, newbufline, bufsize - tokenBegin, bufpos) |==> <NO-OP>
112:STD:<ASSIGN>:<NO-OP>:bsh.JavaCharStream@ExpandBuff(boolean):97:bufline = newbufline |==> <NO-OP>
113:LVR:0:POS:bsh.JavaCharStream@ExpandBuff(boolean):99:0 |==> 1
114:LVR:0:NEG:bsh.JavaCharStream@ExpandBuff(boolean):99:0 |==> -1
115:AOR:-(int,int):%(int,int):bsh.JavaCharStream@ExpandBuff(boolean):99:bufsize - tokenBegin |==> bufsize % tokenBegin
116:AOR:-(int,int):*(int,int):bsh.JavaCharStream@ExpandBuff(boolean):99:bufsize - tokenBegin |==> bufsize * tokenBegin
117:AOR:-(int,int):+(int,int):bsh.JavaCharStream@ExpandBuff(boolean):99:bufsize - tokenBegin |==> bufsize + tokenBegin
118:AOR:-(int,int):/(int,int):bsh.JavaCharStream@ExpandBuff(boolean):99:bufsize - tokenBegin |==> bufsize / tokenBegin
119:STD:<CALL>:<NO-OP>:bsh.JavaCharStream@ExpandBuff(boolean):99:System.arraycopy(bufcolumn, tokenBegin, newbufcolumn, 0, bufsize - tokenBegin) |==> <NO-OP>
120:LVR:0:POS:bsh.JavaCharStream@ExpandBuff(boolean):100:0 |==> 1
121:LVR:0:NEG:bsh.JavaCharStream@ExpandBuff(boolean):100:0 |==> -1
122:AOR:-(int,int):%(int,int):bsh.JavaCharStream@ExpandBuff(boolean):100:bufsize - tokenBegin |==> bufsize % tokenBegin
123:AOR:-(int,int):*(int,int):bsh.JavaCharStream@ExpandBuff(boolean):100:bufsize - tokenBegin |==> bufsize * tokenBegin
124:AOR:-(int,int):+(int,int):bsh.JavaCharStream@ExpandBuff(boolean):100:bufsize - tokenBegin |==> bufsize + tokenBegin
125:AOR:-(int,int):/(int,int):bsh.JavaCharStream@ExpandBuff(boolean):100:bufsize - tokenBegin |==> bufsize / tokenBegin
126:STD:<CALL>:<NO-OP>:bsh.JavaCharStream@ExpandBuff(boolean):100:System.arraycopy(bufcolumn, 0, newbufcolumn, bufsize - tokenBegin, bufpos) |==> <NO-OP>
127:STD:<ASSIGN>:<NO-OP>:bsh.JavaCharStream@ExpandBuff(boolean):101:bufcolumn = newbufcolumn |==> <NO-OP>
128:AOR:-(int,int):%(int,int):bsh.JavaCharStream@ExpandBuff(boolean):103:bufsize - tokenBegin |==> bufsize % tokenBegin
129:AOR:-(int,int):*(int,int):bsh.JavaCharStream@ExpandBuff(boolean):103:bufsize - tokenBegin |==> bufsize * tokenBegin
130:AOR:-(int,int):+(int,int):bsh.JavaCharStream@ExpandBuff(boolean):103:bufsize - tokenBegin |==> bufsize + tokenBegin
131:AOR:-(int,int):/(int,int):bsh.JavaCharStream@ExpandBuff(boolean):103:bufsize - tokenBegin |==> bufsize / tokenBegin
132:STD:<ASSIGN>:<NO-OP>:bsh.JavaCharStream@ExpandBuff(boolean):103:bufpos += (bufsize - tokenBegin) |==> <NO-OP>
133:LVR:0:POS:bsh.JavaCharStream@ExpandBuff(boolean):107:0 |==> 1
134:LVR:0:NEG:bsh.JavaCharStream@ExpandBuff(boolean):107:0 |==> -1
135:AOR:-(int,int):%(int,int):bsh.JavaCharStream@ExpandBuff(boolean):107:bufsize - tokenBegin |==> bufsize % tokenBegin
136:AOR:-(int,int):*(int,int):bsh.JavaCharStream@ExpandBuff(boolean):107:bufsize - tokenBegin |==> bufsize * tokenBegin
137:AOR:-(int,int):+(int,int):bsh.JavaCharStream@ExpandBuff(boolean):107:bufsize - tokenBegin |==> bufsize + tokenBegin
138:AOR:-(int,int):/(int,int):bsh.JavaCharStream@ExpandBuff(boolean):107:bufsize - tokenBegin |==> bufsize / tokenBegin
139:STD:<CALL>:<NO-OP>:bsh.JavaCharStream@ExpandBuff(boolean):107:System.arraycopy(buffer, tokenBegin, newbuffer, 0, bufsize - tokenBegin) |==> <NO-OP>
140:STD:<ASSIGN>:<NO-OP>:bsh.JavaCharStream@ExpandBuff(boolean):108:buffer = newbuffer |==> <NO-OP>
141:LVR:0:POS:bsh.JavaCharStream@ExpandBuff(boolean):110:0 |==> 1
142:LVR:0:NEG:bsh.JavaCharStream@ExpandBuff(boolean):110:0 |==> -1
143:AOR:-(int,int):%(int,int):bsh.JavaCharStream@ExpandBuff(boolean):110:bufsize - tokenBegin |==> bufsize % tokenBegin
144:AOR:-(int,int):*(int,int):bsh.JavaCharStream@ExpandBuff(boolean):110:bufsize - tokenBegin |==> bufsize * tokenBegin
145:AOR:-(int,int):+(int,int):bsh.JavaCharStream@ExpandBuff(boolean):110:bufsize - tokenBegin |==> bufsize + tokenBegin
146:AOR:-(int,int):/(int,int):bsh.JavaCharStream@ExpandBuff(boolean):110:bufsize - tokenBegin |==> bufsize / tokenBegin
147:STD:<CALL>:<NO-OP>:bsh.JavaCharStream@ExpandBuff(boolean):110:System.arraycopy(bufline, tokenBegin, newbufline, 0, bufsize - tokenBegin) |==> <NO-OP>
148:STD:<ASSIGN>:<NO-OP>:bsh.JavaCharStream@ExpandBuff(boolean):111:bufline = newbufline |==> <NO-OP>
149:LVR:0:POS:bsh.JavaCharStream@ExpandBuff(boolean):113:0 |==> 1
150:LVR:0:NEG:bsh.JavaCharStream@ExpandBuff(boolean):113:0 |==> -1
151:AOR:-(int,int):%(int,int):bsh.JavaCharStream@ExpandBuff(boolean):113:bufsize - tokenBegin |==> bufsize % tokenBegin
152:AOR:-(int,int):*(int,int):bsh.JavaCharStream@ExpandBuff(boolean):113:bufsize - tokenBegin |==> bufsize * tokenBegin
153:AOR:-(int,int):+(int,int):bsh.JavaCharStream@ExpandBuff(boolean):113:bufsize - tokenBegin |==> bufsize + tokenBegin
154:AOR:-(int,int):/(int,int):bsh.JavaCharStream@ExpandBuff(boolean):113:bufsize - tokenBegin |==> bufsize / tokenBegin
155:STD:<CALL>:<NO-OP>:bsh.JavaCharStream@ExpandBuff(boolean):113:System.arraycopy(bufcolumn, tokenBegin, newbufcolumn, 0, bufsize - tokenBegin) |==> <NO-OP>
156:STD:<ASSIGN>:<NO-OP>:bsh.JavaCharStream@ExpandBuff(boolean):114:bufcolumn = newbufcolumn |==> <NO-OP>
157:STD:<ASSIGN>:<NO-OP>:bsh.JavaCharStream@ExpandBuff(boolean):116:bufpos -= tokenBegin |==> <NO-OP>
158:LVR:POS:0:bsh.JavaCharStream@ExpandBuff(boolean):124:2048 |==> 0
159:LVR:POS:NEG:bsh.JavaCharStream@ExpandBuff(boolean):124:2048 |==> -2048
160:STD:<ASSIGN>:<NO-OP>:bsh.JavaCharStream@ExpandBuff(boolean):124:available = (bufsize += 2048) |==> <NO-OP>
161:LVR:0:POS:bsh.JavaCharStream@ExpandBuff(boolean):125:0 |==> 1
162:LVR:0:NEG:bsh.JavaCharStream@ExpandBuff(boolean):125:0 |==> -1
163:STD:<ASSIGN>:<NO-OP>:bsh.JavaCharStream@ExpandBuff(boolean):125:tokenBegin = 0 |==> <NO-OP>
164:LVR:POS:0:bsh.JavaCharStream@FillBuff():131:4096 |==> 0
165:LVR:POS:NEG:bsh.JavaCharStream@FillBuff():131:4096 |==> -4096
166:ROR:==(int,int):<=(int,int):bsh.JavaCharStream@FillBuff():131:maxNextCharInd == 4096 |==> maxNextCharInd <= 4096
167:ROR:==(int,int):>=(int,int):bsh.JavaCharStream@FillBuff():131:maxNextCharInd == 4096 |==> maxNextCharInd >= 4096
168:ROR:==(int,int):FALSE(int,int):bsh.JavaCharStream@FillBuff():131:maxNextCharInd == 4096 |==> false
169:LVR:0:POS:bsh.JavaCharStream@FillBuff():132:0 |==> 1
170:LVR:0:NEG:bsh.JavaCharStream@FillBuff():132:0 |==> -1
171:STD:<ASSIGN>:<NO-OP>:bsh.JavaCharStream@FillBuff():132:maxNextCharInd = nextCharInd = 0 |==> <NO-OP>
172:LVR:POS:0:bsh.JavaCharStream@FillBuff():136:4096 |==> 0
173:LVR:POS:NEG:bsh.JavaCharStream@FillBuff():136:4096 |==> -4096
174:AOR:-(int,int):%(int,int):bsh.JavaCharStream@FillBuff():136:4096 - maxNextCharInd |==> 4096 % maxNextCharInd
175:AOR:-(int,int):*(int,int):bsh.JavaCharStream@FillBuff():136:4096 - maxNextCharInd |==> 4096 * maxNextCharInd
176:AOR:-(int,int):+(int,int):bsh.JavaCharStream@FillBuff():136:4096 - maxNextCharInd |==> 4096 + maxNextCharInd
177:AOR:-(int,int):/(int,int):bsh.JavaCharStream@FillBuff():136:4096 - maxNextCharInd |==> 4096 / maxNextCharInd
178:LVR:NEG:0:bsh.JavaCharStream@FillBuff():136:-1 |==> 0
179:LVR:NEG:POS:bsh.JavaCharStream@FillBuff():136:-1 |==> 1
180:ROR:==(int,int):<=(int,int):bsh.JavaCharStream@FillBuff():135:(i = inputStream.read(nextCharBuf, maxNextCharInd, 4096 - maxNextCharInd)) == -1 |==> (i = inputStream.read(nextCharBuf, maxNextCharInd, 4096 - maxNextCharInd)) <= -1
181:ROR:==(int,int):>=(int,int):bsh.JavaCharStream@FillBuff():135:(i = inputStream.read(nextCharBuf, maxNextCharInd, 4096 - maxNextCharInd)) == -1 |==> (i = inputStream.read(nextCharBuf, maxNextCharInd, 4096 - maxNextCharInd)) >= -1
182:STD:<CALL>:<NO-OP>:bsh.JavaCharStream@FillBuff():138:inputStream.close() |==> <NO-OP>
183:STD:<ASSIGN>:<NO-OP>:bsh.JavaCharStream@FillBuff():142:maxNextCharInd += i |==> <NO-OP>
184:STD:<RETURN>:<NO-OP>:bsh.JavaCharStream@FillBuff():143:return; |==> <NO-OP>
185:LVR:0:POS:bsh.JavaCharStream@FillBuff():146:0 |==> 1
186:LVR:0:NEG:bsh.JavaCharStream@FillBuff():146:0 |==> -1
187:ROR:!=(int,int):<(int,int):bsh.JavaCharStream@FillBuff():146:bufpos != 0 |==> bufpos < 0
188:ROR:!=(int,int):>(int,int):bsh.JavaCharStream@FillBuff():146:bufpos != 0 |==> bufpos > 0
189:ROR:!=(int,int):TRUE(int,int):bsh.JavaCharStream@FillBuff():146:bufpos != 0 |==> true
190:STD:<DEC>:<NO-OP>:bsh.JavaCharStream@FillBuff():148:--bufpos |==> <NO-OP>
191:LVR:0:POS:bsh.JavaCharStream@FillBuff():149:0 |==> 1
192:LVR:0:NEG:bsh.JavaCharStream@FillBuff():149:0 |==> -1
193:STD:<CALL>:<NO-OP>:bsh.JavaCharStream@FillBuff():149:backup(0) |==> <NO-OP>
194:STD:<ASSIGN>:<NO-OP>:bsh.JavaCharStream@FillBuff():153:bufline[bufpos] = line |==> <NO-OP>
195:STD:<ASSIGN>:<NO-OP>:bsh.JavaCharStream@FillBuff():154:bufcolumn[bufpos] = column |==> <NO-OP>
196:ROR:>=(int,int):==(int,int):bsh.JavaCharStream@ReadByte():162:++nextCharInd >= maxNextCharInd |==> ++nextCharInd == maxNextCharInd
197:ROR:>=(int,int):>(int,int):bsh.JavaCharStream@ReadByte():162:++nextCharInd >= maxNextCharInd |==> ++nextCharInd > maxNextCharInd
198:ROR:>=(int,int):TRUE(int,int):bsh.JavaCharStream@ReadByte():162:++nextCharInd >= maxNextCharInd |==> true
199:STD:<CALL>:<NO-OP>:bsh.JavaCharStream@ReadByte():163:FillBuff() |==> <NO-OP>
200:EVR:<ARRAY_ACCESS(char)>:<DEFAULT>:bsh.JavaCharStream@ReadByte():165:nextCharBuf[nextCharInd] |==> 0
201:LVR:0:POS:bsh.JavaCharStream@BeginToken():170:0 |==> 1
202:LVR:0:NEG:bsh.JavaCharStream@BeginToken():170:0 |==> -1
203:ROR:>(int,int):!=(int,int):bsh.JavaCharStream@BeginToken():170:inBuf > 0 |==> inBuf != 0
204:ROR:>(int,int):>=(int,int):bsh.JavaCharStream@BeginToken():170:inBuf > 0 |==> inBuf >= 0
205:ROR:>(int,int):FALSE(int,int):bsh.JavaCharStream@BeginToken():170:inBuf > 0 |==> false
206:STD:<DEC>:<NO-OP>:bsh.JavaCharStream@BeginToken():172:--inBuf |==> <NO-OP>
207:ROR:==(int,int):<=(int,int):bsh.JavaCharStream@BeginToken():174:++bufpos == bufsize |==> ++bufpos <= bufsize
208:ROR:==(int,int):>=(int,int):bsh.JavaCharStream@BeginToken():174:++bufpos == bufsize |==> ++bufpos >= bufsize
209:ROR:==(int,int):FALSE(int,int):bsh.JavaCharStream@BeginToken():174:++bufpos == bufsize |==> false
210:LVR:0:POS:bsh.JavaCharStream@BeginToken():175:0 |==> 1
211:LVR:0:NEG:bsh.JavaCharStream@BeginToken():175:0 |==> -1
212:STD:<ASSIGN>:<NO-OP>:bsh.JavaCharStream@BeginToken():175:bufpos = 0 |==> <NO-OP>
213:STD:<ASSIGN>:<NO-OP>:bsh.JavaCharStream@BeginToken():177:tokenBegin = bufpos |==> <NO-OP>
214:STD:<RETURN>:<NO-OP>:bsh.JavaCharStream@BeginToken():178:return buffer[bufpos]; |==> <NO-OP>
215:LVR:0:POS:bsh.JavaCharStream@BeginToken():181:0 |==> 1
216:LVR:0:NEG:bsh.JavaCharStream@BeginToken():181:0 |==> -1
217:STD:<ASSIGN>:<NO-OP>:bsh.JavaCharStream@BeginToken():181:tokenBegin = 0 |==> <NO-OP>
218:LVR:NEG:0:bsh.JavaCharStream@BeginToken():182:-1 |==> 0
219:LVR:NEG:POS:bsh.JavaCharStream@BeginToken():182:-1 |==> 1
220:STD:<ASSIGN>:<NO-OP>:bsh.JavaCharStream@BeginToken():182:bufpos = -1 |==> <NO-OP>
221:EVR:<METHOD_INVOCATION(char)>:<DEFAULT>:bsh.JavaCharStream@BeginToken():184:readChar() |==> 0
222:ROR:==(int,int):<=(int,int):bsh.JavaCharStream@AdjustBuffSize():189:available == bufsize |==> available <= bufsize
223:ROR:==(int,int):>=(int,int):bsh.JavaCharStream@AdjustBuffSize():189:available == bufsize |==> available >= bufsize
224:ROR:==(int,int):FALSE(int,int):bsh.JavaCharStream@AdjustBuffSize():189:available == bufsize |==> false
225:LVR:POS:0:bsh.JavaCharStream@AdjustBuffSize():191:2048 |==> 0
226:LVR:POS:NEG:bsh.JavaCharStream@AdjustBuffSize():191:2048 |==> -2048
227:ROR:>(int,int):!=(int,int):bsh.JavaCharStream@AdjustBuffSize():191:tokenBegin > 2048 |==> tokenBegin != 2048
228:ROR:>(int,int):>=(int,int):bsh.JavaCharStream@AdjustBuffSize():191:tokenBegin > 2048 |==> tokenBegin >= 2048
229:ROR:>(int,int):FALSE(int,int):bsh.JavaCharStream@AdjustBuffSize():191:tokenBegin > 2048 |==> false
230:LVR:0:POS:bsh.JavaCharStream@AdjustBuffSize():193:0 |==> 1
231:LVR:0:NEG:bsh.JavaCharStream@AdjustBuffSize():193:0 |==> -1
232:STD:<ASSIGN>:<NO-OP>:bsh.JavaCharStream@AdjustBuffSize():193:bufpos = 0 |==> <NO-OP>
233:STD:<ASSIGN>:<NO-OP>:bsh.JavaCharStream@AdjustBuffSize():194:available = tokenBegin |==> <NO-OP>
234:LVR:FALSE:TRUE:bsh.JavaCharStream@AdjustBuffSize():197:false |==> true
235:STD:<CALL>:<NO-OP>:bsh.JavaCharStream@AdjustBuffSize():197:ExpandBuff(false) |==> <NO-OP>
236:ROR:>(int,int):!=(int,int):bsh.JavaCharStream@AdjustBuffSize():199:available > tokenBegin |==> available != tokenBegin
237:ROR:>(int,int):>=(int,int):bsh.JavaCharStream@AdjustBuffSize():199:available > tokenBegin |==> available >= tokenBegin
238:ROR:>(int,int):FALSE(int,int):bsh.JavaCharStream@AdjustBuffSize():199:available > tokenBegin |==> false
239:STD:<ASSIGN>:<NO-OP>:bsh.JavaCharStream@AdjustBuffSize():200:available = bufsize |==> <NO-OP>
240:AOR:-(int,int):%(int,int):bsh.JavaCharStream@AdjustBuffSize():201:tokenBegin - available |==> tokenBegin % available
241:AOR:-(int,int):*(int,int):bsh.JavaCharStream@AdjustBuffSize():201:tokenBegin - available |==> tokenBegin * available
242:AOR:-(int,int):+(int,int):bsh.JavaCharStream@AdjustBuffSize():201:tokenBegin - available |==> tokenBegin + available
243:AOR:-(int,int):/(int,int):bsh.JavaCharStream@AdjustBuffSize():201:tokenBegin - available |==> tokenBegin / available
244:LVR:POS:0:bsh.JavaCharStream@AdjustBuffSize():201:2048 |==> 0
245:LVR:POS:NEG:bsh.JavaCharStream@AdjustBuffSize():201:2048 |==> -2048
246:ROR:<(int,int):!=(int,int):bsh.JavaCharStream@AdjustBuffSize():201:(tokenBegin - available) < 2048 |==> (tokenBegin - available) != 2048
247:ROR:<(int,int):<=(int,int):bsh.JavaCharStream@AdjustBuffSize():201:(tokenBegin - available) < 2048 |==> (tokenBegin - available) <= 2048
248:ROR:<(int,int):FALSE(int,int):bsh.JavaCharStream@AdjustBuffSize():201:(tokenBegin - available) < 2048 |==> false
249:LVR:TRUE:FALSE:bsh.JavaCharStream@AdjustBuffSize():202:true |==> false
250:STD:<CALL>:<NO-OP>:bsh.JavaCharStream@AdjustBuffSize():202:ExpandBuff(true) |==> <NO-OP>
251:STD:<ASSIGN>:<NO-OP>:bsh.JavaCharStream@AdjustBuffSize():204:available = tokenBegin |==> <NO-OP>
252:STD:<INC>:<NO-OP>:bsh.JavaCharStream@UpdateLineColumn(char):209:column++ |==> <NO-OP>
253:COR:prevCharIsLF:TRUE:bsh.JavaCharStream@UpdateLineColumn(char):211:prevCharIsLF |==> false
254:COR:prevCharIsLF:FALSE:bsh.JavaCharStream@UpdateLineColumn(char):211:prevCharIsLF |==> true
255:LVR:FALSE:TRUE:bsh.JavaCharStream@UpdateLineColumn(char):213:false |==> true
256:STD:<ASSIGN>:<NO-OP>:bsh.JavaCharStream@UpdateLineColumn(char):213:prevCharIsLF = false |==> <NO-OP>
257:LVR:POS:0:bsh.JavaCharStream@UpdateLineColumn(char):214:1 |==> 0
258:LVR:POS:NEG:bsh.JavaCharStream@UpdateLineColumn(char):214:1 |==> -1
259:STD:<ASSIGN>:<NO-OP>:bsh.JavaCharStream@UpdateLineColumn(char):214:line += (column = 1) |==> <NO-OP>
260:COR:prevCharIsCR:TRUE:bsh.JavaCharStream@UpdateLineColumn(char):216:prevCharIsCR |==> false
261:COR:prevCharIsCR:FALSE:bsh.JavaCharStream@UpdateLineColumn(char):216:prevCharIsCR |==> true
262:LVR:FALSE:TRUE:bsh.JavaCharStream@UpdateLineColumn(char):218:false |==> true
263:STD:<ASSIGN>:<NO-OP>:bsh.JavaCharStream@UpdateLineColumn(char):218:prevCharIsCR = false |==> <NO-OP>
264:ROR:==(int,int):<=(int,int):bsh.JavaCharStream@UpdateLineColumn(char):219:c == '\n' |==> c <= '\n'
265:ROR:==(int,int):>=(int,int):bsh.JavaCharStream@UpdateLineColumn(char):219:c == '\n' |==> c >= '\n'
266:ROR:==(int,int):FALSE(int,int):bsh.JavaCharStream@UpdateLineColumn(char):219:c == '\n' |==> false
267:LVR:TRUE:FALSE:bsh.JavaCharStream@UpdateLineColumn(char):221:true |==> false
268:STD:<ASSIGN>:<NO-OP>:bsh.JavaCharStream@UpdateLineColumn(char):221:prevCharIsLF = true |==> <NO-OP>
269:LVR:POS:0:bsh.JavaCharStream@UpdateLineColumn(char):224:1 |==> 0
270:LVR:POS:NEG:bsh.JavaCharStream@UpdateLineColumn(char):224:1 |==> -1
271:STD:<ASSIGN>:<NO-OP>:bsh.JavaCharStream@UpdateLineColumn(char):224:line += (column = 1) |==> <NO-OP>
272:LVR:TRUE:FALSE:bsh.JavaCharStream@UpdateLineColumn(char):230:true |==> false
273:STD:<ASSIGN>:<NO-OP>:bsh.JavaCharStream@UpdateLineColumn(char):230:prevCharIsCR = true |==> <NO-OP>
274:STD:<BREAK>:<NO-OP>:bsh.JavaCharStream@UpdateLineColumn(char):231:break; |==> <NO-OP>
275:LVR:TRUE:FALSE:bsh.JavaCharStream@UpdateLineColumn(char):233:true |==> false
276:STD:<ASSIGN>:<NO-OP>:bsh.JavaCharStream@UpdateLineColumn(char):233:prevCharIsLF = true |==> <NO-OP>
277:STD:<BREAK>:<NO-OP>:bsh.JavaCharStream@UpdateLineColumn(char):234:break; |==> <NO-OP>
278:STD:<DEC>:<NO-OP>:bsh.JavaCharStream@UpdateLineColumn(char):236:column-- |==> <NO-OP>
279:LVR:POS:0:bsh.JavaCharStream@UpdateLineColumn(char):237:8 |==> 0
280:LVR:POS:NEG:bsh.JavaCharStream@UpdateLineColumn(char):237:8 |==> -8
281:LVR:POS:0:bsh.JavaCharStream@UpdateLineColumn(char):237:7 |==> 0
282:LVR:POS:NEG:bsh.JavaCharStream@UpdateLineColumn(char):237:7 |==> -7
283:LOR:&(int,int):^(int,int):bsh.JavaCharStream@UpdateLineColumn(char):237:column & 7 |==> column ^ 7
284:LOR:&(int,int):|(int,int):bsh.JavaCharStream@UpdateLineColumn(char):237:column & 7 |==> column | 7
285:AOR:-(int,int):%(int,int):bsh.JavaCharStream@UpdateLineColumn(char):237:8 - (column & 7) |==> 8 % (column & 7)
286:AOR:-(int,int):*(int,int):bsh.JavaCharStream@UpdateLineColumn(char):237:8 - (column & 7) |==> 8 * (column & 7)
287:AOR:-(int,int):+(int,int):bsh.JavaCharStream@UpdateLineColumn(char):237:8 - (column & 7) |==> 8 + (column & 7)
288:AOR:-(int,int):/(int,int):bsh.JavaCharStream@UpdateLineColumn(char):237:8 - (column & 7) |==> 8 / (column & 7)
289:STD:<ASSIGN>:<NO-OP>:bsh.JavaCharStream@UpdateLineColumn(char):237:column += (8 - (column & 7)) |==> <NO-OP>
290:STD:<BREAK>:<NO-OP>:bsh.JavaCharStream@UpdateLineColumn(char):238:break; |==> <NO-OP>
291:STD:<BREAK>:<NO-OP>:bsh.JavaCharStream@UpdateLineColumn(char):240:break; |==> <NO-OP>
292:STD:<ASSIGN>:<NO-OP>:bsh.JavaCharStream@UpdateLineColumn(char):243:bufline[bufpos] = line |==> <NO-OP>
293:STD:<ASSIGN>:<NO-OP>:bsh.JavaCharStream@UpdateLineColumn(char):244:bufcolumn[bufpos] = column |==> <NO-OP>
294:LVR:0:POS:bsh.JavaCharStream@readChar():249:0 |==> 1
295:LVR:0:NEG:bsh.JavaCharStream@readChar():249:0 |==> -1
296:ROR:>(int,int):!=(int,int):bsh.JavaCharStream@readChar():249:inBuf > 0 |==> inBuf != 0
297:ROR:>(int,int):>=(int,int):bsh.JavaCharStream@readChar():249:inBuf > 0 |==> inBuf >= 0
298:ROR:>(int,int):FALSE(int,int):bsh.JavaCharStream@readChar():249:inBuf > 0 |==> false
299:STD:<DEC>:<NO-OP>:bsh.JavaCharStream@readChar():251:--inBuf |==> <NO-OP>
300:ROR:==(int,int):<=(int,int):bsh.JavaCharStream@readChar():253:++bufpos == bufsize |==> ++bufpos <= bufsize
301:ROR:==(int,int):>=(int,int):bsh.JavaCharStream@readChar():253:++bufpos == bufsize |==> ++bufpos >= bufsize
302:ROR:==(int,int):FALSE(int,int):bsh.JavaCharStream@readChar():253:++bufpos == bufsize |==> false
303:LVR:0:POS:bsh.JavaCharStream@readChar():254:0 |==> 1
304:LVR:0:NEG:bsh.JavaCharStream@readChar():254:0 |==> -1
305:STD:<ASSIGN>:<NO-OP>:bsh.JavaCharStream@readChar():254:bufpos = 0 |==> <NO-OP>
306:STD:<RETURN>:<NO-OP>:bsh.JavaCharStream@readChar():256:return buffer[bufpos]; |==> <NO-OP>
307:ROR:==(int,int):<=(int,int):bsh.JavaCharStream@readChar():261:++bufpos == available |==> ++bufpos <= available
308:ROR:==(int,int):>=(int,int):bsh.JavaCharStream@readChar():261:++bufpos == available |==> ++bufpos >= available
309:ROR:==(int,int):FALSE(int,int):bsh.JavaCharStream@readChar():261:++bufpos == available |==> false
310:STD:<CALL>:<NO-OP>:bsh.JavaCharStream@readChar():262:AdjustBuffSize() |==> <NO-OP>
311:ROR:==(int,int):<=(int,int):bsh.JavaCharStream@readChar():264:(buffer[bufpos] = c = ReadByte()) == '\\' |==> (buffer[bufpos] = c = ReadByte()) <= '\\'
312:ROR:==(int,int):>=(int,int):bsh.JavaCharStream@readChar():264:(buffer[bufpos] = c = ReadByte()) == '\\' |==> (buffer[bufpos] = c = ReadByte()) >= '\\'
313:ROR:==(int,int):FALSE(int,int):bsh.JavaCharStream@readChar():264:(buffer[bufpos] = c = ReadByte()) == '\\' |==> false
314:STD:<CALL>:<NO-OP>:bsh.JavaCharStream@readChar():266:UpdateLineColumn(c) |==> <NO-OP>
315:LVR:POS:0:bsh.JavaCharStream@readChar():268:1 |==> 0
316:LVR:POS:NEG:bsh.JavaCharStream@readChar():268:1 |==> -1
317:ROR:==(int,int):<=(int,int):bsh.JavaCharStream@readChar():272:++bufpos == available |==> ++bufpos <= available
318:ROR:==(int,int):>=(int,int):bsh.JavaCharStream@readChar():272:++bufpos == available |==> ++bufpos >= available
319:ROR:==(int,int):FALSE(int,int):bsh.JavaCharStream@readChar():272:++bufpos == available |==> false
320:STD:<CALL>:<NO-OP>:bsh.JavaCharStream@readChar():273:AdjustBuffSize() |==> <NO-OP>
321:ROR:!=(int,int):<(int,int):bsh.JavaCharStream@readChar():277:(buffer[bufpos] = c = ReadByte()) != '\\' |==> (buffer[bufpos] = c = ReadByte()) < '\\'
322:ROR:!=(int,int):>(int,int):bsh.JavaCharStream@readChar():277:(buffer[bufpos] = c = ReadByte()) != '\\' |==> (buffer[bufpos] = c = ReadByte()) > '\\'
323:ROR:!=(int,int):TRUE(int,int):bsh.JavaCharStream@readChar():277:(buffer[bufpos] = c = ReadByte()) != '\\' |==> true
324:STD:<CALL>:<NO-OP>:bsh.JavaCharStream@readChar():279:UpdateLineColumn(c) |==> <NO-OP>
325:ROR:==(int,int):<=(int,int):bsh.JavaCharStream@readChar():281:c == 'u' |==> c <= 'u'
326:ROR:==(int,int):>=(int,int):bsh.JavaCharStream@readChar():281:c == 'u' |==> c >= 'u'
327:ROR:==(int,int):FALSE(int,int):bsh.JavaCharStream@readChar():281:c == 'u' |==> false
328:LVR:POS:0:bsh.JavaCharStream@readChar():281:1 |==> 0
329:LVR:POS:NEG:bsh.JavaCharStream@readChar():281:1 |==> -1
330:LOR:&(int,int):^(int,int):bsh.JavaCharStream@readChar():281:backSlashCnt & 1 |==> backSlashCnt ^ 1
331:LOR:&(int,int):|(int,int):bsh.JavaCharStream@readChar():281:backSlashCnt & 1 |==> backSlashCnt | 1
332:LVR:POS:0:bsh.JavaCharStream@readChar():281:1 |==> 0
333:LVR:POS:NEG:bsh.JavaCharStream@readChar():281:1 |==> -1
334:ROR:==(int,int):<=(int,int):bsh.JavaCharStream@readChar():281:(backSlashCnt & 1) == 1 |==> (backSlashCnt & 1) <= 1
335:ROR:==(int,int):>=(int,int):bsh.JavaCharStream@readChar():281:(backSlashCnt & 1) == 1 |==> (backSlashCnt & 1) >= 1
336:ROR:==(int,int):FALSE(int,int):bsh.JavaCharStream@readChar():281:(backSlashCnt & 1) == 1 |==> false
337:COR:&&(boolean,boolean):==(boolean,boolean):bsh.JavaCharStream@readChar():281:(c == 'u') && ((backSlashCnt & 1) == 1) |==> (c == 'u') == ((backSlashCnt & 1) == 1)
338:COR:&&(boolean,boolean):FALSE(boolean,boolean):bsh.JavaCharStream@readChar():281:(c == 'u') && ((backSlashCnt & 1) == 1) |==> false
339:COR:&&(boolean,boolean):LHS(boolean,boolean):bsh.JavaCharStream@readChar():281:(c == 'u') && ((backSlashCnt & 1) == 1) |==> (c == 'u')
340:COR:&&(boolean,boolean):RHS(boolean,boolean):bsh.JavaCharStream@readChar():281:(c == 'u') && ((backSlashCnt & 1) == 1) |==> ((backSlashCnt & 1) == 1)
341:LVR:0:POS:bsh.JavaCharStream@readChar():283:0 |==> 1
342:LVR:0:NEG:bsh.JavaCharStream@readChar():283:0 |==> -1
343:ROR:<(int,int):!=(int,int):bsh.JavaCharStream@readChar():283:--bufpos < 0 |==> --bufpos != 0
344:ROR:<(int,int):<=(int,int):bsh.JavaCharStream@readChar():283:--bufpos < 0 |==> --bufpos <= 0
345:ROR:<(int,int):FALSE(int,int):bsh.JavaCharStream@readChar():283:--bufpos < 0 |==> false
346:LVR:POS:0:bsh.JavaCharStream@readChar():284:1 |==> 0
347:LVR:POS:NEG:bsh.JavaCharStream@readChar():284:1 |==> -1
348:AOR:-(int,int):%(int,int):bsh.JavaCharStream@readChar():284:bufsize - 1 |==> bufsize % 1
349:AOR:-(int,int):*(int,int):bsh.JavaCharStream@readChar():284:bufsize - 1 |==> bufsize * 1
350:AOR:-(int,int):+(int,int):bsh.JavaCharStream@readChar():284:bufsize - 1 |==> bufsize + 1
351:AOR:-(int,int):/(int,int):bsh.JavaCharStream@readChar():284:bufsize - 1 |==> bufsize / 1
352:STD:<ASSIGN>:<NO-OP>:bsh.JavaCharStream@readChar():284:bufpos = bufsize - 1 |==> <NO-OP>
353:STD:<BREAK>:<NO-OP>:bsh.JavaCharStream@readChar():286:break; |==> <NO-OP>
354:STD:<CALL>:<NO-OP>:bsh.JavaCharStream@readChar():289:backup(backSlashCnt) |==> <NO-OP>
355:LVR:POS:0:bsh.JavaCharStream@readChar():295:1 |==> 0
356:LVR:POS:NEG:bsh.JavaCharStream@readChar():295:1 |==> -1
357:ROR:>(int,int):!=(int,int):bsh.JavaCharStream@readChar():295:backSlashCnt > 1 |==> backSlashCnt != 1
358:ROR:>(int,int):>=(int,int):bsh.JavaCharStream@readChar():295:backSlashCnt > 1 |==> backSlashCnt >= 1
359:ROR:>(int,int):FALSE(int,int):bsh.JavaCharStream@readChar():295:backSlashCnt > 1 |==> false
360:STD:<CALL>:<NO-OP>:bsh.JavaCharStream@readChar():296:backup(backSlashCnt) |==> <NO-OP>
361:STD:<RETURN>:<NO-OP>:bsh.JavaCharStream@readChar():298:return '\\'; |==> <NO-OP>
362:STD:<CALL>:<NO-OP>:bsh.JavaCharStream@readChar():301:UpdateLineColumn(c) |==> <NO-OP>
363:STD:<INC>:<NO-OP>:bsh.JavaCharStream@readChar():302:backSlashCnt++ |==> <NO-OP>
364:ROR:==(int,int):<=(int,int):bsh.JavaCharStream@readChar():308:(c = ReadByte()) == 'u' |==> (c = ReadByte()) <= 'u'
365:ROR:==(int,int):>=(int,int):bsh.JavaCharStream@readChar():308:(c = ReadByte()) == 'u' |==> (c = ReadByte()) >= 'u'
366:ROR:==(int,int):FALSE(int,int):bsh.JavaCharStream@readChar():308:(c = ReadByte()) == 'u' |==> false
367:STD:<INC>:<NO-OP>:bsh.JavaCharStream@readChar():309:++column |==> <NO-OP>
368:LVR:POS:0:bsh.JavaCharStream@readChar():311:12 |==> 0
369:LVR:POS:NEG:bsh.JavaCharStream@readChar():311:12 |==> -12
370:SOR:<<(int,int):>>(int,int):bsh.JavaCharStream@readChar():311:hexval(c) << 12 |==> hexval(c) >> 12
371:SOR:<<(int,int):>>>(int,int):bsh.JavaCharStream@readChar():311:hexval(c) << 12 |==> hexval(c) >>> 12
372:LVR:POS:0:bsh.JavaCharStream@readChar():312:8 |==> 0
373:LVR:POS:NEG:bsh.JavaCharStream@readChar():312:8 |==> -8
374:SOR:<<(int,int):>>(int,int):bsh.JavaCharStream@readChar():312:hexval(ReadByte()) << 8 |==> hexval(ReadByte()) >> 8
375:SOR:<<(int,int):>>>(int,int):bsh.JavaCharStream@readChar():312:hexval(ReadByte()) << 8 |==> hexval(ReadByte()) >>> 8
376:LOR:|(int,int):&(int,int):bsh.JavaCharStream@readChar():311:hexval(c) << 12 | hexval(ReadByte()) << 8 |==> hexval(c) << 12 & hexval(ReadByte()) << 8
377:LOR:|(int,int):^(int,int):bsh.JavaCharStream@readChar():311:hexval(c) << 12 | hexval(ReadByte()) << 8 |==> hexval(c) << 12 ^ hexval(ReadByte()) << 8
378:LVR:POS:0:bsh.JavaCharStream@readChar():313:4 |==> 0
379:LVR:POS:NEG:bsh.JavaCharStream@readChar():313:4 |==> -4
380:SOR:<<(int,int):>>(int,int):bsh.JavaCharStream@readChar():313:hexval(ReadByte()) << 4 |==> hexval(ReadByte()) >> 4
381:SOR:<<(int,int):>>>(int,int):bsh.JavaCharStream@readChar():313:hexval(ReadByte()) << 4 |==> hexval(ReadByte()) >>> 4
382:LOR:|(int,int):&(int,int):bsh.JavaCharStream@readChar():311:hexval(c) << 12 | hexval(ReadByte()) << 8 | hexval(ReadByte()) << 4 |==> (hexval(c) << 12 | hexval(ReadByte()) << 8) & hexval(ReadByte()) << 4
383:LOR:|(int,int):^(int,int):bsh.JavaCharStream@readChar():311:hexval(c) << 12 | hexval(ReadByte()) << 8 | hexval(ReadByte()) << 4 |==> (hexval(c) << 12 | hexval(ReadByte()) << 8) ^ hexval(ReadByte()) << 4
384:LOR:|(int,int):&(int,int):bsh.JavaCharStream@readChar():311:hexval(c) << 12 | hexval(ReadByte()) << 8 | hexval(ReadByte()) << 4 | hexval(ReadByte()) |==> (hexval(c) << 12 | hexval(ReadByte()) << 8 | hexval(ReadByte()) << 4) & hexval(ReadByte())
385:LOR:|(int,int):^(int,int):bsh.JavaCharStream@readChar():311:hexval(c) << 12 | hexval(ReadByte()) << 8 | hexval(ReadByte()) << 4 | hexval(ReadByte()) |==> (hexval(c) << 12 | hexval(ReadByte()) << 8 | hexval(ReadByte()) << 4) ^ hexval(ReadByte())
386:STD:<ASSIGN>:<NO-OP>:bsh.JavaCharStream@readChar():311:buffer[bufpos] = c = (char)(hexval(c) << 12 | hexval(ReadByte()) << 8 | hexval(ReadByte()) << 4 | hexval(ReadByte())) |==> <NO-OP>
387:LVR:POS:0:bsh.JavaCharStream@readChar():316:4 |==> 0
388:LVR:POS:NEG:bsh.JavaCharStream@readChar():316:4 |==> -4
389:STD:<ASSIGN>:<NO-OP>:bsh.JavaCharStream@readChar():316:column += 4 |==> <NO-OP>
390:LVR:POS:0:bsh.JavaCharStream@readChar():324:1 |==> 0
391:LVR:POS:NEG:bsh.JavaCharStream@readChar():324:1 |==> -1
392:ROR:==(int,int):<=(int,int):bsh.JavaCharStream@readChar():324:backSlashCnt == 1 |==> backSlashCnt <= 1
393:ROR:==(int,int):>=(int,int):bsh.JavaCharStream@readChar():324:backSlashCnt == 1 |==> backSlashCnt >= 1
394:ROR:==(int,int):FALSE(int,int):bsh.JavaCharStream@readChar():324:backSlashCnt == 1 |==> false
395:EVR:<IDENTIFIER(char)>:<DEFAULT>:bsh.JavaCharStream@readChar():325:c |==> 0
396:LVR:POS:0:bsh.JavaCharStream@readChar():328:1 |==> 0
397:LVR:POS:NEG:bsh.JavaCharStream@readChar():328:1 |==> -1
398:AOR:-(int,int):%(int,int):bsh.JavaCharStream@readChar():328:backSlashCnt - 1 |==> backSlashCnt % 1
399:AOR:-(int,int):*(int,int):bsh.JavaCharStream@readChar():328:backSlashCnt - 1 |==> backSlashCnt * 1
400:AOR:-(int,int):+(int,int):bsh.JavaCharStream@readChar():328:backSlashCnt - 1 |==> backSlashCnt + 1
401:AOR:-(int,int):/(int,int):bsh.JavaCharStream@readChar():328:backSlashCnt - 1 |==> backSlashCnt / 1
402:STD:<CALL>:<NO-OP>:bsh.JavaCharStream@readChar():328:backup(backSlashCnt - 1) |==> <NO-OP>
403:STD:<CALL>:<NO-OP>:bsh.JavaCharStream@readChar():334:UpdateLineColumn(c) |==> <NO-OP>
404:EVR:<PARENTHESIZED(char)>:<DEFAULT>:bsh.JavaCharStream@readChar():335:(c) |==> 0
405:EVR:<ARRAY_ACCESS(int)>:<DEFAULT>:bsh.JavaCharStream@getColumn():345:bufcolumn[bufpos] |==> 0
406:EVR:<ARRAY_ACCESS(int)>:<DEFAULT>:bsh.JavaCharStream@getLine():354:bufline[bufpos] |==> 0
407:EVR:<ARRAY_ACCESS(int)>:<DEFAULT>:bsh.JavaCharStream@getEndColumn():358:bufcolumn[bufpos] |==> 0
408:EVR:<ARRAY_ACCESS(int)>:<DEFAULT>:bsh.JavaCharStream@getEndLine():362:bufline[bufpos] |==> 0
409:EVR:<ARRAY_ACCESS(int)>:<DEFAULT>:bsh.JavaCharStream@getBeginColumn():366:bufcolumn[tokenBegin] |==> 0
410:EVR:<ARRAY_ACCESS(int)>:<DEFAULT>:bsh.JavaCharStream@getBeginLine():370:bufline[tokenBegin] |==> 0
411:STD:<ASSIGN>:<NO-OP>:bsh.JavaCharStream@backup(int):375:inBuf += amount |==> <NO-OP>
412:LVR:0:POS:bsh.JavaCharStream@backup(int):376:0 |==> 1
413:LVR:0:NEG:bsh.JavaCharStream@backup(int):376:0 |==> -1
414:ROR:<(int,int):!=(int,int):bsh.JavaCharStream@backup(int):376:(bufpos -= amount) < 0 |==> (bufpos -= amount) != 0
415:ROR:<(int,int):<=(int,int):bsh.JavaCharStream@backup(int):376:(bufpos -= amount) < 0 |==> (bufpos -= amount) <= 0
416:ROR:<(int,int):FALSE(int,int):bsh.JavaCharStream@backup(int):376:(bufpos -= amount) < 0 |==> false
417:STD:<ASSIGN>:<NO-OP>:bsh.JavaCharStream@backup(int):377:bufpos += bufsize |==> <NO-OP>
418:STD:<ASSIGN>:<NO-OP>:bsh.JavaCharStream@<init>(java.io.Reader,int,int,int):383:inputStream = dstream |==> <NO-OP>
419:STD:<ASSIGN>:<NO-OP>:bsh.JavaCharStream@<init>(java.io.Reader,int,int,int):384:line = startline |==> <NO-OP>
420:LVR:POS:0:bsh.JavaCharStream@<init>(java.io.Reader,int,int,int):385:1 |==> 0
421:LVR:POS:NEG:bsh.JavaCharStream@<init>(java.io.Reader,int,int,int):385:1 |==> -1
422:AOR:-(int,int):%(int,int):bsh.JavaCharStream@<init>(java.io.Reader,int,int,int):385:startcolumn - 1 |==> startcolumn % 1
423:AOR:-(int,int):*(int,int):bsh.JavaCharStream@<init>(java.io.Reader,int,int,int):385:startcolumn - 1 |==> startcolumn * 1
424:AOR:-(int,int):+(int,int):bsh.JavaCharStream@<init>(java.io.Reader,int,int,int):385:startcolumn - 1 |==> startcolumn + 1
425:AOR:-(int,int):/(int,int):bsh.JavaCharStream@<init>(java.io.Reader,int,int,int):385:startcolumn - 1 |==> startcolumn / 1
426:STD:<ASSIGN>:<NO-OP>:bsh.JavaCharStream@<init>(java.io.Reader,int,int,int):385:column = startcolumn - 1 |==> <NO-OP>
427:STD:<ASSIGN>:<NO-OP>:bsh.JavaCharStream@<init>(java.io.Reader,int,int,int):387:available = bufsize = buffersize |==> <NO-OP>
428:STD:<ASSIGN>:<NO-OP>:bsh.JavaCharStream@<init>(java.io.Reader,int,int,int):388:buffer = new char[buffersize] |==> <NO-OP>
429:STD:<ASSIGN>:<NO-OP>:bsh.JavaCharStream@<init>(java.io.Reader,int,int,int):389:bufline = new int[buffersize] |==> <NO-OP>
430:STD:<ASSIGN>:<NO-OP>:bsh.JavaCharStream@<init>(java.io.Reader,int,int,int):390:bufcolumn = new int[buffersize] |==> <NO-OP>
431:LVR:POS:0:bsh.JavaCharStream@<init>(java.io.Reader,int,int,int):391:4096 |==> 0
432:LVR:POS:NEG:bsh.JavaCharStream@<init>(java.io.Reader,int,int,int):391:4096 |==> -4096
433:STD:<ASSIGN>:<NO-OP>:bsh.JavaCharStream@<init>(java.io.Reader,int,int,int):391:nextCharBuf = new char[4096] |==> <NO-OP>
434:LVR:POS:0:bsh.JavaCharStream@<init>(java.io.Reader,int,int):397:4096 |==> 0
435:LVR:POS:NEG:bsh.JavaCharStream@<init>(java.io.Reader,int,int):397:4096 |==> -4096
436:LVR:POS:0:bsh.JavaCharStream@<init>(java.io.Reader):402:1 |==> 0
437:LVR:POS:NEG:bsh.JavaCharStream@<init>(java.io.Reader):402:1 |==> -1
438:LVR:POS:0:bsh.JavaCharStream@<init>(java.io.Reader):402:1 |==> 0
439:LVR:POS:NEG:bsh.JavaCharStream@<init>(java.io.Reader):402:1 |==> -1
440:LVR:POS:0:bsh.JavaCharStream@<init>(java.io.Reader):402:4096 |==> 0
441:LVR:POS:NEG:bsh.JavaCharStream@<init>(java.io.Reader):402:4096 |==> -4096
442:STD:<ASSIGN>:<NO-OP>:bsh.JavaCharStream@ReInit(java.io.Reader,int,int,int):407:inputStream = dstream |==> <NO-OP>
443:STD:<ASSIGN>:<NO-OP>:bsh.JavaCharStream@ReInit(java.io.Reader,int,int,int):408:line = startline |==> <NO-OP>
444:LVR:POS:0:bsh.JavaCharStream@ReInit(java.io.Reader,int,int,int):409:1 |==> 0
445:LVR:POS:NEG:bsh.JavaCharStream@ReInit(java.io.Reader,int,int,int):409:1 |==> -1
446:AOR:-(int,int):%(int,int):bsh.JavaCharStream@ReInit(java.io.Reader,int,int,int):409:startcolumn - 1 |==> startcolumn % 1
447:AOR:-(int,int):*(int,int):bsh.JavaCharStream@ReInit(java.io.Reader,int,int,int):409:startcolumn - 1 |==> startcolumn * 1
448:AOR:-(int,int):+(int,int):bsh.JavaCharStream@ReInit(java.io.Reader,int,int,int):409:startcolumn - 1 |==> startcolumn + 1
449:AOR:-(int,int):/(int,int):bsh.JavaCharStream@ReInit(java.io.Reader,int,int,int):409:startcolumn - 1 |==> startcolumn / 1
450:STD:<ASSIGN>:<NO-OP>:bsh.JavaCharStream@ReInit(java.io.Reader,int,int,int):409:column = startcolumn - 1 |==> <NO-OP>
451:ROR:==(java.lang.Object,java.lang.Object):FALSE(java.lang.Object,java.lang.Object):bsh.JavaCharStream@ReInit(java.io.Reader,int,int,int):411:buffer == null |==> false
452:ROR:!=(int,int):<(int,int):bsh.JavaCharStream@ReInit(java.io.Reader,int,int,int):411:buffersize != buffer.length |==> buffersize < buffer.length
453:ROR:!=(int,int):>(int,int):bsh.JavaCharStream@ReInit(java.io.Reader,int,int,int):411:buffersize != buffer.length |==> buffersize > buffer.length
454:ROR:!=(int,int):TRUE(int,int):bsh.JavaCharStream@ReInit(java.io.Reader,int,int,int):411:buffersize != buffer.length |==> true
455:COR:||(boolean,boolean):!=(boolean,boolean):bsh.JavaCharStream@ReInit(java.io.Reader,int,int,int):411:buffer == null || buffersize != buffer.length |==> buffer == null != (buffersize != buffer.length)
456:COR:||(boolean,boolean):LHS(boolean,boolean):bsh.JavaCharStream@ReInit(java.io.Reader,int,int,int):411:buffer == null || buffersize != buffer.length |==> buffer == null
457:COR:||(boolean,boolean):RHS(boolean,boolean):bsh.JavaCharStream@ReInit(java.io.Reader,int,int,int):411:buffer == null || buffersize != buffer.length |==> buffersize != buffer.length
458:COR:||(boolean,boolean):TRUE(boolean,boolean):bsh.JavaCharStream@ReInit(java.io.Reader,int,int,int):411:buffer == null || buffersize != buffer.length |==> true
459:STD:<ASSIGN>:<NO-OP>:bsh.JavaCharStream@ReInit(java.io.Reader,int,int,int):413:available = bufsize = buffersize |==> <NO-OP>
460:STD:<ASSIGN>:<NO-OP>:bsh.JavaCharStream@ReInit(java.io.Reader,int,int,int):414:buffer = new char[buffersize] |==> <NO-OP>
461:STD:<ASSIGN>:<NO-OP>:bsh.JavaCharStream@ReInit(java.io.Reader,int,int,int):415:bufline = new int[buffersize] |==> <NO-OP>
462:STD:<ASSIGN>:<NO-OP>:bsh.JavaCharStream@ReInit(java.io.Reader,int,int,int):416:bufcolumn = new int[buffersize] |==> <NO-OP>
463:LVR:POS:0:bsh.JavaCharStream@ReInit(java.io.Reader,int,int,int):417:4096 |==> 0
464:LVR:POS:NEG:bsh.JavaCharStream@ReInit(java.io.Reader,int,int,int):417:4096 |==> -4096
465:STD:<ASSIGN>:<NO-OP>:bsh.JavaCharStream@ReInit(java.io.Reader,int,int,int):417:nextCharBuf = new char[4096] |==> <NO-OP>
466:LVR:FALSE:TRUE:bsh.JavaCharStream@ReInit(java.io.Reader,int,int,int):419:false |==> true
467:STD:<ASSIGN>:<NO-OP>:bsh.JavaCharStream@ReInit(java.io.Reader,int,int,int):419:prevCharIsLF = prevCharIsCR = false |==> <NO-OP>
468:LVR:0:POS:bsh.JavaCharStream@ReInit(java.io.Reader,int,int,int):420:0 |==> 1
469:LVR:0:NEG:bsh.JavaCharStream@ReInit(java.io.Reader,int,int,int):420:0 |==> -1
470:STD:<ASSIGN>:<NO-OP>:bsh.JavaCharStream@ReInit(java.io.Reader,int,int,int):420:tokenBegin = inBuf = maxNextCharInd = 0 |==> <NO-OP>
471:LVR:NEG:0:bsh.JavaCharStream@ReInit(java.io.Reader,int,int,int):421:-1 |==> 0
472:LVR:NEG:POS:bsh.JavaCharStream@ReInit(java.io.Reader,int,int,int):421:-1 |==> 1
473:STD:<ASSIGN>:<NO-OP>:bsh.JavaCharStream@ReInit(java.io.Reader,int,int,int):421:nextCharInd = bufpos = -1 |==> <NO-OP>
474:LVR:POS:0:bsh.JavaCharStream@ReInit(java.io.Reader,int,int):427:4096 |==> 0
475:LVR:POS:NEG:bsh.JavaCharStream@ReInit(java.io.Reader,int,int):427:4096 |==> -4096
476:STD:<CALL>:<NO-OP>:bsh.JavaCharStream@ReInit(java.io.Reader,int,int):427:ReInit(dstream, startline, startcolumn, 4096) |==> <NO-OP>
477:LVR:POS:0:bsh.JavaCharStream@ReInit(java.io.Reader):432:1 |==> 0
478:LVR:POS:NEG:bsh.JavaCharStream@ReInit(java.io.Reader):432:1 |==> -1
479:LVR:POS:0:bsh.JavaCharStream@ReInit(java.io.Reader):432:1 |==> 0
480:LVR:POS:NEG:bsh.JavaCharStream@ReInit(java.io.Reader):432:1 |==> -1
481:LVR:POS:0:bsh.JavaCharStream@ReInit(java.io.Reader):432:4096 |==> 0
482:LVR:POS:NEG:bsh.JavaCharStream@ReInit(java.io.Reader):432:4096 |==> -4096
483:STD:<CALL>:<NO-OP>:bsh.JavaCharStream@ReInit(java.io.Reader):432:ReInit(dstream, 1, 1, 4096) |==> <NO-OP>
484:LVR:POS:0:bsh.JavaCharStream@<init>(java.io.InputStream,int,int,int):437:4096 |==> 0
485:LVR:POS:NEG:bsh.JavaCharStream@<init>(java.io.InputStream,int,int,int):437:4096 |==> -4096
486:LVR:POS:0:bsh.JavaCharStream@<init>(java.io.InputStream,int,int):443:4096 |==> 0
487:LVR:POS:NEG:bsh.JavaCharStream@<init>(java.io.InputStream,int,int):443:4096 |==> -4096
488:LVR:POS:0:bsh.JavaCharStream@<init>(java.io.InputStream):448:1 |==> 0
489:LVR:POS:NEG:bsh.JavaCharStream@<init>(java.io.InputStream):448:1 |==> -1
490:LVR:POS:0:bsh.JavaCharStream@<init>(java.io.InputStream):448:1 |==> 0
491:LVR:POS:NEG:bsh.JavaCharStream@<init>(java.io.InputStream):448:1 |==> -1
492:LVR:POS:0:bsh.JavaCharStream@<init>(java.io.InputStream):448:4096 |==> 0
493:LVR:POS:NEG:bsh.JavaCharStream@<init>(java.io.InputStream):448:4096 |==> -4096
494:LVR:POS:0:bsh.JavaCharStream@ReInit(java.io.InputStream,int,int,int):454:4096 |==> 0
495:LVR:POS:NEG:bsh.JavaCharStream@ReInit(java.io.InputStream,int,int,int):454:4096 |==> -4096
496:STD:<CALL>:<NO-OP>:bsh.JavaCharStream@ReInit(java.io.InputStream,int,int,int):454:ReInit(new java.io.InputStreamReader(dstream), startline, startcolumn, 4096) |==> <NO-OP>
497:LVR:POS:0:bsh.JavaCharStream@ReInit(java.io.InputStream,int,int):459:4096 |==> 0
498:LVR:POS:NEG:bsh.JavaCharStream@ReInit(java.io.InputStream,int,int):459:4096 |==> -4096
499:STD:<CALL>:<NO-OP>:bsh.JavaCharStream@ReInit(java.io.InputStream,int,int):459:ReInit(dstream, startline, startcolumn, 4096) |==> <NO-OP>
500:LVR:POS:0:bsh.JavaCharStream@ReInit(java.io.InputStream):463:1 |==> 0
501:LVR:POS:NEG:bsh.JavaCharStream@ReInit(java.io.InputStream):463:1 |==> -1
502:LVR:POS:0:bsh.JavaCharStream@ReInit(java.io.InputStream):463:1 |==> 0
503:LVR:POS:NEG:bsh.JavaCharStream@ReInit(java.io.InputStream):463:1 |==> -1
504:LVR:POS:0:bsh.JavaCharStream@ReInit(java.io.InputStream):463:4096 |==> 0
505:LVR:POS:NEG:bsh.JavaCharStream@ReInit(java.io.InputStream):463:4096 |==> -4096
506:STD:<CALL>:<NO-OP>:bsh.JavaCharStream@ReInit(java.io.InputStream):463:ReInit(dstream, 1, 1, 4096) |==> <NO-OP>
507:ROR:>=(int,int):==(int,int):bsh.JavaCharStream@GetImage():468:bufpos >= tokenBegin |==> bufpos == tokenBegin
508:ROR:>=(int,int):>(int,int):bsh.JavaCharStream@GetImage():468:bufpos >= tokenBegin |==> bufpos > tokenBegin
509:ROR:>=(int,int):TRUE(int,int):bsh.JavaCharStream@GetImage():468:bufpos >= tokenBegin |==> true
510:AOR:-(int,int):%(int,int):bsh.JavaCharStream@GetImage():469:bufpos - tokenBegin |==> bufpos % tokenBegin
511:AOR:-(int,int):*(int,int):bsh.JavaCharStream@GetImage():469:bufpos - tokenBegin |==> bufpos * tokenBegin
512:AOR:-(int,int):+(int,int):bsh.JavaCharStream@GetImage():469:bufpos - tokenBegin |==> bufpos + tokenBegin
513:AOR:-(int,int):/(int,int):bsh.JavaCharStream@GetImage():469:bufpos - tokenBegin |==> bufpos / tokenBegin
514:LVR:POS:0:bsh.JavaCharStream@GetImage():469:1 |==> 0
515:LVR:POS:NEG:bsh.JavaCharStream@GetImage():469:1 |==> -1
516:AOR:+(int,int):%(int,int):bsh.JavaCharStream@GetImage():469:bufpos - tokenBegin + 1 |==> (bufpos - tokenBegin) % 1
517:AOR:+(int,int):*(int,int):bsh.JavaCharStream@GetImage():469:bufpos - tokenBegin + 1 |==> (bufpos - tokenBegin) * 1
518:AOR:+(int,int):-(int,int):bsh.JavaCharStream@GetImage():469:bufpos - tokenBegin + 1 |==> bufpos - tokenBegin - 1
519:AOR:+(int,int):/(int,int):bsh.JavaCharStream@GetImage():469:bufpos - tokenBegin + 1 |==> (bufpos - tokenBegin) / 1
520:AOR:-(int,int):%(int,int):bsh.JavaCharStream@GetImage():471:bufsize - tokenBegin |==> bufsize % tokenBegin
521:AOR:-(int,int):*(int,int):bsh.JavaCharStream@GetImage():471:bufsize - tokenBegin |==> bufsize * tokenBegin
522:AOR:-(int,int):+(int,int):bsh.JavaCharStream@GetImage():471:bufsize - tokenBegin |==> bufsize + tokenBegin
523:AOR:-(int,int):/(int,int):bsh.JavaCharStream@GetImage():471:bufsize - tokenBegin |==> bufsize / tokenBegin
524:LVR:0:POS:bsh.JavaCharStream@GetImage():472:0 |==> 1
525:LVR:0:NEG:bsh.JavaCharStream@GetImage():472:0 |==> -1
526:LVR:POS:0:bsh.JavaCharStream@GetImage():472:1 |==> 0
527:LVR:POS:NEG:bsh.JavaCharStream@GetImage():472:1 |==> -1
528:AOR:+(int,int):%(int,int):bsh.JavaCharStream@GetImage():472:bufpos + 1 |==> bufpos % 1
529:AOR:+(int,int):*(int,int):bsh.JavaCharStream@GetImage():472:bufpos + 1 |==> bufpos * 1
530:AOR:+(int,int):-(int,int):bsh.JavaCharStream@GetImage():472:bufpos + 1 |==> bufpos - 1
531:AOR:+(int,int):/(int,int):bsh.JavaCharStream@GetImage():472:bufpos + 1 |==> bufpos / 1
532:EVR:<NEW_ARRAY(char[])>:<DEFAULT>:bsh.JavaCharStream@GetSuffix(int):477:new char[len] |==> null
533:LVR:POS:0:bsh.JavaCharStream@GetSuffix(int):479:1 |==> 0
534:LVR:POS:NEG:bsh.JavaCharStream@GetSuffix(int):479:1 |==> -1
535:AOR:+(int,int):%(int,int):bsh.JavaCharStream@GetSuffix(int):479:bufpos + 1 |==> bufpos % 1
536:AOR:+(int,int):*(int,int):bsh.JavaCharStream@GetSuffix(int):479:bufpos + 1 |==> bufpos * 1
537:AOR:+(int,int):-(int,int):bsh.JavaCharStream@GetSuffix(int):479:bufpos + 1 |==> bufpos - 1
538:AOR:+(int,int):/(int,int):bsh.JavaCharStream@GetSuffix(int):479:bufpos + 1 |==> bufpos / 1
539:ROR:>=(int,int):==(int,int):bsh.JavaCharStream@GetSuffix(int):479:(bufpos + 1) >= len |==> (bufpos + 1) == len
540:ROR:>=(int,int):>(int,int):bsh.JavaCharStream@GetSuffix(int):479:(bufpos + 1) >= len |==> (bufpos + 1) > len
541:ROR:>=(int,int):TRUE(int,int):bsh.JavaCharStream@GetSuffix(int):479:(bufpos + 1) >= len |==> true
542:AOR:-(int,int):%(int,int):bsh.JavaCharStream@GetSuffix(int):480:bufpos - len |==> bufpos % len
543:AOR:-(int,int):*(int,int):bsh.JavaCharStream@GetSuffix(int):480:bufpos - len |==> bufpos * len
544:AOR:-(int,int):+(int,int):bsh.JavaCharStream@GetSuffix(int):480:bufpos - len |==> bufpos + len
545:AOR:-(int,int):/(int,int):bsh.JavaCharStream@GetSuffix(int):480:bufpos - len |==> bufpos / len
546:LVR:POS:0:bsh.JavaCharStream@GetSuffix(int):480:1 |==> 0
547:LVR:POS:NEG:bsh.JavaCharStream@GetSuffix(int):480:1 |==> -1
548:AOR:+(int,int):%(int,int):bsh.JavaCharStream@GetSuffix(int):480:bufpos - len + 1 |==> (bufpos - len) % 1
549:AOR:+(int,int):*(int,int):bsh.JavaCharStream@GetSuffix(int):480:bufpos - len + 1 |==> (bufpos - len) * 1
550:AOR:+(int,int):-(int,int):bsh.JavaCharStream@GetSuffix(int):480:bufpos - len + 1 |==> bufpos - len - 1
551:AOR:+(int,int):/(int,int):bsh.JavaCharStream@GetSuffix(int):480:bufpos - len + 1 |==> (bufpos - len) / 1
552:LVR:0:POS:bsh.JavaCharStream@GetSuffix(int):480:0 |==> 1
553:LVR:0:NEG:bsh.JavaCharStream@GetSuffix(int):480:0 |==> -1
554:STD:<CALL>:<NO-OP>:bsh.JavaCharStream@GetSuffix(int):480:System.arraycopy(buffer, bufpos - len + 1, ret, 0, len) |==> <NO-OP>
555:AOR:-(int,int):%(int,int):bsh.JavaCharStream@GetSuffix(int):483:len - bufpos |==> len % bufpos
556:AOR:-(int,int):*(int,int):bsh.JavaCharStream@GetSuffix(int):483:len - bufpos |==> len * bufpos
557:AOR:-(int,int):+(int,int):bsh.JavaCharStream@GetSuffix(int):483:len - bufpos |==> len + bufpos
558:AOR:-(int,int):/(int,int):bsh.JavaCharStream@GetSuffix(int):483:len - bufpos |==> len / bufpos
559:LVR:POS:0:bsh.JavaCharStream@GetSuffix(int):483:1 |==> 0
560:LVR:POS:NEG:bsh.JavaCharStream@GetSuffix(int):483:1 |==> -1
561:AOR:-(int,int):%(int,int):bsh.JavaCharStream@GetSuffix(int):483:len - bufpos - 1 |==> (len - bufpos) % 1
562:AOR:-(int,int):*(int,int):bsh.JavaCharStream@GetSuffix(int):483:len - bufpos - 1 |==> (len - bufpos) * 1
563:AOR:-(int,int):+(int,int):bsh.JavaCharStream@GetSuffix(int):483:len - bufpos - 1 |==> len - bufpos + 1
564:AOR:-(int,int):/(int,int):bsh.JavaCharStream@GetSuffix(int):483:len - bufpos - 1 |==> (len - bufpos) / 1
565:AOR:-(int,int):%(int,int):bsh.JavaCharStream@GetSuffix(int):483:bufsize - (len - bufpos - 1) |==> bufsize % (len - bufpos - 1)
566:AOR:-(int,int):*(int,int):bsh.JavaCharStream@GetSuffix(int):483:bufsize - (len - bufpos - 1) |==> bufsize * (len - bufpos - 1)
567:AOR:-(int,int):+(int,int):bsh.JavaCharStream@GetSuffix(int):483:bufsize - (len - bufpos - 1) |==> bufsize + (len - bufpos - 1)
568:AOR:-(int,int):/(int,int):bsh.JavaCharStream@GetSuffix(int):483:bufsize - (len - bufpos - 1) |==> bufsize / (len - bufpos - 1)
569:LVR:0:POS:bsh.JavaCharStream@GetSuffix(int):483:0 |==> 1
570:LVR:0:NEG:bsh.JavaCharStream@GetSuffix(int):483:0 |==> -1
571:AOR:-(int,int):%(int,int):bsh.JavaCharStream@GetSuffix(int):484:len - bufpos |==> len % bufpos
572:AOR:-(int,int):*(int,int):bsh.JavaCharStream@GetSuffix(int):484:len - bufpos |==> len * bufpos
573:AOR:-(int,int):+(int,int):bsh.JavaCharStream@GetSuffix(int):484:len - bufpos |==> len + bufpos
574:AOR:-(int,int):/(int,int):bsh.JavaCharStream@GetSuffix(int):484:len - bufpos |==> len / bufpos
575:LVR:POS:0:bsh.JavaCharStream@GetSuffix(int):484:1 |==> 0
576:LVR:POS:NEG:bsh.JavaCharStream@GetSuffix(int):484:1 |==> -1
577:AOR:-(int,int):%(int,int):bsh.JavaCharStream@GetSuffix(int):484:len - bufpos - 1 |==> (len - bufpos) % 1
578:AOR:-(int,int):*(int,int):bsh.JavaCharStream@GetSuffix(int):484:len - bufpos - 1 |==> (len - bufpos) * 1
579:AOR:-(int,int):+(int,int):bsh.JavaCharStream@GetSuffix(int):484:len - bufpos - 1 |==> len - bufpos + 1
580:AOR:-(int,int):/(int,int):bsh.JavaCharStream@GetSuffix(int):484:len - bufpos - 1 |==> (len - bufpos) / 1
581:STD:<CALL>:<NO-OP>:bsh.JavaCharStream@GetSuffix(int):483:System.arraycopy(buffer, bufsize - (len - bufpos - 1), ret, 0, len - bufpos - 1) |==> <NO-OP>
582:LVR:0:POS:bsh.JavaCharStream@GetSuffix(int):485:0 |==> 1
583:LVR:0:NEG:bsh.JavaCharStream@GetSuffix(int):485:0 |==> -1
584:AOR:-(int,int):%(int,int):bsh.JavaCharStream@GetSuffix(int):485:len - bufpos |==> len % bufpos
585:AOR:-(int,int):*(int,int):bsh.JavaCharStream@GetSuffix(int):485:len - bufpos |==> len * bufpos
586:AOR:-(int,int):+(int,int):bsh.JavaCharStream@GetSuffix(int):485:len - bufpos |==> len + bufpos
587:AOR:-(int,int):/(int,int):bsh.JavaCharStream@GetSuffix(int):485:len - bufpos |==> len / bufpos
588:LVR:POS:0:bsh.JavaCharStream@GetSuffix(int):485:1 |==> 0
589:LVR:POS:NEG:bsh.JavaCharStream@GetSuffix(int):485:1 |==> -1
590:AOR:-(int,int):%(int,int):bsh.JavaCharStream@GetSuffix(int):485:len - bufpos - 1 |==> (len - bufpos) % 1
591:AOR:-(int,int):*(int,int):bsh.JavaCharStream@GetSuffix(int):485:len - bufpos - 1 |==> (len - bufpos) * 1
592:AOR:-(int,int):+(int,int):bsh.JavaCharStream@GetSuffix(int):485:len - bufpos - 1 |==> len - bufpos + 1
593:AOR:-(int,int):/(int,int):bsh.JavaCharStream@GetSuffix(int):485:len - bufpos - 1 |==> (len - bufpos) / 1
594:LVR:POS:0:bsh.JavaCharStream@GetSuffix(int):485:1 |==> 0
595:LVR:POS:NEG:bsh.JavaCharStream@GetSuffix(int):485:1 |==> -1
596:AOR:+(int,int):%(int,int):bsh.JavaCharStream@GetSuffix(int):485:bufpos + 1 |==> bufpos % 1
597:AOR:+(int,int):*(int,int):bsh.JavaCharStream@GetSuffix(int):485:bufpos + 1 |==> bufpos * 1
598:AOR:+(int,int):-(int,int):bsh.JavaCharStream@GetSuffix(int):485:bufpos + 1 |==> bufpos - 1
599:AOR:+(int,int):/(int,int):bsh.JavaCharStream@GetSuffix(int):485:bufpos + 1 |==> bufpos / 1
600:STD:<CALL>:<NO-OP>:bsh.JavaCharStream@GetSuffix(int):485:System.arraycopy(buffer, 0, ret, len - bufpos - 1, bufpos + 1) |==> <NO-OP>
601:EVR:<IDENTIFIER(char[])>:<DEFAULT>:bsh.JavaCharStream@GetSuffix(int):488:ret |==> null
602:STD:<ASSIGN>:<NO-OP>:bsh.JavaCharStream@Done():493:nextCharBuf = null |==> <NO-OP>
603:STD:<ASSIGN>:<NO-OP>:bsh.JavaCharStream@Done():494:buffer = null |==> <NO-OP>
604:STD:<ASSIGN>:<NO-OP>:bsh.JavaCharStream@Done():495:bufline = null |==> <NO-OP>
605:STD:<ASSIGN>:<NO-OP>:bsh.JavaCharStream@Done():496:bufcolumn = null |==> <NO-OP>
606:EVR:<IDENTIFIER(int)>:<DEFAULT>:bsh.JavaCharStream@adjustBeginLineColumn(int,int):504:tokenBegin |==> 0
607:ROR:>=(int,int):==(int,int):bsh.JavaCharStream@adjustBeginLineColumn(int,int):507:bufpos >= tokenBegin |==> bufpos == tokenBegin
608:ROR:>=(int,int):>(int,int):bsh.JavaCharStream@adjustBeginLineColumn(int,int):507:bufpos >= tokenBegin |==> bufpos > tokenBegin
609:ROR:>=(int,int):TRUE(int,int):bsh.JavaCharStream@adjustBeginLineColumn(int,int):507:bufpos >= tokenBegin |==> true
610:AOR:-(int,int):%(int,int):bsh.JavaCharStream@adjustBeginLineColumn(int,int):509:bufpos - tokenBegin |==> bufpos % tokenBegin
611:AOR:-(int,int):*(int,int):bsh.JavaCharStream@adjustBeginLineColumn(int,int):509:bufpos - tokenBegin |==> bufpos * tokenBegin
612:AOR:-(int,int):+(int,int):bsh.JavaCharStream@adjustBeginLineColumn(int,int):509:bufpos - tokenBegin |==> bufpos + tokenBegin
613:AOR:-(int,int):/(int,int):bsh.JavaCharStream@adjustBeginLineColumn(int,int):509:bufpos - tokenBegin |==> bufpos / tokenBegin
614:AOR:+(int,int):%(int,int):bsh.JavaCharStream@adjustBeginLineColumn(int,int):509:bufpos - tokenBegin + inBuf |==> (bufpos - tokenBegin) % inBuf
615:AOR:+(int,int):*(int,int):bsh.JavaCharStream@adjustBeginLineColumn(int,int):509:bufpos - tokenBegin + inBuf |==> (bufpos - tokenBegin) * inBuf
616:AOR:+(int,int):-(int,int):bsh.JavaCharStream@adjustBeginLineColumn(int,int):509:bufpos - tokenBegin + inBuf |==> bufpos - tokenBegin - inBuf
617:AOR:+(int,int):/(int,int):bsh.JavaCharStream@adjustBeginLineColumn(int,int):509:bufpos - tokenBegin + inBuf |==> (bufpos - tokenBegin) / inBuf
618:LVR:POS:0:bsh.JavaCharStream@adjustBeginLineColumn(int,int):509:1 |==> 0
619:LVR:POS:NEG:bsh.JavaCharStream@adjustBeginLineColumn(int,int):509:1 |==> -1
620:AOR:+(int,int):%(int,int):bsh.JavaCharStream@adjustBeginLineColumn(int,int):509:bufpos - tokenBegin + inBuf + 1 |==> (bufpos - tokenBegin + inBuf) % 1
621:AOR:+(int,int):*(int,int):bsh.JavaCharStream@adjustBeginLineColumn(int,int):509:bufpos - tokenBegin + inBuf + 1 |==> (bufpos - tokenBegin + inBuf) * 1
622:AOR:+(int,int):-(int,int):bsh.JavaCharStream@adjustBeginLineColumn(int,int):509:bufpos - tokenBegin + inBuf + 1 |==> bufpos - tokenBegin + inBuf - 1
623:AOR:+(int,int):/(int,int):bsh.JavaCharStream@adjustBeginLineColumn(int,int):509:bufpos - tokenBegin + inBuf + 1 |==> (bufpos - tokenBegin + inBuf) / 1
624:AOR:-(int,int):%(int,int):bsh.JavaCharStream@adjustBeginLineColumn(int,int):513:bufsize - tokenBegin |==> bufsize % tokenBegin
625:AOR:-(int,int):*(int,int):bsh.JavaCharStream@adjustBeginLineColumn(int,int):513:bufsize - tokenBegin |==> bufsize * tokenBegin
626:AOR:-(int,int):+(int,int):bsh.JavaCharStream@adjustBeginLineColumn(int,int):513:bufsize - tokenBegin |==> bufsize + tokenBegin
627:AOR:-(int,int):/(int,int):bsh.JavaCharStream@adjustBeginLineColumn(int,int):513:bufsize - tokenBegin |==> bufsize / tokenBegin
628:AOR:+(int,int):%(int,int):bsh.JavaCharStream@adjustBeginLineColumn(int,int):513:bufsize - tokenBegin + bufpos |==> (bufsize - tokenBegin) % bufpos
629:AOR:+(int,int):*(int,int):bsh.JavaCharStream@adjustBeginLineColumn(int,int):513:bufsize - tokenBegin + bufpos |==> (bufsize - tokenBegin) * bufpos
630:AOR:+(int,int):-(int,int):bsh.JavaCharStream@adjustBeginLineColumn(int,int):513:bufsize - tokenBegin + bufpos |==> bufsize - tokenBegin - bufpos
631:AOR:+(int,int):/(int,int):bsh.JavaCharStream@adjustBeginLineColumn(int,int):513:bufsize - tokenBegin + bufpos |==> (bufsize - tokenBegin) / bufpos
632:LVR:POS:0:bsh.JavaCharStream@adjustBeginLineColumn(int,int):513:1 |==> 0
633:LVR:POS:NEG:bsh.JavaCharStream@adjustBeginLineColumn(int,int):513:1 |==> -1
634:AOR:+(int,int):%(int,int):bsh.JavaCharStream@adjustBeginLineColumn(int,int):513:bufsize - tokenBegin + bufpos + 1 |==> (bufsize - tokenBegin + bufpos) % 1
635:AOR:+(int,int):*(int,int):bsh.JavaCharStream@adjustBeginLineColumn(int,int):513:bufsize - tokenBegin + bufpos + 1 |==> (bufsize - tokenBegin + bufpos) * 1
636:AOR:+(int,int):-(int,int):bsh.JavaCharStream@adjustBeginLineColumn(int,int):513:bufsize - tokenBegin + bufpos + 1 |==> bufsize - tokenBegin + bufpos - 1
637:AOR:+(int,int):/(int,int):bsh.JavaCharStream@adjustBeginLineColumn(int,int):513:bufsize - tokenBegin + bufpos + 1 |==> (bufsize - tokenBegin + bufpos) / 1
638:AOR:+(int,int):%(int,int):bsh.JavaCharStream@adjustBeginLineColumn(int,int):513:bufsize - tokenBegin + bufpos + 1 + inBuf |==> (bufsize - tokenBegin + bufpos + 1) % inBuf
639:AOR:+(int,int):*(int,int):bsh.JavaCharStream@adjustBeginLineColumn(int,int):513:bufsize - tokenBegin + bufpos + 1 + inBuf |==> (bufsize - tokenBegin + bufpos + 1) * inBuf
640:AOR:+(int,int):-(int,int):bsh.JavaCharStream@adjustBeginLineColumn(int,int):513:bufsize - tokenBegin + bufpos + 1 + inBuf |==> bufsize - tokenBegin + bufpos + 1 - inBuf
641:AOR:+(int,int):/(int,int):bsh.JavaCharStream@adjustBeginLineColumn(int,int):513:bufsize - tokenBegin + bufpos + 1 + inBuf |==> (bufsize - tokenBegin + bufpos + 1) / inBuf
642:LVR:0:POS:bsh.JavaCharStream@adjustBeginLineColumn(int,int):516:0 |==> 1
643:LVR:0:NEG:bsh.JavaCharStream@adjustBeginLineColumn(int,int):516:0 |==> -1
644:LVR:0:POS:bsh.JavaCharStream@adjustBeginLineColumn(int,int):516:0 |==> 1
645:LVR:0:NEG:bsh.JavaCharStream@adjustBeginLineColumn(int,int):516:0 |==> -1
646:LVR:0:POS:bsh.JavaCharStream@adjustBeginLineColumn(int,int):516:0 |==> 1
647:LVR:0:NEG:bsh.JavaCharStream@adjustBeginLineColumn(int,int):516:0 |==> -1
648:LVR:0:POS:bsh.JavaCharStream@adjustBeginLineColumn(int,int):517:0 |==> 1
649:LVR:0:NEG:bsh.JavaCharStream@adjustBeginLineColumn(int,int):517:0 |==> -1
650:LVR:0:POS:bsh.JavaCharStream@adjustBeginLineColumn(int,int):517:0 |==> 1
651:LVR:0:NEG:bsh.JavaCharStream@adjustBeginLineColumn(int,int):517:0 |==> -1
652:ROR:<(int,int):!=(int,int):bsh.JavaCharStream@adjustBeginLineColumn(int,int):519:i < len |==> i != len
653:ROR:<(int,int):<=(int,int):bsh.JavaCharStream@adjustBeginLineColumn(int,int):519:i < len |==> i <= len
654:ROR:<(int,int):FALSE(int,int):bsh.JavaCharStream@adjustBeginLineColumn(int,int):519:i < len |==> false
655:AOR:%(int,int):*(int,int):bsh.JavaCharStream@adjustBeginLineColumn(int,int):520:start % bufsize |==> start * bufsize
656:AOR:%(int,int):+(int,int):bsh.JavaCharStream@adjustBeginLineColumn(int,int):520:start % bufsize |==> start + bufsize
657:AOR:%(int,int):-(int,int):bsh.JavaCharStream@adjustBeginLineColumn(int,int):520:start % bufsize |==> start - bufsize
658:AOR:%(int,int):/(int,int):bsh.JavaCharStream@adjustBeginLineColumn(int,int):520:start % bufsize |==> start / bufsize
659:AOR:%(int,int):*(int,int):bsh.JavaCharStream@adjustBeginLineColumn(int,int):520:++start % bufsize |==> ++start * bufsize
660:AOR:%(int,int):+(int,int):bsh.JavaCharStream@adjustBeginLineColumn(int,int):520:++start % bufsize |==> ++start + bufsize
661:AOR:%(int,int):-(int,int):bsh.JavaCharStream@adjustBeginLineColumn(int,int):520:++start % bufsize |==> ++start - bufsize
662:AOR:%(int,int):/(int,int):bsh.JavaCharStream@adjustBeginLineColumn(int,int):520:++start % bufsize |==> ++start / bufsize
663:ROR:==(int,int):<=(int,int):bsh.JavaCharStream@adjustBeginLineColumn(int,int):520:bufline[j = start % bufsize] == bufline[k = ++start % bufsize] |==> bufline[j = start % bufsize] <= bufline[k = ++start % bufsize]
664:ROR:==(int,int):>=(int,int):bsh.JavaCharStream@adjustBeginLineColumn(int,int):520:bufline[j = start % bufsize] == bufline[k = ++start % bufsize] |==> bufline[j = start % bufsize] >= bufline[k = ++start % bufsize]
665:ROR:==(int,int):FALSE(int,int):bsh.JavaCharStream@adjustBeginLineColumn(int,int):520:bufline[j = start % bufsize] == bufline[k = ++start % bufsize] |==> false
666:COR:&&(boolean,boolean):==(boolean,boolean):bsh.JavaCharStream@adjustBeginLineColumn(int,int):519:i < len && bufline[j = start % bufsize] == bufline[k = ++start % bufsize] |==> i < len == (bufline[j = start % bufsize] == bufline[k = ++start % bufsize])
667:COR:&&(boolean,boolean):FALSE(boolean,boolean):bsh.JavaCharStream@adjustBeginLineColumn(int,int):519:i < len && bufline[j = start % bufsize] == bufline[k = ++start % bufsize] |==> false
668:COR:&&(boolean,boolean):LHS(boolean,boolean):bsh.JavaCharStream@adjustBeginLineColumn(int,int):519:i < len && bufline[j = start % bufsize] == bufline[k = ++start % bufsize] |==> i < len
669:COR:&&(boolean,boolean):RHS(boolean,boolean):bsh.JavaCharStream@adjustBeginLineColumn(int,int):520:i < len && bufline[j = start % bufsize] == bufline[k = ++start % bufsize] |==> bufline[j = start % bufsize] == bufline[k = ++start % bufsize]
670:STD:<ASSIGN>:<NO-OP>:bsh.JavaCharStream@adjustBeginLineColumn(int,int):522:bufline[j] = newLine |==> <NO-OP>
671:AOR:+(int,int):%(int,int):bsh.JavaCharStream@adjustBeginLineColumn(int,int):523:columnDiff + bufcolumn[k] |==> columnDiff % bufcolumn[k]
672:AOR:+(int,int):*(int,int):bsh.JavaCharStream@adjustBeginLineColumn(int,int):523:columnDiff + bufcolumn[k] |==> columnDiff * bufcolumn[k]
673:AOR:+(int,int):-(int,int):bsh.JavaCharStream@adjustBeginLineColumn(int,int):523:columnDiff + bufcolumn[k] |==> columnDiff - bufcolumn[k]
674:AOR:+(int,int):/(int,int):bsh.JavaCharStream@adjustBeginLineColumn(int,int):523:columnDiff + bufcolumn[k] |==> columnDiff / bufcolumn[k]
675:AOR:-(int,int):%(int,int):bsh.JavaCharStream@adjustBeginLineColumn(int,int):523:columnDiff + bufcolumn[k] - bufcolumn[j] |==> (columnDiff + bufcolumn[k]) % bufcolumn[j]
676:AOR:-(int,int):*(int,int):bsh.JavaCharStream@adjustBeginLineColumn(int,int):523:columnDiff + bufcolumn[k] - bufcolumn[j] |==> (columnDiff + bufcolumn[k]) * bufcolumn[j]
677:AOR:-(int,int):+(int,int):bsh.JavaCharStream@adjustBeginLineColumn(int,int):523:columnDiff + bufcolumn[k] - bufcolumn[j] |==> columnDiff + bufcolumn[k] + bufcolumn[j]
678:AOR:-(int,int):/(int,int):bsh.JavaCharStream@adjustBeginLineColumn(int,int):523:columnDiff + bufcolumn[k] - bufcolumn[j] |==> (columnDiff + bufcolumn[k]) / bufcolumn[j]
679:STD:<ASSIGN>:<NO-OP>:bsh.JavaCharStream@adjustBeginLineColumn(int,int):523:nextColDiff = columnDiff + bufcolumn[k] - bufcolumn[j] |==> <NO-OP>
680:AOR:+(int,int):%(int,int):bsh.JavaCharStream@adjustBeginLineColumn(int,int):524:newCol + columnDiff |==> newCol % columnDiff
681:AOR:+(int,int):*(int,int):bsh.JavaCharStream@adjustBeginLineColumn(int,int):524:newCol + columnDiff |==> newCol * columnDiff
682:AOR:+(int,int):-(int,int):bsh.JavaCharStream@adjustBeginLineColumn(int,int):524:newCol + columnDiff |==> newCol - columnDiff
683:AOR:+(int,int):/(int,int):bsh.JavaCharStream@adjustBeginLineColumn(int,int):524:newCol + columnDiff |==> newCol / columnDiff
684:STD:<ASSIGN>:<NO-OP>:bsh.JavaCharStream@adjustBeginLineColumn(int,int):524:bufcolumn[j] = newCol + columnDiff |==> <NO-OP>
685:STD:<ASSIGN>:<NO-OP>:bsh.JavaCharStream@adjustBeginLineColumn(int,int):525:columnDiff = nextColDiff |==> <NO-OP>
686:STD:<INC>:<NO-OP>:bsh.JavaCharStream@adjustBeginLineColumn(int,int):526:i++ |==> <NO-OP>
687:ROR:<(int,int):!=(int,int):bsh.JavaCharStream@adjustBeginLineColumn(int,int):529:i < len |==> i != len
688:ROR:<(int,int):<=(int,int):bsh.JavaCharStream@adjustBeginLineColumn(int,int):529:i < len |==> i <= len
689:ROR:<(int,int):FALSE(int,int):bsh.JavaCharStream@adjustBeginLineColumn(int,int):529:i < len |==> false
690:STD:<ASSIGN>:<NO-OP>:bsh.JavaCharStream@adjustBeginLineColumn(int,int):531:bufline[j] = newLine++ |==> <NO-OP>
691:AOR:+(int,int):%(int,int):bsh.JavaCharStream@adjustBeginLineColumn(int,int):532:newCol + columnDiff |==> newCol % columnDiff
692:AOR:+(int,int):*(int,int):bsh.JavaCharStream@adjustBeginLineColumn(int,int):532:newCol + columnDiff |==> newCol * columnDiff
693:AOR:+(int,int):-(int,int):bsh.JavaCharStream@adjustBeginLineColumn(int,int):532:newCol + columnDiff |==> newCol - columnDiff
694:AOR:+(int,int):/(int,int):bsh.JavaCharStream@adjustBeginLineColumn(int,int):532:newCol + columnDiff |==> newCol / columnDiff
695:STD:<ASSIGN>:<NO-OP>:bsh.JavaCharStream@adjustBeginLineColumn(int,int):532:bufcolumn[j] = newCol + columnDiff |==> <NO-OP>
696:ROR:<(int,int):!=(int,int):bsh.JavaCharStream@adjustBeginLineColumn(int,int):534:i++ < len |==> i++ != len
697:ROR:<(int,int):<=(int,int):bsh.JavaCharStream@adjustBeginLineColumn(int,int):534:i++ < len |==> i++ <= len
698:ROR:<(int,int):FALSE(int,int):bsh.JavaCharStream@adjustBeginLineColumn(int,int):534:i++ < len |==> false
699:AOR:%(int,int):*(int,int):bsh.JavaCharStream@adjustBeginLineColumn(int,int):536:start % bufsize |==> start * bufsize
700:AOR:%(int,int):+(int,int):bsh.JavaCharStream@adjustBeginLineColumn(int,int):536:start % bufsize |==> start + bufsize
701:AOR:%(int,int):-(int,int):bsh.JavaCharStream@adjustBeginLineColumn(int,int):536:start % bufsize |==> start - bufsize
702:AOR:%(int,int):/(int,int):bsh.JavaCharStream@adjustBeginLineColumn(int,int):536:start % bufsize |==> start / bufsize
703:AOR:%(int,int):*(int,int):bsh.JavaCharStream@adjustBeginLineColumn(int,int):536:++start % bufsize |==> ++start * bufsize
704:AOR:%(int,int):+(int,int):bsh.JavaCharStream@adjustBeginLineColumn(int,int):536:++start % bufsize |==> ++start + bufsize
705:AOR:%(int,int):-(int,int):bsh.JavaCharStream@adjustBeginLineColumn(int,int):536:++start % bufsize |==> ++start - bufsize
706:AOR:%(int,int):/(int,int):bsh.JavaCharStream@adjustBeginLineColumn(int,int):536:++start % bufsize |==> ++start / bufsize
707:ROR:!=(int,int):<(int,int):bsh.JavaCharStream@adjustBeginLineColumn(int,int):536:bufline[j = start % bufsize] != bufline[++start % bufsize] |==> bufline[j = start % bufsize] < bufline[++start % bufsize]
708:ROR:!=(int,int):>(int,int):bsh.JavaCharStream@adjustBeginLineColumn(int,int):536:bufline[j = start % bufsize] != bufline[++start % bufsize] |==> bufline[j = start % bufsize] > bufline[++start % bufsize]
709:ROR:!=(int,int):TRUE(int,int):bsh.JavaCharStream@adjustBeginLineColumn(int,int):536:bufline[j = start % bufsize] != bufline[++start % bufsize] |==> true
710:STD:<ASSIGN>:<NO-OP>:bsh.JavaCharStream@adjustBeginLineColumn(int,int):537:bufline[j] = newLine++ |==> <NO-OP>
711:STD:<ASSIGN>:<NO-OP>:bsh.JavaCharStream@adjustBeginLineColumn(int,int):539:bufline[j] = newLine |==> <NO-OP>
712:STD:<ASSIGN>:<NO-OP>:bsh.JavaCharStream@adjustBeginLineColumn(int,int):543:line = bufline[j] |==> <NO-OP>
713:STD:<ASSIGN>:<NO-OP>:bsh.JavaCharStream@adjustBeginLineColumn(int,int):544:column = bufcolumn[j] |==> <NO-OP>
