1:EVR:<NEW_CLASS(java.util.Vector)>:<DEFAULT>:bsh.StringUtil@split(java.lang.String,java.lang.String):41:new Vector() |==> null
2:EVR:<NEW_CLASS(java.util.StringTokenizer)>:<DEFAULT>:bsh.StringUtil@split(java.lang.String,java.lang.String):42:new StringTokenizer(s, delim) |==> null
3:STD:<CALL>:<NO-OP>:bsh.StringUtil@split(java.lang.String,java.lang.String):44:v.addElement(st.nextToken()) |==> <NO-OP>
4:EVR:<NEW_ARRAY(java.lang.String[])>:<DEFAULT>:bsh.StringUtil@split(java.lang.String,java.lang.String):45:new String[v.size()] |==> null
5:STD:<CALL>:<NO-OP>:bsh.StringUtil@split(java.lang.String,java.lang.String):46:v.copyInto(sa) |==> <NO-OP>
6:EVR:<IDENTIFIER(java.lang.String[])>:<DEFAULT>:bsh.StringUtil@split(java.lang.String,java.lang.String):47:sa |==> null
7:EVR:<NEW_CLASS(java.util.Vector)>:<DEFAULT>:bsh.StringUtil@bubbleSort(java.lang.String[]):51:new Vector() |==> null
8:LVR:0:POS:bsh.StringUtil@bubbleSort(java.lang.String[]):52:0 |==> 1
9:LVR:0:NEG:bsh.StringUtil@bubbleSort(java.lang.String[]):52:0 |==> -1
10:ROR:<(int,int):!=(int,int):bsh.StringUtil@bubbleSort(java.lang.String[]):52:i < in.length |==> i != in.length
11:ROR:<(int,int):<=(int,int):bsh.StringUtil@bubbleSort(java.lang.String[]):52:i < in.length |==> i <= in.length
12:ROR:<(int,int):FALSE(int,int):bsh.StringUtil@bubbleSort(java.lang.String[]):52:i < in.length |==> false
13:STD:<CALL>:<NO-OP>:bsh.StringUtil@bubbleSort(java.lang.String[]):53:v.addElement(in[i]) |==> <NO-OP>
14:EVR:<METHOD_INVOCATION(int)>:<DEFAULT>:bsh.StringUtil@bubbleSort(java.lang.String[]):55:v.size() |==> 0
15:LVR:TRUE:FALSE:bsh.StringUtil@bubbleSort(java.lang.String[]):56:true |==> false
16:LVR:FALSE:TRUE:bsh.StringUtil@bubbleSort(java.lang.String[]):58:false |==> true
17:STD:<ASSIGN>:<NO-OP>:bsh.StringUtil@bubbleSort(java.lang.String[]):58:swap = false |==> <NO-OP>
18:LVR:0:POS:bsh.StringUtil@bubbleSort(java.lang.String[]):59:0 |==> 1
19:LVR:0:NEG:bsh.StringUtil@bubbleSort(java.lang.String[]):59:0 |==> -1
20:LVR:POS:0:bsh.StringUtil@bubbleSort(java.lang.String[]):59:1 |==> 0
21:LVR:POS:NEG:bsh.StringUtil@bubbleSort(java.lang.String[]):59:1 |==> -1
22:AOR:-(int,int):%(int,int):bsh.StringUtil@bubbleSort(java.lang.String[]):59:n - 1 |==> n % 1
23:AOR:-(int,int):*(int,int):bsh.StringUtil@bubbleSort(java.lang.String[]):59:n - 1 |==> n * 1
24:AOR:-(int,int):+(int,int):bsh.StringUtil@bubbleSort(java.lang.String[]):59:n - 1 |==> n + 1
25:AOR:-(int,int):/(int,int):bsh.StringUtil@bubbleSort(java.lang.String[]):59:n - 1 |==> n / 1
26:ROR:<(int,int):!=(int,int):bsh.StringUtil@bubbleSort(java.lang.String[]):59:i < (n - 1) |==> i != (n - 1)
27:ROR:<(int,int):<=(int,int):bsh.StringUtil@bubbleSort(java.lang.String[]):59:i < (n - 1) |==> i <= (n - 1)
28:ROR:<(int,int):FALSE(int,int):bsh.StringUtil@bubbleSort(java.lang.String[]):59:i < (n - 1) |==> false
29:LVR:POS:0:bsh.StringUtil@bubbleSort(java.lang.String[]):61:1 |==> 0
30:LVR:POS:NEG:bsh.StringUtil@bubbleSort(java.lang.String[]):61:1 |==> -1
31:AOR:+(int,int):%(int,int):bsh.StringUtil@bubbleSort(java.lang.String[]):61:i + 1 |==> i % 1
32:AOR:+(int,int):*(int,int):bsh.StringUtil@bubbleSort(java.lang.String[]):61:i + 1 |==> i * 1
33:AOR:+(int,int):-(int,int):bsh.StringUtil@bubbleSort(java.lang.String[]):61:i + 1 |==> i - 1
34:AOR:+(int,int):/(int,int):bsh.StringUtil@bubbleSort(java.lang.String[]):61:i + 1 |==> i / 1
35:LVR:0:POS:bsh.StringUtil@bubbleSort(java.lang.String[]):61:0 |==> 1
36:LVR:0:NEG:bsh.StringUtil@bubbleSort(java.lang.String[]):61:0 |==> -1
37:ROR:>(int,int):!=(int,int):bsh.StringUtil@bubbleSort(java.lang.String[]):60:((String)v.elementAt(i)).compareTo(((String)v.elementAt(i + 1))) > 0 |==> ((String)v.elementAt(i)).compareTo(((String)v.elementAt(i + 1))) != 0
38:ROR:>(int,int):>=(int,int):bsh.StringUtil@bubbleSort(java.lang.String[]):60:((String)v.elementAt(i)).compareTo(((String)v.elementAt(i + 1))) > 0 |==> ((String)v.elementAt(i)).compareTo(((String)v.elementAt(i + 1))) >= 0
39:ROR:>(int,int):FALSE(int,int):bsh.StringUtil@bubbleSort(java.lang.String[]):61:((String)v.elementAt(i)).compareTo(((String)v.elementAt(i + 1))) > 0 |==> false
40:LVR:POS:0:bsh.StringUtil@bubbleSort(java.lang.String[]):62:1 |==> 0
41:LVR:POS:NEG:bsh.StringUtil@bubbleSort(java.lang.String[]):62:1 |==> -1
42:AOR:+(int,int):%(int,int):bsh.StringUtil@bubbleSort(java.lang.String[]):62:i + 1 |==> i % 1
43:AOR:+(int,int):*(int,int):bsh.StringUtil@bubbleSort(java.lang.String[]):62:i + 1 |==> i * 1
44:AOR:+(int,int):-(int,int):bsh.StringUtil@bubbleSort(java.lang.String[]):62:i + 1 |==> i - 1
45:AOR:+(int,int):/(int,int):bsh.StringUtil@bubbleSort(java.lang.String[]):62:i + 1 |==> i / 1
46:LVR:POS:0:bsh.StringUtil@bubbleSort(java.lang.String[]):63:1 |==> 0
47:LVR:POS:NEG:bsh.StringUtil@bubbleSort(java.lang.String[]):63:1 |==> -1
48:AOR:+(int,int):%(int,int):bsh.StringUtil@bubbleSort(java.lang.String[]):63:i + 1 |==> i % 1
49:AOR:+(int,int):*(int,int):bsh.StringUtil@bubbleSort(java.lang.String[]):63:i + 1 |==> i * 1
50:AOR:+(int,int):-(int,int):bsh.StringUtil@bubbleSort(java.lang.String[]):63:i + 1 |==> i - 1
51:AOR:+(int,int):/(int,int):bsh.StringUtil@bubbleSort(java.lang.String[]):63:i + 1 |==> i / 1
52:STD:<CALL>:<NO-OP>:bsh.StringUtil@bubbleSort(java.lang.String[]):63:v.removeElementAt(i + 1) |==> <NO-OP>
53:STD:<CALL>:<NO-OP>:bsh.StringUtil@bubbleSort(java.lang.String[]):64:v.insertElementAt(tmp, i) |==> <NO-OP>
54:LVR:TRUE:FALSE:bsh.StringUtil@bubbleSort(java.lang.String[]):65:true |==> false
55:STD:<ASSIGN>:<NO-OP>:bsh.StringUtil@bubbleSort(java.lang.String[]):65:swap = true |==> <NO-OP>
56:EVR:<NEW_ARRAY(java.lang.String[])>:<DEFAULT>:bsh.StringUtil@bubbleSort(java.lang.String[]):69:new String[n] |==> null
57:STD:<CALL>:<NO-OP>:bsh.StringUtil@bubbleSort(java.lang.String[]):70:v.copyInto(out) |==> <NO-OP>
58:EVR:<IDENTIFIER(java.lang.String[])>:<DEFAULT>:bsh.StringUtil@bubbleSort(java.lang.String[]):71:out |==> null
59:LVR:0:POS:bsh.StringUtil@maxCommonPrefix(java.lang.String,java.lang.String):76:0 |==> 1
60:LVR:0:NEG:bsh.StringUtil@maxCommonPrefix(java.lang.String,java.lang.String):76:0 |==> -1
61:LVR:0:POS:bsh.StringUtil@maxCommonPrefix(java.lang.String,java.lang.String):77:0 |==> 1
62:LVR:0:NEG:bsh.StringUtil@maxCommonPrefix(java.lang.String,java.lang.String):77:0 |==> -1
63:LVR:0:POS:bsh.StringUtil@maxCommonPrefix(java.lang.String,java.lang.String):77:0 |==> 1
64:LVR:0:NEG:bsh.StringUtil@maxCommonPrefix(java.lang.String,java.lang.String):77:0 |==> -1
65:STD:<INC>:<NO-OP>:bsh.StringUtil@maxCommonPrefix(java.lang.String,java.lang.String):78:i++ |==> <NO-OP>
66:LVR:0:POS:bsh.StringUtil@maxCommonPrefix(java.lang.String,java.lang.String):79:0 |==> 1
67:LVR:0:NEG:bsh.StringUtil@maxCommonPrefix(java.lang.String,java.lang.String):79:0 |==> -1
68:LVR:POS:0:bsh.StringUtil@maxCommonPrefix(java.lang.String,java.lang.String):79:1 |==> 0
69:LVR:POS:NEG:bsh.StringUtil@maxCommonPrefix(java.lang.String,java.lang.String):79:1 |==> -1
70:AOR:-(int,int):%(int,int):bsh.StringUtil@maxCommonPrefix(java.lang.String,java.lang.String):79:i - 1 |==> i % 1
71:AOR:-(int,int):*(int,int):bsh.StringUtil@maxCommonPrefix(java.lang.String,java.lang.String):79:i - 1 |==> i * 1
72:AOR:-(int,int):+(int,int):bsh.StringUtil@maxCommonPrefix(java.lang.String,java.lang.String):79:i - 1 |==> i + 1
73:AOR:-(int,int):/(int,int):bsh.StringUtil@maxCommonPrefix(java.lang.String,java.lang.String):79:i - 1 |==> i / 1
74:EVR:<NEW_CLASS(java.lang.StringBuffer)>:<DEFAULT>:bsh.StringUtil@methodString(java.lang.String,java.lang.Class[]):85:new StringBuffer(name + "(") |==> null
75:LVR:0:POS:bsh.StringUtil@methodString(java.lang.String,java.lang.Class[]):86:0 |==> 1
76:LVR:0:NEG:bsh.StringUtil@methodString(java.lang.String,java.lang.Class[]):86:0 |==> -1
77:ROR:>(int,int):!=(int,int):bsh.StringUtil@methodString(java.lang.String,java.lang.Class[]):86:types.length > 0 |==> types.length != 0
78:ROR:>(int,int):>=(int,int):bsh.StringUtil@methodString(java.lang.String,java.lang.Class[]):86:types.length > 0 |==> types.length >= 0
79:ROR:>(int,int):FALSE(int,int):bsh.StringUtil@methodString(java.lang.String,java.lang.Class[]):86:types.length > 0 |==> false
80:STD:<CALL>:<NO-OP>:bsh.StringUtil@methodString(java.lang.String,java.lang.Class[]):87:sb.append(" ") |==> <NO-OP>
81:LVR:0:POS:bsh.StringUtil@methodString(java.lang.String,java.lang.Class[]):88:0 |==> 1
82:LVR:0:NEG:bsh.StringUtil@methodString(java.lang.String,java.lang.Class[]):88:0 |==> -1
83:LVR:POS:0:bsh.StringUtil@methodString(java.lang.String,java.lang.Class[]):88:1 |==> 0
84:LVR:POS:NEG:bsh.StringUtil@methodString(java.lang.String,java.lang.Class[]):88:1 |==> -1
85:AOR:-(int,int):%(int,int):bsh.StringUtil@methodString(java.lang.String,java.lang.Class[]):88:types.length - 1 |==> types.length % 1
86:AOR:-(int,int):*(int,int):bsh.StringUtil@methodString(java.lang.String,java.lang.Class[]):88:types.length - 1 |==> types.length * 1
87:AOR:-(int,int):+(int,int):bsh.StringUtil@methodString(java.lang.String,java.lang.Class[]):88:types.length - 1 |==> types.length + 1
88:AOR:-(int,int):/(int,int):bsh.StringUtil@methodString(java.lang.String,java.lang.Class[]):88:types.length - 1 |==> types.length / 1
89:ROR:<(int,int):!=(int,int):bsh.StringUtil@methodString(java.lang.String,java.lang.Class[]):88:i < (types.length - 1) |==> i != (types.length - 1)
90:ROR:<(int,int):<=(int,int):bsh.StringUtil@methodString(java.lang.String,java.lang.Class[]):88:i < (types.length - 1) |==> i <= (types.length - 1)
91:ROR:<(int,int):FALSE(int,int):bsh.StringUtil@methodString(java.lang.String,java.lang.Class[]):88:i < (types.length - 1) |==> false
92:EVR:<ARRAY_ACCESS(java.lang.Class)>:<DEFAULT>:bsh.StringUtil@methodString(java.lang.String,java.lang.Class[]):90:types[i] |==> null
93:ROR:==(java.lang.Object,java.lang.Object):FALSE(java.lang.Object,java.lang.Object):bsh.StringUtil@methodString(java.lang.String,java.lang.Class[]):91:c == null |==> false
94:STD:<CALL>:<NO-OP>:bsh.StringUtil@methodString(java.lang.String,java.lang.Class[]):91:sb.append(((c == null) ? "null" : c.getName()) + ", ") |==> <NO-OP>
95:LVR:0:POS:bsh.StringUtil@methodString(java.lang.String,java.lang.Class[]):93:0 |==> 1
96:LVR:0:NEG:bsh.StringUtil@methodString(java.lang.String,java.lang.Class[]):93:0 |==> -1
97:ROR:>(int,int):!=(int,int):bsh.StringUtil@methodString(java.lang.String,java.lang.Class[]):93:types.length > 0 |==> types.length != 0
98:ROR:>(int,int):>=(int,int):bsh.StringUtil@methodString(java.lang.String,java.lang.Class[]):93:types.length > 0 |==> types.length >= 0
99:ROR:>(int,int):FALSE(int,int):bsh.StringUtil@methodString(java.lang.String,java.lang.Class[]):93:types.length > 0 |==> false
100:LVR:POS:0:bsh.StringUtil@methodString(java.lang.String,java.lang.Class[]):95:1 |==> 0
101:LVR:POS:NEG:bsh.StringUtil@methodString(java.lang.String,java.lang.Class[]):95:1 |==> -1
102:AOR:-(int,int):%(int,int):bsh.StringUtil@methodString(java.lang.String,java.lang.Class[]):95:types.length - 1 |==> types.length % 1
103:AOR:-(int,int):*(int,int):bsh.StringUtil@methodString(java.lang.String,java.lang.Class[]):95:types.length - 1 |==> types.length * 1
104:AOR:-(int,int):+(int,int):bsh.StringUtil@methodString(java.lang.String,java.lang.Class[]):95:types.length - 1 |==> types.length + 1
105:AOR:-(int,int):/(int,int):bsh.StringUtil@methodString(java.lang.String,java.lang.Class[]):95:types.length - 1 |==> types.length / 1
106:ROR:==(java.lang.Object,java.lang.Object):FALSE(java.lang.Object,java.lang.Object):bsh.StringUtil@methodString(java.lang.String,java.lang.Class[]):96:c == null |==> false
107:STD:<CALL>:<NO-OP>:bsh.StringUtil@methodString(java.lang.String,java.lang.Class[]):96:sb.append(((c == null) ? "null" : c.getName())) |==> <NO-OP>
108:STD:<CALL>:<NO-OP>:bsh.StringUtil@methodString(java.lang.String,java.lang.Class[]):97:sb.append(" ") |==> <NO-OP>
109:STD:<CALL>:<NO-OP>:bsh.StringUtil@methodString(java.lang.String,java.lang.Class[]):99:sb.append(")") |==> <NO-OP>
110:EVR:<METHOD_INVOCATION(java.lang.String)>:<DEFAULT>:bsh.StringUtil@methodString(java.lang.String,java.lang.Class[]):100:sb.toString() |==> null
