1:EVR:<NEW_CLASS(java.util.Hashtable)>:<DEFAULT>:org.gjt.sp.jedit.bsh.Primitive:73:new Hashtable() |==> null
2:STD:<CALL>:<NO-OP>:org.gjt.sp.jedit.bsh.Primitive:75:wrapperMap.put(Boolean.TYPE, Boolean.class) |==> <NO-OP>
3:STD:<CALL>:<NO-OP>:org.gjt.sp.jedit.bsh.Primitive:76:wrapperMap.put(Byte.TYPE, Byte.class) |==> <NO-OP>
4:STD:<CALL>:<NO-OP>:org.gjt.sp.jedit.bsh.Primitive:77:wrapperMap.put(Short.TYPE, Short.class) |==> <NO-OP>
5:STD:<CALL>:<NO-OP>:org.gjt.sp.jedit.bsh.Primitive:78:wrapperMap.put(Character.TYPE, Character.class) |==> <NO-OP>
6:STD:<CALL>:<NO-OP>:org.gjt.sp.jedit.bsh.Primitive:79:wrapperMap.put(Integer.TYPE, Integer.class) |==> <NO-OP>
7:STD:<CALL>:<NO-OP>:org.gjt.sp.jedit.bsh.Primitive:80:wrapperMap.put(Long.TYPE, Long.class) |==> <NO-OP>
8:STD:<CALL>:<NO-OP>:org.gjt.sp.jedit.bsh.Primitive:81:wrapperMap.put(Float.TYPE, Float.class) |==> <NO-OP>
9:STD:<CALL>:<NO-OP>:org.gjt.sp.jedit.bsh.Primitive:82:wrapperMap.put(Double.TYPE, Double.class) |==> <NO-OP>
10:STD:<CALL>:<NO-OP>:org.gjt.sp.jedit.bsh.Primitive:83:wrapperMap.put(Boolean.class, Boolean.TYPE) |==> <NO-OP>
11:STD:<CALL>:<NO-OP>:org.gjt.sp.jedit.bsh.Primitive:84:wrapperMap.put(Byte.class, Byte.TYPE) |==> <NO-OP>
12:STD:<CALL>:<NO-OP>:org.gjt.sp.jedit.bsh.Primitive:85:wrapperMap.put(Short.class, Short.TYPE) |==> <NO-OP>
13:STD:<CALL>:<NO-OP>:org.gjt.sp.jedit.bsh.Primitive:86:wrapperMap.put(Character.class, Character.TYPE) |==> <NO-OP>
14:STD:<CALL>:<NO-OP>:org.gjt.sp.jedit.bsh.Primitive:87:wrapperMap.put(Integer.class, Integer.TYPE) |==> <NO-OP>
15:STD:<CALL>:<NO-OP>:org.gjt.sp.jedit.bsh.Primitive:88:wrapperMap.put(Long.class, Long.TYPE) |==> <NO-OP>
16:STD:<CALL>:<NO-OP>:org.gjt.sp.jedit.bsh.Primitive:89:wrapperMap.put(Float.class, Float.TYPE) |==> <NO-OP>
17:STD:<CALL>:<NO-OP>:org.gjt.sp.jedit.bsh.Primitive:90:wrapperMap.put(Double.class, Double.TYPE) |==> <NO-OP>
18:EVR:<NEW_CLASS(org.gjt.sp.jedit.bsh.Primitive.Special)>:<DEFAULT>:org.gjt.sp.jedit.bsh.Primitive$Special:100:new Special() |==> null
19:EVR:<NEW_CLASS(org.gjt.sp.jedit.bsh.Primitive.Special)>:<DEFAULT>:org.gjt.sp.jedit.bsh.Primitive$Special:101:new Special() |==> null
20:EVR:<NEW_CLASS(org.gjt.sp.jedit.bsh.Primitive)>:<DEFAULT>:org.gjt.sp.jedit.bsh.Primitive:108:new Primitive(Special.NULL_VALUE) |==> null
21:EVR:<NEW_CLASS(org.gjt.sp.jedit.bsh.Primitive)>:<DEFAULT>:org.gjt.sp.jedit.bsh.Primitive:115:new Primitive(Special.VOID_TYPE) |==> null
22:ROR:==(java.lang.Object,java.lang.Object):FALSE(java.lang.Object,java.lang.Object):org.gjt.sp.jedit.bsh.Primitive@<init>(java.lang.Object):120:value == null |==> false
23:ROR:!=(java.lang.Object,java.lang.Object):TRUE(java.lang.Object,java.lang.Object):org.gjt.sp.jedit.bsh.Primitive@<init>(java.lang.Object):124:value != Special.NULL_VALUE |==> true
24:ROR:!=(java.lang.Object,java.lang.Object):TRUE(java.lang.Object,java.lang.Object):org.gjt.sp.jedit.bsh.Primitive@<init>(java.lang.Object):125:value != Special.VOID_TYPE |==> true
25:COR:&&(boolean,boolean):==(boolean,boolean):org.gjt.sp.jedit.bsh.Primitive@<init>(java.lang.Object):124:value != Special.NULL_VALUE && value != Special.VOID_TYPE |==> value != Special.NULL_VALUE == (value != Special.VOID_TYPE)
26:COR:&&(boolean,boolean):FALSE(boolean,boolean):org.gjt.sp.jedit.bsh.Primitive@<init>(java.lang.Object):125:value != Special.NULL_VALUE && value != Special.VOID_TYPE |==> false
27:COR:&&(boolean,boolean):LHS(boolean,boolean):org.gjt.sp.jedit.bsh.Primitive@<init>(java.lang.Object):124:value != Special.NULL_VALUE && value != Special.VOID_TYPE |==> value != Special.NULL_VALUE
28:COR:&&(boolean,boolean):RHS(boolean,boolean):org.gjt.sp.jedit.bsh.Primitive@<init>(java.lang.Object):125:value != Special.NULL_VALUE && value != Special.VOID_TYPE |==> value != Special.VOID_TYPE
29:COR:&&(boolean,boolean):==(boolean,boolean):org.gjt.sp.jedit.bsh.Primitive@<init>(java.lang.Object):124:value != Special.NULL_VALUE && value != Special.VOID_TYPE && !isWrapperType(value.getClass()) |==> (value != Special.NULL_VALUE && value != Special.VOID_TYPE) == !isWrapperType(value.getClass())
30:COR:&&(boolean,boolean):FALSE(boolean,boolean):org.gjt.sp.jedit.bsh.Primitive@<init>(java.lang.Object):125:value != Special.NULL_VALUE && value != Special.VOID_TYPE && !isWrapperType(value.getClass()) |==> false
31:COR:&&(boolean,boolean):LHS(boolean,boolean):org.gjt.sp.jedit.bsh.Primitive@<init>(java.lang.Object):124:value != Special.NULL_VALUE && value != Special.VOID_TYPE && !isWrapperType(value.getClass()) |==> value != Special.NULL_VALUE && value != Special.VOID_TYPE
32:COR:&&(boolean,boolean):RHS(boolean,boolean):org.gjt.sp.jedit.bsh.Primitive@<init>(java.lang.Object):126:value != Special.NULL_VALUE && value != Special.VOID_TYPE && !isWrapperType(value.getClass()) |==> !isWrapperType(value.getClass())
