1:EVR:<MEMBER_SELECT(int)>:<DEFAULT>:org.gjt.sp.jedit.gui.ExtendedGridLayoutConstraints:36:Integer.MAX_VALUE |==> 0
2:LVR:0:POS:org.gjt.sp.jedit.gui.ExtendedGridLayoutConstraints@<init>(java.awt.Component):133:0 |==> 1
3:LVR:0:NEG:org.gjt.sp.jedit.gui.ExtendedGridLayoutConstraints@<init>(java.awt.Component):133:0 |==> -1
4:LVR:0:POS:org.gjt.sp.jedit.gui.ExtendedGridLayoutConstraints@<init>(java.awt.Component):133:0 |==> 1
5:LVR:0:NEG:org.gjt.sp.jedit.gui.ExtendedGridLayoutConstraints@<init>(java.awt.Component):133:0 |==> -1
6:LVR:POS:0:org.gjt.sp.jedit.gui.ExtendedGridLayoutConstraints@<init>(java.awt.Component):133:1 |==> 0
7:LVR:POS:NEG:org.gjt.sp.jedit.gui.ExtendedGridLayoutConstraints@<init>(java.awt.Component):133:1 |==> -1
8:LVR:POS:0:org.gjt.sp.jedit.gui.ExtendedGridLayoutConstraints@<init>(java.awt.Component):133:1 |==> 0
9:LVR:POS:NEG:org.gjt.sp.jedit.gui.ExtendedGridLayoutConstraints@<init>(java.awt.Component):133:1 |==> -1
10:LVR:FALSE:TRUE:org.gjt.sp.jedit.gui.ExtendedGridLayoutConstraints@<init>(java.awt.Component):133:false |==> true
11:LVR:0:POS:org.gjt.sp.jedit.gui.ExtendedGridLayoutConstraints@<init>(int,java.awt.Component):149:0 |==> 1
12:LVR:0:NEG:org.gjt.sp.jedit.gui.ExtendedGridLayoutConstraints@<init>(int,java.awt.Component):149:0 |==> -1
13:LVR:POS:0:org.gjt.sp.jedit.gui.ExtendedGridLayoutConstraints@<init>(int,java.awt.Component):149:1 |==> 0
14:LVR:POS:NEG:org.gjt.sp.jedit.gui.ExtendedGridLayoutConstraints@<init>(int,java.awt.Component):149:1 |==> -1
15:LVR:POS:0:org.gjt.sp.jedit.gui.ExtendedGridLayoutConstraints@<init>(int,java.awt.Component):149:1 |==> 0
16:LVR:POS:NEG:org.gjt.sp.jedit.gui.ExtendedGridLayoutConstraints@<init>(int,java.awt.Component):149:1 |==> -1
17:LVR:FALSE:TRUE:org.gjt.sp.jedit.gui.ExtendedGridLayoutConstraints@<init>(int,java.awt.Component):149:false |==> true
18:LVR:0:POS:org.gjt.sp.jedit.gui.ExtendedGridLayoutConstraints@<init>(int,int,int,java.awt.Component):173:0 |==> 1
19:LVR:0:NEG:org.gjt.sp.jedit.gui.ExtendedGridLayoutConstraints@<init>(int,int,int,java.awt.Component):173:0 |==> -1
20:LVR:FALSE:TRUE:org.gjt.sp.jedit.gui.ExtendedGridLayoutConstraints@<init>(int,int,int,java.awt.Component):173:false |==> true
21:LVR:0:POS:org.gjt.sp.jedit.gui.ExtendedGridLayoutConstraints@<init>(int,int,int,int,java.awt.Component,boolean,org.gjt.sp.jedit.gui.ExtendedGridLayoutConstraints):203:0 |==> 1
22:LVR:0:NEG:org.gjt.sp.jedit.gui.ExtendedGridLayoutConstraints@<init>(int,int,int,int,java.awt.Component,boolean,org.gjt.sp.jedit.gui.ExtendedGridLayoutConstraints):203:0 |==> -1
23:ROR:<(int,int):!=(int,int):org.gjt.sp.jedit.gui.ExtendedGridLayoutConstraints@<init>(int,int,int,int,java.awt.Component,boolean,org.gjt.sp.jedit.gui.ExtendedGridLayoutConstraints):203:row < 0 |==> row != 0
24:ROR:<(int,int):<=(int,int):org.gjt.sp.jedit.gui.ExtendedGridLayoutConstraints@<init>(int,int,int,int,java.awt.Component,boolean,org.gjt.sp.jedit.gui.ExtendedGridLayoutConstraints):203:row < 0 |==> row <= 0
25:ROR:<(int,int):FALSE(int,int):org.gjt.sp.jedit.gui.ExtendedGridLayoutConstraints@<init>(int,int,int,int,java.awt.Component,boolean,org.gjt.sp.jedit.gui.ExtendedGridLayoutConstraints):203:row < 0 |==> false
26:LVR:0:POS:org.gjt.sp.jedit.gui.ExtendedGridLayoutConstraints@<init>(int,int,int,int,java.awt.Component,boolean,org.gjt.sp.jedit.gui.ExtendedGridLayoutConstraints):207:0 |==> 1
27:LVR:0:NEG:org.gjt.sp.jedit.gui.ExtendedGridLayoutConstraints@<init>(int,int,int,int,java.awt.Component,boolean,org.gjt.sp.jedit.gui.ExtendedGridLayoutConstraints):207:0 |==> -1
28:ROR:<(int,int):!=(int,int):org.gjt.sp.jedit.gui.ExtendedGridLayoutConstraints@<init>(int,int,int,int,java.awt.Component,boolean,org.gjt.sp.jedit.gui.ExtendedGridLayoutConstraints):207:col < 0 |==> col != 0
29:ROR:<(int,int):<=(int,int):org.gjt.sp.jedit.gui.ExtendedGridLayoutConstraints@<init>(int,int,int,int,java.awt.Component,boolean,org.gjt.sp.jedit.gui.ExtendedGridLayoutConstraints):207:col < 0 |==> col <= 0
30:ROR:<(int,int):FALSE(int,int):org.gjt.sp.jedit.gui.ExtendedGridLayoutConstraints@<init>(int,int,int,int,java.awt.Component,boolean,org.gjt.sp.jedit.gui.ExtendedGridLayoutConstraints):207:col < 0 |==> false
31:LVR:POS:0:org.gjt.sp.jedit.gui.ExtendedGridLayoutConstraints@<init>(int,int,int,int,java.awt.Component,boolean,org.gjt.sp.jedit.gui.ExtendedGridLayoutConstraints):211:1 |==> 0
32:LVR:POS:NEG:org.gjt.sp.jedit.gui.ExtendedGridLayoutConstraints@<init>(int,int,int,int,java.awt.Component,boolean,org.gjt.sp.jedit.gui.ExtendedGridLayoutConstraints):211:1 |==> -1
33:ROR:<(int,int):!=(int,int):org.gjt.sp.jedit.gui.ExtendedGridLayoutConstraints@<init>(int,int,int,int,java.awt.Component,boolean,org.gjt.sp.jedit.gui.ExtendedGridLayoutConstraints):211:colspan < 1 |==> colspan != 1
34:ROR:<(int,int):<=(int,int):org.gjt.sp.jedit.gui.ExtendedGridLayoutConstraints@<init>(int,int,int,int,java.awt.Component,boolean,org.gjt.sp.jedit.gui.ExtendedGridLayoutConstraints):211:colspan < 1 |==> colspan <= 1
35:ROR:<(int,int):FALSE(int,int):org.gjt.sp.jedit.gui.ExtendedGridLayoutConstraints@<init>(int,int,int,int,java.awt.Component,boolean,org.gjt.sp.jedit.gui.ExtendedGridLayoutConstraints):211:colspan < 1 |==> false
36:LVR:POS:0:org.gjt.sp.jedit.gui.ExtendedGridLayoutConstraints@<init>(int,int,int,int,java.awt.Component,boolean,org.gjt.sp.jedit.gui.ExtendedGridLayoutConstraints):215:1 |==> 0
37:LVR:POS:NEG:org.gjt.sp.jedit.gui.ExtendedGridLayoutConstraints@<init>(int,int,int,int,java.awt.Component,boolean,org.gjt.sp.jedit.gui.ExtendedGridLayoutConstraints):215:1 |==> -1
38:ROR:<(int,int):!=(int,int):org.gjt.sp.jedit.gui.ExtendedGridLayoutConstraints@<init>(int,int,int,int,java.awt.Component,boolean,org.gjt.sp.jedit.gui.ExtendedGridLayoutConstraints):215:rowspan < 1 |==> rowspan != 1
39:ROR:<(int,int):<=(int,int):org.gjt.sp.jedit.gui.ExtendedGridLayoutConstraints@<init>(int,int,int,int,java.awt.Component,boolean,org.gjt.sp.jedit.gui.ExtendedGridLayoutConstraints):215:rowspan < 1 |==> rowspan <= 1
40:ROR:<(int,int):FALSE(int,int):org.gjt.sp.jedit.gui.ExtendedGridLayoutConstraints@<init>(int,int,int,int,java.awt.Component,boolean,org.gjt.sp.jedit.gui.ExtendedGridLayoutConstraints):215:rowspan < 1 |==> false
41:STD:<ASSIGN>:<NO-OP>:org.gjt.sp.jedit.gui.ExtendedGridLayoutConstraints@<init>(int,int,int,int,java.awt.Component,boolean,org.gjt.sp.jedit.gui.ExtendedGridLayoutConstraints):219:this.row = row |==> <NO-OP>
42:STD:<ASSIGN>:<NO-OP>:org.gjt.sp.jedit.gui.ExtendedGridLayoutConstraints@<init>(int,int,int,int,java.awt.Component,boolean,org.gjt.sp.jedit.gui.ExtendedGridLayoutConstraints):220:this.col = col |==> <NO-OP>
43:STD:<ASSIGN>:<NO-OP>:org.gjt.sp.jedit.gui.ExtendedGridLayoutConstraints@<init>(int,int,int,int,java.awt.Component,boolean,org.gjt.sp.jedit.gui.ExtendedGridLayoutConstraints):221:this.colspan = colspan |==> <NO-OP>
44:LVR:POS:0:org.gjt.sp.jedit.gui.ExtendedGridLayoutConstraints@<init>(int,int,int,int,java.awt.Component,boolean,org.gjt.sp.jedit.gui.ExtendedGridLayoutConstraints):222:1 |==> 0
45:LVR:POS:NEG:org.gjt.sp.jedit.gui.ExtendedGridLayoutConstraints@<init>(int,int,int,int,java.awt.Component,boolean,org.gjt.sp.jedit.gui.ExtendedGridLayoutConstraints):222:1 |==> -1
46:STD:<ASSIGN>:<NO-OP>:org.gjt.sp.jedit.gui.ExtendedGridLayoutConstraints@<init>(int,int,int,int,java.awt.Component,boolean,org.gjt.sp.jedit.gui.ExtendedGridLayoutConstraints):222:effectiveColspan = 1 |==> <NO-OP>
47:STD:<ASSIGN>:<NO-OP>:org.gjt.sp.jedit.gui.ExtendedGridLayoutConstraints@<init>(int,int,int,int,java.awt.Component,boolean,org.gjt.sp.jedit.gui.ExtendedGridLayoutConstraints):223:this.rowspan = rowspan |==> <NO-OP>
48:LVR:POS:0:org.gjt.sp.jedit.gui.ExtendedGridLayoutConstraints@<init>(int,int,int,int,java.awt.Component,boolean,org.gjt.sp.jedit.gui.ExtendedGridLayoutConstraints):224:1 |==> 0
49:LVR:POS:NEG:org.gjt.sp.jedit.gui.ExtendedGridLayoutConstraints@<init>(int,int,int,int,java.awt.Component,boolean,org.gjt.sp.jedit.gui.ExtendedGridLayoutConstraints):224:1 |==> -1
50:STD:<ASSIGN>:<NO-OP>:org.gjt.sp.jedit.gui.ExtendedGridLayoutConstraints@<init>(int,int,int,int,java.awt.Component,boolean,org.gjt.sp.jedit.gui.ExtendedGridLayoutConstraints):224:effectiveRowspan = 1 |==> <NO-OP>
51:STD:<ASSIGN>:<NO-OP>:org.gjt.sp.jedit.gui.ExtendedGridLayoutConstraints@<init>(int,int,int,int,java.awt.Component,boolean,org.gjt.sp.jedit.gui.ExtendedGridLayoutConstraints):225:this.component = component |==> <NO-OP>
52:STD:<ASSIGN>:<NO-OP>:org.gjt.sp.jedit.gui.ExtendedGridLayoutConstraints@<init>(int,int,int,int,java.awt.Component,boolean,org.gjt.sp.jedit.gui.ExtendedGridLayoutConstraints):226:this.placeholder = placeholder |==> <NO-OP>
53:STD:<ASSIGN>:<NO-OP>:org.gjt.sp.jedit.gui.ExtendedGridLayoutConstraints@<init>(int,int,int,int,java.awt.Component,boolean,org.gjt.sp.jedit.gui.ExtendedGridLayoutConstraints):227:this.mainConstraints = mainConstraints |==> <NO-OP>
54:LVR:POS:0:org.gjt.sp.jedit.gui.ExtendedGridLayoutConstraints@getColspanPlaceholder(boolean):242:1 |==> 0
55:LVR:POS:NEG:org.gjt.sp.jedit.gui.ExtendedGridLayoutConstraints@getColspanPlaceholder(boolean):242:1 |==> -1
56:ROR:==(int,int):<=(int,int):org.gjt.sp.jedit.gui.ExtendedGridLayoutConstraints@getColspanPlaceholder(boolean):242:1 == colspan |==> 1 <= colspan
57:ROR:==(int,int):>=(int,int):org.gjt.sp.jedit.gui.ExtendedGridLayoutConstraints@getColspanPlaceholder(boolean):242:1 == colspan |==> 1 >= colspan
58:ROR:==(int,int):FALSE(int,int):org.gjt.sp.jedit.gui.ExtendedGridLayoutConstraints@getColspanPlaceholder(boolean):242:1 == colspan |==> false
59:STD:<RETURN>:<NO-OP>:org.gjt.sp.jedit.gui.ExtendedGridLayoutConstraints@getColspanPlaceholder(boolean):244:return null; |==> <NO-OP>
60:LVR:POS:0:org.gjt.sp.jedit.gui.ExtendedGridLayoutConstraints@getColspanPlaceholder(boolean):246:1 |==> 0
61:LVR:POS:NEG:org.gjt.sp.jedit.gui.ExtendedGridLayoutConstraints@getColspanPlaceholder(boolean):246:1 |==> -1
62:AOR:+(int,int):%(int,int):org.gjt.sp.jedit.gui.ExtendedGridLayoutConstraints@getColspanPlaceholder(boolean):246:col + 1 |==> col % 1
63:AOR:+(int,int):*(int,int):org.gjt.sp.jedit.gui.ExtendedGridLayoutConstraints@getColspanPlaceholder(boolean):246:col + 1 |==> col * 1
64:AOR:+(int,int):-(int,int):org.gjt.sp.jedit.gui.ExtendedGridLayoutConstraints@getColspanPlaceholder(boolean):246:col + 1 |==> col - 1
65:AOR:+(int,int):/(int,int):org.gjt.sp.jedit.gui.ExtendedGridLayoutConstraints@getColspanPlaceholder(boolean):246:col + 1 |==> col / 1
66:ROR:==(int,int):<=(int,int):org.gjt.sp.jedit.gui.ExtendedGridLayoutConstraints@getColspanPlaceholder(boolean):246:colspan == REMAINDER |==> colspan <= REMAINDER
67:ROR:==(int,int):>=(int,int):org.gjt.sp.jedit.gui.ExtendedGridLayoutConstraints@getColspanPlaceholder(boolean):246:colspan == REMAINDER |==> colspan >= REMAINDER
68:ROR:==(int,int):FALSE(int,int):org.gjt.sp.jedit.gui.ExtendedGridLayoutConstraints@getColspanPlaceholder(boolean):246:colspan == REMAINDER |==> false
69:LVR:POS:0:org.gjt.sp.jedit.gui.ExtendedGridLayoutConstraints@getColspanPlaceholder(boolean):246:1 |==> 0
70:LVR:POS:NEG:org.gjt.sp.jedit.gui.ExtendedGridLayoutConstraints@getColspanPlaceholder(boolean):246:1 |==> -1
71:AOR:-(int,int):%(int,int):org.gjt.sp.jedit.gui.ExtendedGridLayoutConstraints@getColspanPlaceholder(boolean):246:colspan - 1 |==> colspan % 1
72:AOR:-(int,int):*(int,int):org.gjt.sp.jedit.gui.ExtendedGridLayoutConstraints@getColspanPlaceholder(boolean):246:colspan - 1 |==> colspan * 1
73:AOR:-(int,int):+(int,int):org.gjt.sp.jedit.gui.ExtendedGridLayoutConstraints@getColspanPlaceholder(boolean):246:colspan - 1 |==> colspan + 1
74:AOR:-(int,int):/(int,int):org.gjt.sp.jedit.gui.ExtendedGridLayoutConstraints@getColspanPlaceholder(boolean):246:colspan - 1 |==> colspan / 1
75:LVR:TRUE:FALSE:org.gjt.sp.jedit.gui.ExtendedGridLayoutConstraints@getColspanPlaceholder(boolean):246:true |==> false
76:ROR:==(java.lang.Object,java.lang.Object):FALSE(java.lang.Object,java.lang.Object):org.gjt.sp.jedit.gui.ExtendedGridLayoutConstraints@getColspanPlaceholder(boolean):246:null == mainConstraints |==> false
77:ROR:==(int,int):<=(int,int):org.gjt.sp.jedit.gui.ExtendedGridLayoutConstraints@getColspanPlaceholder(boolean):247:result.mainConstraints.row == row |==> result.mainConstraints.row <= row
78:ROR:==(int,int):>=(int,int):org.gjt.sp.jedit.gui.ExtendedGridLayoutConstraints@getColspanPlaceholder(boolean):247:result.mainConstraints.row == row |==> result.mainConstraints.row >= row
79:ROR:==(int,int):FALSE(int,int):org.gjt.sp.jedit.gui.ExtendedGridLayoutConstraints@getColspanPlaceholder(boolean):247:result.mainConstraints.row == row |==> false
80:COR:&&(boolean,boolean):==(boolean,boolean):org.gjt.sp.jedit.gui.ExtendedGridLayoutConstraints@getColspanPlaceholder(boolean):247:forUsage && (result.mainConstraints.row == row) |==> forUsage == (result.mainConstraints.row == row)
81:COR:&&(boolean,boolean):FALSE(boolean,boolean):org.gjt.sp.jedit.gui.ExtendedGridLayoutConstraints@getColspanPlaceholder(boolean):247:forUsage && (result.mainConstraints.row == row) |==> false
82:COR:&&(boolean,boolean):LHS(boolean,boolean):org.gjt.sp.jedit.gui.ExtendedGridLayoutConstraints@getColspanPlaceholder(boolean):247:forUsage && (result.mainConstraints.row == row) |==> forUsage
83:COR:&&(boolean,boolean):RHS(boolean,boolean):org.gjt.sp.jedit.gui.ExtendedGridLayoutConstraints@getColspanPlaceholder(boolean):247:forUsage && (result.mainConstraints.row == row) |==> (result.mainConstraints.row == row)
84:STD:<INC>:<NO-OP>:org.gjt.sp.jedit.gui.ExtendedGridLayoutConstraints@getColspanPlaceholder(boolean):249:result.mainConstraints.effectiveColspan++ |==> <NO-OP>
85:EVR:<IDENTIFIER(org.gjt.sp.jedit.gui.ExtendedGridLayoutConstraints)>:<DEFAULT>:org.gjt.sp.jedit.gui.ExtendedGridLayoutConstraints@getColspanPlaceholder(boolean):251:result |==> null
86:LVR:POS:0:org.gjt.sp.jedit.gui.ExtendedGridLayoutConstraints@getRowspanPlaceholder(boolean):266:1 |==> 0
87:LVR:POS:NEG:org.gjt.sp.jedit.gui.ExtendedGridLayoutConstraints@getRowspanPlaceholder(boolean):266:1 |==> -1
88:ROR:==(int,int):<=(int,int):org.gjt.sp.jedit.gui.ExtendedGridLayoutConstraints@getRowspanPlaceholder(boolean):266:1 == rowspan |==> 1 <= rowspan
89:ROR:==(int,int):>=(int,int):org.gjt.sp.jedit.gui.ExtendedGridLayoutConstraints@getRowspanPlaceholder(boolean):266:1 == rowspan |==> 1 >= rowspan
90:ROR:==(int,int):FALSE(int,int):org.gjt.sp.jedit.gui.ExtendedGridLayoutConstraints@getRowspanPlaceholder(boolean):266:1 == rowspan |==> false
91:STD:<RETURN>:<NO-OP>:org.gjt.sp.jedit.gui.ExtendedGridLayoutConstraints@getRowspanPlaceholder(boolean):268:return null; |==> <NO-OP>
92:LVR:POS:0:org.gjt.sp.jedit.gui.ExtendedGridLayoutConstraints@getRowspanPlaceholder(boolean):270:1 |==> 0
93:LVR:POS:NEG:org.gjt.sp.jedit.gui.ExtendedGridLayoutConstraints@getRowspanPlaceholder(boolean):270:1 |==> -1
94:AOR:+(int,int):%(int,int):org.gjt.sp.jedit.gui.ExtendedGridLayoutConstraints@getRowspanPlaceholder(boolean):270:row + 1 |==> row % 1
95:AOR:+(int,int):*(int,int):org.gjt.sp.jedit.gui.ExtendedGridLayoutConstraints@getRowspanPlaceholder(boolean):270:row + 1 |==> row * 1
96:AOR:+(int,int):-(int,int):org.gjt.sp.jedit.gui.ExtendedGridLayoutConstraints@getRowspanPlaceholder(boolean):270:row + 1 |==> row - 1
97:AOR:+(int,int):/(int,int):org.gjt.sp.jedit.gui.ExtendedGridLayoutConstraints@getRowspanPlaceholder(boolean):270:row + 1 |==> row / 1
98:ROR:==(int,int):<=(int,int):org.gjt.sp.jedit.gui.ExtendedGridLayoutConstraints@getRowspanPlaceholder(boolean):270:rowspan == REMAINDER |==> rowspan <= REMAINDER
99:ROR:==(int,int):>=(int,int):org.gjt.sp.jedit.gui.ExtendedGridLayoutConstraints@getRowspanPlaceholder(boolean):270:rowspan == REMAINDER |==> rowspan >= REMAINDER
100:ROR:==(int,int):FALSE(int,int):org.gjt.sp.jedit.gui.ExtendedGridLayoutConstraints@getRowspanPlaceholder(boolean):270:rowspan == REMAINDER |==> false
101:LVR:POS:0:org.gjt.sp.jedit.gui.ExtendedGridLayoutConstraints@getRowspanPlaceholder(boolean):270:1 |==> 0
102:LVR:POS:NEG:org.gjt.sp.jedit.gui.ExtendedGridLayoutConstraints@getRowspanPlaceholder(boolean):270:1 |==> -1
103:AOR:-(int,int):%(int,int):org.gjt.sp.jedit.gui.ExtendedGridLayoutConstraints@getRowspanPlaceholder(boolean):270:rowspan - 1 |==> rowspan % 1
104:AOR:-(int,int):*(int,int):org.gjt.sp.jedit.gui.ExtendedGridLayoutConstraints@getRowspanPlaceholder(boolean):270:rowspan - 1 |==> rowspan * 1
105:AOR:-(int,int):+(int,int):org.gjt.sp.jedit.gui.ExtendedGridLayoutConstraints@getRowspanPlaceholder(boolean):270:rowspan - 1 |==> rowspan + 1
106:AOR:-(int,int):/(int,int):org.gjt.sp.jedit.gui.ExtendedGridLayoutConstraints@getRowspanPlaceholder(boolean):270:rowspan - 1 |==> rowspan / 1
107:LVR:TRUE:FALSE:org.gjt.sp.jedit.gui.ExtendedGridLayoutConstraints@getRowspanPlaceholder(boolean):270:true |==> false
108:ROR:==(java.lang.Object,java.lang.Object):FALSE(java.lang.Object,java.lang.Object):org.gjt.sp.jedit.gui.ExtendedGridLayoutConstraints@getRowspanPlaceholder(boolean):270:null == mainConstraints |==> false
109:ROR:==(int,int):<=(int,int):org.gjt.sp.jedit.gui.ExtendedGridLayoutConstraints@getRowspanPlaceholder(boolean):271:result.mainConstraints.col == col |==> result.mainConstraints.col <= col
110:ROR:==(int,int):>=(int,int):org.gjt.sp.jedit.gui.ExtendedGridLayoutConstraints@getRowspanPlaceholder(boolean):271:result.mainConstraints.col == col |==> result.mainConstraints.col >= col
111:ROR:==(int,int):FALSE(int,int):org.gjt.sp.jedit.gui.ExtendedGridLayoutConstraints@getRowspanPlaceholder(boolean):271:result.mainConstraints.col == col |==> false
112:COR:&&(boolean,boolean):==(boolean,boolean):org.gjt.sp.jedit.gui.ExtendedGridLayoutConstraints@getRowspanPlaceholder(boolean):271:forUsage && (result.mainConstraints.col == col) |==> forUsage == (result.mainConstraints.col == col)
113:COR:&&(boolean,boolean):FALSE(boolean,boolean):org.gjt.sp.jedit.gui.ExtendedGridLayoutConstraints@getRowspanPlaceholder(boolean):271:forUsage && (result.mainConstraints.col == col) |==> false
114:COR:&&(boolean,boolean):LHS(boolean,boolean):org.gjt.sp.jedit.gui.ExtendedGridLayoutConstraints@getRowspanPlaceholder(boolean):271:forUsage && (result.mainConstraints.col == col) |==> forUsage
115:COR:&&(boolean,boolean):RHS(boolean,boolean):org.gjt.sp.jedit.gui.ExtendedGridLayoutConstraints@getRowspanPlaceholder(boolean):271:forUsage && (result.mainConstraints.col == col) |==> (result.mainConstraints.col == col)
116:STD:<INC>:<NO-OP>:org.gjt.sp.jedit.gui.ExtendedGridLayoutConstraints@getRowspanPlaceholder(boolean):273:result.mainConstraints.effectiveRowspan++ |==> <NO-OP>
117:EVR:<IDENTIFIER(org.gjt.sp.jedit.gui.ExtendedGridLayoutConstraints)>:<DEFAULT>:org.gjt.sp.jedit.gui.ExtendedGridLayoutConstraints@getRowspanPlaceholder(boolean):275:result |==> null
118:EVR:<IDENTIFIER(int)>:<DEFAULT>:org.gjt.sp.jedit.gui.ExtendedGridLayoutConstraints@getRow():283:row |==> 0
119:EVR:<IDENTIFIER(int)>:<DEFAULT>:org.gjt.sp.jedit.gui.ExtendedGridLayoutConstraints@getCol():291:col |==> 0
120:LVR:0:POS:org.gjt.sp.jedit.gui.ExtendedGridLayoutConstraints@setCol(int):299:0 |==> 1
121:LVR:0:NEG:org.gjt.sp.jedit.gui.ExtendedGridLayoutConstraints@setCol(int):299:0 |==> -1
122:ROR:<(int,int):!=(int,int):org.gjt.sp.jedit.gui.ExtendedGridLayoutConstraints@setCol(int):299:col < 0 |==> col != 0
123:ROR:<(int,int):<=(int,int):org.gjt.sp.jedit.gui.ExtendedGridLayoutConstraints@setCol(int):299:col < 0 |==> col <= 0
124:ROR:<(int,int):FALSE(int,int):org.gjt.sp.jedit.gui.ExtendedGridLayoutConstraints@setCol(int):299:col < 0 |==> false
125:STD:<ASSIGN>:<NO-OP>:org.gjt.sp.jedit.gui.ExtendedGridLayoutConstraints@setCol(int):303:this.col = col |==> <NO-OP>
126:EVR:<IDENTIFIER(int)>:<DEFAULT>:org.gjt.sp.jedit.gui.ExtendedGridLayoutConstraints@getColspan():313:colspan |==> 0
127:ROR:==(java.lang.Object,java.lang.Object):FALSE(java.lang.Object,java.lang.Object):org.gjt.sp.jedit.gui.ExtendedGridLayoutConstraints@getEffectiveColspan():321:null == mainConstraints |==> false
128:EVR:<IDENTIFIER(int)>:<DEFAULT>:org.gjt.sp.jedit.gui.ExtendedGridLayoutConstraints@getRowspan():331:rowspan |==> 0
129:ROR:==(java.lang.Object,java.lang.Object):FALSE(java.lang.Object,java.lang.Object):org.gjt.sp.jedit.gui.ExtendedGridLayoutConstraints@getEffectiveRowspan():339:null == mainConstraints |==> false
130:EVR:<IDENTIFIER(java.awt.Component)>:<DEFAULT>:org.gjt.sp.jedit.gui.ExtendedGridLayoutConstraints@getComponent():347:component |==> null
131:EVR:<IDENTIFIER(boolean)>:<DEFAULT>:org.gjt.sp.jedit.gui.ExtendedGridLayoutConstraints@isPlaceholder():355:placeholder |==> false
132:ROR:==(java.lang.Object,java.lang.Object):FALSE(java.lang.Object,java.lang.Object):org.gjt.sp.jedit.gui.ExtendedGridLayoutConstraints@getWorkCopy():366:null == mainConstraints |==> false
133:ROR:==(java.lang.Object,java.lang.Object):FALSE(java.lang.Object,java.lang.Object):org.gjt.sp.jedit.gui.ExtendedGridLayoutConstraints@equals(java.lang.Object):409:o == null |==> false
134:COR:||(boolean,boolean):!=(boolean,boolean):org.gjt.sp.jedit.gui.ExtendedGridLayoutConstraints@equals(java.lang.Object):409:(o == null) || (!(o instanceof ExtendedGridLayoutConstraints)) |==> (o == null) != (!(o instanceof ExtendedGridLayoutConstraints))
135:COR:||(boolean,boolean):LHS(boolean,boolean):org.gjt.sp.jedit.gui.ExtendedGridLayoutConstraints@equals(java.lang.Object):409:(o == null) || (!(o instanceof ExtendedGridLayoutConstraints)) |==> (o == null)
136:COR:||(boolean,boolean):RHS(boolean,boolean):org.gjt.sp.jedit.gui.ExtendedGridLayoutConstraints@equals(java.lang.Object):410:(o == null) || (!(o instanceof ExtendedGridLayoutConstraints)) |==> (!(o instanceof ExtendedGridLayoutConstraints))
137:COR:||(boolean,boolean):TRUE(boolean,boolean):org.gjt.sp.jedit.gui.ExtendedGridLayoutConstraints@equals(java.lang.Object):409:(o == null) || (!(o instanceof ExtendedGridLayoutConstraints)) |==> true
138:LVR:FALSE:TRUE:org.gjt.sp.jedit.gui.ExtendedGridLayoutConstraints@equals(java.lang.Object):412:false |==> true
139:STD:<RETURN>:<NO-OP>:org.gjt.sp.jedit.gui.ExtendedGridLayoutConstraints@equals(java.lang.Object):412:return Config.__M_NO == 0 && Config.COVERED(138, 138) ? false : Config.__M_NO == 138 ? true : false; |==> <NO-OP>
140:ROR:==(java.lang.Object,java.lang.Object):FALSE(java.lang.Object,java.lang.Object):org.gjt.sp.jedit.gui.ExtendedGridLayoutConstraints@equals(java.lang.Object):414:component == null |==> false
141:ROR:==(java.lang.Object,java.lang.Object):FALSE(java.lang.Object,java.lang.Object):org.gjt.sp.jedit.gui.ExtendedGridLayoutConstraints@equals(java.lang.Object):416:((ExtendedGridLayoutConstraints)o).component == null |==> false
142:STD:<RETURN>:<NO-OP>:org.gjt.sp.jedit.gui.ExtendedGridLayoutConstraints@equals(java.lang.Object):416:return Config.__M_NO == 141 ? false : Config.__M_NO == 0 && Config.COVERED(141, 141) ? ((ExtendedGridLayoutConstraints)o).component == null : ((ExtendedGridLayoutConstraints)o).component == null; |==> <NO-OP>
143:EVR:<METHOD_INVOCATION(boolean)>:<DEFAULT>:org.gjt.sp.jedit.gui.ExtendedGridLayoutConstraints@equals(java.lang.Object):418:component.equals(((ExtendedGridLayoutConstraints)o).component) |==> false
144:ROR:==(java.lang.Object,java.lang.Object):FALSE(java.lang.Object,java.lang.Object):org.gjt.sp.jedit.gui.ExtendedGridLayoutConstraints@hashCode():452:null == component |==> false
145:LVR:0:POS:org.gjt.sp.jedit.gui.ExtendedGridLayoutConstraints@hashCode():454:0 |==> 1
146:LVR:0:NEG:org.gjt.sp.jedit.gui.ExtendedGridLayoutConstraints@hashCode():454:0 |==> -1
147:STD:<RETURN>:<NO-OP>:org.gjt.sp.jedit.gui.ExtendedGridLayoutConstraints@hashCode():454:return Config.__M_NO == 0 && Config.COVERED(145, 146) ? 0 : Config.__M_NO == 146 ? -1 : Config.__M_NO == 145 ? 1 : 0; |==> <NO-OP>
148:EVR:<METHOD_INVOCATION(int)>:<DEFAULT>:org.gjt.sp.jedit.gui.ExtendedGridLayoutConstraints@hashCode():456:component.hashCode() |==> 0
149:EVR:<PLUS(java.lang.String)>:<DEFAULT>:org.gjt.sp.jedit.gui.ExtendedGridLayoutConstraints@toString():474:getClass().getName() + "[row=" + row + ",col=" + col + ",colspan=" + colspan + ",effectiveColspan=" + effectiveColspan + ",rowspan=" + rowspan + ",effectiveRowspan=" + effectiveRowspan + ",placeholder=" + placeholder + ",component=" + component + ",mainConstraints=" + mainConstraints + "]" |==> null
