1:LVR:0:POS:org.gjt.sp.jedit.Autosave@setInterval(int):41:0 |==> 1
2:LVR:0:NEG:org.gjt.sp.jedit.Autosave@setInterval(int):41:0 |==> -1
3:ROR:==(int,int):<=(int,int):org.gjt.sp.jedit.Autosave@setInterval(int):41:interval == 0 |==> interval <= 0
4:ROR:==(int,int):>=(int,int):org.gjt.sp.jedit.Autosave@setInterval(int):41:interval == 0 |==> interval >= 0
5:ROR:==(int,int):FALSE(int,int):org.gjt.sp.jedit.Autosave@setInterval(int):41:interval == 0 |==> false
6:ROR:!=(java.lang.Object,java.lang.Object):TRUE(java.lang.Object,java.lang.Object):org.gjt.sp.jedit.Autosave@setInterval(int):43:timer != null |==> true
7:STD:<CALL>:<NO-OP>:org.gjt.sp.jedit.Autosave@setInterval(int):45:timer.stop() |==> <NO-OP>
8:STD:<ASSIGN>:<NO-OP>:org.gjt.sp.jedit.Autosave@setInterval(int):46:timer = null |==> <NO-OP>
9:STD:<RETURN>:<NO-OP>:org.gjt.sp.jedit.Autosave@setInterval(int):49:return; |==> <NO-OP>
10:LVR:POS:0:org.gjt.sp.jedit.Autosave@setInterval(int):52:1000 |==> 0
11:LVR:POS:NEG:org.gjt.sp.jedit.Autosave@setInterval(int):52:1000 |==> -1000
12:STD:<ASSIGN>:<NO-OP>:org.gjt.sp.jedit.Autosave@setInterval(int):52:interval *= 1000 |==> <NO-OP>
13:ROR:==(java.lang.Object,java.lang.Object):FALSE(java.lang.Object,java.lang.Object):org.gjt.sp.jedit.Autosave@setInterval(int):54:timer == null |==> false
14:STD:<ASSIGN>:<NO-OP>:org.gjt.sp.jedit.Autosave@setInterval(int):56:timer = new Timer(interval, new Autosave()) |==> <NO-OP>
15:STD:<CALL>:<NO-OP>:org.gjt.sp.jedit.Autosave@setInterval(int):57:timer.start() |==> <NO-OP>
16:STD:<CALL>:<NO-OP>:org.gjt.sp.jedit.Autosave@setInterval(int):60:timer.setDelay(interval) |==> <NO-OP>
17:ROR:!=(java.lang.Object,java.lang.Object):TRUE(java.lang.Object,java.lang.Object):org.gjt.sp.jedit.Autosave@stop():66:timer != null |==> true
18:STD:<CALL>:<NO-OP>:org.gjt.sp.jedit.Autosave@stop():67:timer.stop() |==> <NO-OP>
19:LVR:0:POS:org.gjt.sp.jedit.Autosave@actionPerformed(java.awt.event.ActionEvent):84:0 |==> 1
20:LVR:0:NEG:org.gjt.sp.jedit.Autosave@actionPerformed(java.awt.event.ActionEvent):84:0 |==> -1
21:ROR:!=(int,int):<(int,int):org.gjt.sp.jedit.Autosave@actionPerformed(java.awt.event.ActionEvent):84:jEdit.getViewCount() != 0 |==> jEdit.getViewCount() < 0
22:ROR:!=(int,int):>(int,int):org.gjt.sp.jedit.Autosave@actionPerformed(java.awt.event.ActionEvent):84:jEdit.getViewCount() != 0 |==> jEdit.getViewCount() > 0
23:ROR:!=(int,int):TRUE(int,int):org.gjt.sp.jedit.Autosave@actionPerformed(java.awt.event.ActionEvent):84:jEdit.getViewCount() != 0 |==> true
24:COR:&&(boolean,boolean):==(boolean,boolean):org.gjt.sp.jedit.Autosave@actionPerformed(java.awt.event.ActionEvent):84:jEdit.getViewCount() != 0 && PerspectiveManager.isPerspectiveDirty() |==> jEdit.getViewCount() != 0 == PerspectiveManager.isPerspectiveDirty()
25:COR:&&(boolean,boolean):FALSE(boolean,boolean):org.gjt.sp.jedit.Autosave@actionPerformed(java.awt.event.ActionEvent):85:jEdit.getViewCount() != 0 && PerspectiveManager.isPerspectiveDirty() |==> false
26:COR:&&(boolean,boolean):LHS(boolean,boolean):org.gjt.sp.jedit.Autosave@actionPerformed(java.awt.event.ActionEvent):84:jEdit.getViewCount() != 0 && PerspectiveManager.isPerspectiveDirty() |==> jEdit.getViewCount() != 0
27:COR:&&(boolean,boolean):RHS(boolean,boolean):org.gjt.sp.jedit.Autosave@actionPerformed(java.awt.event.ActionEvent):85:jEdit.getViewCount() != 0 && PerspectiveManager.isPerspectiveDirty() |==> PerspectiveManager.isPerspectiveDirty()
28:LVR:FALSE:TRUE:org.gjt.sp.jedit.Autosave@actionPerformed(java.awt.event.ActionEvent):87:false |==> true
29:STD:<CALL>:<NO-OP>:org.gjt.sp.jedit.Autosave@actionPerformed(java.awt.event.ActionEvent):87:PerspectiveManager.setPerspectiveDirty(false) |==> <NO-OP>
30:LVR:TRUE:FALSE:org.gjt.sp.jedit.Autosave@actionPerformed(java.awt.event.ActionEvent):88:true |==> false
31:STD:<CALL>:<NO-OP>:org.gjt.sp.jedit.Autosave@actionPerformed(java.awt.event.ActionEvent):88:PerspectiveManager.savePerspective(true) |==> <NO-OP>
