1:STD:<ASSIGN>:<NO-OP>:org.gjt.sp.jedit.gui.ToolBarManager@<init>(java.awt.Container,java.awt.Container):36:this.top = top |==> <NO-OP>
2:STD:<ASSIGN>:<NO-OP>:org.gjt.sp.jedit.gui.ToolBarManager@<init>(java.awt.Container,java.awt.Container):37:this.bottom = bottom |==> <NO-OP>
3:EVR:<NEW_CLASS(org.gjt.sp.jedit.gui.ToolBarManager.Entry)>:<DEFAULT>:org.gjt.sp.jedit.gui.ToolBarManager@addToolBar(int,int,java.awt.Component):43:new Entry(layer, toolbar) |==> null
4:ROR:==(int,int):<=(int,int):org.gjt.sp.jedit.gui.ToolBarManager@addToolBar(int,int,java.awt.Component):45:group == View.TOP_GROUP |==> group <= View.TOP_GROUP
5:ROR:==(int,int):>=(int,int):org.gjt.sp.jedit.gui.ToolBarManager@addToolBar(int,int,java.awt.Component):45:group == View.TOP_GROUP |==> group >= View.TOP_GROUP
6:ROR:==(int,int):FALSE(int,int):org.gjt.sp.jedit.gui.ToolBarManager@addToolBar(int,int,java.awt.Component):45:group == View.TOP_GROUP |==> false
7:STD:<CALL>:<NO-OP>:org.gjt.sp.jedit.gui.ToolBarManager@addToolBar(int,int,java.awt.Component):46:addToolBar(top, topToolBars, entry) |==> <NO-OP>
8:ROR:==(int,int):<=(int,int):org.gjt.sp.jedit.gui.ToolBarManager@addToolBar(int,int,java.awt.Component):47:group == View.BOTTOM_GROUP |==> group <= View.BOTTOM_GROUP
9:ROR:==(int,int):>=(int,int):org.gjt.sp.jedit.gui.ToolBarManager@addToolBar(int,int,java.awt.Component):47:group == View.BOTTOM_GROUP |==> group >= View.BOTTOM_GROUP
10:ROR:==(int,int):FALSE(int,int):org.gjt.sp.jedit.gui.ToolBarManager@addToolBar(int,int,java.awt.Component):47:group == View.BOTTOM_GROUP |==> false
11:STD:<CALL>:<NO-OP>:org.gjt.sp.jedit.gui.ToolBarManager@addToolBar(int,int,java.awt.Component):48:addToolBar(bottom, bottomToolBars, entry) |==> <NO-OP>
12:STD:<CALL>:<NO-OP>:org.gjt.sp.jedit.gui.ToolBarManager@removeToolBar(java.awt.Component):56:removeToolBar(top, topToolBars, toolbar) |==> <NO-OP>
13:STD:<CALL>:<NO-OP>:org.gjt.sp.jedit.gui.ToolBarManager@removeToolBar(java.awt.Component):57:removeToolBar(bottom, bottomToolBars, toolbar) |==> <NO-OP>
14:EVR:<NEW_CLASS(java.util.ArrayList)>:<DEFAULT>:org.gjt.sp.jedit.gui.ToolBarManager:66:new ArrayList() |==> null
15:EVR:<NEW_CLASS(java.util.ArrayList)>:<DEFAULT>:org.gjt.sp.jedit.gui.ToolBarManager:67:new ArrayList() |==> null
16:LVR:0:POS:org.gjt.sp.jedit.gui.ToolBarManager@addToolBar(java.awt.Container,java.util.ArrayList,org.gjt.sp.jedit.gui.ToolBarManager.Entry):75:0 |==> 1
17:LVR:0:NEG:org.gjt.sp.jedit.gui.ToolBarManager@addToolBar(java.awt.Container,java.util.ArrayList,org.gjt.sp.jedit.gui.ToolBarManager.Entry):75:0 |==> -1
18:ROR:<(int,int):!=(int,int):org.gjt.sp.jedit.gui.ToolBarManager@addToolBar(java.awt.Container,java.util.ArrayList,org.gjt.sp.jedit.gui.ToolBarManager.Entry):75:i < toolbars.size() |==> i != toolbars.size()
19:ROR:<(int,int):<=(int,int):org.gjt.sp.jedit.gui.ToolBarManager@addToolBar(java.awt.Container,java.util.ArrayList,org.gjt.sp.jedit.gui.ToolBarManager.Entry):75:i < toolbars.size() |==> i <= toolbars.size()
20:ROR:<(int,int):FALSE(int,int):org.gjt.sp.jedit.gui.ToolBarManager@addToolBar(java.awt.Container,java.util.ArrayList,org.gjt.sp.jedit.gui.ToolBarManager.Entry):75:i < toolbars.size() |==> false
21:ROR:>(int,int):!=(int,int):org.gjt.sp.jedit.gui.ToolBarManager@addToolBar(java.awt.Container,java.util.ArrayList,org.gjt.sp.jedit.gui.ToolBarManager.Entry):77:entry.layer > ((Entry)toolbars.get(i)).layer |==> entry.layer != ((Entry)toolbars.get(i)).layer
22:ROR:>(int,int):>=(int,int):org.gjt.sp.jedit.gui.ToolBarManager@addToolBar(java.awt.Container,java.util.ArrayList,org.gjt.sp.jedit.gui.ToolBarManager.Entry):77:entry.layer > ((Entry)toolbars.get(i)).layer |==> entry.layer >= ((Entry)toolbars.get(i)).layer
23:ROR:>(int,int):FALSE(int,int):org.gjt.sp.jedit.gui.ToolBarManager@addToolBar(java.awt.Container,java.util.ArrayList,org.gjt.sp.jedit.gui.ToolBarManager.Entry):77:entry.layer > ((Entry)toolbars.get(i)).layer |==> false
24:STD:<CALL>:<NO-OP>:org.gjt.sp.jedit.gui.ToolBarManager@addToolBar(java.awt.Container,java.util.ArrayList,org.gjt.sp.jedit.gui.ToolBarManager.Entry):79:toolbars.add(i, entry) |==> <NO-OP>
25:STD:<CALL>:<NO-OP>:org.gjt.sp.jedit.gui.ToolBarManager@addToolBar(java.awt.Container,java.util.ArrayList,org.gjt.sp.jedit.gui.ToolBarManager.Entry):80:group.add(entry.toolbar, i) |==> <NO-OP>
26:STD:<RETURN>:<NO-OP>:org.gjt.sp.jedit.gui.ToolBarManager@addToolBar(java.awt.Container,java.util.ArrayList,org.gjt.sp.jedit.gui.ToolBarManager.Entry):81:return; |==> <NO-OP>
27:STD:<CALL>:<NO-OP>:org.gjt.sp.jedit.gui.ToolBarManager@addToolBar(java.awt.Container,java.util.ArrayList,org.gjt.sp.jedit.gui.ToolBarManager.Entry):86:toolbars.add(entry) |==> <NO-OP>
28:STD:<CALL>:<NO-OP>:org.gjt.sp.jedit.gui.ToolBarManager@addToolBar(java.awt.Container,java.util.ArrayList,org.gjt.sp.jedit.gui.ToolBarManager.Entry):87:group.add(entry.toolbar) |==> <NO-OP>
29:LVR:0:POS:org.gjt.sp.jedit.gui.ToolBarManager@removeToolBar(java.awt.Container,java.util.ArrayList,java.awt.Component):94:0 |==> 1
30:LVR:0:NEG:org.gjt.sp.jedit.gui.ToolBarManager@removeToolBar(java.awt.Container,java.util.ArrayList,java.awt.Component):94:0 |==> -1
31:ROR:<(int,int):!=(int,int):org.gjt.sp.jedit.gui.ToolBarManager@removeToolBar(java.awt.Container,java.util.ArrayList,java.awt.Component):94:i < toolbars.size() |==> i != toolbars.size()
32:ROR:<(int,int):<=(int,int):org.gjt.sp.jedit.gui.ToolBarManager@removeToolBar(java.awt.Container,java.util.ArrayList,java.awt.Component):94:i < toolbars.size() |==> i <= toolbars.size()
33:ROR:<(int,int):FALSE(int,int):org.gjt.sp.jedit.gui.ToolBarManager@removeToolBar(java.awt.Container,java.util.ArrayList,java.awt.Component):94:i < toolbars.size() |==> false
34:ROR:==(java.lang.Object,java.lang.Object):FALSE(java.lang.Object,java.lang.Object):org.gjt.sp.jedit.gui.ToolBarManager@removeToolBar(java.awt.Container,java.util.ArrayList,java.awt.Component):96:toolbar == ((Entry)toolbars.get(i)).toolbar |==> false
35:STD:<CALL>:<NO-OP>:org.gjt.sp.jedit.gui.ToolBarManager@removeToolBar(java.awt.Container,java.util.ArrayList,java.awt.Component):98:group.remove(toolbar) |==> <NO-OP>
36:STD:<CALL>:<NO-OP>:org.gjt.sp.jedit.gui.ToolBarManager@removeToolBar(java.awt.Container,java.util.ArrayList,java.awt.Component):99:toolbars.remove(i) |==> <NO-OP>
37:STD:<RETURN>:<NO-OP>:org.gjt.sp.jedit.gui.ToolBarManager@removeToolBar(java.awt.Container,java.util.ArrayList,java.awt.Component):101:return; |==> <NO-OP>
38:STD:<ASSIGN>:<NO-OP>:org.gjt.sp.jedit.gui.ToolBarManager$Entry@<init>(int,java.awt.Component):116:this.layer = layer |==> <NO-OP>
39:STD:<ASSIGN>:<NO-OP>:org.gjt.sp.jedit.gui.ToolBarManager$Entry@<init>(int,java.awt.Component):117:this.toolbar = toolbar |==> <NO-OP>
