1:STD:<ASSIGN>:<NO-OP>:org.gjt.sp.jedit.gui.AnimatedIcon@<init>(java.awt.Image,java.awt.Image[],int,java.awt.Component):45:this.icon = icon |==> <NO-OP>
2:STD:<ASSIGN>:<NO-OP>:org.gjt.sp.jedit.gui.AnimatedIcon@<init>(java.awt.Image,java.awt.Image[],int,java.awt.Component):46:this.frames = frames |==> <NO-OP>
3:LVR:POS:0:org.gjt.sp.jedit.gui.AnimatedIcon@<init>(java.awt.Image,java.awt.Image[],int,java.awt.Component):47:1000 |==> 0
4:LVR:POS:NEG:org.gjt.sp.jedit.gui.AnimatedIcon@<init>(java.awt.Image,java.awt.Image[],int,java.awt.Component):47:1000 |==> -1000
5:AOR:/(int,int):%(int,int):org.gjt.sp.jedit.gui.AnimatedIcon@<init>(java.awt.Image,java.awt.Image[],int,java.awt.Component):47:1000 / rate |==> 1000 % rate
6:AOR:/(int,int):*(int,int):org.gjt.sp.jedit.gui.AnimatedIcon@<init>(java.awt.Image,java.awt.Image[],int,java.awt.Component):47:1000 / rate |==> 1000 * rate
7:AOR:/(int,int):+(int,int):org.gjt.sp.jedit.gui.AnimatedIcon@<init>(java.awt.Image,java.awt.Image[],int,java.awt.Component):47:1000 / rate |==> 1000 + rate
8:AOR:/(int,int):-(int,int):org.gjt.sp.jedit.gui.AnimatedIcon@<init>(java.awt.Image,java.awt.Image[],int,java.awt.Component):47:1000 / rate |==> 1000 - rate
9:STD:<ASSIGN>:<NO-OP>:org.gjt.sp.jedit.gui.AnimatedIcon@<init>(java.awt.Image,java.awt.Image[],int,java.awt.Component):47:delay = 1000 / rate |==> <NO-OP>
10:STD:<ASSIGN>:<NO-OP>:org.gjt.sp.jedit.gui.AnimatedIcon@<init>(java.awt.Image,java.awt.Image[],int,java.awt.Component):48:this.host = host |==> <NO-OP>
11:EVR:<IDENTIFIER(java.awt.Image[])>:<DEFAULT>:org.gjt.sp.jedit.gui.AnimatedIcon@getFrames():54:frames |==> null
12:EVR:<IDENTIFIER(java.awt.Image)>:<DEFAULT>:org.gjt.sp.jedit.gui.AnimatedIcon@getIcon():60:icon |==> null
13:LVR:POS:0:org.gjt.sp.jedit.gui.AnimatedIcon@getRate():66:1000 |==> 0
14:LVR:POS:NEG:org.gjt.sp.jedit.gui.AnimatedIcon@getRate():66:1000 |==> -1000
15:AOR:/(int,int):%(int,int):org.gjt.sp.jedit.gui.AnimatedIcon@getRate():66:1000 / delay |==> 1000 % delay
16:AOR:/(int,int):*(int,int):org.gjt.sp.jedit.gui.AnimatedIcon@getRate():66:1000 / delay |==> 1000 * delay
17:AOR:/(int,int):+(int,int):org.gjt.sp.jedit.gui.AnimatedIcon@getRate():66:1000 / delay |==> 1000 + delay
18:AOR:/(int,int):-(int,int):org.gjt.sp.jedit.gui.AnimatedIcon@getRate():66:1000 / delay |==> 1000 - delay
19:STD:<ASSIGN>:<NO-OP>:org.gjt.sp.jedit.gui.AnimatedIcon@setFrames(java.awt.Image[]):72:this.frames = frames |==> <NO-OP>
20:STD:<ASSIGN>:<NO-OP>:org.gjt.sp.jedit.gui.AnimatedIcon@setIcon(java.awt.Image):78:this.icon = icon |==> <NO-OP>
21:LVR:POS:0:org.gjt.sp.jedit.gui.AnimatedIcon@setRate(int):84:1000 |==> 0
22:LVR:POS:NEG:org.gjt.sp.jedit.gui.AnimatedIcon@setRate(int):84:1000 |==> -1000
23:AOR:/(int,int):%(int,int):org.gjt.sp.jedit.gui.AnimatedIcon@setRate(int):84:1000 / rate |==> 1000 % rate
24:AOR:/(int,int):*(int,int):org.gjt.sp.jedit.gui.AnimatedIcon@setRate(int):84:1000 / rate |==> 1000 * rate
25:AOR:/(int,int):+(int,int):org.gjt.sp.jedit.gui.AnimatedIcon@setRate(int):84:1000 / rate |==> 1000 + rate
26:AOR:/(int,int):-(int,int):org.gjt.sp.jedit.gui.AnimatedIcon@setRate(int):84:1000 / rate |==> 1000 - rate
27:STD:<ASSIGN>:<NO-OP>:org.gjt.sp.jedit.gui.AnimatedIcon@setRate(int):84:delay = 1000 / rate |==> <NO-OP>
28:ROR:!=(java.lang.Object,java.lang.Object):TRUE(java.lang.Object,java.lang.Object):org.gjt.sp.jedit.gui.AnimatedIcon@start():93:timer != null |==> true
29:STD:<RETURN>:<NO-OP>:org.gjt.sp.jedit.gui.AnimatedIcon@start():94:return; |==> <NO-OP>
30:STD:<ASSIGN>:<NO-OP>:org.gjt.sp.jedit.gui.AnimatedIcon@start():96:timer = new Timer(delay, new Animator()) |==> <NO-OP>
31:STD:<CALL>:<NO-OP>:org.gjt.sp.jedit.gui.AnimatedIcon@start():97:timer.start() |==> <NO-OP>
32:LVR:0:POS:org.gjt.sp.jedit.gui.AnimatedIcon@stop():106:0 |==> 1
33:LVR:0:NEG:org.gjt.sp.jedit.gui.AnimatedIcon@stop():106:0 |==> -1
34:STD:<ASSIGN>:<NO-OP>:org.gjt.sp.jedit.gui.AnimatedIcon@stop():106:current = 0 |==> <NO-OP>
35:ROR:!=(java.lang.Object,java.lang.Object):TRUE(java.lang.Object,java.lang.Object):org.gjt.sp.jedit.gui.AnimatedIcon@stop():107:timer != null |==> true
36:STD:<CALL>:<NO-OP>:org.gjt.sp.jedit.gui.AnimatedIcon@stop():109:timer.stop() |==> <NO-OP>
37:STD:<ASSIGN>:<NO-OP>:org.gjt.sp.jedit.gui.AnimatedIcon@stop():110:timer = null |==> <NO-OP>
38:STD:<CALL>:<NO-OP>:org.gjt.sp.jedit.gui.AnimatedIcon@stop():113:setImage(icon) |==> <NO-OP>
39:STD:<CALL>:<NO-OP>:org.gjt.sp.jedit.gui.AnimatedIcon@stop():114:host.repaint() |==> <NO-OP>
40:LVR:POS:0:org.gjt.sp.jedit.gui.AnimatedIcon$Animator@actionPerformed(java.awt.event.ActionEvent):131:1 |==> 0
41:LVR:POS:NEG:org.gjt.sp.jedit.gui.AnimatedIcon$Animator@actionPerformed(java.awt.event.ActionEvent):131:1 |==> -1
42:AOR:+(int,int):%(int,int):org.gjt.sp.jedit.gui.AnimatedIcon$Animator@actionPerformed(java.awt.event.ActionEvent):131:current + 1 |==> current % 1
43:AOR:+(int,int):*(int,int):org.gjt.sp.jedit.gui.AnimatedIcon$Animator@actionPerformed(java.awt.event.ActionEvent):131:current + 1 |==> current * 1
44:AOR:+(int,int):-(int,int):org.gjt.sp.jedit.gui.AnimatedIcon$Animator@actionPerformed(java.awt.event.ActionEvent):131:current + 1 |==> current - 1
45:AOR:+(int,int):/(int,int):org.gjt.sp.jedit.gui.AnimatedIcon$Animator@actionPerformed(java.awt.event.ActionEvent):131:current + 1 |==> current / 1
46:AOR:%(int,int):*(int,int):org.gjt.sp.jedit.gui.AnimatedIcon$Animator@actionPerformed(java.awt.event.ActionEvent):131:(current + 1) % frames.length |==> (current + 1) * frames.length
47:AOR:%(int,int):+(int,int):org.gjt.sp.jedit.gui.AnimatedIcon$Animator@actionPerformed(java.awt.event.ActionEvent):131:(current + 1) % frames.length |==> (current + 1) + frames.length
48:AOR:%(int,int):-(int,int):org.gjt.sp.jedit.gui.AnimatedIcon$Animator@actionPerformed(java.awt.event.ActionEvent):131:(current + 1) % frames.length |==> (current + 1) - frames.length
49:AOR:%(int,int):/(int,int):org.gjt.sp.jedit.gui.AnimatedIcon$Animator@actionPerformed(java.awt.event.ActionEvent):131:(current + 1) % frames.length |==> (current + 1) / frames.length
50:STD:<ASSIGN>:<NO-OP>:org.gjt.sp.jedit.gui.AnimatedIcon$Animator@actionPerformed(java.awt.event.ActionEvent):131:current = (current + 1) % frames.length |==> <NO-OP>
51:STD:<CALL>:<NO-OP>:org.gjt.sp.jedit.gui.AnimatedIcon$Animator@actionPerformed(java.awt.event.ActionEvent):132:setImage(frames[current]) |==> <NO-OP>
52:STD:<CALL>:<NO-OP>:org.gjt.sp.jedit.gui.AnimatedIcon$Animator@actionPerformed(java.awt.event.ActionEvent):133:host.repaint() |==> <NO-OP>
