1:LVR:0:POS:org.gjt.sp.jedit.menu.MenuItemTextComparator@compare(javax.swing.JMenuItem,javax.swing.JMenuItem):47:0 |==> 1
2:LVR:0:NEG:org.gjt.sp.jedit.menu.MenuItemTextComparator@compare(javax.swing.JMenuItem,javax.swing.JMenuItem):47:0 |==> -1
3:EVR:<INSTANCE_OF(boolean)>:<DEFAULT>:org.gjt.sp.jedit.menu.MenuItemTextComparator@compare(javax.swing.JMenuItem,javax.swing.JMenuItem):48:obj1 instanceof EnhancedMenuItem |==> false
4:EVR:<INSTANCE_OF(boolean)>:<DEFAULT>:org.gjt.sp.jedit.menu.MenuItemTextComparator@compare(javax.swing.JMenuItem,javax.swing.JMenuItem):49:obj2 instanceof EnhancedMenuItem |==> false
5:COR:&&(boolean,boolean):==(boolean,boolean):org.gjt.sp.jedit.menu.MenuItemTextComparator@compare(javax.swing.JMenuItem,javax.swing.JMenuItem):50:obj1E && !obj2E |==> obj1E == !obj2E
6:COR:&&(boolean,boolean):FALSE(boolean,boolean):org.gjt.sp.jedit.menu.MenuItemTextComparator@compare(javax.swing.JMenuItem,javax.swing.JMenuItem):50:obj1E && !obj2E |==> false
7:COR:&&(boolean,boolean):LHS(boolean,boolean):org.gjt.sp.jedit.menu.MenuItemTextComparator@compare(javax.swing.JMenuItem,javax.swing.JMenuItem):50:obj1E && !obj2E |==> obj1E
8:COR:&&(boolean,boolean):RHS(boolean,boolean):org.gjt.sp.jedit.menu.MenuItemTextComparator@compare(javax.swing.JMenuItem,javax.swing.JMenuItem):50:obj1E && !obj2E |==> !obj2E
9:LVR:POS:0:org.gjt.sp.jedit.menu.MenuItemTextComparator@compare(javax.swing.JMenuItem,javax.swing.JMenuItem):52:1 |==> 0
10:LVR:POS:NEG:org.gjt.sp.jedit.menu.MenuItemTextComparator@compare(javax.swing.JMenuItem,javax.swing.JMenuItem):52:1 |==> -1
11:STD:<ASSIGN>:<NO-OP>:org.gjt.sp.jedit.menu.MenuItemTextComparator@compare(javax.swing.JMenuItem,javax.swing.JMenuItem):52:compareValue = 1 |==> <NO-OP>
12:COR:&&(boolean,boolean):==(boolean,boolean):org.gjt.sp.jedit.menu.MenuItemTextComparator@compare(javax.swing.JMenuItem,javax.swing.JMenuItem):54:obj2E && !obj1E |==> obj2E == !obj1E
13:COR:&&(boolean,boolean):FALSE(boolean,boolean):org.gjt.sp.jedit.menu.MenuItemTextComparator@compare(javax.swing.JMenuItem,javax.swing.JMenuItem):54:obj2E && !obj1E |==> false
14:COR:&&(boolean,boolean):LHS(boolean,boolean):org.gjt.sp.jedit.menu.MenuItemTextComparator@compare(javax.swing.JMenuItem,javax.swing.JMenuItem):54:obj2E && !obj1E |==> obj2E
15:COR:&&(boolean,boolean):RHS(boolean,boolean):org.gjt.sp.jedit.menu.MenuItemTextComparator@compare(javax.swing.JMenuItem,javax.swing.JMenuItem):54:obj2E && !obj1E |==> !obj1E
16:LVR:NEG:0:org.gjt.sp.jedit.menu.MenuItemTextComparator@compare(javax.swing.JMenuItem,javax.swing.JMenuItem):56:-1 |==> 0
17:LVR:NEG:POS:org.gjt.sp.jedit.menu.MenuItemTextComparator@compare(javax.swing.JMenuItem,javax.swing.JMenuItem):56:-1 |==> 1
18:STD:<ASSIGN>:<NO-OP>:org.gjt.sp.jedit.menu.MenuItemTextComparator@compare(javax.swing.JMenuItem,javax.swing.JMenuItem):56:compareValue = -1 |==> <NO-OP>
19:LVR:TRUE:FALSE:org.gjt.sp.jedit.menu.MenuItemTextComparator@compare(javax.swing.JMenuItem,javax.swing.JMenuItem):60:true |==> false
20:STD:<ASSIGN>:<NO-OP>:org.gjt.sp.jedit.menu.MenuItemTextComparator@compare(javax.swing.JMenuItem,javax.swing.JMenuItem):60:compareValue = StandardUtilities.compareStrings(obj1.getText(), obj2.getText(), true) |==> <NO-OP>
21:EVR:<IDENTIFIER(int)>:<DEFAULT>:org.gjt.sp.jedit.menu.MenuItemTextComparator@compare(javax.swing.JMenuItem,javax.swing.JMenuItem):62:compareValue |==> 0
