1:STD:<ASSIGN>:<NO-OP>:org.gjt.sp.jedit.bsh.org.objectweb.asm.Item@<init>(short,org.gjt.sp.jedit.bsh.org.objectweb.asm.Item):122:this.index = index |==> <NO-OP>
2:STD:<ASSIGN>:<NO-OP>:org.gjt.sp.jedit.bsh.org.objectweb.asm.Item@<init>(short,org.gjt.sp.jedit.bsh.org.objectweb.asm.Item):123:type = i.type |==> <NO-OP>
3:STD:<ASSIGN>:<NO-OP>:org.gjt.sp.jedit.bsh.org.objectweb.asm.Item@<init>(short,org.gjt.sp.jedit.bsh.org.objectweb.asm.Item):124:intVal = i.intVal |==> <NO-OP>
4:STD:<ASSIGN>:<NO-OP>:org.gjt.sp.jedit.bsh.org.objectweb.asm.Item@<init>(short,org.gjt.sp.jedit.bsh.org.objectweb.asm.Item):125:longVal = i.longVal |==> <NO-OP>
5:STD:<ASSIGN>:<NO-OP>:org.gjt.sp.jedit.bsh.org.objectweb.asm.Item@<init>(short,org.gjt.sp.jedit.bsh.org.objectweb.asm.Item):126:floatVal = i.floatVal |==> <NO-OP>
6:STD:<ASSIGN>:<NO-OP>:org.gjt.sp.jedit.bsh.org.objectweb.asm.Item@<init>(short,org.gjt.sp.jedit.bsh.org.objectweb.asm.Item):127:doubleVal = i.doubleVal |==> <NO-OP>
7:STD:<ASSIGN>:<NO-OP>:org.gjt.sp.jedit.bsh.org.objectweb.asm.Item@<init>(short,org.gjt.sp.jedit.bsh.org.objectweb.asm.Item):128:strVal1 = i.strVal1 |==> <NO-OP>
8:STD:<ASSIGN>:<NO-OP>:org.gjt.sp.jedit.bsh.org.objectweb.asm.Item@<init>(short,org.gjt.sp.jedit.bsh.org.objectweb.asm.Item):129:strVal2 = i.strVal2 |==> <NO-OP>
9:STD:<ASSIGN>:<NO-OP>:org.gjt.sp.jedit.bsh.org.objectweb.asm.Item@<init>(short,org.gjt.sp.jedit.bsh.org.objectweb.asm.Item):130:strVal3 = i.strVal3 |==> <NO-OP>
10:STD:<ASSIGN>:<NO-OP>:org.gjt.sp.jedit.bsh.org.objectweb.asm.Item@<init>(short,org.gjt.sp.jedit.bsh.org.objectweb.asm.Item):131:hashCode = i.hashCode |==> <NO-OP>
11:STD:<ASSIGN>:<NO-OP>:org.gjt.sp.jedit.bsh.org.objectweb.asm.Item@set(int):141:this.type = ClassWriter.INT |==> <NO-OP>
12:STD:<ASSIGN>:<NO-OP>:org.gjt.sp.jedit.bsh.org.objectweb.asm.Item@set(int):142:this.intVal = intVal |==> <NO-OP>
13:AOR:+(int,int):%(int,int):org.gjt.sp.jedit.bsh.org.objectweb.asm.Item@set(int):143:type + intVal |==> type % intVal
14:AOR:+(int,int):*(int,int):org.gjt.sp.jedit.bsh.org.objectweb.asm.Item@set(int):143:type + intVal |==> type * intVal
15:AOR:+(int,int):-(int,int):org.gjt.sp.jedit.bsh.org.objectweb.asm.Item@set(int):143:type + intVal |==> type - intVal
16:AOR:+(int,int):/(int,int):org.gjt.sp.jedit.bsh.org.objectweb.asm.Item@set(int):143:type + intVal |==> type / intVal
17:STD:<ASSIGN>:<NO-OP>:org.gjt.sp.jedit.bsh.org.objectweb.asm.Item@set(int):143:this.hashCode = type + intVal |==> <NO-OP>
18:STD:<ASSIGN>:<NO-OP>:org.gjt.sp.jedit.bsh.org.objectweb.asm.Item@set(long):153:this.type = ClassWriter.LONG |==> <NO-OP>
19:STD:<ASSIGN>:<NO-OP>:org.gjt.sp.jedit.bsh.org.objectweb.asm.Item@set(long):154:this.longVal = longVal |==> <NO-OP>
20:AOR:+(int,int):%(int,int):org.gjt.sp.jedit.bsh.org.objectweb.asm.Item@set(long):155:type + (int)longVal |==> type % (int)longVal
21:AOR:+(int,int):*(int,int):org.gjt.sp.jedit.bsh.org.objectweb.asm.Item@set(long):155:type + (int)longVal |==> type * (int)longVal
22:AOR:+(int,int):-(int,int):org.gjt.sp.jedit.bsh.org.objectweb.asm.Item@set(long):155:type + (int)longVal |==> type - (int)longVal
23:AOR:+(int,int):/(int,int):org.gjt.sp.jedit.bsh.org.objectweb.asm.Item@set(long):155:type + (int)longVal |==> type / (int)longVal
24:STD:<ASSIGN>:<NO-OP>:org.gjt.sp.jedit.bsh.org.objectweb.asm.Item@set(long):155:this.hashCode = type + (int)longVal |==> <NO-OP>
25:STD:<ASSIGN>:<NO-OP>:org.gjt.sp.jedit.bsh.org.objectweb.asm.Item@set(float):165:this.type = ClassWriter.FLOAT |==> <NO-OP>
26:STD:<ASSIGN>:<NO-OP>:org.gjt.sp.jedit.bsh.org.objectweb.asm.Item@set(float):166:this.floatVal = floatVal |==> <NO-OP>
27:AOR:+(int,int):%(int,int):org.gjt.sp.jedit.bsh.org.objectweb.asm.Item@set(float):167:type + (int)floatVal |==> type % (int)floatVal
28:AOR:+(int,int):*(int,int):org.gjt.sp.jedit.bsh.org.objectweb.asm.Item@set(float):167:type + (int)floatVal |==> type * (int)floatVal
29:AOR:+(int,int):-(int,int):org.gjt.sp.jedit.bsh.org.objectweb.asm.Item@set(float):167:type + (int)floatVal |==> type - (int)floatVal
30:AOR:+(int,int):/(int,int):org.gjt.sp.jedit.bsh.org.objectweb.asm.Item@set(float):167:type + (int)floatVal |==> type / (int)floatVal
31:STD:<ASSIGN>:<NO-OP>:org.gjt.sp.jedit.bsh.org.objectweb.asm.Item@set(float):167:this.hashCode = type + (int)floatVal |==> <NO-OP>
32:STD:<ASSIGN>:<NO-OP>:org.gjt.sp.jedit.bsh.org.objectweb.asm.Item@set(double):177:this.type = ClassWriter.DOUBLE |==> <NO-OP>
33:STD:<ASSIGN>:<NO-OP>:org.gjt.sp.jedit.bsh.org.objectweb.asm.Item@set(double):178:this.doubleVal = doubleVal |==> <NO-OP>
34:AOR:+(int,int):%(int,int):org.gjt.sp.jedit.bsh.org.objectweb.asm.Item@set(double):179:type + (int)doubleVal |==> type % (int)doubleVal
35:AOR:+(int,int):*(int,int):org.gjt.sp.jedit.bsh.org.objectweb.asm.Item@set(double):179:type + (int)doubleVal |==> type * (int)doubleVal
36:AOR:+(int,int):-(int,int):org.gjt.sp.jedit.bsh.org.objectweb.asm.Item@set(double):179:type + (int)doubleVal |==> type - (int)doubleVal
37:AOR:+(int,int):/(int,int):org.gjt.sp.jedit.bsh.org.objectweb.asm.Item@set(double):179:type + (int)doubleVal |==> type / (int)doubleVal
38:STD:<ASSIGN>:<NO-OP>:org.gjt.sp.jedit.bsh.org.objectweb.asm.Item@set(double):179:this.hashCode = type + (int)doubleVal |==> <NO-OP>
39:STD:<ASSIGN>:<NO-OP>:org.gjt.sp.jedit.bsh.org.objectweb.asm.Item@set(int,java.lang.String,java.lang.String,java.lang.String):197:this.type = type |==> <NO-OP>
40:STD:<ASSIGN>:<NO-OP>:org.gjt.sp.jedit.bsh.org.objectweb.asm.Item@set(int,java.lang.String,java.lang.String,java.lang.String):198:this.strVal1 = strVal1 |==> <NO-OP>
41:STD:<ASSIGN>:<NO-OP>:org.gjt.sp.jedit.bsh.org.objectweb.asm.Item@set(int,java.lang.String,java.lang.String,java.lang.String):199:this.strVal2 = strVal2 |==> <NO-OP>
42:STD:<ASSIGN>:<NO-OP>:org.gjt.sp.jedit.bsh.org.objectweb.asm.Item@set(int,java.lang.String,java.lang.String,java.lang.String):200:this.strVal3 = strVal3 |==> <NO-OP>
43:AOR:+(int,int):%(int,int):org.gjt.sp.jedit.bsh.org.objectweb.asm.Item@set(int,java.lang.String,java.lang.String,java.lang.String):205:type + strVal1.hashCode() |==> type % strVal1.hashCode()
44:AOR:+(int,int):*(int,int):org.gjt.sp.jedit.bsh.org.objectweb.asm.Item@set(int,java.lang.String,java.lang.String,java.lang.String):205:type + strVal1.hashCode() |==> type * strVal1.hashCode()
45:AOR:+(int,int):-(int,int):org.gjt.sp.jedit.bsh.org.objectweb.asm.Item@set(int,java.lang.String,java.lang.String,java.lang.String):205:type + strVal1.hashCode() |==> type - strVal1.hashCode()
46:AOR:+(int,int):/(int,int):org.gjt.sp.jedit.bsh.org.objectweb.asm.Item@set(int,java.lang.String,java.lang.String,java.lang.String):205:type + strVal1.hashCode() |==> type / strVal1.hashCode()
47:STD:<ASSIGN>:<NO-OP>:org.gjt.sp.jedit.bsh.org.objectweb.asm.Item@set(int,java.lang.String,java.lang.String,java.lang.String):205:hashCode = type + strVal1.hashCode() |==> <NO-OP>
48:STD:<RETURN>:<NO-OP>:org.gjt.sp.jedit.bsh.org.objectweb.asm.Item@set(int,java.lang.String,java.lang.String,java.lang.String):206:return; |==> <NO-OP>
49:AOR:*(int,int):%(int,int):org.gjt.sp.jedit.bsh.org.objectweb.asm.Item@set(int,java.lang.String,java.lang.String,java.lang.String):208:strVal1.hashCode() * strVal2.hashCode() |==> strVal1.hashCode() % strVal2.hashCode()
50:AOR:*(int,int):+(int,int):org.gjt.sp.jedit.bsh.org.objectweb.asm.Item@set(int,java.lang.String,java.lang.String,java.lang.String):208:strVal1.hashCode() * strVal2.hashCode() |==> strVal1.hashCode() + strVal2.hashCode()
51:AOR:*(int,int):-(int,int):org.gjt.sp.jedit.bsh.org.objectweb.asm.Item@set(int,java.lang.String,java.lang.String,java.lang.String):208:strVal1.hashCode() * strVal2.hashCode() |==> strVal1.hashCode() - strVal2.hashCode()
52:AOR:*(int,int):/(int,int):org.gjt.sp.jedit.bsh.org.objectweb.asm.Item@set(int,java.lang.String,java.lang.String,java.lang.String):208:strVal1.hashCode() * strVal2.hashCode() |==> strVal1.hashCode() / strVal2.hashCode()
53:AOR:+(int,int):%(int,int):org.gjt.sp.jedit.bsh.org.objectweb.asm.Item@set(int,java.lang.String,java.lang.String,java.lang.String):208:type + strVal1.hashCode() * strVal2.hashCode() |==> type % (strVal1.hashCode() * strVal2.hashCode())
54:AOR:+(int,int):*(int,int):org.gjt.sp.jedit.bsh.org.objectweb.asm.Item@set(int,java.lang.String,java.lang.String,java.lang.String):208:type + strVal1.hashCode() * strVal2.hashCode() |==> type * (strVal1.hashCode() * strVal2.hashCode())
55:AOR:+(int,int):-(int,int):org.gjt.sp.jedit.bsh.org.objectweb.asm.Item@set(int,java.lang.String,java.lang.String,java.lang.String):208:type + strVal1.hashCode() * strVal2.hashCode() |==> type - strVal1.hashCode() * strVal2.hashCode()
56:AOR:+(int,int):/(int,int):org.gjt.sp.jedit.bsh.org.objectweb.asm.Item@set(int,java.lang.String,java.lang.String,java.lang.String):208:type + strVal1.hashCode() * strVal2.hashCode() |==> type / (strVal1.hashCode() * strVal2.hashCode())
57:STD:<ASSIGN>:<NO-OP>:org.gjt.sp.jedit.bsh.org.objectweb.asm.Item@set(int,java.lang.String,java.lang.String,java.lang.String):208:hashCode = type + strVal1.hashCode() * strVal2.hashCode() |==> <NO-OP>
58:STD:<RETURN>:<NO-OP>:org.gjt.sp.jedit.bsh.org.objectweb.asm.Item@set(int,java.lang.String,java.lang.String,java.lang.String):209:return; |==> <NO-OP>
59:AOR:*(int,int):%(int,int):org.gjt.sp.jedit.bsh.org.objectweb.asm.Item@set(int,java.lang.String,java.lang.String,java.lang.String):214:strVal1.hashCode() * strVal2.hashCode() |==> strVal1.hashCode() % strVal2.hashCode()
60:AOR:*(int,int):+(int,int):org.gjt.sp.jedit.bsh.org.objectweb.asm.Item@set(int,java.lang.String,java.lang.String,java.lang.String):214:strVal1.hashCode() * strVal2.hashCode() |==> strVal1.hashCode() + strVal2.hashCode()
61:AOR:*(int,int):-(int,int):org.gjt.sp.jedit.bsh.org.objectweb.asm.Item@set(int,java.lang.String,java.lang.String,java.lang.String):214:strVal1.hashCode() * strVal2.hashCode() |==> strVal1.hashCode() - strVal2.hashCode()
62:AOR:*(int,int):/(int,int):org.gjt.sp.jedit.bsh.org.objectweb.asm.Item@set(int,java.lang.String,java.lang.String,java.lang.String):214:strVal1.hashCode() * strVal2.hashCode() |==> strVal1.hashCode() / strVal2.hashCode()
63:AOR:*(int,int):%(int,int):org.gjt.sp.jedit.bsh.org.objectweb.asm.Item@set(int,java.lang.String,java.lang.String,java.lang.String):214:strVal1.hashCode() * strVal2.hashCode() * strVal3.hashCode() |==> strVal1.hashCode() * strVal2.hashCode() % strVal3.hashCode()
64:AOR:*(int,int):+(int,int):org.gjt.sp.jedit.bsh.org.objectweb.asm.Item@set(int,java.lang.String,java.lang.String,java.lang.String):214:strVal1.hashCode() * strVal2.hashCode() * strVal3.hashCode() |==> strVal1.hashCode() * strVal2.hashCode() + strVal3.hashCode()
65:AOR:*(int,int):-(int,int):org.gjt.sp.jedit.bsh.org.objectweb.asm.Item@set(int,java.lang.String,java.lang.String,java.lang.String):214:strVal1.hashCode() * strVal2.hashCode() * strVal3.hashCode() |==> strVal1.hashCode() * strVal2.hashCode() - strVal3.hashCode()
66:AOR:*(int,int):/(int,int):org.gjt.sp.jedit.bsh.org.objectweb.asm.Item@set(int,java.lang.String,java.lang.String,java.lang.String):214:strVal1.hashCode() * strVal2.hashCode() * strVal3.hashCode() |==> strVal1.hashCode() * strVal2.hashCode() / strVal3.hashCode()
67:AOR:+(int,int):%(int,int):org.gjt.sp.jedit.bsh.org.objectweb.asm.Item@set(int,java.lang.String,java.lang.String,java.lang.String):214:type + strVal1.hashCode() * strVal2.hashCode() * strVal3.hashCode() |==> type % (strVal1.hashCode() * strVal2.hashCode() * strVal3.hashCode())
68:AOR:+(int,int):*(int,int):org.gjt.sp.jedit.bsh.org.objectweb.asm.Item@set(int,java.lang.String,java.lang.String,java.lang.String):214:type + strVal1.hashCode() * strVal2.hashCode() * strVal3.hashCode() |==> type * (strVal1.hashCode() * strVal2.hashCode() * strVal3.hashCode())
69:AOR:+(int,int):-(int,int):org.gjt.sp.jedit.bsh.org.objectweb.asm.Item@set(int,java.lang.String,java.lang.String,java.lang.String):214:type + strVal1.hashCode() * strVal2.hashCode() * strVal3.hashCode() |==> type - strVal1.hashCode() * strVal2.hashCode() * strVal3.hashCode()
70:AOR:+(int,int):/(int,int):org.gjt.sp.jedit.bsh.org.objectweb.asm.Item@set(int,java.lang.String,java.lang.String,java.lang.String):214:type + strVal1.hashCode() * strVal2.hashCode() * strVal3.hashCode() |==> type / (strVal1.hashCode() * strVal2.hashCode() * strVal3.hashCode())
71:STD:<ASSIGN>:<NO-OP>:org.gjt.sp.jedit.bsh.org.objectweb.asm.Item@set(int,java.lang.String,java.lang.String,java.lang.String):214:hashCode = type + strVal1.hashCode() * strVal2.hashCode() * strVal3.hashCode() |==> <NO-OP>
72:STD:<RETURN>:<NO-OP>:org.gjt.sp.jedit.bsh.org.objectweb.asm.Item@set(int,java.lang.String,java.lang.String,java.lang.String):215:return; |==> <NO-OP>
73:ROR:==(int,int):<=(int,int):org.gjt.sp.jedit.bsh.org.objectweb.asm.Item@isEqualTo(org.gjt.sp.jedit.bsh.org.objectweb.asm.Item):228:i.type == type |==> i.type <= type
74:ROR:==(int,int):>=(int,int):org.gjt.sp.jedit.bsh.org.objectweb.asm.Item@isEqualTo(org.gjt.sp.jedit.bsh.org.objectweb.asm.Item):228:i.type == type |==> i.type >= type
75:ROR:==(int,int):FALSE(int,int):org.gjt.sp.jedit.bsh.org.objectweb.asm.Item@isEqualTo(org.gjt.sp.jedit.bsh.org.objectweb.asm.Item):228:i.type == type |==> false
76:ROR:==(int,int):<=(int,int):org.gjt.sp.jedit.bsh.org.objectweb.asm.Item@isEqualTo(org.gjt.sp.jedit.bsh.org.objectweb.asm.Item):231:i.intVal == intVal |==> i.intVal <= intVal
77:ROR:==(int,int):>=(int,int):org.gjt.sp.jedit.bsh.org.objectweb.asm.Item@isEqualTo(org.gjt.sp.jedit.bsh.org.objectweb.asm.Item):231:i.intVal == intVal |==> i.intVal >= intVal
78:ROR:==(int,int):FALSE(int,int):org.gjt.sp.jedit.bsh.org.objectweb.asm.Item@isEqualTo(org.gjt.sp.jedit.bsh.org.objectweb.asm.Item):231:i.intVal == intVal |==> false
79:STD:<RETURN>:<NO-OP>:org.gjt.sp.jedit.bsh.org.objectweb.asm.Item@isEqualTo(org.gjt.sp.jedit.bsh.org.objectweb.asm.Item):231:return Config.__M_NO == 78 ? false : Config.__M_NO == 77 ? i.intVal >= intVal : Config.__M_NO == 76 ? i.intVal <= intVal : Config.__M_NO == 0 && Config.COVERED(76, 78) ? i.intVal == intVal : i.intVal == intVal; |==> <NO-OP>
80:ROR:==(long,long):<=(long,long):org.gjt.sp.jedit.bsh.org.objectweb.asm.Item@isEqualTo(org.gjt.sp.jedit.bsh.org.objectweb.asm.Item):233:i.longVal == longVal |==> i.longVal <= longVal
81:ROR:==(long,long):>=(long,long):org.gjt.sp.jedit.bsh.org.objectweb.asm.Item@isEqualTo(org.gjt.sp.jedit.bsh.org.objectweb.asm.Item):233:i.longVal == longVal |==> i.longVal >= longVal
82:ROR:==(long,long):FALSE(long,long):org.gjt.sp.jedit.bsh.org.objectweb.asm.Item@isEqualTo(org.gjt.sp.jedit.bsh.org.objectweb.asm.Item):233:i.longVal == longVal |==> false
83:STD:<RETURN>:<NO-OP>:org.gjt.sp.jedit.bsh.org.objectweb.asm.Item@isEqualTo(org.gjt.sp.jedit.bsh.org.objectweb.asm.Item):233:return Config.__M_NO == 82 ? false : Config.__M_NO == 81 ? i.longVal >= longVal : Config.__M_NO == 80 ? i.longVal <= longVal : Config.__M_NO == 0 && Config.COVERED(80, 82) ? i.longVal == longVal : i.longVal == longVal; |==> <NO-OP>
84:ROR:==(float,float):<=(float,float):org.gjt.sp.jedit.bsh.org.objectweb.asm.Item@isEqualTo(org.gjt.sp.jedit.bsh.org.objectweb.asm.Item):235:i.floatVal == floatVal |==> i.floatVal <= floatVal
85:ROR:==(float,float):>=(float,float):org.gjt.sp.jedit.bsh.org.objectweb.asm.Item@isEqualTo(org.gjt.sp.jedit.bsh.org.objectweb.asm.Item):235:i.floatVal == floatVal |==> i.floatVal >= floatVal
86:ROR:==(float,float):FALSE(float,float):org.gjt.sp.jedit.bsh.org.objectweb.asm.Item@isEqualTo(org.gjt.sp.jedit.bsh.org.objectweb.asm.Item):235:i.floatVal == floatVal |==> false
87:STD:<RETURN>:<NO-OP>:org.gjt.sp.jedit.bsh.org.objectweb.asm.Item@isEqualTo(org.gjt.sp.jedit.bsh.org.objectweb.asm.Item):235:return Config.__M_NO == 86 ? false : Config.__M_NO == 85 ? i.floatVal >= floatVal : Config.__M_NO == 84 ? i.floatVal <= floatVal : Config.__M_NO == 0 && Config.COVERED(84, 86) ? i.floatVal == floatVal : i.floatVal == floatVal; |==> <NO-OP>
88:ROR:==(double,double):<=(double,double):org.gjt.sp.jedit.bsh.org.objectweb.asm.Item@isEqualTo(org.gjt.sp.jedit.bsh.org.objectweb.asm.Item):237:i.doubleVal == doubleVal |==> i.doubleVal <= doubleVal
89:ROR:==(double,double):>=(double,double):org.gjt.sp.jedit.bsh.org.objectweb.asm.Item@isEqualTo(org.gjt.sp.jedit.bsh.org.objectweb.asm.Item):237:i.doubleVal == doubleVal |==> i.doubleVal >= doubleVal
90:ROR:==(double,double):FALSE(double,double):org.gjt.sp.jedit.bsh.org.objectweb.asm.Item@isEqualTo(org.gjt.sp.jedit.bsh.org.objectweb.asm.Item):237:i.doubleVal == doubleVal |==> false
91:STD:<RETURN>:<NO-OP>:org.gjt.sp.jedit.bsh.org.objectweb.asm.Item@isEqualTo(org.gjt.sp.jedit.bsh.org.objectweb.asm.Item):237:return Config.__M_NO == 90 ? false : Config.__M_NO == 89 ? i.doubleVal >= doubleVal : Config.__M_NO == 88 ? i.doubleVal <= doubleVal : Config.__M_NO == 0 && Config.COVERED(88, 90) ? i.doubleVal == doubleVal : i.doubleVal == doubleVal; |==> <NO-OP>
92:STD:<RETURN>:<NO-OP>:org.gjt.sp.jedit.bsh.org.objectweb.asm.Item@isEqualTo(org.gjt.sp.jedit.bsh.org.objectweb.asm.Item):241:return i.strVal1.equals(strVal1); |==> <NO-OP>
93:COR:&&(boolean,boolean):==(boolean,boolean):org.gjt.sp.jedit.bsh.org.objectweb.asm.Item@isEqualTo(org.gjt.sp.jedit.bsh.org.objectweb.asm.Item):243:i.strVal1.equals(strVal1) && i.strVal2.equals(strVal2) |==> i.strVal1.equals(strVal1) == i.strVal2.equals(strVal2)
94:COR:&&(boolean,boolean):FALSE(boolean,boolean):org.gjt.sp.jedit.bsh.org.objectweb.asm.Item@isEqualTo(org.gjt.sp.jedit.bsh.org.objectweb.asm.Item):243:i.strVal1.equals(strVal1) && i.strVal2.equals(strVal2) |==> false
95:COR:&&(boolean,boolean):LHS(boolean,boolean):org.gjt.sp.jedit.bsh.org.objectweb.asm.Item@isEqualTo(org.gjt.sp.jedit.bsh.org.objectweb.asm.Item):243:i.strVal1.equals(strVal1) && i.strVal2.equals(strVal2) |==> i.strVal1.equals(strVal1)
96:COR:&&(boolean,boolean):RHS(boolean,boolean):org.gjt.sp.jedit.bsh.org.objectweb.asm.Item@isEqualTo(org.gjt.sp.jedit.bsh.org.objectweb.asm.Item):244:i.strVal1.equals(strVal1) && i.strVal2.equals(strVal2) |==> i.strVal2.equals(strVal2)
97:STD:<RETURN>:<NO-OP>:org.gjt.sp.jedit.bsh.org.objectweb.asm.Item@isEqualTo(org.gjt.sp.jedit.bsh.org.objectweb.asm.Item):243:return Config.__M_NO == 96 ? i.strVal2.equals(strVal2) : Config.__M_NO == 95 ? i.strVal1.equals(strVal1) : Config.__M_NO == 94 ? false : Config.__M_NO == 93 ? i.strVal1.equals(strVal1) == i.strVal2.equals(strVal2) : Config.__M_NO == 0 && Config.COVERED(93, 96) ? i.strVal1.equals(strVal1) && i.strVal2.equals(strVal2) : i.strVal1.equals(strVal1) && i.strVal2.equals(strVal2); |==> <NO-OP>
98:COR:&&(boolean,boolean):==(boolean,boolean):org.gjt.sp.jedit.bsh.org.objectweb.asm.Item@isEqualTo(org.gjt.sp.jedit.bsh.org.objectweb.asm.Item):249:i.strVal1.equals(strVal1) && i.strVal2.equals(strVal2) |==> i.strVal1.equals(strVal1) == i.strVal2.equals(strVal2)
99:COR:&&(boolean,boolean):FALSE(boolean,boolean):org.gjt.sp.jedit.bsh.org.objectweb.asm.Item@isEqualTo(org.gjt.sp.jedit.bsh.org.objectweb.asm.Item):249:i.strVal1.equals(strVal1) && i.strVal2.equals(strVal2) |==> false
100:COR:&&(boolean,boolean):LHS(boolean,boolean):org.gjt.sp.jedit.bsh.org.objectweb.asm.Item@isEqualTo(org.gjt.sp.jedit.bsh.org.objectweb.asm.Item):249:i.strVal1.equals(strVal1) && i.strVal2.equals(strVal2) |==> i.strVal1.equals(strVal1)
101:COR:&&(boolean,boolean):RHS(boolean,boolean):org.gjt.sp.jedit.bsh.org.objectweb.asm.Item@isEqualTo(org.gjt.sp.jedit.bsh.org.objectweb.asm.Item):250:i.strVal1.equals(strVal1) && i.strVal2.equals(strVal2) |==> i.strVal2.equals(strVal2)
102:COR:&&(boolean,boolean):==(boolean,boolean):org.gjt.sp.jedit.bsh.org.objectweb.asm.Item@isEqualTo(org.gjt.sp.jedit.bsh.org.objectweb.asm.Item):249:i.strVal1.equals(strVal1) && i.strVal2.equals(strVal2) && i.strVal3.equals(strVal3) |==> (i.strVal1.equals(strVal1) && i.strVal2.equals(strVal2)) == i.strVal3.equals(strVal3)
103:COR:&&(boolean,boolean):FALSE(boolean,boolean):org.gjt.sp.jedit.bsh.org.objectweb.asm.Item@isEqualTo(org.gjt.sp.jedit.bsh.org.objectweb.asm.Item):250:i.strVal1.equals(strVal1) && i.strVal2.equals(strVal2) && i.strVal3.equals(strVal3) |==> false
104:COR:&&(boolean,boolean):LHS(boolean,boolean):org.gjt.sp.jedit.bsh.org.objectweb.asm.Item@isEqualTo(org.gjt.sp.jedit.bsh.org.objectweb.asm.Item):249:i.strVal1.equals(strVal1) && i.strVal2.equals(strVal2) && i.strVal3.equals(strVal3) |==> i.strVal1.equals(strVal1) && i.strVal2.equals(strVal2)
105:COR:&&(boolean,boolean):RHS(boolean,boolean):org.gjt.sp.jedit.bsh.org.objectweb.asm.Item@isEqualTo(org.gjt.sp.jedit.bsh.org.objectweb.asm.Item):251:i.strVal1.equals(strVal1) && i.strVal2.equals(strVal2) && i.strVal3.equals(strVal3) |==> i.strVal3.equals(strVal3)
106:STD:<RETURN>:<NO-OP>:org.gjt.sp.jedit.bsh.org.objectweb.asm.Item@isEqualTo(org.gjt.sp.jedit.bsh.org.objectweb.asm.Item):249:return Config.__M_NO == 105 ? i.strVal3.equals(strVal3) : Config.__M_NO == 104 ? i.strVal1.equals(strVal1) && i.strVal2.equals(strVal2) : Config.__M_NO == 103 ? false : Config.__M_NO == 102 ? (i.strVal1.equals(strVal1) && i.strVal2.equals(strVal2)) == i.strVal3.equals(strVal3) : Config.__M_NO == 0 && Config.COVERED(102, 105) ? i.strVal1.equals(strVal1) && i.strVal2.equals(strVal2) && i.strVal3.equals(strVal3) : (Config.__M_NO == 101 ? i.strVal2.equals(strVal2) : Config.__M_NO == 100 ? i.strVal1.equals(strVal1) : Config.__M_NO == 99 ? false : Config.__M_NO == 98 ? i.strVal1.equals(strVal1) == i.strVal2.equals(strVal2) : Config.__M_NO == 0 && Config.COVERED(98, 101) ? i.strVal1.equals(strVal1) && i.strVal2.equals(strVal2) : i.strVal1.equals(strVal1) && i.strVal2.equals(strVal2)) && i.strVal3.equals(strVal3); |==> <NO-OP>
107:LVR:FALSE:TRUE:org.gjt.sp.jedit.bsh.org.objectweb.asm.Item@isEqualTo(org.gjt.sp.jedit.bsh.org.objectweb.asm.Item):254:false |==> true
