1:LVR:FALSE:TRUE:org.apache.velocity.app.event.implement.PrintExceptions@methodException(java.lang.Class,java.lang.String,java.lang.Exception):62:false |==> true
2:LVR:FALSE:TRUE:org.apache.velocity.app.event.implement.PrintExceptions@methodException(java.lang.Class,java.lang.String,java.lang.Exception):63:false |==> true
3:COR:&&(boolean,boolean):==(boolean,boolean):org.apache.velocity.app.event.implement.PrintExceptions@methodException(java.lang.Class,java.lang.String,java.lang.Exception):66:showMessage && showStackTrace |==> showMessage == showStackTrace
4:COR:&&(boolean,boolean):FALSE(boolean,boolean):org.apache.velocity.app.event.implement.PrintExceptions@methodException(java.lang.Class,java.lang.String,java.lang.Exception):66:showMessage && showStackTrace |==> false
5:COR:&&(boolean,boolean):LHS(boolean,boolean):org.apache.velocity.app.event.implement.PrintExceptions@methodException(java.lang.Class,java.lang.String,java.lang.Exception):66:showMessage && showStackTrace |==> showMessage
6:COR:&&(boolean,boolean):RHS(boolean,boolean):org.apache.velocity.app.event.implement.PrintExceptions@methodException(java.lang.Class,java.lang.String,java.lang.Exception):66:showMessage && showStackTrace |==> showStackTrace
7:LVR:POS:0:org.apache.velocity.app.event.implement.PrintExceptions@methodException(java.lang.Class,java.lang.String,java.lang.Exception):68:200 |==> 0
8:LVR:POS:NEG:org.apache.velocity.app.event.implement.PrintExceptions@methodException(java.lang.Class,java.lang.String,java.lang.Exception):68:200 |==> -200
9:STD:<CALL>:<NO-OP>:org.apache.velocity.app.event.implement.PrintExceptions@methodException(java.lang.Class,java.lang.String,java.lang.Exception):69:st.append(e.getClass().getName()).append("\n") |==> <NO-OP>
10:STD:<CALL>:<NO-OP>:org.apache.velocity.app.event.implement.PrintExceptions@methodException(java.lang.Class,java.lang.String,java.lang.Exception):70:st.append(e.getMessage()).append("\n") |==> <NO-OP>
11:STD:<CALL>:<NO-OP>:org.apache.velocity.app.event.implement.PrintExceptions@methodException(java.lang.Class,java.lang.String,java.lang.Exception):71:st.append(getStackTrace(e)) |==> <NO-OP>
12:COR:showMessage:TRUE:org.apache.velocity.app.event.implement.PrintExceptions@methodException(java.lang.Class,java.lang.String,java.lang.Exception):73:showMessage |==> false
13:COR:showMessage:FALSE:org.apache.velocity.app.event.implement.PrintExceptions@methodException(java.lang.Class,java.lang.String,java.lang.Exception):73:showMessage |==> true
14:LVR:POS:0:org.apache.velocity.app.event.implement.PrintExceptions@methodException(java.lang.Class,java.lang.String,java.lang.Exception):75:50 |==> 0
15:LVR:POS:NEG:org.apache.velocity.app.event.implement.PrintExceptions@methodException(java.lang.Class,java.lang.String,java.lang.Exception):75:50 |==> -50
16:STD:<CALL>:<NO-OP>:org.apache.velocity.app.event.implement.PrintExceptions@methodException(java.lang.Class,java.lang.String,java.lang.Exception):76:st.append(e.getClass().getName()).append("\n") |==> <NO-OP>
17:STD:<CALL>:<NO-OP>:org.apache.velocity.app.event.implement.PrintExceptions@methodException(java.lang.Class,java.lang.String,java.lang.Exception):77:st.append(e.getMessage()).append("\n") |==> <NO-OP>
18:COR:showStackTrace:TRUE:org.apache.velocity.app.event.implement.PrintExceptions@methodException(java.lang.Class,java.lang.String,java.lang.Exception):79:showStackTrace |==> false
19:COR:showStackTrace:FALSE:org.apache.velocity.app.event.implement.PrintExceptions@methodException(java.lang.Class,java.lang.String,java.lang.Exception):79:showStackTrace |==> true
20:LVR:POS:0:org.apache.velocity.app.event.implement.PrintExceptions@methodException(java.lang.Class,java.lang.String,java.lang.Exception):81:200 |==> 0
21:LVR:POS:NEG:org.apache.velocity.app.event.implement.PrintExceptions@methodException(java.lang.Class,java.lang.String,java.lang.Exception):81:200 |==> -200
22:STD:<CALL>:<NO-OP>:org.apache.velocity.app.event.implement.PrintExceptions@methodException(java.lang.Class,java.lang.String,java.lang.Exception):82:st.append(e.getClass().getName()).append("\n") |==> <NO-OP>
23:STD:<CALL>:<NO-OP>:org.apache.velocity.app.event.implement.PrintExceptions@methodException(java.lang.Class,java.lang.String,java.lang.Exception):83:st.append(getStackTrace(e)) |==> <NO-OP>
24:LVR:POS:0:org.apache.velocity.app.event.implement.PrintExceptions@methodException(java.lang.Class,java.lang.String,java.lang.Exception):87:15 |==> 0
25:LVR:POS:NEG:org.apache.velocity.app.event.implement.PrintExceptions@methodException(java.lang.Class,java.lang.String,java.lang.Exception):87:15 |==> -15
26:STD:<CALL>:<NO-OP>:org.apache.velocity.app.event.implement.PrintExceptions@methodException(java.lang.Class,java.lang.String,java.lang.Exception):88:st.append(e.getClass().getName()).append("\n") |==> <NO-OP>
27:EVR:<METHOD_INVOCATION(java.lang.String)>:<DEFAULT>:org.apache.velocity.app.event.implement.PrintExceptions@methodException(java.lang.Class,java.lang.String,java.lang.Exception):91:st.toString() |==> null
28:EVR:<NEW_CLASS(java.io.StringWriter)>:<DEFAULT>:org.apache.velocity.app.event.implement.PrintExceptions@getStackTrace(java.lang.Throwable):101:new StringWriter() |==> null
29:STD:<ASSIGN>:<NO-OP>:org.apache.velocity.app.event.implement.PrintExceptions@getStackTrace(java.lang.Throwable):102:printWriter = new PrintWriter(stackTraceWriter) |==> <NO-OP>
30:STD:<CALL>:<NO-OP>:org.apache.velocity.app.event.implement.PrintExceptions@getStackTrace(java.lang.Throwable):103:throwable.printStackTrace(printWriter) |==> <NO-OP>
31:STD:<CALL>:<NO-OP>:org.apache.velocity.app.event.implement.PrintExceptions@getStackTrace(java.lang.Throwable):104:printWriter.flush() |==> <NO-OP>
32:EVR:<METHOD_INVOCATION(java.lang.String)>:<DEFAULT>:org.apache.velocity.app.event.implement.PrintExceptions@getStackTrace(java.lang.Throwable):105:stackTraceWriter.toString() |==> null
33:ROR:!=(java.lang.Object,java.lang.Object):TRUE(java.lang.Object,java.lang.Object):org.apache.velocity.app.event.implement.PrintExceptions@getStackTrace(java.lang.Throwable):109:printWriter != null |==> true
34:STD:<CALL>:<NO-OP>:org.apache.velocity.app.event.implement.PrintExceptions@getStackTrace(java.lang.Throwable):111:printWriter.close() |==> <NO-OP>
35:STD:<ASSIGN>:<NO-OP>:org.apache.velocity.app.event.implement.PrintExceptions@setRuntimeServices(RuntimeServices):122:this.rs = rs |==> <NO-OP>
