1:EVR:<NEW_ARRAY(java.lang.String[])>:<DEFAULT>:org.apache.tools.ant.types.Comparison:33:new String[]{"equal", "greater", "less", "ne", "ge", "le", "eq", "gt", "lt", "more"} |==> null
2:EVR:<NEW_CLASS(org.apache.tools.ant.types.Comparison)>:<DEFAULT>:org.apache.tools.ant.types.Comparison:37:new Comparison("equal") |==> null
3:EVR:<NEW_CLASS(org.apache.tools.ant.types.Comparison)>:<DEFAULT>:org.apache.tools.ant.types.Comparison:40:new Comparison("ne") |==> null
4:EVR:<NEW_CLASS(org.apache.tools.ant.types.Comparison)>:<DEFAULT>:org.apache.tools.ant.types.Comparison:43:new Comparison("greater") |==> null
5:EVR:<NEW_CLASS(org.apache.tools.ant.types.Comparison)>:<DEFAULT>:org.apache.tools.ant.types.Comparison:46:new Comparison("less") |==> null
6:EVR:<NEW_CLASS(org.apache.tools.ant.types.Comparison)>:<DEFAULT>:org.apache.tools.ant.types.Comparison:49:new Comparison("ge") |==> null
7:EVR:<NEW_CLASS(org.apache.tools.ant.types.Comparison)>:<DEFAULT>:org.apache.tools.ant.types.Comparison:52:new Comparison("le") |==> null
8:LVR:0:POS:org.apache.tools.ant.types.Comparison:54:0 |==> 1
9:LVR:0:NEG:org.apache.tools.ant.types.Comparison:54:0 |==> -1
10:LVR:POS:0:org.apache.tools.ant.types.Comparison:54:4 |==> 0
11:LVR:POS:NEG:org.apache.tools.ant.types.Comparison:54:4 |==> -4
12:LVR:POS:0:org.apache.tools.ant.types.Comparison:54:5 |==> 0
13:LVR:POS:NEG:org.apache.tools.ant.types.Comparison:54:5 |==> -5
14:LVR:POS:0:org.apache.tools.ant.types.Comparison:54:6 |==> 0
15:LVR:POS:NEG:org.apache.tools.ant.types.Comparison:54:6 |==> -6
16:LVR:POS:0:org.apache.tools.ant.types.Comparison:55:2 |==> 0
17:LVR:POS:NEG:org.apache.tools.ant.types.Comparison:55:2 |==> -2
18:LVR:POS:0:org.apache.tools.ant.types.Comparison:55:3 |==> 0
19:LVR:POS:NEG:org.apache.tools.ant.types.Comparison:55:3 |==> -3
20:LVR:POS:0:org.apache.tools.ant.types.Comparison:55:5 |==> 0
21:LVR:POS:NEG:org.apache.tools.ant.types.Comparison:55:5 |==> -5
22:LVR:POS:0:org.apache.tools.ant.types.Comparison:55:8 |==> 0
23:LVR:POS:NEG:org.apache.tools.ant.types.Comparison:55:8 |==> -8
24:LVR:POS:0:org.apache.tools.ant.types.Comparison:56:1 |==> 0
25:LVR:POS:NEG:org.apache.tools.ant.types.Comparison:56:1 |==> -1
26:LVR:POS:0:org.apache.tools.ant.types.Comparison:56:3 |==> 0
27:LVR:POS:NEG:org.apache.tools.ant.types.Comparison:56:3 |==> -3
28:LVR:POS:0:org.apache.tools.ant.types.Comparison:56:4 |==> 0
29:LVR:POS:NEG:org.apache.tools.ant.types.Comparison:56:4 |==> -4
30:LVR:POS:0:org.apache.tools.ant.types.Comparison:56:7 |==> 0
31:LVR:POS:NEG:org.apache.tools.ant.types.Comparison:56:7 |==> -7
32:LVR:POS:0:org.apache.tools.ant.types.Comparison:56:9 |==> 0
33:LVR:POS:NEG:org.apache.tools.ant.types.Comparison:56:9 |==> -9
34:STD:<CALL>:<NO-OP>:org.apache.tools.ant.types.Comparison@<init>(java.lang.String):69:setValue(value) |==> <NO-OP>
