1:LVR:0:POS:org.apache.tools.tar.TarUtils@parseOctal(byte[],int,int):42:0 |==> 1
2:LVR:0:NEG:org.apache.tools.tar.TarUtils@parseOctal(byte[],int,int):42:0 |==> -1
3:LVR:TRUE:FALSE:org.apache.tools.tar.TarUtils@parseOctal(byte[],int,int):43:true |==> false
4:AOR:+(int,int):%(int,int):org.apache.tools.tar.TarUtils@parseOctal(byte[],int,int):44:offset + length |==> offset % length
5:AOR:+(int,int):*(int,int):org.apache.tools.tar.TarUtils@parseOctal(byte[],int,int):44:offset + length |==> offset * length
6:AOR:+(int,int):-(int,int):org.apache.tools.tar.TarUtils@parseOctal(byte[],int,int):44:offset + length |==> offset - length
7:AOR:+(int,int):/(int,int):org.apache.tools.tar.TarUtils@parseOctal(byte[],int,int):44:offset + length |==> offset / length
8:EVR:<IDENTIFIER(int)>:<DEFAULT>:org.apache.tools.tar.TarUtils@parseOctal(byte[],int,int):46:offset |==> 0
9:ROR:<(int,int):!=(int,int):org.apache.tools.tar.TarUtils@parseOctal(byte[],int,int):46:i < end |==> i != end
10:ROR:<(int,int):<=(int,int):org.apache.tools.tar.TarUtils@parseOctal(byte[],int,int):46:i < end |==> i <= end
11:ROR:<(int,int):FALSE(int,int):org.apache.tools.tar.TarUtils@parseOctal(byte[],int,int):46:i < end |==> false
12:LVR:0:POS:org.apache.tools.tar.TarUtils@parseOctal(byte[],int,int):47:0 |==> 1
13:LVR:0:NEG:org.apache.tools.tar.TarUtils@parseOctal(byte[],int,int):47:0 |==> -1
14:ROR:==(int,int):<=(int,int):org.apache.tools.tar.TarUtils@parseOctal(byte[],int,int):47:header[i] == 0 |==> header[i] <= 0
15:ROR:==(int,int):>=(int,int):org.apache.tools.tar.TarUtils@parseOctal(byte[],int,int):47:header[i] == 0 |==> header[i] >= 0
16:ROR:==(int,int):FALSE(int,int):org.apache.tools.tar.TarUtils@parseOctal(byte[],int,int):47:header[i] == 0 |==> false
17:STD:<BREAK>:<NO-OP>:org.apache.tools.tar.TarUtils@parseOctal(byte[],int,int):48:break; |==> <NO-OP>
18:ROR:==(int,int):<=(int,int):org.apache.tools.tar.TarUtils@parseOctal(byte[],int,int):51:header[i] == (byte)' ' |==> header[i] <= (byte)' '
19:ROR:==(int,int):>=(int,int):org.apache.tools.tar.TarUtils@parseOctal(byte[],int,int):51:header[i] == (byte)' ' |==> header[i] >= (byte)' '
20:ROR:==(int,int):FALSE(int,int):org.apache.tools.tar.TarUtils@parseOctal(byte[],int,int):51:header[i] == (byte)' ' |==> false
21:ROR:==(int,int):<=(int,int):org.apache.tools.tar.TarUtils@parseOctal(byte[],int,int):51:header[i] == '0' |==> header[i] <= '0'
22:ROR:==(int,int):>=(int,int):org.apache.tools.tar.TarUtils@parseOctal(byte[],int,int):51:header[i] == '0' |==> header[i] >= '0'
23:ROR:==(int,int):FALSE(int,int):org.apache.tools.tar.TarUtils@parseOctal(byte[],int,int):51:header[i] == '0' |==> false
24:COR:||(boolean,boolean):!=(boolean,boolean):org.apache.tools.tar.TarUtils@parseOctal(byte[],int,int):51:header[i] == (byte)' ' || header[i] == '0' |==> header[i] == (byte)' ' != (header[i] == '0')
25:COR:||(boolean,boolean):LHS(boolean,boolean):org.apache.tools.tar.TarUtils@parseOctal(byte[],int,int):51:header[i] == (byte)' ' || header[i] == '0' |==> header[i] == (byte)' '
26:COR:||(boolean,boolean):RHS(boolean,boolean):org.apache.tools.tar.TarUtils@parseOctal(byte[],int,int):51:header[i] == (byte)' ' || header[i] == '0' |==> header[i] == '0'
27:COR:||(boolean,boolean):TRUE(boolean,boolean):org.apache.tools.tar.TarUtils@parseOctal(byte[],int,int):51:header[i] == (byte)' ' || header[i] == '0' |==> true
28:COR:stillPadding:TRUE:org.apache.tools.tar.TarUtils@parseOctal(byte[],int,int):52:stillPadding |==> false
29:COR:stillPadding:FALSE:org.apache.tools.tar.TarUtils@parseOctal(byte[],int,int):52:stillPadding |==> true
30:STD:<CONT>:<NO-OP>:org.apache.tools.tar.TarUtils@parseOctal(byte[],int,int):53:continue; |==> <NO-OP>
31:ROR:==(int,int):<=(int,int):org.apache.tools.tar.TarUtils@parseOctal(byte[],int,int):56:header[i] == (byte)' ' |==> header[i] <= (byte)' '
32:ROR:==(int,int):>=(int,int):org.apache.tools.tar.TarUtils@parseOctal(byte[],int,int):56:header[i] == (byte)' ' |==> header[i] >= (byte)' '
33:ROR:==(int,int):FALSE(int,int):org.apache.tools.tar.TarUtils@parseOctal(byte[],int,int):56:header[i] == (byte)' ' |==> false
34:STD:<BREAK>:<NO-OP>:org.apache.tools.tar.TarUtils@parseOctal(byte[],int,int):57:break; |==> <NO-OP>
35:LVR:FALSE:TRUE:org.apache.tools.tar.TarUtils@parseOctal(byte[],int,int):61:false |==> true
36:STD:<ASSIGN>:<NO-OP>:org.apache.tools.tar.TarUtils@parseOctal(byte[],int,int):61:stillPadding = false |==> <NO-OP>
37:LVR:POS:0:org.apache.tools.tar.TarUtils@parseOctal(byte[],int,int):62:3 |==> 0
38:LVR:POS:NEG:org.apache.tools.tar.TarUtils@parseOctal(byte[],int,int):62:3 |==> -3
39:SOR:<<(long,int):>>(long,int):org.apache.tools.tar.TarUtils@parseOctal(byte[],int,int):62:result << 3 |==> result >> 3
40:SOR:<<(long,int):>>>(long,int):org.apache.tools.tar.TarUtils@parseOctal(byte[],int,int):62:result << 3 |==> result >>> 3
41:AOR:-(int,int):%(int,int):org.apache.tools.tar.TarUtils@parseOctal(byte[],int,int):62:header[i] - '0' |==> header[i] % '0'
42:AOR:-(int,int):*(int,int):org.apache.tools.tar.TarUtils@parseOctal(byte[],int,int):62:header[i] - '0' |==> header[i] * '0'
43:AOR:-(int,int):+(int,int):org.apache.tools.tar.TarUtils@parseOctal(byte[],int,int):62:header[i] - '0' |==> header[i] + '0'
44:AOR:-(int,int):/(int,int):org.apache.tools.tar.TarUtils@parseOctal(byte[],int,int):62:header[i] - '0' |==> header[i] / '0'
45:AOR:+(long,long):%(long,long):org.apache.tools.tar.TarUtils@parseOctal(byte[],int,int):62:(result << 3) + (header[i] - '0') |==> (result << 3) % (header[i] - '0')
46:AOR:+(long,long):*(long,long):org.apache.tools.tar.TarUtils@parseOctal(byte[],int,int):62:(result << 3) + (header[i] - '0') |==> (result << 3) * (header[i] - '0')
47:AOR:+(long,long):-(long,long):org.apache.tools.tar.TarUtils@parseOctal(byte[],int,int):62:(result << 3) + (header[i] - '0') |==> (result << 3) - (header[i] - '0')
48:AOR:+(long,long):/(long,long):org.apache.tools.tar.TarUtils@parseOctal(byte[],int,int):62:(result << 3) + (header[i] - '0') |==> (result << 3) / (header[i] - '0')
49:STD:<ASSIGN>:<NO-OP>:org.apache.tools.tar.TarUtils@parseOctal(byte[],int,int):62:result = (result << 3) + (header[i] - '0') |==> <NO-OP>
50:EVR:<IDENTIFIER(long)>:<DEFAULT>:org.apache.tools.tar.TarUtils@parseOctal(byte[],int,int):65:result |==> 0L
51:EVR:<NEW_CLASS(java.lang.StringBuffer)>:<DEFAULT>:org.apache.tools.tar.TarUtils@parseName(byte[],int,int):77:new StringBuffer(length) |==> null
52:AOR:+(int,int):%(int,int):org.apache.tools.tar.TarUtils@parseName(byte[],int,int):78:offset + length |==> offset % length
53:AOR:+(int,int):*(int,int):org.apache.tools.tar.TarUtils@parseName(byte[],int,int):78:offset + length |==> offset * length
54:AOR:+(int,int):-(int,int):org.apache.tools.tar.TarUtils@parseName(byte[],int,int):78:offset + length |==> offset - length
55:AOR:+(int,int):/(int,int):org.apache.tools.tar.TarUtils@parseName(byte[],int,int):78:offset + length |==> offset / length
56:EVR:<IDENTIFIER(int)>:<DEFAULT>:org.apache.tools.tar.TarUtils@parseName(byte[],int,int):80:offset |==> 0
57:ROR:<(int,int):!=(int,int):org.apache.tools.tar.TarUtils@parseName(byte[],int,int):80:i < end |==> i != end
58:ROR:<(int,int):<=(int,int):org.apache.tools.tar.TarUtils@parseName(byte[],int,int):80:i < end |==> i <= end
59:ROR:<(int,int):FALSE(int,int):org.apache.tools.tar.TarUtils@parseName(byte[],int,int):80:i < end |==> false
60:LVR:0:POS:org.apache.tools.tar.TarUtils@parseName(byte[],int,int):81:0 |==> 1
61:LVR:0:NEG:org.apache.tools.tar.TarUtils@parseName(byte[],int,int):81:0 |==> -1
62:ROR:==(int,int):<=(int,int):org.apache.tools.tar.TarUtils@parseName(byte[],int,int):81:header[i] == 0 |==> header[i] <= 0
63:ROR:==(int,int):>=(int,int):org.apache.tools.tar.TarUtils@parseName(byte[],int,int):81:header[i] == 0 |==> header[i] >= 0
64:ROR:==(int,int):FALSE(int,int):org.apache.tools.tar.TarUtils@parseName(byte[],int,int):81:header[i] == 0 |==> false
65:STD:<BREAK>:<NO-OP>:org.apache.tools.tar.TarUtils@parseName(byte[],int,int):82:break; |==> <NO-OP>
66:STD:<CALL>:<NO-OP>:org.apache.tools.tar.TarUtils@parseName(byte[],int,int):85:result.append((char)header[i]) |==> <NO-OP>
67:EVR:<IDENTIFIER(java.lang.StringBuffer)>:<DEFAULT>:org.apache.tools.tar.TarUtils@parseName(byte[],int,int):88:result |==> null
68:LVR:0:POS:org.apache.tools.tar.TarUtils@getNameBytes(java.lang.StringBuffer,byte[],int,int):103:0 |==> 1
69:LVR:0:NEG:org.apache.tools.tar.TarUtils@getNameBytes(java.lang.StringBuffer,byte[],int,int):103:0 |==> -1
70:ROR:<(int,int):!=(int,int):org.apache.tools.tar.TarUtils@getNameBytes(java.lang.StringBuffer,byte[],int,int):103:i < length |==> i != length
71:ROR:<(int,int):<=(int,int):org.apache.tools.tar.TarUtils@getNameBytes(java.lang.StringBuffer,byte[],int,int):103:i < length |==> i <= length
72:ROR:<(int,int):FALSE(int,int):org.apache.tools.tar.TarUtils@getNameBytes(java.lang.StringBuffer,byte[],int,int):103:i < length |==> false
73:ROR:<(int,int):!=(int,int):org.apache.tools.tar.TarUtils@getNameBytes(java.lang.StringBuffer,byte[],int,int):103:i < name.length() |==> i != name.length()
74:ROR:<(int,int):<=(int,int):org.apache.tools.tar.TarUtils@getNameBytes(java.lang.StringBuffer,byte[],int,int):103:i < name.length() |==> i <= name.length()
75:ROR:<(int,int):FALSE(int,int):org.apache.tools.tar.TarUtils@getNameBytes(java.lang.StringBuffer,byte[],int,int):103:i < name.length() |==> false
76:COR:&&(boolean,boolean):==(boolean,boolean):org.apache.tools.tar.TarUtils@getNameBytes(java.lang.StringBuffer,byte[],int,int):103:i < length && i < name.length() |==> i < length == i < name.length()
77:COR:&&(boolean,boolean):FALSE(boolean,boolean):org.apache.tools.tar.TarUtils@getNameBytes(java.lang.StringBuffer,byte[],int,int):103:i < length && i < name.length() |==> false
78:COR:&&(boolean,boolean):LHS(boolean,boolean):org.apache.tools.tar.TarUtils@getNameBytes(java.lang.StringBuffer,byte[],int,int):103:i < length && i < name.length() |==> i < length
79:COR:&&(boolean,boolean):RHS(boolean,boolean):org.apache.tools.tar.TarUtils@getNameBytes(java.lang.StringBuffer,byte[],int,int):103:i < length && i < name.length() |==> i < name.length()
80:AOR:+(int,int):%(int,int):org.apache.tools.tar.TarUtils@getNameBytes(java.lang.StringBuffer,byte[],int,int):104:offset + i |==> offset % i
81:AOR:+(int,int):*(int,int):org.apache.tools.tar.TarUtils@getNameBytes(java.lang.StringBuffer,byte[],int,int):104:offset + i |==> offset * i
82:AOR:+(int,int):-(int,int):org.apache.tools.tar.TarUtils@getNameBytes(java.lang.StringBuffer,byte[],int,int):104:offset + i |==> offset - i
83:AOR:+(int,int):/(int,int):org.apache.tools.tar.TarUtils@getNameBytes(java.lang.StringBuffer,byte[],int,int):104:offset + i |==> offset / i
84:STD:<ASSIGN>:<NO-OP>:org.apache.tools.tar.TarUtils@getNameBytes(java.lang.StringBuffer,byte[],int,int):104:buf[offset + i] = (byte)name.charAt(i) |==> <NO-OP>
85:ROR:<(int,int):!=(int,int):org.apache.tools.tar.TarUtils@getNameBytes(java.lang.StringBuffer,byte[],int,int):107:i < length |==> i != length
86:ROR:<(int,int):<=(int,int):org.apache.tools.tar.TarUtils@getNameBytes(java.lang.StringBuffer,byte[],int,int):107:i < length |==> i <= length
87:ROR:<(int,int):FALSE(int,int):org.apache.tools.tar.TarUtils@getNameBytes(java.lang.StringBuffer,byte[],int,int):107:i < length |==> false
88:AOR:+(int,int):%(int,int):org.apache.tools.tar.TarUtils@getNameBytes(java.lang.StringBuffer,byte[],int,int):108:offset + i |==> offset % i
89:AOR:+(int,int):*(int,int):org.apache.tools.tar.TarUtils@getNameBytes(java.lang.StringBuffer,byte[],int,int):108:offset + i |==> offset * i
90:AOR:+(int,int):-(int,int):org.apache.tools.tar.TarUtils@getNameBytes(java.lang.StringBuffer,byte[],int,int):108:offset + i |==> offset - i
91:AOR:+(int,int):/(int,int):org.apache.tools.tar.TarUtils@getNameBytes(java.lang.StringBuffer,byte[],int,int):108:offset + i |==> offset / i
92:LVR:0:POS:org.apache.tools.tar.TarUtils@getNameBytes(java.lang.StringBuffer,byte[],int,int):108:0 |==> 1
93:LVR:0:NEG:org.apache.tools.tar.TarUtils@getNameBytes(java.lang.StringBuffer,byte[],int,int):108:0 |==> -1
94:STD:<ASSIGN>:<NO-OP>:org.apache.tools.tar.TarUtils@getNameBytes(java.lang.StringBuffer,byte[],int,int):108:buf[offset + i] = 0 |==> <NO-OP>
95:AOR:+(int,int):%(int,int):org.apache.tools.tar.TarUtils@getNameBytes(java.lang.StringBuffer,byte[],int,int):111:offset + length |==> offset % length
96:AOR:+(int,int):*(int,int):org.apache.tools.tar.TarUtils@getNameBytes(java.lang.StringBuffer,byte[],int,int):111:offset + length |==> offset * length
97:AOR:+(int,int):-(int,int):org.apache.tools.tar.TarUtils@getNameBytes(java.lang.StringBuffer,byte[],int,int):111:offset + length |==> offset - length
98:AOR:+(int,int):/(int,int):org.apache.tools.tar.TarUtils@getNameBytes(java.lang.StringBuffer,byte[],int,int):111:offset + length |==> offset / length
99:LVR:POS:0:org.apache.tools.tar.TarUtils@getOctalBytes(long,byte[],int,int):124:1 |==> 0
100:LVR:POS:NEG:org.apache.tools.tar.TarUtils@getOctalBytes(long,byte[],int,int):124:1 |==> -1
101:AOR:-(int,int):%(int,int):org.apache.tools.tar.TarUtils@getOctalBytes(long,byte[],int,int):124:length - 1 |==> length % 1
102:AOR:-(int,int):*(int,int):org.apache.tools.tar.TarUtils@getOctalBytes(long,byte[],int,int):124:length - 1 |==> length * 1
103:AOR:-(int,int):+(int,int):org.apache.tools.tar.TarUtils@getOctalBytes(long,byte[],int,int):124:length - 1 |==> length + 1
104:AOR:-(int,int):/(int,int):org.apache.tools.tar.TarUtils@getOctalBytes(long,byte[],int,int):124:length - 1 |==> length / 1
105:AOR:+(int,int):%(int,int):org.apache.tools.tar.TarUtils@getOctalBytes(long,byte[],int,int):126:offset + idx |==> offset % idx
106:AOR:+(int,int):*(int,int):org.apache.tools.tar.TarUtils@getOctalBytes(long,byte[],int,int):126:offset + idx |==> offset * idx
107:AOR:+(int,int):-(int,int):org.apache.tools.tar.TarUtils@getOctalBytes(long,byte[],int,int):126:offset + idx |==> offset - idx
108:AOR:+(int,int):/(int,int):org.apache.tools.tar.TarUtils@getOctalBytes(long,byte[],int,int):126:offset + idx |==> offset / idx
109:LVR:0:POS:org.apache.tools.tar.TarUtils@getOctalBytes(long,byte[],int,int):126:0 |==> 1
110:LVR:0:NEG:org.apache.tools.tar.TarUtils@getOctalBytes(long,byte[],int,int):126:0 |==> -1
111:STD:<ASSIGN>:<NO-OP>:org.apache.tools.tar.TarUtils@getOctalBytes(long,byte[],int,int):126:buf[offset + idx] = 0 |==> <NO-OP>
112:STD:<DEC>:<NO-OP>:org.apache.tools.tar.TarUtils@getOctalBytes(long,byte[],int,int):127:--idx |==> <NO-OP>
113:AOR:+(int,int):%(int,int):org.apache.tools.tar.TarUtils@getOctalBytes(long,byte[],int,int):128:offset + idx |==> offset % idx
114:AOR:+(int,int):*(int,int):org.apache.tools.tar.TarUtils@getOctalBytes(long,byte[],int,int):128:offset + idx |==> offset * idx
115:AOR:+(int,int):-(int,int):org.apache.tools.tar.TarUtils@getOctalBytes(long,byte[],int,int):128:offset + idx |==> offset - idx
116:AOR:+(int,int):/(int,int):org.apache.tools.tar.TarUtils@getOctalBytes(long,byte[],int,int):128:offset + idx |==> offset / idx
117:STD:<ASSIGN>:<NO-OP>:org.apache.tools.tar.TarUtils@getOctalBytes(long,byte[],int,int):128:buf[offset + idx] = (byte)' ' |==> <NO-OP>
118:STD:<DEC>:<NO-OP>:org.apache.tools.tar.TarUtils@getOctalBytes(long,byte[],int,int):129:--idx |==> <NO-OP>
119:LVR:0:POS:org.apache.tools.tar.TarUtils@getOctalBytes(long,byte[],int,int):131:0 |==> 1
120:LVR:0:NEG:org.apache.tools.tar.TarUtils@getOctalBytes(long,byte[],int,int):131:0 |==> -1
121:ROR:==(long,long):<=(long,long):org.apache.tools.tar.TarUtils@getOctalBytes(long,byte[],int,int):131:value == 0 |==> value <= 0
122:ROR:==(long,long):>=(long,long):org.apache.tools.tar.TarUtils@getOctalBytes(long,byte[],int,int):131:value == 0 |==> value >= 0
123:ROR:==(long,long):FALSE(long,long):org.apache.tools.tar.TarUtils@getOctalBytes(long,byte[],int,int):131:value == 0 |==> false
124:AOR:+(int,int):%(int,int):org.apache.tools.tar.TarUtils@getOctalBytes(long,byte[],int,int):132:offset + idx |==> offset % idx
125:AOR:+(int,int):*(int,int):org.apache.tools.tar.TarUtils@getOctalBytes(long,byte[],int,int):132:offset + idx |==> offset * idx
126:AOR:+(int,int):-(int,int):org.apache.tools.tar.TarUtils@getOctalBytes(long,byte[],int,int):132:offset + idx |==> offset - idx
127:AOR:+(int,int):/(int,int):org.apache.tools.tar.TarUtils@getOctalBytes(long,byte[],int,int):132:offset + idx |==> offset / idx
128:STD:<ASSIGN>:<NO-OP>:org.apache.tools.tar.TarUtils@getOctalBytes(long,byte[],int,int):132:buf[offset + idx] = (byte)'0' |==> <NO-OP>
129:STD:<DEC>:<NO-OP>:org.apache.tools.tar.TarUtils@getOctalBytes(long,byte[],int,int):133:--idx |==> <NO-OP>
130:EVR:<IDENTIFIER(long)>:<DEFAULT>:org.apache.tools.tar.TarUtils@getOctalBytes(long,byte[],int,int):135:value |==> 0L
131:LVR:0:POS:org.apache.tools.tar.TarUtils@getOctalBytes(long,byte[],int,int):135:0 |==> 1
132:LVR:0:NEG:org.apache.tools.tar.TarUtils@getOctalBytes(long,byte[],int,int):135:0 |==> -1
133:ROR:>=(int,int):==(int,int):org.apache.tools.tar.TarUtils@getOctalBytes(long,byte[],int,int):135:idx >= 0 |==> idx == 0
134:ROR:>=(int,int):>(int,int):org.apache.tools.tar.TarUtils@getOctalBytes(long,byte[],int,int):135:idx >= 0 |==> idx > 0
135:ROR:>=(int,int):TRUE(int,int):org.apache.tools.tar.TarUtils@getOctalBytes(long,byte[],int,int):135:idx >= 0 |==> true
136:LVR:0:POS:org.apache.tools.tar.TarUtils@getOctalBytes(long,byte[],int,int):135:0 |==> 1
137:LVR:0:NEG:org.apache.tools.tar.TarUtils@getOctalBytes(long,byte[],int,int):135:0 |==> -1
138:ROR:>(long,long):!=(long,long):org.apache.tools.tar.TarUtils@getOctalBytes(long,byte[],int,int):135:val > 0 |==> val != 0
139:ROR:>(long,long):>=(long,long):org.apache.tools.tar.TarUtils@getOctalBytes(long,byte[],int,int):135:val > 0 |==> val >= 0
140:ROR:>(long,long):FALSE(long,long):org.apache.tools.tar.TarUtils@getOctalBytes(long,byte[],int,int):135:val > 0 |==> false
141:COR:&&(boolean,boolean):==(boolean,boolean):org.apache.tools.tar.TarUtils@getOctalBytes(long,byte[],int,int):135:idx >= 0 && val > 0 |==> idx >= 0 == val > 0
142:COR:&&(boolean,boolean):FALSE(boolean,boolean):org.apache.tools.tar.TarUtils@getOctalBytes(long,byte[],int,int):135:idx >= 0 && val > 0 |==> false
143:COR:&&(boolean,boolean):LHS(boolean,boolean):org.apache.tools.tar.TarUtils@getOctalBytes(long,byte[],int,int):135:idx >= 0 && val > 0 |==> idx >= 0
144:COR:&&(boolean,boolean):RHS(boolean,boolean):org.apache.tools.tar.TarUtils@getOctalBytes(long,byte[],int,int):135:idx >= 0 && val > 0 |==> val > 0
145:AOR:+(int,int):%(int,int):org.apache.tools.tar.TarUtils@getOctalBytes(long,byte[],int,int):136:offset + idx |==> offset % idx
146:AOR:+(int,int):*(int,int):org.apache.tools.tar.TarUtils@getOctalBytes(long,byte[],int,int):136:offset + idx |==> offset * idx
147:AOR:+(int,int):-(int,int):org.apache.tools.tar.TarUtils@getOctalBytes(long,byte[],int,int):136:offset + idx |==> offset - idx
148:AOR:+(int,int):/(int,int):org.apache.tools.tar.TarUtils@getOctalBytes(long,byte[],int,int):136:offset + idx |==> offset / idx
149:LVR:POS:0:org.apache.tools.tar.TarUtils@getOctalBytes(long,byte[],int,int):136:7 |==> 0
150:LVR:POS:NEG:org.apache.tools.tar.TarUtils@getOctalBytes(long,byte[],int,int):136:7 |==> -7
151:LOR:&(long,long):^(long,long):org.apache.tools.tar.TarUtils@getOctalBytes(long,byte[],int,int):136:val & 7 |==> val ^ 7
152:LOR:&(long,long):|(long,long):org.apache.tools.tar.TarUtils@getOctalBytes(long,byte[],int,int):136:val & 7 |==> val | 7
153:AOR:+(int,int):%(int,int):org.apache.tools.tar.TarUtils@getOctalBytes(long,byte[],int,int):136:(byte)'0' + (byte)(val & 7) |==> (byte)'0' % (byte)(val & 7)
154:AOR:+(int,int):*(int,int):org.apache.tools.tar.TarUtils@getOctalBytes(long,byte[],int,int):136:(byte)'0' + (byte)(val & 7) |==> (byte)'0' * (byte)(val & 7)
155:AOR:+(int,int):-(int,int):org.apache.tools.tar.TarUtils@getOctalBytes(long,byte[],int,int):136:(byte)'0' + (byte)(val & 7) |==> (byte)'0' - (byte)(val & 7)
156:AOR:+(int,int):/(int,int):org.apache.tools.tar.TarUtils@getOctalBytes(long,byte[],int,int):136:(byte)'0' + (byte)(val & 7) |==> (byte)'0' / (byte)(val & 7)
157:STD:<ASSIGN>:<NO-OP>:org.apache.tools.tar.TarUtils@getOctalBytes(long,byte[],int,int):136:buf[offset + idx] = (byte)((byte)'0' + (byte)(val & 7)) |==> <NO-OP>
158:LVR:POS:0:org.apache.tools.tar.TarUtils@getOctalBytes(long,byte[],int,int):137:3 |==> 0
159:LVR:POS:NEG:org.apache.tools.tar.TarUtils@getOctalBytes(long,byte[],int,int):137:3 |==> -3
160:SOR:>>(long,int):<<(long,int):org.apache.tools.tar.TarUtils@getOctalBytes(long,byte[],int,int):137:val >> 3 |==> val << 3
161:SOR:>>(long,int):>>>(long,int):org.apache.tools.tar.TarUtils@getOctalBytes(long,byte[],int,int):137:val >> 3 |==> val >>> 3
162:STD:<ASSIGN>:<NO-OP>:org.apache.tools.tar.TarUtils@getOctalBytes(long,byte[],int,int):137:val = val >> 3 |==> <NO-OP>
163:LVR:0:POS:org.apache.tools.tar.TarUtils@getOctalBytes(long,byte[],int,int):141:0 |==> 1
164:LVR:0:NEG:org.apache.tools.tar.TarUtils@getOctalBytes(long,byte[],int,int):141:0 |==> -1
165:ROR:>=(int,int):==(int,int):org.apache.tools.tar.TarUtils@getOctalBytes(long,byte[],int,int):141:idx >= 0 |==> idx == 0
166:ROR:>=(int,int):>(int,int):org.apache.tools.tar.TarUtils@getOctalBytes(long,byte[],int,int):141:idx >= 0 |==> idx > 0
167:ROR:>=(int,int):TRUE(int,int):org.apache.tools.tar.TarUtils@getOctalBytes(long,byte[],int,int):141:idx >= 0 |==> true
168:AOR:+(int,int):%(int,int):org.apache.tools.tar.TarUtils@getOctalBytes(long,byte[],int,int):142:offset + idx |==> offset % idx
169:AOR:+(int,int):*(int,int):org.apache.tools.tar.TarUtils@getOctalBytes(long,byte[],int,int):142:offset + idx |==> offset * idx
170:AOR:+(int,int):-(int,int):org.apache.tools.tar.TarUtils@getOctalBytes(long,byte[],int,int):142:offset + idx |==> offset - idx
171:AOR:+(int,int):/(int,int):org.apache.tools.tar.TarUtils@getOctalBytes(long,byte[],int,int):142:offset + idx |==> offset / idx
172:STD:<ASSIGN>:<NO-OP>:org.apache.tools.tar.TarUtils@getOctalBytes(long,byte[],int,int):142:buf[offset + idx] = (byte)' ' |==> <NO-OP>
173:AOR:+(int,int):%(int,int):org.apache.tools.tar.TarUtils@getOctalBytes(long,byte[],int,int):145:offset + length |==> offset % length
174:AOR:+(int,int):*(int,int):org.apache.tools.tar.TarUtils@getOctalBytes(long,byte[],int,int):145:offset + length |==> offset * length
175:AOR:+(int,int):-(int,int):org.apache.tools.tar.TarUtils@getOctalBytes(long,byte[],int,int):145:offset + length |==> offset - length
176:AOR:+(int,int):/(int,int):org.apache.tools.tar.TarUtils@getOctalBytes(long,byte[],int,int):145:offset + length |==> offset / length
177:LVR:POS:0:org.apache.tools.tar.TarUtils@getLongOctalBytes(long,byte[],int,int):158:1 |==> 0
178:LVR:POS:NEG:org.apache.tools.tar.TarUtils@getLongOctalBytes(long,byte[],int,int):158:1 |==> -1
179:AOR:+(int,int):%(int,int):org.apache.tools.tar.TarUtils@getLongOctalBytes(long,byte[],int,int):158:length + 1 |==> length % 1
180:AOR:+(int,int):*(int,int):org.apache.tools.tar.TarUtils@getLongOctalBytes(long,byte[],int,int):158:length + 1 |==> length * 1
181:AOR:+(int,int):-(int,int):org.apache.tools.tar.TarUtils@getLongOctalBytes(long,byte[],int,int):158:length + 1 |==> length - 1
182:AOR:+(int,int):/(int,int):org.apache.tools.tar.TarUtils@getLongOctalBytes(long,byte[],int,int):158:length + 1 |==> length / 1
183:LVR:0:POS:org.apache.tools.tar.TarUtils@getLongOctalBytes(long,byte[],int,int):160:0 |==> 1
184:LVR:0:NEG:org.apache.tools.tar.TarUtils@getLongOctalBytes(long,byte[],int,int):160:0 |==> -1
185:LVR:POS:0:org.apache.tools.tar.TarUtils@getLongOctalBytes(long,byte[],int,int):160:1 |==> 0
186:LVR:POS:NEG:org.apache.tools.tar.TarUtils@getLongOctalBytes(long,byte[],int,int):160:1 |==> -1
187:AOR:+(int,int):%(int,int):org.apache.tools.tar.TarUtils@getLongOctalBytes(long,byte[],int,int):160:length + 1 |==> length % 1
188:AOR:+(int,int):*(int,int):org.apache.tools.tar.TarUtils@getLongOctalBytes(long,byte[],int,int):160:length + 1 |==> length * 1
189:AOR:+(int,int):-(int,int):org.apache.tools.tar.TarUtils@getLongOctalBytes(long,byte[],int,int):160:length + 1 |==> length - 1
190:AOR:+(int,int):/(int,int):org.apache.tools.tar.TarUtils@getLongOctalBytes(long,byte[],int,int):160:length + 1 |==> length / 1
191:STD:<CALL>:<NO-OP>:org.apache.tools.tar.TarUtils@getLongOctalBytes(long,byte[],int,int):160:getOctalBytes(value, temp, 0, length + 1) |==> <NO-OP>
192:LVR:0:POS:org.apache.tools.tar.TarUtils@getLongOctalBytes(long,byte[],int,int):161:0 |==> 1
193:LVR:0:NEG:org.apache.tools.tar.TarUtils@getLongOctalBytes(long,byte[],int,int):161:0 |==> -1
194:STD:<CALL>:<NO-OP>:org.apache.tools.tar.TarUtils@getLongOctalBytes(long,byte[],int,int):161:System.arraycopy(temp, 0, buf, offset, length) |==> <NO-OP>
195:AOR:+(int,int):%(int,int):org.apache.tools.tar.TarUtils@getLongOctalBytes(long,byte[],int,int):163:offset + length |==> offset % length
196:AOR:+(int,int):*(int,int):org.apache.tools.tar.TarUtils@getLongOctalBytes(long,byte[],int,int):163:offset + length |==> offset * length
197:AOR:+(int,int):-(int,int):org.apache.tools.tar.TarUtils@getLongOctalBytes(long,byte[],int,int):163:offset + length |==> offset - length
198:AOR:+(int,int):/(int,int):org.apache.tools.tar.TarUtils@getLongOctalBytes(long,byte[],int,int):163:offset + length |==> offset / length
199:STD:<CALL>:<NO-OP>:org.apache.tools.tar.TarUtils@getCheckSumOctalBytes(long,byte[],int,int):176:getOctalBytes(value, buf, offset, length) |==> <NO-OP>
200:AOR:+(int,int):%(int,int):org.apache.tools.tar.TarUtils@getCheckSumOctalBytes(long,byte[],int,int):178:offset + length |==> offset % length
201:AOR:+(int,int):*(int,int):org.apache.tools.tar.TarUtils@getCheckSumOctalBytes(long,byte[],int,int):178:offset + length |==> offset * length
202:AOR:+(int,int):-(int,int):org.apache.tools.tar.TarUtils@getCheckSumOctalBytes(long,byte[],int,int):178:offset + length |==> offset - length
203:AOR:+(int,int):/(int,int):org.apache.tools.tar.TarUtils@getCheckSumOctalBytes(long,byte[],int,int):178:offset + length |==> offset / length
204:LVR:POS:0:org.apache.tools.tar.TarUtils@getCheckSumOctalBytes(long,byte[],int,int):178:1 |==> 0
205:LVR:POS:NEG:org.apache.tools.tar.TarUtils@getCheckSumOctalBytes(long,byte[],int,int):178:1 |==> -1
206:AOR:-(int,int):%(int,int):org.apache.tools.tar.TarUtils@getCheckSumOctalBytes(long,byte[],int,int):178:offset + length - 1 |==> (offset + length) % 1
207:AOR:-(int,int):*(int,int):org.apache.tools.tar.TarUtils@getCheckSumOctalBytes(long,byte[],int,int):178:offset + length - 1 |==> (offset + length) * 1
208:AOR:-(int,int):+(int,int):org.apache.tools.tar.TarUtils@getCheckSumOctalBytes(long,byte[],int,int):178:offset + length - 1 |==> offset + length + 1
209:AOR:-(int,int):/(int,int):org.apache.tools.tar.TarUtils@getCheckSumOctalBytes(long,byte[],int,int):178:offset + length - 1 |==> (offset + length) / 1
210:STD:<ASSIGN>:<NO-OP>:org.apache.tools.tar.TarUtils@getCheckSumOctalBytes(long,byte[],int,int):178:buf[offset + length - 1] = (byte)' ' |==> <NO-OP>
211:AOR:+(int,int):%(int,int):org.apache.tools.tar.TarUtils@getCheckSumOctalBytes(long,byte[],int,int):179:offset + length |==> offset % length
212:AOR:+(int,int):*(int,int):org.apache.tools.tar.TarUtils@getCheckSumOctalBytes(long,byte[],int,int):179:offset + length |==> offset * length
213:AOR:+(int,int):-(int,int):org.apache.tools.tar.TarUtils@getCheckSumOctalBytes(long,byte[],int,int):179:offset + length |==> offset - length
214:AOR:+(int,int):/(int,int):org.apache.tools.tar.TarUtils@getCheckSumOctalBytes(long,byte[],int,int):179:offset + length |==> offset / length
215:LVR:POS:0:org.apache.tools.tar.TarUtils@getCheckSumOctalBytes(long,byte[],int,int):179:2 |==> 0
216:LVR:POS:NEG:org.apache.tools.tar.TarUtils@getCheckSumOctalBytes(long,byte[],int,int):179:2 |==> -2
217:AOR:-(int,int):%(int,int):org.apache.tools.tar.TarUtils@getCheckSumOctalBytes(long,byte[],int,int):179:offset + length - 2 |==> (offset + length) % 2
218:AOR:-(int,int):*(int,int):org.apache.tools.tar.TarUtils@getCheckSumOctalBytes(long,byte[],int,int):179:offset + length - 2 |==> (offset + length) * 2
219:AOR:-(int,int):+(int,int):org.apache.tools.tar.TarUtils@getCheckSumOctalBytes(long,byte[],int,int):179:offset + length - 2 |==> offset + length + 2
220:AOR:-(int,int):/(int,int):org.apache.tools.tar.TarUtils@getCheckSumOctalBytes(long,byte[],int,int):179:offset + length - 2 |==> (offset + length) / 2
221:LVR:0:POS:org.apache.tools.tar.TarUtils@getCheckSumOctalBytes(long,byte[],int,int):179:0 |==> 1
222:LVR:0:NEG:org.apache.tools.tar.TarUtils@getCheckSumOctalBytes(long,byte[],int,int):179:0 |==> -1
223:STD:<ASSIGN>:<NO-OP>:org.apache.tools.tar.TarUtils@getCheckSumOctalBytes(long,byte[],int,int):179:buf[offset + length - 2] = 0 |==> <NO-OP>
224:AOR:+(int,int):%(int,int):org.apache.tools.tar.TarUtils@getCheckSumOctalBytes(long,byte[],int,int):181:offset + length |==> offset % length
225:AOR:+(int,int):*(int,int):org.apache.tools.tar.TarUtils@getCheckSumOctalBytes(long,byte[],int,int):181:offset + length |==> offset * length
226:AOR:+(int,int):-(int,int):org.apache.tools.tar.TarUtils@getCheckSumOctalBytes(long,byte[],int,int):181:offset + length |==> offset - length
227:AOR:+(int,int):/(int,int):org.apache.tools.tar.TarUtils@getCheckSumOctalBytes(long,byte[],int,int):181:offset + length |==> offset / length
228:LVR:0:POS:org.apache.tools.tar.TarUtils@computeCheckSum(byte[]):191:0 |==> 1
229:LVR:0:NEG:org.apache.tools.tar.TarUtils@computeCheckSum(byte[]):191:0 |==> -1
230:LVR:0:POS:org.apache.tools.tar.TarUtils@computeCheckSum(byte[]):193:0 |==> 1
231:LVR:0:NEG:org.apache.tools.tar.TarUtils@computeCheckSum(byte[]):193:0 |==> -1
232:ROR:<(int,int):!=(int,int):org.apache.tools.tar.TarUtils@computeCheckSum(byte[]):193:i < buf.length |==> i != buf.length
233:ROR:<(int,int):<=(int,int):org.apache.tools.tar.TarUtils@computeCheckSum(byte[]):193:i < buf.length |==> i <= buf.length
234:ROR:<(int,int):FALSE(int,int):org.apache.tools.tar.TarUtils@computeCheckSum(byte[]):193:i < buf.length |==> false
235:LVR:POS:0:org.apache.tools.tar.TarUtils@computeCheckSum(byte[]):194:255 |==> 0
236:LVR:POS:NEG:org.apache.tools.tar.TarUtils@computeCheckSum(byte[]):194:255 |==> -255
237:LOR:&(int,int):^(int,int):org.apache.tools.tar.TarUtils@computeCheckSum(byte[]):194:255 & buf[i] |==> 255 ^ buf[i]
238:LOR:&(int,int):|(int,int):org.apache.tools.tar.TarUtils@computeCheckSum(byte[]):194:255 & buf[i] |==> 255 | buf[i]
239:STD:<ASSIGN>:<NO-OP>:org.apache.tools.tar.TarUtils@computeCheckSum(byte[]):194:sum += 255 & buf[i] |==> <NO-OP>
240:EVR:<IDENTIFIER(long)>:<DEFAULT>:org.apache.tools.tar.TarUtils@computeCheckSum(byte[]):197:sum |==> 0L
