1:EVR:<NEW_CLASS(org.apache.tools.ant.taskdefs.optional.junit.DOMUtil.NodeListImpl)>:<DEFAULT>:org.apache.tools.ant.taskdefs.optional.junit.DOMUtil@listChildNodes(org.w3c.dom.Node,org.apache.tools.ant.taskdefs.optional.junit.DOMUtil.NodeFilter,boolean):66:new NodeListImpl() |==> null
2:EVR:<METHOD_INVOCATION(org.w3c.dom.NodeList)>:<DEFAULT>:org.apache.tools.ant.taskdefs.optional.junit.DOMUtil@listChildNodes(org.w3c.dom.Node,org.apache.tools.ant.taskdefs.optional.junit.DOMUtil.NodeFilter,boolean):67:parent.getChildNodes() |==> null
3:ROR:!=(java.lang.Object,java.lang.Object):TRUE(java.lang.Object,java.lang.Object):org.apache.tools.ant.taskdefs.optional.junit.DOMUtil@listChildNodes(org.w3c.dom.Node,org.apache.tools.ant.taskdefs.optional.junit.DOMUtil.NodeFilter,boolean):68:children != null |==> true
4:EVR:<METHOD_INVOCATION(int)>:<DEFAULT>:org.apache.tools.ant.taskdefs.optional.junit.DOMUtil@listChildNodes(org.w3c.dom.Node,org.apache.tools.ant.taskdefs.optional.junit.DOMUtil.NodeFilter,boolean):69:children.getLength() |==> 0
5:LVR:0:POS:org.apache.tools.ant.taskdefs.optional.junit.DOMUtil@listChildNodes(org.w3c.dom.Node,org.apache.tools.ant.taskdefs.optional.junit.DOMUtil.NodeFilter,boolean):70:0 |==> 1
6:LVR:0:NEG:org.apache.tools.ant.taskdefs.optional.junit.DOMUtil@listChildNodes(org.w3c.dom.Node,org.apache.tools.ant.taskdefs.optional.junit.DOMUtil.NodeFilter,boolean):70:0 |==> -1
7:ROR:<(int,int):!=(int,int):org.apache.tools.ant.taskdefs.optional.junit.DOMUtil@listChildNodes(org.w3c.dom.Node,org.apache.tools.ant.taskdefs.optional.junit.DOMUtil.NodeFilter,boolean):70:i < len |==> i != len
8:ROR:<(int,int):<=(int,int):org.apache.tools.ant.taskdefs.optional.junit.DOMUtil@listChildNodes(org.w3c.dom.Node,org.apache.tools.ant.taskdefs.optional.junit.DOMUtil.NodeFilter,boolean):70:i < len |==> i <= len
9:ROR:<(int,int):FALSE(int,int):org.apache.tools.ant.taskdefs.optional.junit.DOMUtil@listChildNodes(org.w3c.dom.Node,org.apache.tools.ant.taskdefs.optional.junit.DOMUtil.NodeFilter,boolean):70:i < len |==> false
10:EVR:<METHOD_INVOCATION(org.w3c.dom.Node)>:<DEFAULT>:org.apache.tools.ant.taskdefs.optional.junit.DOMUtil@listChildNodes(org.w3c.dom.Node,org.apache.tools.ant.taskdefs.optional.junit.DOMUtil.NodeFilter,boolean):71:children.item(i) |==> null
11:COR:filter.accept(child):TRUE:org.apache.tools.ant.taskdefs.optional.junit.DOMUtil@listChildNodes(org.w3c.dom.Node,org.apache.tools.ant.taskdefs.optional.junit.DOMUtil.NodeFilter,boolean):72:filter.accept(child) |==> false
12:COR:filter.accept(child):FALSE:org.apache.tools.ant.taskdefs.optional.junit.DOMUtil@listChildNodes(org.w3c.dom.Node,org.apache.tools.ant.taskdefs.optional.junit.DOMUtil.NodeFilter,boolean):72:filter.accept(child) |==> true
13:STD:<CALL>:<NO-OP>:org.apache.tools.ant.taskdefs.optional.junit.DOMUtil@listChildNodes(org.w3c.dom.Node,org.apache.tools.ant.taskdefs.optional.junit.DOMUtil.NodeFilter,boolean):73:matches.addElement(child) |==> <NO-OP>
14:COR:recurse:TRUE:org.apache.tools.ant.taskdefs.optional.junit.DOMUtil@listChildNodes(org.w3c.dom.Node,org.apache.tools.ant.taskdefs.optional.junit.DOMUtil.NodeFilter,boolean):75:recurse |==> false
15:COR:recurse:FALSE:org.apache.tools.ant.taskdefs.optional.junit.DOMUtil@listChildNodes(org.w3c.dom.Node,org.apache.tools.ant.taskdefs.optional.junit.DOMUtil.NodeFilter,boolean):75:recurse |==> true
16:EVR:<METHOD_INVOCATION(org.w3c.dom.NodeList)>:<DEFAULT>:org.apache.tools.ant.taskdefs.optional.junit.DOMUtil@listChildNodes(org.w3c.dom.Node,org.apache.tools.ant.taskdefs.optional.junit.DOMUtil.NodeFilter,boolean):76:listChildNodes(child, filter, recurse) |==> null
17:EVR:<METHOD_INVOCATION(int)>:<DEFAULT>:org.apache.tools.ant.taskdefs.optional.junit.DOMUtil@listChildNodes(org.w3c.dom.Node,org.apache.tools.ant.taskdefs.optional.junit.DOMUtil.NodeFilter,boolean):77:recmatches.getLength() |==> 0
18:LVR:0:POS:org.apache.tools.ant.taskdefs.optional.junit.DOMUtil@listChildNodes(org.w3c.dom.Node,org.apache.tools.ant.taskdefs.optional.junit.DOMUtil.NodeFilter,boolean):78:0 |==> 1
19:LVR:0:NEG:org.apache.tools.ant.taskdefs.optional.junit.DOMUtil@listChildNodes(org.w3c.dom.Node,org.apache.tools.ant.taskdefs.optional.junit.DOMUtil.NodeFilter,boolean):78:0 |==> -1
20:ROR:<(int,int):!=(int,int):org.apache.tools.ant.taskdefs.optional.junit.DOMUtil@listChildNodes(org.w3c.dom.Node,org.apache.tools.ant.taskdefs.optional.junit.DOMUtil.NodeFilter,boolean):78:j < reclength |==> j != reclength
21:ROR:<(int,int):<=(int,int):org.apache.tools.ant.taskdefs.optional.junit.DOMUtil@listChildNodes(org.w3c.dom.Node,org.apache.tools.ant.taskdefs.optional.junit.DOMUtil.NodeFilter,boolean):78:j < reclength |==> j <= reclength
22:ROR:<(int,int):FALSE(int,int):org.apache.tools.ant.taskdefs.optional.junit.DOMUtil@listChildNodes(org.w3c.dom.Node,org.apache.tools.ant.taskdefs.optional.junit.DOMUtil.NodeFilter,boolean):78:j < reclength |==> false
23:STD:<CALL>:<NO-OP>:org.apache.tools.ant.taskdefs.optional.junit.DOMUtil@listChildNodes(org.w3c.dom.Node,org.apache.tools.ant.taskdefs.optional.junit.DOMUtil.NodeFilter,boolean):79:matches.addElement(recmatches.item(i)) |==> <NO-OP>
24:EVR:<IDENTIFIER(org.apache.tools.ant.taskdefs.optional.junit.DOMUtil.NodeListImpl)>:<DEFAULT>:org.apache.tools.ant.taskdefs.optional.junit.DOMUtil@listChildNodes(org.w3c.dom.Node,org.apache.tools.ant.taskdefs.optional.junit.DOMUtil.NodeFilter,boolean):84:matches |==> null
25:EVR:<METHOD_INVOCATION(int)>:<DEFAULT>:org.apache.tools.ant.taskdefs.optional.junit.DOMUtil$NodeListImpl@getLength():94:size() |==> 0
26:EVR:<TYPE_CAST(org.w3c.dom.Node)>:<DEFAULT>:org.apache.tools.ant.taskdefs.optional.junit.DOMUtil$NodeListImpl@item(int):103:(Node)elementAt(i) |==> null
27:EVR:<TYPE_CAST(org.w3c.dom.Element)>:<DEFAULT>:org.apache.tools.ant.taskdefs.optional.junit.DOMUtil@getNodeAttribute(org.w3c.dom.Node,java.lang.String):119:(Element)node |==> null
28:STD:<RETURN>:<NO-OP>:org.apache.tools.ant.taskdefs.optional.junit.DOMUtil@getNodeAttribute(org.w3c.dom.Node,java.lang.String):120:return element.getAttribute(name); |==> <NO-OP>
29:ROR:==(java.lang.Object,java.lang.Object):FALSE(java.lang.Object,java.lang.Object):org.apache.tools.ant.taskdefs.optional.junit.DOMUtil@getChildByTagName(org.w3c.dom.Node,java.lang.String):136:parent == null |==> false
30:STD:<RETURN>:<NO-OP>:org.apache.tools.ant.taskdefs.optional.junit.DOMUtil@getChildByTagName(org.w3c.dom.Node,java.lang.String):137:return null; |==> <NO-OP>
31:EVR:<METHOD_INVOCATION(org.w3c.dom.NodeList)>:<DEFAULT>:org.apache.tools.ant.taskdefs.optional.junit.DOMUtil@getChildByTagName(org.w3c.dom.Node,java.lang.String):139:parent.getChildNodes() |==> null
32:EVR:<METHOD_INVOCATION(int)>:<DEFAULT>:org.apache.tools.ant.taskdefs.optional.junit.DOMUtil@getChildByTagName(org.w3c.dom.Node,java.lang.String):140:childList.getLength() |==> 0
33:LVR:0:POS:org.apache.tools.ant.taskdefs.optional.junit.DOMUtil@getChildByTagName(org.w3c.dom.Node,java.lang.String):141:0 |==> 1
34:LVR:0:NEG:org.apache.tools.ant.taskdefs.optional.junit.DOMUtil@getChildByTagName(org.w3c.dom.Node,java.lang.String):141:0 |==> -1
35:ROR:<(int,int):!=(int,int):org.apache.tools.ant.taskdefs.optional.junit.DOMUtil@getChildByTagName(org.w3c.dom.Node,java.lang.String):141:i < len |==> i != len
36:ROR:<(int,int):<=(int,int):org.apache.tools.ant.taskdefs.optional.junit.DOMUtil@getChildByTagName(org.w3c.dom.Node,java.lang.String):141:i < len |==> i <= len
37:ROR:<(int,int):FALSE(int,int):org.apache.tools.ant.taskdefs.optional.junit.DOMUtil@getChildByTagName(org.w3c.dom.Node,java.lang.String):141:i < len |==> false
38:EVR:<METHOD_INVOCATION(org.w3c.dom.Node)>:<DEFAULT>:org.apache.tools.ant.taskdefs.optional.junit.DOMUtil@getChildByTagName(org.w3c.dom.Node,java.lang.String):142:childList.item(i) |==> null
39:ROR:!=(java.lang.Object,java.lang.Object):TRUE(java.lang.Object,java.lang.Object):org.apache.tools.ant.taskdefs.optional.junit.DOMUtil@getChildByTagName(org.w3c.dom.Node,java.lang.String):143:child != null |==> true
40:ROR:==(int,int):<=(int,int):org.apache.tools.ant.taskdefs.optional.junit.DOMUtil@getChildByTagName(org.w3c.dom.Node,java.lang.String):143:child.getNodeType() == Node.ELEMENT_NODE |==> child.getNodeType() <= Node.ELEMENT_NODE
41:ROR:==(int,int):>=(int,int):org.apache.tools.ant.taskdefs.optional.junit.DOMUtil@getChildByTagName(org.w3c.dom.Node,java.lang.String):143:child.getNodeType() == Node.ELEMENT_NODE |==> child.getNodeType() >= Node.ELEMENT_NODE
42:ROR:==(int,int):FALSE(int,int):org.apache.tools.ant.taskdefs.optional.junit.DOMUtil@getChildByTagName(org.w3c.dom.Node,java.lang.String):143:child.getNodeType() == Node.ELEMENT_NODE |==> false
43:COR:&&(boolean,boolean):==(boolean,boolean):org.apache.tools.ant.taskdefs.optional.junit.DOMUtil@getChildByTagName(org.w3c.dom.Node,java.lang.String):143:child != null && child.getNodeType() == Node.ELEMENT_NODE |==> child != null == (child.getNodeType() == Node.ELEMENT_NODE)
44:COR:&&(boolean,boolean):FALSE(boolean,boolean):org.apache.tools.ant.taskdefs.optional.junit.DOMUtil@getChildByTagName(org.w3c.dom.Node,java.lang.String):143:child != null && child.getNodeType() == Node.ELEMENT_NODE |==> false
45:COR:&&(boolean,boolean):LHS(boolean,boolean):org.apache.tools.ant.taskdefs.optional.junit.DOMUtil@getChildByTagName(org.w3c.dom.Node,java.lang.String):143:child != null && child.getNodeType() == Node.ELEMENT_NODE |==> child != null
46:COR:&&(boolean,boolean):RHS(boolean,boolean):org.apache.tools.ant.taskdefs.optional.junit.DOMUtil@getChildByTagName(org.w3c.dom.Node,java.lang.String):143:child != null && child.getNodeType() == Node.ELEMENT_NODE |==> child.getNodeType() == Node.ELEMENT_NODE
47:COR:&&(boolean,boolean):==(boolean,boolean):org.apache.tools.ant.taskdefs.optional.junit.DOMUtil@getChildByTagName(org.w3c.dom.Node,java.lang.String):143:child != null && child.getNodeType() == Node.ELEMENT_NODE && child.getNodeName().equals(tagname) |==> (child != null && child.getNodeType() == Node.ELEMENT_NODE) == child.getNodeName().equals(tagname)
48:COR:&&(boolean,boolean):FALSE(boolean,boolean):org.apache.tools.ant.taskdefs.optional.junit.DOMUtil@getChildByTagName(org.w3c.dom.Node,java.lang.String):144:child != null && child.getNodeType() == Node.ELEMENT_NODE && child.getNodeName().equals(tagname) |==> false
49:COR:&&(boolean,boolean):LHS(boolean,boolean):org.apache.tools.ant.taskdefs.optional.junit.DOMUtil@getChildByTagName(org.w3c.dom.Node,java.lang.String):143:child != null && child.getNodeType() == Node.ELEMENT_NODE && child.getNodeName().equals(tagname) |==> child != null && child.getNodeType() == Node.ELEMENT_NODE
50:COR:&&(boolean,boolean):RHS(boolean,boolean):org.apache.tools.ant.taskdefs.optional.junit.DOMUtil@getChildByTagName(org.w3c.dom.Node,java.lang.String):144:child != null && child.getNodeType() == Node.ELEMENT_NODE && child.getNodeName().equals(tagname) |==> child.getNodeName().equals(tagname)
51:STD:<RETURN>:<NO-OP>:org.apache.tools.ant.taskdefs.optional.junit.DOMUtil@getChildByTagName(org.w3c.dom.Node,java.lang.String):145:return (Element)child; |==> <NO-OP>
52:EVR:<METHOD_INVOCATION(org.w3c.dom.Document)>:<DEFAULT>:org.apache.tools.ant.taskdefs.optional.junit.DOMUtil@importNode(org.w3c.dom.Node,org.w3c.dom.Node):165:parent.getOwnerDocument() |==> null
53:STD:<ASSIGN>:<NO-OP>:org.apache.tools.ant.taskdefs.optional.junit.DOMUtil@importNode(org.w3c.dom.Node,org.w3c.dom.Node):169:copy = doc.createCDATASection(((CDATASection)child).getData()) |==> <NO-OP>
54:STD:<BREAK>:<NO-OP>:org.apache.tools.ant.taskdefs.optional.junit.DOMUtil@importNode(org.w3c.dom.Node,org.w3c.dom.Node):170:break; |==> <NO-OP>
55:STD:<ASSIGN>:<NO-OP>:org.apache.tools.ant.taskdefs.optional.junit.DOMUtil@importNode(org.w3c.dom.Node,org.w3c.dom.Node):172:copy = doc.createComment(((Comment)child).getData()) |==> <NO-OP>
56:STD:<BREAK>:<NO-OP>:org.apache.tools.ant.taskdefs.optional.junit.DOMUtil@importNode(org.w3c.dom.Node,org.w3c.dom.Node):173:break; |==> <NO-OP>
57:STD:<ASSIGN>:<NO-OP>:org.apache.tools.ant.taskdefs.optional.junit.DOMUtil@importNode(org.w3c.dom.Node,org.w3c.dom.Node):175:copy = doc.createDocumentFragment() |==> <NO-OP>
58:STD:<BREAK>:<NO-OP>:org.apache.tools.ant.taskdefs.optional.junit.DOMUtil@importNode(org.w3c.dom.Node,org.w3c.dom.Node):176:break; |==> <NO-OP>
59:EVR:<METHOD_INVOCATION(org.w3c.dom.Element)>:<DEFAULT>:org.apache.tools.ant.taskdefs.optional.junit.DOMUtil@importNode(org.w3c.dom.Node,org.w3c.dom.Node):178:doc.createElement(((Element)child).getTagName()) |==> null
60:STD:<ASSIGN>:<NO-OP>:org.apache.tools.ant.taskdefs.optional.junit.DOMUtil@importNode(org.w3c.dom.Node,org.w3c.dom.Node):179:copy = elem |==> <NO-OP>
61:EVR:<METHOD_INVOCATION(org.w3c.dom.NamedNodeMap)>:<DEFAULT>:org.apache.tools.ant.taskdefs.optional.junit.DOMUtil@importNode(org.w3c.dom.Node,org.w3c.dom.Node):180:child.getAttributes() |==> null
62:ROR:!=(java.lang.Object,java.lang.Object):TRUE(java.lang.Object,java.lang.Object):org.apache.tools.ant.taskdefs.optional.junit.DOMUtil@importNode(org.w3c.dom.Node,org.w3c.dom.Node):181:attributes != null |==> true
63:EVR:<METHOD_INVOCATION(int)>:<DEFAULT>:org.apache.tools.ant.taskdefs.optional.junit.DOMUtil@importNode(org.w3c.dom.Node,org.w3c.dom.Node):182:attributes.getLength() |==> 0
64:LVR:0:POS:org.apache.tools.ant.taskdefs.optional.junit.DOMUtil@importNode(org.w3c.dom.Node,org.w3c.dom.Node):183:0 |==> 1
65:LVR:0:NEG:org.apache.tools.ant.taskdefs.optional.junit.DOMUtil@importNode(org.w3c.dom.Node,org.w3c.dom.Node):183:0 |==> -1
66:ROR:<(int,int):!=(int,int):org.apache.tools.ant.taskdefs.optional.junit.DOMUtil@importNode(org.w3c.dom.Node,org.w3c.dom.Node):183:i < size |==> i != size
67:ROR:<(int,int):<=(int,int):org.apache.tools.ant.taskdefs.optional.junit.DOMUtil@importNode(org.w3c.dom.Node,org.w3c.dom.Node):183:i < size |==> i <= size
68:ROR:<(int,int):FALSE(int,int):org.apache.tools.ant.taskdefs.optional.junit.DOMUtil@importNode(org.w3c.dom.Node,org.w3c.dom.Node):183:i < size |==> false
69:EVR:<TYPE_CAST(org.w3c.dom.Attr)>:<DEFAULT>:org.apache.tools.ant.taskdefs.optional.junit.DOMUtil@importNode(org.w3c.dom.Node,org.w3c.dom.Node):184:(Attr)attributes.item(i) |==> null
70:STD:<CALL>:<NO-OP>:org.apache.tools.ant.taskdefs.optional.junit.DOMUtil@importNode(org.w3c.dom.Node,org.w3c.dom.Node):185:elem.setAttribute(attr.getName(), attr.getValue()) |==> <NO-OP>
71:STD:<BREAK>:<NO-OP>:org.apache.tools.ant.taskdefs.optional.junit.DOMUtil@importNode(org.w3c.dom.Node,org.w3c.dom.Node):188:break; |==> <NO-OP>
72:STD:<ASSIGN>:<NO-OP>:org.apache.tools.ant.taskdefs.optional.junit.DOMUtil@importNode(org.w3c.dom.Node,org.w3c.dom.Node):190:copy = doc.createEntityReference(child.getNodeName()) |==> <NO-OP>
73:STD:<BREAK>:<NO-OP>:org.apache.tools.ant.taskdefs.optional.junit.DOMUtil@importNode(org.w3c.dom.Node,org.w3c.dom.Node):191:break; |==> <NO-OP>
74:EVR:<TYPE_CAST(org.w3c.dom.ProcessingInstruction)>:<DEFAULT>:org.apache.tools.ant.taskdefs.optional.junit.DOMUtil@importNode(org.w3c.dom.Node,org.w3c.dom.Node):193:(ProcessingInstruction)child |==> null
75:STD:<ASSIGN>:<NO-OP>:org.apache.tools.ant.taskdefs.optional.junit.DOMUtil@importNode(org.w3c.dom.Node,org.w3c.dom.Node):194:copy = doc.createProcessingInstruction(pi.getTarget(), pi.getData()) |==> <NO-OP>
76:STD:<BREAK>:<NO-OP>:org.apache.tools.ant.taskdefs.optional.junit.DOMUtil@importNode(org.w3c.dom.Node,org.w3c.dom.Node):195:break; |==> <NO-OP>
77:STD:<ASSIGN>:<NO-OP>:org.apache.tools.ant.taskdefs.optional.junit.DOMUtil@importNode(org.w3c.dom.Node,org.w3c.dom.Node):197:copy = doc.createTextNode(((Text)child).getData()) |==> <NO-OP>
78:STD:<BREAK>:<NO-OP>:org.apache.tools.ant.taskdefs.optional.junit.DOMUtil@importNode(org.w3c.dom.Node,org.w3c.dom.Node):198:break; |==> <NO-OP>
79:EVR:<METHOD_INVOCATION(org.w3c.dom.NodeList)>:<DEFAULT>:org.apache.tools.ant.taskdefs.optional.junit.DOMUtil@importNode(org.w3c.dom.Node,org.w3c.dom.Node):207:child.getChildNodes() |==> null
80:ROR:!=(java.lang.Object,java.lang.Object):TRUE(java.lang.Object,java.lang.Object):org.apache.tools.ant.taskdefs.optional.junit.DOMUtil@importNode(org.w3c.dom.Node,org.w3c.dom.Node):208:children != null |==> true
81:EVR:<METHOD_INVOCATION(int)>:<DEFAULT>:org.apache.tools.ant.taskdefs.optional.junit.DOMUtil@importNode(org.w3c.dom.Node,org.w3c.dom.Node):209:children.getLength() |==> 0
82:LVR:0:POS:org.apache.tools.ant.taskdefs.optional.junit.DOMUtil@importNode(org.w3c.dom.Node,org.w3c.dom.Node):210:0 |==> 1
83:LVR:0:NEG:org.apache.tools.ant.taskdefs.optional.junit.DOMUtil@importNode(org.w3c.dom.Node,org.w3c.dom.Node):210:0 |==> -1
84:ROR:<(int,int):!=(int,int):org.apache.tools.ant.taskdefs.optional.junit.DOMUtil@importNode(org.w3c.dom.Node,org.w3c.dom.Node):210:i < size |==> i != size
85:ROR:<(int,int):<=(int,int):org.apache.tools.ant.taskdefs.optional.junit.DOMUtil@importNode(org.w3c.dom.Node,org.w3c.dom.Node):210:i < size |==> i <= size
86:ROR:<(int,int):FALSE(int,int):org.apache.tools.ant.taskdefs.optional.junit.DOMUtil@importNode(org.w3c.dom.Node,org.w3c.dom.Node):210:i < size |==> false
87:EVR:<METHOD_INVOCATION(org.w3c.dom.Node)>:<DEFAULT>:org.apache.tools.ant.taskdefs.optional.junit.DOMUtil@importNode(org.w3c.dom.Node,org.w3c.dom.Node):211:children.item(i) |==> null
88:ROR:!=(java.lang.Object,java.lang.Object):TRUE(java.lang.Object,java.lang.Object):org.apache.tools.ant.taskdefs.optional.junit.DOMUtil@importNode(org.w3c.dom.Node,org.w3c.dom.Node):212:newChild != null |==> true
89:STD:<CALL>:<NO-OP>:org.apache.tools.ant.taskdefs.optional.junit.DOMUtil@importNode(org.w3c.dom.Node,org.w3c.dom.Node):213:importNode(copy, newChild) |==> <NO-OP>
90:STD:<CALL>:<NO-OP>:org.apache.tools.ant.taskdefs.optional.junit.DOMUtil@importNode(org.w3c.dom.Node,org.w3c.dom.Node):222:parent.appendChild(copy) |==> <NO-OP>
91:EVR:<IDENTIFIER(org.w3c.dom.Node)>:<DEFAULT>:org.apache.tools.ant.taskdefs.optional.junit.DOMUtil@importNode(org.w3c.dom.Node,org.w3c.dom.Node):223:copy |==> null
