1:LVR:0:POS:org.apache.tools.bzip2.CRC:34:0 |==> 1
2:LVR:0:NEG:org.apache.tools.bzip2.CRC:34:0 |==> -1
3:LVR:POS:0:org.apache.tools.bzip2.CRC:34:79764919 |==> 0
4:LVR:POS:NEG:org.apache.tools.bzip2.CRC:34:79764919 |==> -79764919
5:LVR:POS:0:org.apache.tools.bzip2.CRC:34:159529838 |==> 0
6:LVR:POS:NEG:org.apache.tools.bzip2.CRC:34:159529838 |==> -159529838
7:LVR:POS:0:org.apache.tools.bzip2.CRC:34:222504665 |==> 0
8:LVR:POS:NEG:org.apache.tools.bzip2.CRC:34:222504665 |==> -222504665
9:LVR:POS:0:org.apache.tools.bzip2.CRC:35:319059676 |==> 0
10:LVR:POS:NEG:org.apache.tools.bzip2.CRC:35:319059676 |==> -319059676
11:LVR:POS:0:org.apache.tools.bzip2.CRC:35:398814059 |==> 0
12:LVR:POS:NEG:org.apache.tools.bzip2.CRC:35:398814059 |==> -398814059
13:LVR:POS:0:org.apache.tools.bzip2.CRC:35:445009330 |==> 0
14:LVR:POS:NEG:org.apache.tools.bzip2.CRC:35:445009330 |==> -445009330
15:LVR:POS:0:org.apache.tools.bzip2.CRC:35:507990021 |==> 0
16:LVR:POS:NEG:org.apache.tools.bzip2.CRC:35:507990021 |==> -507990021
17:LVR:POS:0:org.apache.tools.bzip2.CRC:36:638119352 |==> 0
18:LVR:POS:NEG:org.apache.tools.bzip2.CRC:36:638119352 |==> -638119352
19:LVR:POS:0:org.apache.tools.bzip2.CRC:36:583659535 |==> 0
20:LVR:POS:NEG:org.apache.tools.bzip2.CRC:36:583659535 |==> -583659535
21:LVR:POS:0:org.apache.tools.bzip2.CRC:36:797628118 |==> 0
22:LVR:POS:NEG:org.apache.tools.bzip2.CRC:36:797628118 |==> -797628118
23:LVR:POS:0:org.apache.tools.bzip2.CRC:36:726387553 |==> 0
24:LVR:POS:NEG:org.apache.tools.bzip2.CRC:36:726387553 |==> -726387553
25:LVR:POS:0:org.apache.tools.bzip2.CRC:37:890018660 |==> 0
26:LVR:POS:NEG:org.apache.tools.bzip2.CRC:37:890018660 |==> -890018660
27:LVR:POS:0:org.apache.tools.bzip2.CRC:37:835552979 |==> 0
28:LVR:POS:NEG:org.apache.tools.bzip2.CRC:37:835552979 |==> -835552979
29:LVR:POS:0:org.apache.tools.bzip2.CRC:37:1015980042 |==> 0
30:LVR:POS:NEG:org.apache.tools.bzip2.CRC:37:1015980042 |==> -1015980042
31:LVR:POS:0:org.apache.tools.bzip2.CRC:37:944750013 |==> 0
32:LVR:POS:NEG:org.apache.tools.bzip2.CRC:37:944750013 |==> -944750013
33:LVR:POS:0:org.apache.tools.bzip2.CRC:38:1276238704 |==> 0
34:LVR:POS:NEG:org.apache.tools.bzip2.CRC:38:1276238704 |==> -1276238704
35:LVR:POS:0:org.apache.tools.bzip2.CRC:38:1221641927 |==> 0
36:LVR:POS:NEG:org.apache.tools.bzip2.CRC:38:1221641927 |==> -1221641927
37:LVR:POS:0:org.apache.tools.bzip2.CRC:38:1167319070 |==> 0
38:LVR:POS:NEG:org.apache.tools.bzip2.CRC:38:1167319070 |==> -1167319070
39:LVR:POS:0:org.apache.tools.bzip2.CRC:38:1095957929 |==> 0
40:LVR:POS:NEG:org.apache.tools.bzip2.CRC:38:1095957929 |==> -1095957929
41:LVR:POS:0:org.apache.tools.bzip2.CRC:39:1595256236 |==> 0
42:LVR:POS:NEG:org.apache.tools.bzip2.CRC:39:1595256236 |==> -1595256236
43:LVR:POS:0:org.apache.tools.bzip2.CRC:39:1540665371 |==> 0
44:LVR:POS:NEG:org.apache.tools.bzip2.CRC:39:1540665371 |==> -1540665371
45:LVR:POS:0:org.apache.tools.bzip2.CRC:39:1452775106 |==> 0
46:LVR:POS:NEG:org.apache.tools.bzip2.CRC:39:1452775106 |==> -1452775106
47:LVR:POS:0:org.apache.tools.bzip2.CRC:39:1381403509 |==> 0
48:LVR:POS:NEG:org.apache.tools.bzip2.CRC:39:1381403509 |==> -1381403509
49:LVR:POS:0:org.apache.tools.bzip2.CRC:40:1780037320 |==> 0
50:LVR:POS:NEG:org.apache.tools.bzip2.CRC:40:1780037320 |==> -1780037320
51:LVR:POS:0:org.apache.tools.bzip2.CRC:40:1859660671 |==> 0
52:LVR:POS:NEG:org.apache.tools.bzip2.CRC:40:1859660671 |==> -1859660671
53:LVR:POS:0:org.apache.tools.bzip2.CRC:40:1671105958 |==> 0
54:LVR:POS:NEG:org.apache.tools.bzip2.CRC:40:1671105958 |==> -1671105958
55:LVR:POS:0:org.apache.tools.bzip2.CRC:40:1733955601 |==> 0
56:LVR:POS:NEG:org.apache.tools.bzip2.CRC:40:1733955601 |==> -1733955601
57:LVR:POS:0:org.apache.tools.bzip2.CRC:41:2031960084 |==> 0
58:LVR:POS:NEG:org.apache.tools.bzip2.CRC:41:2031960084 |==> -2031960084
59:LVR:POS:0:org.apache.tools.bzip2.CRC:41:2111593891 |==> 0
60:LVR:POS:NEG:org.apache.tools.bzip2.CRC:41:2111593891 |==> -2111593891
61:LVR:POS:0:org.apache.tools.bzip2.CRC:41:1889500026 |==> 0
62:LVR:POS:NEG:org.apache.tools.bzip2.CRC:41:1889500026 |==> -1889500026
63:LVR:POS:0:org.apache.tools.bzip2.CRC:41:1952343757 |==> 0
64:LVR:POS:NEG:org.apache.tools.bzip2.CRC:41:1952343757 |==> -1952343757
65:LVR:NEG:0:org.apache.tools.bzip2.CRC:42:-1742489888 |==> 0
66:LVR:NEG:POS:org.apache.tools.bzip2.CRC:42:-1742489888 |==> 1742489888
67:LVR:NEG:0:org.apache.tools.bzip2.CRC:42:-1662866601 |==> 0
68:LVR:NEG:POS:org.apache.tools.bzip2.CRC:42:-1662866601 |==> 1662866601
69:LVR:NEG:0:org.apache.tools.bzip2.CRC:42:-1851683442 |==> 0
70:LVR:NEG:POS:org.apache.tools.bzip2.CRC:42:-1851683442 |==> 1851683442
71:LVR:NEG:0:org.apache.tools.bzip2.CRC:42:-1788833735 |==> 0
72:LVR:NEG:POS:org.apache.tools.bzip2.CRC:42:-1788833735 |==> 1788833735
73:LVR:NEG:0:org.apache.tools.bzip2.CRC:43:-1960329156 |==> 0
74:LVR:NEG:POS:org.apache.tools.bzip2.CRC:43:-1960329156 |==> 1960329156
75:LVR:NEG:0:org.apache.tools.bzip2.CRC:43:-1880695413 |==> 0
76:LVR:NEG:POS:org.apache.tools.bzip2.CRC:43:-1880695413 |==> 1880695413
77:LVR:NEG:0:org.apache.tools.bzip2.CRC:43:-2103051438 |==> 0
78:LVR:NEG:POS:org.apache.tools.bzip2.CRC:43:-2103051438 |==> 2103051438
79:LVR:NEG:0:org.apache.tools.bzip2.CRC:43:-2040207643 |==> 0
80:LVR:NEG:POS:org.apache.tools.bzip2.CRC:43:-2040207643 |==> 2040207643
81:LVR:NEG:0:org.apache.tools.bzip2.CRC:44:-1104454824 |==> 0
82:LVR:NEG:POS:org.apache.tools.bzip2.CRC:44:-1104454824 |==> 1104454824
83:LVR:NEG:0:org.apache.tools.bzip2.CRC:44:-1159051537 |==> 0
84:LVR:NEG:POS:org.apache.tools.bzip2.CRC:44:-1159051537 |==> 1159051537
85:LVR:NEG:0:org.apache.tools.bzip2.CRC:44:-1213636554 |==> 0
86:LVR:NEG:POS:org.apache.tools.bzip2.CRC:44:-1213636554 |==> 1213636554
87:LVR:NEG:0:org.apache.tools.bzip2.CRC:44:-1284997759 |==> 0
88:LVR:NEG:POS:org.apache.tools.bzip2.CRC:44:-1284997759 |==> 1284997759
89:LVR:NEG:0:org.apache.tools.bzip2.CRC:45:-1389417084 |==> 0
90:LVR:NEG:POS:org.apache.tools.bzip2.CRC:45:-1389417084 |==> 1389417084
91:LVR:NEG:0:org.apache.tools.bzip2.CRC:45:-1444007885 |==> 0
92:LVR:NEG:POS:org.apache.tools.bzip2.CRC:45:-1444007885 |==> 1444007885
93:LVR:NEG:0:org.apache.tools.bzip2.CRC:45:-1532160278 |==> 0
94:LVR:NEG:POS:org.apache.tools.bzip2.CRC:45:-1532160278 |==> 1532160278
95:LVR:NEG:0:org.apache.tools.bzip2.CRC:45:-1603531939 |==> 0
96:LVR:NEG:POS:org.apache.tools.bzip2.CRC:45:-1603531939 |==> 1603531939
97:LVR:NEG:0:org.apache.tools.bzip2.CRC:46:-734892656 |==> 0
98:LVR:NEG:POS:org.apache.tools.bzip2.CRC:46:-734892656 |==> 734892656
99:LVR:NEG:0:org.apache.tools.bzip2.CRC:46:-789352409 |==> 0
100:LVR:NEG:POS:org.apache.tools.bzip2.CRC:46:-789352409 |==> 789352409
101:LVR:NEG:0:org.apache.tools.bzip2.CRC:46:-575645954 |==> 0
102:LVR:NEG:POS:org.apache.tools.bzip2.CRC:46:-575645954 |==> 575645954
103:LVR:NEG:0:org.apache.tools.bzip2.CRC:46:-646886583 |==> 0
104:LVR:NEG:POS:org.apache.tools.bzip2.CRC:46:-646886583 |==> 646886583
105:LVR:NEG:0:org.apache.tools.bzip2.CRC:47:-952755380 |==> 0
106:LVR:NEG:POS:org.apache.tools.bzip2.CRC:47:-952755380 |==> 952755380
107:LVR:NEG:0:org.apache.tools.bzip2.CRC:47:-1007220997 |==> 0
108:LVR:NEG:POS:org.apache.tools.bzip2.CRC:47:-1007220997 |==> 1007220997
109:LVR:NEG:0:org.apache.tools.bzip2.CRC:47:-827056094 |==> 0
110:LVR:NEG:POS:org.apache.tools.bzip2.CRC:47:-827056094 |==> 827056094
111:LVR:NEG:0:org.apache.tools.bzip2.CRC:47:-898286187 |==> 0
112:LVR:NEG:POS:org.apache.tools.bzip2.CRC:47:-898286187 |==> 898286187
113:LVR:NEG:0:org.apache.tools.bzip2.CRC:48:-231047128 |==> 0
114:LVR:NEG:POS:org.apache.tools.bzip2.CRC:48:-231047128 |==> 231047128
115:LVR:NEG:0:org.apache.tools.bzip2.CRC:48:-151282273 |==> 0
116:LVR:NEG:POS:org.apache.tools.bzip2.CRC:48:-151282273 |==> 151282273
117:LVR:NEG:0:org.apache.tools.bzip2.CRC:48:-71779514 |==> 0
118:LVR:NEG:POS:org.apache.tools.bzip2.CRC:48:-71779514 |==> 71779514
119:LVR:NEG:0:org.apache.tools.bzip2.CRC:48:-8804623 |==> 0
120:LVR:NEG:POS:org.apache.tools.bzip2.CRC:48:-8804623 |==> 8804623
121:LVR:NEG:0:org.apache.tools.bzip2.CRC:49:-515967244 |==> 0
122:LVR:NEG:POS:org.apache.tools.bzip2.CRC:49:-515967244 |==> 515967244
123:LVR:NEG:0:org.apache.tools.bzip2.CRC:49:-436212925 |==> 0
124:LVR:NEG:POS:org.apache.tools.bzip2.CRC:49:-436212925 |==> 436212925
125:LVR:NEG:0:org.apache.tools.bzip2.CRC:49:-390279782 |==> 0
126:LVR:NEG:POS:org.apache.tools.bzip2.CRC:49:-390279782 |==> 390279782
127:LVR:NEG:0:org.apache.tools.bzip2.CRC:49:-327299027 |==> 0
128:LVR:NEG:POS:org.apache.tools.bzip2.CRC:49:-327299027 |==> 327299027
129:LVR:POS:0:org.apache.tools.bzip2.CRC:50:881225847 |==> 0
130:LVR:POS:NEG:org.apache.tools.bzip2.CRC:50:881225847 |==> -881225847
131:LVR:POS:0:org.apache.tools.bzip2.CRC:50:809987520 |==> 0
132:LVR:POS:NEG:org.apache.tools.bzip2.CRC:50:809987520 |==> -809987520
133:LVR:POS:0:org.apache.tools.bzip2.CRC:50:1023691545 |==> 0
134:LVR:POS:NEG:org.apache.tools.bzip2.CRC:50:1023691545 |==> -1023691545
135:LVR:POS:0:org.apache.tools.bzip2.CRC:50:969234094 |==> 0
136:LVR:POS:NEG:org.apache.tools.bzip2.CRC:50:969234094 |==> -969234094
137:LVR:POS:0:org.apache.tools.bzip2.CRC:51:662832811 |==> 0
138:LVR:POS:NEG:org.apache.tools.bzip2.CRC:51:662832811 |==> -662832811
139:LVR:POS:0:org.apache.tools.bzip2.CRC:51:591600412 |==> 0
140:LVR:POS:NEG:org.apache.tools.bzip2.CRC:51:591600412 |==> -591600412
141:LVR:POS:0:org.apache.tools.bzip2.CRC:51:771767749 |==> 0
142:LVR:POS:NEG:org.apache.tools.bzip2.CRC:51:771767749 |==> -771767749
143:LVR:POS:0:org.apache.tools.bzip2.CRC:51:717299826 |==> 0
144:LVR:POS:NEG:org.apache.tools.bzip2.CRC:51:717299826 |==> -717299826
145:LVR:POS:0:org.apache.tools.bzip2.CRC:52:311336399 |==> 0
146:LVR:POS:NEG:org.apache.tools.bzip2.CRC:52:311336399 |==> -311336399
147:LVR:POS:0:org.apache.tools.bzip2.CRC:52:374308984 |==> 0
148:LVR:POS:NEG:org.apache.tools.bzip2.CRC:52:374308984 |==> -374308984
149:LVR:POS:0:org.apache.tools.bzip2.CRC:52:453813921 |==> 0
150:LVR:POS:NEG:org.apache.tools.bzip2.CRC:52:453813921 |==> -453813921
151:LVR:POS:0:org.apache.tools.bzip2.CRC:52:533576470 |==> 0
152:LVR:POS:NEG:org.apache.tools.bzip2.CRC:52:533576470 |==> -533576470
153:LVR:POS:0:org.apache.tools.bzip2.CRC:53:25881363 |==> 0
154:LVR:POS:NEG:org.apache.tools.bzip2.CRC:53:25881363 |==> -25881363
155:LVR:POS:0:org.apache.tools.bzip2.CRC:53:88864420 |==> 0
156:LVR:POS:NEG:org.apache.tools.bzip2.CRC:53:88864420 |==> -88864420
157:LVR:POS:0:org.apache.tools.bzip2.CRC:53:134795389 |==> 0
158:LVR:POS:NEG:org.apache.tools.bzip2.CRC:53:134795389 |==> -134795389
159:LVR:POS:0:org.apache.tools.bzip2.CRC:53:214552010 |==> 0
160:LVR:POS:NEG:org.apache.tools.bzip2.CRC:53:214552010 |==> -214552010
161:LVR:POS:0:org.apache.tools.bzip2.CRC:54:2023205639 |==> 0
162:LVR:POS:NEG:org.apache.tools.bzip2.CRC:54:2023205639 |==> -2023205639
163:LVR:POS:0:org.apache.tools.bzip2.CRC:54:2086057648 |==> 0
164:LVR:POS:NEG:org.apache.tools.bzip2.CRC:54:2086057648 |==> -2086057648
165:LVR:POS:0:org.apache.tools.bzip2.CRC:54:1897238633 |==> 0
166:LVR:POS:NEG:org.apache.tools.bzip2.CRC:54:1897238633 |==> -1897238633
167:LVR:POS:0:org.apache.tools.bzip2.CRC:54:1976864222 |==> 0
168:LVR:POS:NEG:org.apache.tools.bzip2.CRC:54:1976864222 |==> -1976864222
169:LVR:POS:0:org.apache.tools.bzip2.CRC:55:1804852699 |==> 0
170:LVR:POS:NEG:org.apache.tools.bzip2.CRC:55:1804852699 |==> -1804852699
171:LVR:POS:0:org.apache.tools.bzip2.CRC:55:1867694188 |==> 0
172:LVR:POS:NEG:org.apache.tools.bzip2.CRC:55:1867694188 |==> -1867694188
173:LVR:POS:0:org.apache.tools.bzip2.CRC:55:1645340341 |==> 0
174:LVR:POS:NEG:org.apache.tools.bzip2.CRC:55:1645340341 |==> -1645340341
175:LVR:POS:0:org.apache.tools.bzip2.CRC:55:1724971778 |==> 0
176:LVR:POS:NEG:org.apache.tools.bzip2.CRC:55:1724971778 |==> -1724971778
177:LVR:POS:0:org.apache.tools.bzip2.CRC:56:1587496639 |==> 0
178:LVR:POS:NEG:org.apache.tools.bzip2.CRC:56:1587496639 |==> -1587496639
179:LVR:POS:0:org.apache.tools.bzip2.CRC:56:1516133128 |==> 0
180:LVR:POS:NEG:org.apache.tools.bzip2.CRC:56:1516133128 |==> -1516133128
181:LVR:POS:0:org.apache.tools.bzip2.CRC:56:1461550545 |==> 0
182:LVR:POS:NEG:org.apache.tools.bzip2.CRC:56:1461550545 |==> -1461550545
183:LVR:POS:0:org.apache.tools.bzip2.CRC:56:1406951526 |==> 0
184:LVR:POS:NEG:org.apache.tools.bzip2.CRC:56:1406951526 |==> -1406951526
185:LVR:POS:0:org.apache.tools.bzip2.CRC:57:1302016099 |==> 0
186:LVR:POS:NEG:org.apache.tools.bzip2.CRC:57:1302016099 |==> -1302016099
187:LVR:POS:0:org.apache.tools.bzip2.CRC:57:1230646740 |==> 0
188:LVR:POS:NEG:org.apache.tools.bzip2.CRC:57:1230646740 |==> -1230646740
189:LVR:POS:0:org.apache.tools.bzip2.CRC:57:1142491917 |==> 0
190:LVR:POS:NEG:org.apache.tools.bzip2.CRC:57:1142491917 |==> -1142491917
191:LVR:POS:0:org.apache.tools.bzip2.CRC:57:1087903418 |==> 0
192:LVR:POS:NEG:org.apache.tools.bzip2.CRC:57:1087903418 |==> -1087903418
193:LVR:NEG:0:org.apache.tools.bzip2.CRC:58:-1398421865 |==> 0
194:LVR:NEG:POS:org.apache.tools.bzip2.CRC:58:-1398421865 |==> 1398421865
195:LVR:NEG:0:org.apache.tools.bzip2.CRC:58:-1469785312 |==> 0
196:LVR:NEG:POS:org.apache.tools.bzip2.CRC:58:-1469785312 |==> 1469785312
197:LVR:NEG:0:org.apache.tools.bzip2.CRC:58:-1524105735 |==> 0
198:LVR:NEG:POS:org.apache.tools.bzip2.CRC:58:-1524105735 |==> 1524105735
199:LVR:NEG:0:org.apache.tools.bzip2.CRC:58:-1578704818 |==> 0
200:LVR:NEG:POS:org.apache.tools.bzip2.CRC:58:-1578704818 |==> 1578704818
201:LVR:NEG:0:org.apache.tools.bzip2.CRC:59:-1079922613 |==> 0
202:LVR:NEG:POS:org.apache.tools.bzip2.CRC:59:-1079922613 |==> 1079922613
203:LVR:NEG:0:org.apache.tools.bzip2.CRC:59:-1151291908 |==> 0
204:LVR:NEG:POS:org.apache.tools.bzip2.CRC:59:-1151291908 |==> 1151291908
205:LVR:NEG:0:org.apache.tools.bzip2.CRC:59:-1239184603 |==> 0
206:LVR:NEG:POS:org.apache.tools.bzip2.CRC:59:-1239184603 |==> 1239184603
207:LVR:NEG:0:org.apache.tools.bzip2.CRC:59:-1293773166 |==> 0
208:LVR:NEG:POS:org.apache.tools.bzip2.CRC:59:-1293773166 |==> 1293773166
209:LVR:NEG:0:org.apache.tools.bzip2.CRC:60:-1968362705 |==> 0
210:LVR:NEG:POS:org.apache.tools.bzip2.CRC:60:-1968362705 |==> 1968362705
211:LVR:NEG:0:org.apache.tools.bzip2.CRC:60:-1905510760 |==> 0
212:LVR:NEG:POS:org.apache.tools.bzip2.CRC:60:-1905510760 |==> 1905510760
213:LVR:NEG:0:org.apache.tools.bzip2.CRC:60:-2094067647 |==> 0
214:LVR:NEG:POS:org.apache.tools.bzip2.CRC:60:-2094067647 |==> 2094067647
215:LVR:NEG:0:org.apache.tools.bzip2.CRC:60:-2014441994 |==> 0
216:LVR:NEG:POS:org.apache.tools.bzip2.CRC:60:-2014441994 |==> 2014441994
217:LVR:NEG:0:org.apache.tools.bzip2.CRC:61:-1716953613 |==> 0
218:LVR:NEG:POS:org.apache.tools.bzip2.CRC:61:-1716953613 |==> 1716953613
219:LVR:NEG:0:org.apache.tools.bzip2.CRC:61:-1654112188 |==> 0
220:LVR:NEG:POS:org.apache.tools.bzip2.CRC:61:-1654112188 |==> 1654112188
221:LVR:NEG:0:org.apache.tools.bzip2.CRC:61:-1876203875 |==> 0
222:LVR:NEG:POS:org.apache.tools.bzip2.CRC:61:-1876203875 |==> 1876203875
223:LVR:NEG:0:org.apache.tools.bzip2.CRC:61:-1796572374 |==> 0
224:LVR:NEG:POS:org.apache.tools.bzip2.CRC:61:-1796572374 |==> 1796572374
225:LVR:NEG:0:org.apache.tools.bzip2.CRC:62:-525066777 |==> 0
226:LVR:NEG:POS:org.apache.tools.bzip2.CRC:62:-525066777 |==> 525066777
227:LVR:NEG:0:org.apache.tools.bzip2.CRC:62:-462094256 |==> 0
228:LVR:NEG:POS:org.apache.tools.bzip2.CRC:62:-462094256 |==> 462094256
229:LVR:NEG:0:org.apache.tools.bzip2.CRC:62:-382327159 |==> 0
230:LVR:NEG:POS:org.apache.tools.bzip2.CRC:62:-382327159 |==> 382327159
231:LVR:NEG:0:org.apache.tools.bzip2.CRC:62:-302564546 |==> 0
232:LVR:NEG:POS:org.apache.tools.bzip2.CRC:62:-302564546 |==> 302564546
233:LVR:NEG:0:org.apache.tools.bzip2.CRC:63:-206542021 |==> 0
234:LVR:NEG:POS:org.apache.tools.bzip2.CRC:63:-206542021 |==> 206542021
235:LVR:NEG:0:org.apache.tools.bzip2.CRC:63:-143559028 |==> 0
236:LVR:NEG:POS:org.apache.tools.bzip2.CRC:63:-143559028 |==> 143559028
237:LVR:NEG:0:org.apache.tools.bzip2.CRC:63:-97365931 |==> 0
238:LVR:NEG:POS:org.apache.tools.bzip2.CRC:63:-97365931 |==> 97365931
239:LVR:NEG:0:org.apache.tools.bzip2.CRC:63:-17609246 |==> 0
240:LVR:NEG:POS:org.apache.tools.bzip2.CRC:63:-17609246 |==> 17609246
241:LVR:NEG:0:org.apache.tools.bzip2.CRC:64:-960696225 |==> 0
242:LVR:NEG:POS:org.apache.tools.bzip2.CRC:64:-960696225 |==> 960696225
243:LVR:NEG:0:org.apache.tools.bzip2.CRC:64:-1031934488 |==> 0
244:LVR:NEG:POS:org.apache.tools.bzip2.CRC:64:-1031934488 |==> 1031934488
245:LVR:NEG:0:org.apache.tools.bzip2.CRC:64:-817968335 |==> 0
246:LVR:NEG:POS:org.apache.tools.bzip2.CRC:64:-817968335 |==> 817968335
247:LVR:NEG:0:org.apache.tools.bzip2.CRC:64:-872425850 |==> 0
248:LVR:NEG:POS:org.apache.tools.bzip2.CRC:64:-872425850 |==> 872425850
249:LVR:NEG:0:org.apache.tools.bzip2.CRC:65:-709327229 |==> 0
250:LVR:NEG:POS:org.apache.tools.bzip2.CRC:65:-709327229 |==> 709327229
251:LVR:NEG:0:org.apache.tools.bzip2.CRC:65:-780559564 |==> 0
252:LVR:NEG:POS:org.apache.tools.bzip2.CRC:65:-780559564 |==> 780559564
253:LVR:NEG:0:org.apache.tools.bzip2.CRC:65:-600130067 |==> 0
254:LVR:NEG:POS:org.apache.tools.bzip2.CRC:65:-600130067 |==> 600130067
255:LVR:NEG:0:org.apache.tools.bzip2.CRC:65:-654598054 |==> 0
256:LVR:NEG:POS:org.apache.tools.bzip2.CRC:65:-654598054 |==> 654598054
257:LVR:POS:0:org.apache.tools.bzip2.CRC:66:1762451694 |==> 0
258:LVR:POS:NEG:org.apache.tools.bzip2.CRC:66:1762451694 |==> -1762451694
259:LVR:POS:0:org.apache.tools.bzip2.CRC:66:1842216281 |==> 0
260:LVR:POS:NEG:org.apache.tools.bzip2.CRC:66:1842216281 |==> -1842216281
261:LVR:POS:0:org.apache.tools.bzip2.CRC:66:1619975040 |==> 0
262:LVR:POS:NEG:org.apache.tools.bzip2.CRC:66:1619975040 |==> -1619975040
263:LVR:POS:0:org.apache.tools.bzip2.CRC:66:1682949687 |==> 0
264:LVR:POS:NEG:org.apache.tools.bzip2.CRC:66:1682949687 |==> -1682949687
265:LVR:POS:0:org.apache.tools.bzip2.CRC:67:2047383090 |==> 0
266:LVR:POS:NEG:org.apache.tools.bzip2.CRC:67:2047383090 |==> -2047383090
267:LVR:POS:0:org.apache.tools.bzip2.CRC:67:2127137669 |==> 0
268:LVR:POS:NEG:org.apache.tools.bzip2.CRC:67:2127137669 |==> -2127137669
269:LVR:POS:0:org.apache.tools.bzip2.CRC:67:1938468188 |==> 0
270:LVR:POS:NEG:org.apache.tools.bzip2.CRC:67:1938468188 |==> -1938468188
271:LVR:POS:0:org.apache.tools.bzip2.CRC:67:2001449195 |==> 0
272:LVR:POS:NEG:org.apache.tools.bzip2.CRC:67:2001449195 |==> -2001449195
273:LVR:POS:0:org.apache.tools.bzip2.CRC:68:1325665622 |==> 0
274:LVR:POS:NEG:org.apache.tools.bzip2.CRC:68:1325665622 |==> -1325665622
275:LVR:POS:0:org.apache.tools.bzip2.CRC:68:1271206113 |==> 0
276:LVR:POS:NEG:org.apache.tools.bzip2.CRC:68:1271206113 |==> -1271206113
277:LVR:POS:0:org.apache.tools.bzip2.CRC:68:1183200824 |==> 0
278:LVR:POS:NEG:org.apache.tools.bzip2.CRC:68:1183200824 |==> -1183200824
279:LVR:POS:0:org.apache.tools.bzip2.CRC:68:1111960463 |==> 0
280:LVR:POS:NEG:org.apache.tools.bzip2.CRC:68:1111960463 |==> -1111960463
281:LVR:POS:0:org.apache.tools.bzip2.CRC:69:1543535498 |==> 0
282:LVR:POS:NEG:org.apache.tools.bzip2.CRC:69:1543535498 |==> -1543535498
283:LVR:POS:0:org.apache.tools.bzip2.CRC:69:1489069629 |==> 0
284:LVR:POS:NEG:org.apache.tools.bzip2.CRC:69:1489069629 |==> -1489069629
285:LVR:POS:0:org.apache.tools.bzip2.CRC:69:1434599652 |==> 0
286:LVR:POS:NEG:org.apache.tools.bzip2.CRC:69:1434599652 |==> -1434599652
287:LVR:POS:0:org.apache.tools.bzip2.CRC:69:1363369299 |==> 0
288:LVR:POS:NEG:org.apache.tools.bzip2.CRC:69:1363369299 |==> -1363369299
289:LVR:POS:0:org.apache.tools.bzip2.CRC:70:622672798 |==> 0
290:LVR:POS:NEG:org.apache.tools.bzip2.CRC:70:622672798 |==> -622672798
291:LVR:POS:0:org.apache.tools.bzip2.CRC:70:568075817 |==> 0
292:LVR:POS:NEG:org.apache.tools.bzip2.CRC:70:568075817 |==> -568075817
293:LVR:POS:0:org.apache.tools.bzip2.CRC:70:748617968 |==> 0
294:LVR:POS:NEG:org.apache.tools.bzip2.CRC:70:748617968 |==> -748617968
295:LVR:POS:0:org.apache.tools.bzip2.CRC:70:677256519 |==> 0
296:LVR:POS:NEG:org.apache.tools.bzip2.CRC:70:677256519 |==> -677256519
297:LVR:POS:0:org.apache.tools.bzip2.CRC:71:907627842 |==> 0
298:LVR:POS:NEG:org.apache.tools.bzip2.CRC:71:907627842 |==> -907627842
299:LVR:POS:0:org.apache.tools.bzip2.CRC:71:853037301 |==> 0
300:LVR:POS:NEG:org.apache.tools.bzip2.CRC:71:853037301 |==> -853037301
301:LVR:POS:0:org.apache.tools.bzip2.CRC:71:1067152940 |==> 0
302:LVR:POS:NEG:org.apache.tools.bzip2.CRC:71:1067152940 |==> -1067152940
303:LVR:POS:0:org.apache.tools.bzip2.CRC:71:995781531 |==> 0
304:LVR:POS:NEG:org.apache.tools.bzip2.CRC:71:995781531 |==> -995781531
305:LVR:POS:0:org.apache.tools.bzip2.CRC:72:51762726 |==> 0
306:LVR:POS:NEG:org.apache.tools.bzip2.CRC:72:51762726 |==> -51762726
307:LVR:POS:0:org.apache.tools.bzip2.CRC:72:131386257 |==> 0
308:LVR:POS:NEG:org.apache.tools.bzip2.CRC:72:131386257 |==> -131386257
309:LVR:POS:0:org.apache.tools.bzip2.CRC:72:177728840 |==> 0
310:LVR:POS:NEG:org.apache.tools.bzip2.CRC:72:177728840 |==> -177728840
311:LVR:POS:0:org.apache.tools.bzip2.CRC:72:240578815 |==> 0
312:LVR:POS:NEG:org.apache.tools.bzip2.CRC:72:240578815 |==> -240578815
313:LVR:POS:0:org.apache.tools.bzip2.CRC:73:269590778 |==> 0
314:LVR:POS:NEG:org.apache.tools.bzip2.CRC:73:269590778 |==> -269590778
315:LVR:POS:0:org.apache.tools.bzip2.CRC:73:349224269 |==> 0
316:LVR:POS:NEG:org.apache.tools.bzip2.CRC:73:349224269 |==> -349224269
317:LVR:POS:0:org.apache.tools.bzip2.CRC:73:429104020 |==> 0
318:LVR:POS:NEG:org.apache.tools.bzip2.CRC:73:429104020 |==> -429104020
319:LVR:POS:0:org.apache.tools.bzip2.CRC:73:491947555 |==> 0
320:LVR:POS:NEG:org.apache.tools.bzip2.CRC:73:491947555 |==> -491947555
321:LVR:NEG:0:org.apache.tools.bzip2.CRC:74:-248556018 |==> 0
322:LVR:NEG:POS:org.apache.tools.bzip2.CRC:74:-248556018 |==> 248556018
323:LVR:NEG:0:org.apache.tools.bzip2.CRC:74:-168932423 |==> 0
324:LVR:NEG:POS:org.apache.tools.bzip2.CRC:74:-168932423 |==> 168932423
325:LVR:NEG:0:org.apache.tools.bzip2.CRC:74:-122852000 |==> 0
326:LVR:NEG:POS:org.apache.tools.bzip2.CRC:74:-122852000 |==> 122852000
327:LVR:NEG:0:org.apache.tools.bzip2.CRC:74:-60002089 |==> 0
328:LVR:NEG:POS:org.apache.tools.bzip2.CRC:74:-60002089 |==> 60002089
329:LVR:NEG:0:org.apache.tools.bzip2.CRC:75:-500490030 |==> 0
330:LVR:NEG:POS:org.apache.tools.bzip2.CRC:75:-500490030 |==> 500490030
331:LVR:NEG:0:org.apache.tools.bzip2.CRC:75:-420856475 |==> 0
332:LVR:NEG:POS:org.apache.tools.bzip2.CRC:75:-420856475 |==> 420856475
333:LVR:NEG:0:org.apache.tools.bzip2.CRC:75:-341238852 |==> 0
334:LVR:NEG:POS:org.apache.tools.bzip2.CRC:75:-341238852 |==> 341238852
335:LVR:NEG:0:org.apache.tools.bzip2.CRC:75:-278395381 |==> 0
336:LVR:NEG:POS:org.apache.tools.bzip2.CRC:75:-278395381 |==> 278395381
337:LVR:NEG:0:org.apache.tools.bzip2.CRC:76:-685261898 |==> 0
338:LVR:NEG:POS:org.apache.tools.bzip2.CRC:76:-685261898 |==> 685261898
339:LVR:NEG:0:org.apache.tools.bzip2.CRC:76:-739858943 |==> 0
340:LVR:NEG:POS:org.apache.tools.bzip2.CRC:76:-739858943 |==> 739858943
341:LVR:NEG:0:org.apache.tools.bzip2.CRC:76:-559578920 |==> 0
342:LVR:NEG:POS:org.apache.tools.bzip2.CRC:76:-559578920 |==> 559578920
343:LVR:NEG:0:org.apache.tools.bzip2.CRC:76:-630940305 |==> 0
344:LVR:NEG:POS:org.apache.tools.bzip2.CRC:76:-630940305 |==> 630940305
345:LVR:NEG:0:org.apache.tools.bzip2.CRC:77:-1004286614 |==> 0
346:LVR:NEG:POS:org.apache.tools.bzip2.CRC:77:-1004286614 |==> 1004286614
347:LVR:NEG:0:org.apache.tools.bzip2.CRC:77:-1058877219 |==> 0
348:LVR:NEG:POS:org.apache.tools.bzip2.CRC:77:-1058877219 |==> 1058877219
349:LVR:NEG:0:org.apache.tools.bzip2.CRC:77:-845023740 |==> 0
350:LVR:NEG:POS:org.apache.tools.bzip2.CRC:77:-845023740 |==> 845023740
351:LVR:NEG:0:org.apache.tools.bzip2.CRC:77:-916395085 |==> 0
352:LVR:NEG:POS:org.apache.tools.bzip2.CRC:77:-916395085 |==> 916395085
353:LVR:NEG:0:org.apache.tools.bzip2.CRC:78:-1119974018 |==> 0
354:LVR:NEG:POS:org.apache.tools.bzip2.CRC:78:-1119974018 |==> 1119974018
355:LVR:NEG:0:org.apache.tools.bzip2.CRC:78:-1174433591 |==> 0
356:LVR:NEG:POS:org.apache.tools.bzip2.CRC:78:-1174433591 |==> 1174433591
357:LVR:NEG:0:org.apache.tools.bzip2.CRC:78:-1262701040 |==> 0
358:LVR:NEG:POS:org.apache.tools.bzip2.CRC:78:-1262701040 |==> 1262701040
359:LVR:NEG:0:org.apache.tools.bzip2.CRC:78:-1333941337 |==> 0
360:LVR:NEG:POS:org.apache.tools.bzip2.CRC:78:-1333941337 |==> 1333941337
361:LVR:NEG:0:org.apache.tools.bzip2.CRC:79:-1371866206 |==> 0
362:LVR:NEG:POS:org.apache.tools.bzip2.CRC:79:-1371866206 |==> 1371866206
363:LVR:NEG:0:org.apache.tools.bzip2.CRC:79:-1426332139 |==> 0
364:LVR:NEG:POS:org.apache.tools.bzip2.CRC:79:-1426332139 |==> 1426332139
365:LVR:NEG:0:org.apache.tools.bzip2.CRC:79:-1481064244 |==> 0
366:LVR:NEG:POS:org.apache.tools.bzip2.CRC:79:-1481064244 |==> 1481064244
367:LVR:NEG:0:org.apache.tools.bzip2.CRC:79:-1552294533 |==> 0
368:LVR:NEG:POS:org.apache.tools.bzip2.CRC:79:-1552294533 |==> 1552294533
369:LVR:NEG:0:org.apache.tools.bzip2.CRC:80:-1690935098 |==> 0
370:LVR:NEG:POS:org.apache.tools.bzip2.CRC:80:-1690935098 |==> 1690935098
371:LVR:NEG:0:org.apache.tools.bzip2.CRC:80:-1611170447 |==> 0
372:LVR:NEG:POS:org.apache.tools.bzip2.CRC:80:-1611170447 |==> 1611170447
373:LVR:NEG:0:org.apache.tools.bzip2.CRC:80:-1833673816 |==> 0
374:LVR:NEG:POS:org.apache.tools.bzip2.CRC:80:-1833673816 |==> 1833673816
375:LVR:NEG:0:org.apache.tools.bzip2.CRC:80:-1770699233 |==> 0
376:LVR:NEG:POS:org.apache.tools.bzip2.CRC:80:-1770699233 |==> 1770699233
377:LVR:NEG:0:org.apache.tools.bzip2.CRC:81:-2009983462 |==> 0
378:LVR:NEG:POS:org.apache.tools.bzip2.CRC:81:-2009983462 |==> 2009983462
379:LVR:NEG:0:org.apache.tools.bzip2.CRC:81:-1930228819 |==> 0
380:LVR:NEG:POS:org.apache.tools.bzip2.CRC:81:-1930228819 |==> 1930228819
381:LVR:NEG:0:org.apache.tools.bzip2.CRC:81:-2119160460 |==> 0
382:LVR:NEG:POS:org.apache.tools.bzip2.CRC:81:-2119160460 |==> 2119160460
383:LVR:NEG:0:org.apache.tools.bzip2.CRC:81:-2056179517 |==> 0
384:LVR:NEG:POS:org.apache.tools.bzip2.CRC:81:-2056179517 |==> 2056179517
385:LVR:POS:0:org.apache.tools.bzip2.CRC:82:1569362073 |==> 0
386:LVR:POS:NEG:org.apache.tools.bzip2.CRC:82:1569362073 |==> -1569362073
387:LVR:POS:0:org.apache.tools.bzip2.CRC:82:1498123566 |==> 0
388:LVR:POS:NEG:org.apache.tools.bzip2.CRC:82:1498123566 |==> -1498123566
389:LVR:POS:0:org.apache.tools.bzip2.CRC:82:1409854455 |==> 0
390:LVR:POS:NEG:org.apache.tools.bzip2.CRC:82:1409854455 |==> -1409854455
391:LVR:POS:0:org.apache.tools.bzip2.CRC:82:1355396672 |==> 0
392:LVR:POS:NEG:org.apache.tools.bzip2.CRC:82:1355396672 |==> -1355396672
393:LVR:POS:0:org.apache.tools.bzip2.CRC:83:1317987909 |==> 0
394:LVR:POS:NEG:org.apache.tools.bzip2.CRC:83:1317987909 |==> -1317987909
395:LVR:POS:0:org.apache.tools.bzip2.CRC:83:1246755826 |==> 0
396:LVR:POS:NEG:org.apache.tools.bzip2.CRC:83:1246755826 |==> -1246755826
397:LVR:POS:0:org.apache.tools.bzip2.CRC:83:1192025387 |==> 0
398:LVR:POS:NEG:org.apache.tools.bzip2.CRC:83:1192025387 |==> -1192025387
399:LVR:POS:0:org.apache.tools.bzip2.CRC:83:1137557660 |==> 0
400:LVR:POS:NEG:org.apache.tools.bzip2.CRC:83:1137557660 |==> -1137557660
401:LVR:POS:0:org.apache.tools.bzip2.CRC:84:2072149281 |==> 0
402:LVR:POS:NEG:org.apache.tools.bzip2.CRC:84:2072149281 |==> -2072149281
403:LVR:POS:0:org.apache.tools.bzip2.CRC:84:2135122070 |==> 0
404:LVR:POS:NEG:org.apache.tools.bzip2.CRC:84:2135122070 |==> -2135122070
405:LVR:POS:0:org.apache.tools.bzip2.CRC:84:1912620623 |==> 0
406:LVR:POS:NEG:org.apache.tools.bzip2.CRC:84:1912620623 |==> -1912620623
407:LVR:POS:0:org.apache.tools.bzip2.CRC:84:1992383480 |==> 0
408:LVR:POS:NEG:org.apache.tools.bzip2.CRC:84:1992383480 |==> -1992383480
409:LVR:POS:0:org.apache.tools.bzip2.CRC:85:1753615357 |==> 0
410:LVR:POS:NEG:org.apache.tools.bzip2.CRC:85:1753615357 |==> -1753615357
411:LVR:POS:0:org.apache.tools.bzip2.CRC:85:1816598090 |==> 0
412:LVR:POS:NEG:org.apache.tools.bzip2.CRC:85:1816598090 |==> -1816598090
413:LVR:POS:0:org.apache.tools.bzip2.CRC:85:1627664531 |==> 0
414:LVR:POS:NEG:org.apache.tools.bzip2.CRC:85:1627664531 |==> -1627664531
415:LVR:POS:0:org.apache.tools.bzip2.CRC:85:1707420964 |==> 0
416:LVR:POS:NEG:org.apache.tools.bzip2.CRC:85:1707420964 |==> -1707420964
417:LVR:POS:0:org.apache.tools.bzip2.CRC:86:295390185 |==> 0
418:LVR:POS:NEG:org.apache.tools.bzip2.CRC:86:295390185 |==> -295390185
419:LVR:POS:0:org.apache.tools.bzip2.CRC:86:358241886 |==> 0
420:LVR:POS:NEG:org.apache.tools.bzip2.CRC:86:358241886 |==> -358241886
421:LVR:POS:0:org.apache.tools.bzip2.CRC:86:404320391 |==> 0
422:LVR:POS:NEG:org.apache.tools.bzip2.CRC:86:404320391 |==> -404320391
423:LVR:POS:0:org.apache.tools.bzip2.CRC:86:483945776 |==> 0
424:LVR:POS:NEG:org.apache.tools.bzip2.CRC:86:483945776 |==> -483945776
425:LVR:POS:0:org.apache.tools.bzip2.CRC:87:43990325 |==> 0
426:LVR:POS:NEG:org.apache.tools.bzip2.CRC:87:43990325 |==> -43990325
427:LVR:POS:0:org.apache.tools.bzip2.CRC:87:106832002 |==> 0
428:LVR:POS:NEG:org.apache.tools.bzip2.CRC:87:106832002 |==> -106832002
429:LVR:POS:0:org.apache.tools.bzip2.CRC:87:186451547 |==> 0
430:LVR:POS:NEG:org.apache.tools.bzip2.CRC:87:186451547 |==> -186451547
431:LVR:POS:0:org.apache.tools.bzip2.CRC:87:266083308 |==> 0
432:LVR:POS:NEG:org.apache.tools.bzip2.CRC:87:266083308 |==> -266083308
433:LVR:POS:0:org.apache.tools.bzip2.CRC:88:932423249 |==> 0
434:LVR:POS:NEG:org.apache.tools.bzip2.CRC:88:932423249 |==> -932423249
435:LVR:POS:0:org.apache.tools.bzip2.CRC:88:861060070 |==> 0
436:LVR:POS:NEG:org.apache.tools.bzip2.CRC:88:861060070 |==> -861060070
437:LVR:POS:0:org.apache.tools.bzip2.CRC:88:1041341759 |==> 0
438:LVR:POS:NEG:org.apache.tools.bzip2.CRC:88:1041341759 |==> -1041341759
439:LVR:POS:0:org.apache.tools.bzip2.CRC:88:986742920 |==> 0
440:LVR:POS:NEG:org.apache.tools.bzip2.CRC:88:986742920 |==> -986742920
441:LVR:POS:0:org.apache.tools.bzip2.CRC:89:613929101 |==> 0
442:LVR:POS:NEG:org.apache.tools.bzip2.CRC:89:613929101 |==> -613929101
443:LVR:POS:0:org.apache.tools.bzip2.CRC:89:542559546 |==> 0
444:LVR:POS:NEG:org.apache.tools.bzip2.CRC:89:542559546 |==> -542559546
445:LVR:POS:0:org.apache.tools.bzip2.CRC:89:756411363 |==> 0
446:LVR:POS:NEG:org.apache.tools.bzip2.CRC:89:756411363 |==> -756411363
447:LVR:POS:0:org.apache.tools.bzip2.CRC:89:701822548 |==> 0
448:LVR:POS:NEG:org.apache.tools.bzip2.CRC:89:701822548 |==> -701822548
449:LVR:NEG:0:org.apache.tools.bzip2.CRC:90:-978770311 |==> 0
450:LVR:NEG:POS:org.apache.tools.bzip2.CRC:90:-978770311 |==> 978770311
451:LVR:NEG:0:org.apache.tools.bzip2.CRC:90:-1050133554 |==> 0
452:LVR:NEG:POS:org.apache.tools.bzip2.CRC:90:-1050133554 |==> 1050133554
453:LVR:NEG:0:org.apache.tools.bzip2.CRC:90:-869589737 |==> 0
454:LVR:NEG:POS:org.apache.tools.bzip2.CRC:90:-869589737 |==> 869589737
455:LVR:NEG:0:org.apache.tools.bzip2.CRC:90:-924188512 |==> 0
456:LVR:NEG:POS:org.apache.tools.bzip2.CRC:90:-924188512 |==> 924188512
457:LVR:NEG:0:org.apache.tools.bzip2.CRC:91:-693284699 |==> 0
458:LVR:NEG:POS:org.apache.tools.bzip2.CRC:91:-693284699 |==> 693284699
459:LVR:NEG:0:org.apache.tools.bzip2.CRC:91:-764654318 |==> 0
460:LVR:NEG:POS:org.apache.tools.bzip2.CRC:91:-764654318 |==> 764654318
461:LVR:NEG:0:org.apache.tools.bzip2.CRC:91:-550540341 |==> 0
462:LVR:NEG:POS:org.apache.tools.bzip2.CRC:91:-550540341 |==> 550540341
463:LVR:NEG:0:org.apache.tools.bzip2.CRC:91:-605129092 |==> 0
464:LVR:NEG:POS:org.apache.tools.bzip2.CRC:91:-605129092 |==> 605129092
465:LVR:NEG:0:org.apache.tools.bzip2.CRC:92:-475935807 |==> 0
466:LVR:NEG:POS:org.apache.tools.bzip2.CRC:92:-475935807 |==> 475935807
467:LVR:NEG:0:org.apache.tools.bzip2.CRC:92:-413084042 |==> 0
468:LVR:NEG:POS:org.apache.tools.bzip2.CRC:92:-413084042 |==> 413084042
469:LVR:NEG:0:org.apache.tools.bzip2.CRC:92:-366743377 |==> 0
470:LVR:NEG:POS:org.apache.tools.bzip2.CRC:92:-366743377 |==> 366743377
471:LVR:NEG:0:org.apache.tools.bzip2.CRC:92:-287118056 |==> 0
472:LVR:NEG:POS:org.apache.tools.bzip2.CRC:92:-287118056 |==> 287118056
473:LVR:NEG:0:org.apache.tools.bzip2.CRC:93:-257573603 |==> 0
474:LVR:NEG:POS:org.apache.tools.bzip2.CRC:93:-257573603 |==> 257573603
475:LVR:NEG:0:org.apache.tools.bzip2.CRC:93:-194731862 |==> 0
476:LVR:NEG:POS:org.apache.tools.bzip2.CRC:93:-194731862 |==> 194731862
477:LVR:NEG:0:org.apache.tools.bzip2.CRC:93:-114850189 |==> 0
478:LVR:NEG:POS:org.apache.tools.bzip2.CRC:93:-114850189 |==> 114850189
479:LVR:NEG:0:org.apache.tools.bzip2.CRC:93:-35218492 |==> 0
480:LVR:NEG:POS:org.apache.tools.bzip2.CRC:93:-35218492 |==> 35218492
481:LVR:NEG:0:org.apache.tools.bzip2.CRC:94:-1984365303 |==> 0
482:LVR:NEG:POS:org.apache.tools.bzip2.CRC:94:-1984365303 |==> 1984365303
483:LVR:NEG:0:org.apache.tools.bzip2.CRC:94:-1921392450 |==> 0
484:LVR:NEG:POS:org.apache.tools.bzip2.CRC:94:-1921392450 |==> 1921392450
485:LVR:NEG:0:org.apache.tools.bzip2.CRC:94:-2143631769 |==> 0
486:LVR:NEG:POS:org.apache.tools.bzip2.CRC:94:-2143631769 |==> 2143631769
487:LVR:NEG:0:org.apache.tools.bzip2.CRC:94:-2063868976 |==> 0
488:LVR:NEG:POS:org.apache.tools.bzip2.CRC:94:-2063868976 |==> 2063868976
489:LVR:NEG:0:org.apache.tools.bzip2.CRC:95:-1698919467 |==> 0
490:LVR:NEG:POS:org.apache.tools.bzip2.CRC:95:-1698919467 |==> 1698919467
491:LVR:NEG:0:org.apache.tools.bzip2.CRC:95:-1635936670 |==> 0
492:LVR:NEG:POS:org.apache.tools.bzip2.CRC:95:-1635936670 |==> 1635936670
493:LVR:NEG:0:org.apache.tools.bzip2.CRC:95:-1824608069 |==> 0
494:LVR:NEG:POS:org.apache.tools.bzip2.CRC:95:-1824608069 |==> 1824608069
495:LVR:NEG:0:org.apache.tools.bzip2.CRC:95:-1744851700 |==> 0
496:LVR:NEG:POS:org.apache.tools.bzip2.CRC:95:-1744851700 |==> 1744851700
497:LVR:NEG:0:org.apache.tools.bzip2.CRC:96:-1347415887 |==> 0
498:LVR:NEG:POS:org.apache.tools.bzip2.CRC:96:-1347415887 |==> 1347415887
499:LVR:NEG:0:org.apache.tools.bzip2.CRC:96:-1418654458 |==> 0
500:LVR:NEG:POS:org.apache.tools.bzip2.CRC:96:-1418654458 |==> 1418654458
501:LVR:NEG:0:org.apache.tools.bzip2.CRC:96:-1506661409 |==> 0
502:LVR:NEG:POS:org.apache.tools.bzip2.CRC:96:-1506661409 |==> 1506661409
503:LVR:NEG:0:org.apache.tools.bzip2.CRC:96:-1561119128 |==> 0
504:LVR:NEG:POS:org.apache.tools.bzip2.CRC:96:-1561119128 |==> 1561119128
505:LVR:NEG:0:org.apache.tools.bzip2.CRC:97:-1129027987 |==> 0
506:LVR:NEG:POS:org.apache.tools.bzip2.CRC:97:-1129027987 |==> 1129027987
507:LVR:NEG:0:org.apache.tools.bzip2.CRC:97:-1200260134 |==> 0
508:LVR:NEG:POS:org.apache.tools.bzip2.CRC:97:-1200260134 |==> 1200260134
509:LVR:NEG:0:org.apache.tools.bzip2.CRC:97:-1254728445 |==> 0
510:LVR:NEG:POS:org.apache.tools.bzip2.CRC:97:-1254728445 |==> 1254728445
511:LVR:NEG:0:org.apache.tools.bzip2.CRC:97:-1309196108 |==> 0
512:LVR:NEG:POS:org.apache.tools.bzip2.CRC:97:-1309196108 |==> 1309196108
513:STD:<CALL>:<NO-OP>:org.apache.tools.bzip2.CRC@<init>():101:initialiseCRC() |==> <NO-OP>
514:LVR:NEG:0:org.apache.tools.bzip2.CRC@initialiseCRC():105:-1 |==> 0
515:LVR:NEG:POS:org.apache.tools.bzip2.CRC@initialiseCRC():105:-1 |==> 1
516:STD:<ASSIGN>:<NO-OP>:org.apache.tools.bzip2.CRC@initialiseCRC():105:globalCrc = -1 |==> <NO-OP>
517:ORU:~(int):+(int):org.apache.tools.bzip2.CRC@getFinalCRC():109:~globalCrc |==> +globalCrc
518:ORU:~(int):-(int):org.apache.tools.bzip2.CRC@getFinalCRC():109:~globalCrc |==> -globalCrc
519:EVR:<IDENTIFIER(int)>:<DEFAULT>:org.apache.tools.bzip2.CRC@getGlobalCRC():113:globalCrc |==> 0
520:STD:<ASSIGN>:<NO-OP>:org.apache.tools.bzip2.CRC@setGlobalCRC(int):117:globalCrc = newCrc |==> <NO-OP>
521:LVR:POS:0:org.apache.tools.bzip2.CRC@updateCRC(int):121:24 |==> 0
522:LVR:POS:NEG:org.apache.tools.bzip2.CRC@updateCRC(int):121:24 |==> -24
523:SOR:>>(int,int):<<(int,int):org.apache.tools.bzip2.CRC@updateCRC(int):121:globalCrc >> 24 |==> globalCrc << 24
524:SOR:>>(int,int):>>>(int,int):org.apache.tools.bzip2.CRC@updateCRC(int):121:globalCrc >> 24 |==> globalCrc >>> 24
525:LOR:^(int,int):&(int,int):org.apache.tools.bzip2.CRC@updateCRC(int):121:(globalCrc >> 24) ^ inCh |==> (globalCrc >> 24) & inCh
526:LOR:^(int,int):|(int,int):org.apache.tools.bzip2.CRC@updateCRC(int):121:(globalCrc >> 24) ^ inCh |==> (globalCrc >> 24) | inCh
527:LVR:0:POS:org.apache.tools.bzip2.CRC@updateCRC(int):122:0 |==> 1
528:LVR:0:NEG:org.apache.tools.bzip2.CRC@updateCRC(int):122:0 |==> -1
529:ROR:<(int,int):!=(int,int):org.apache.tools.bzip2.CRC@updateCRC(int):122:temp < 0 |==> temp != 0
530:ROR:<(int,int):<=(int,int):org.apache.tools.bzip2.CRC@updateCRC(int):122:temp < 0 |==> temp <= 0
531:ROR:<(int,int):FALSE(int,int):org.apache.tools.bzip2.CRC@updateCRC(int):122:temp < 0 |==> false
532:LVR:POS:0:org.apache.tools.bzip2.CRC@updateCRC(int):123:256 |==> 0
533:LVR:POS:NEG:org.apache.tools.bzip2.CRC@updateCRC(int):123:256 |==> -256
534:AOR:+(int,int):%(int,int):org.apache.tools.bzip2.CRC@updateCRC(int):123:256 + temp |==> 256 % temp
535:AOR:+(int,int):*(int,int):org.apache.tools.bzip2.CRC@updateCRC(int):123:256 + temp |==> 256 * temp
536:AOR:+(int,int):-(int,int):org.apache.tools.bzip2.CRC@updateCRC(int):123:256 + temp |==> 256 - temp
537:AOR:+(int,int):/(int,int):org.apache.tools.bzip2.CRC@updateCRC(int):123:256 + temp |==> 256 / temp
538:STD:<ASSIGN>:<NO-OP>:org.apache.tools.bzip2.CRC@updateCRC(int):123:temp = 256 + temp |==> <NO-OP>
539:LVR:POS:0:org.apache.tools.bzip2.CRC@updateCRC(int):125:8 |==> 0
540:LVR:POS:NEG:org.apache.tools.bzip2.CRC@updateCRC(int):125:8 |==> -8
541:SOR:<<(int,int):>>(int,int):org.apache.tools.bzip2.CRC@updateCRC(int):125:globalCrc << 8 |==> globalCrc >> 8
542:SOR:<<(int,int):>>>(int,int):org.apache.tools.bzip2.CRC@updateCRC(int):125:globalCrc << 8 |==> globalCrc >>> 8
543:LOR:^(int,int):&(int,int):org.apache.tools.bzip2.CRC@updateCRC(int):125:(globalCrc << 8) ^ CRC.crc32Table[temp] |==> (globalCrc << 8) & CRC.crc32Table[temp]
544:LOR:^(int,int):|(int,int):org.apache.tools.bzip2.CRC@updateCRC(int):125:(globalCrc << 8) ^ CRC.crc32Table[temp] |==> (globalCrc << 8) | CRC.crc32Table[temp]
545:STD:<ASSIGN>:<NO-OP>:org.apache.tools.bzip2.CRC@updateCRC(int):125:globalCrc = (globalCrc << 8) ^ CRC.crc32Table[temp] |==> <NO-OP>
546:EVR:<MEMBER_SELECT(int)>:<DEFAULT>:org.apache.tools.bzip2.CRC@updateCRC(int,int):129:this.globalCrc |==> 0
547:LVR:0:POS:org.apache.tools.bzip2.CRC@updateCRC(int,int):130:0 |==> 1
548:LVR:0:NEG:org.apache.tools.bzip2.CRC@updateCRC(int,int):130:0 |==> -1
549:ROR:>(int,int):!=(int,int):org.apache.tools.bzip2.CRC@updateCRC(int,int):130:repeat-- > 0 |==> repeat-- != 0
550:ROR:>(int,int):>=(int,int):org.apache.tools.bzip2.CRC@updateCRC(int,int):130:repeat-- > 0 |==> repeat-- >= 0
551:ROR:>(int,int):FALSE(int,int):org.apache.tools.bzip2.CRC@updateCRC(int,int):130:repeat-- > 0 |==> false
552:LVR:POS:0:org.apache.tools.bzip2.CRC@updateCRC(int,int):131:24 |==> 0
553:LVR:POS:NEG:org.apache.tools.bzip2.CRC@updateCRC(int,int):131:24 |==> -24
554:SOR:>>(int,int):<<(int,int):org.apache.tools.bzip2.CRC@updateCRC(int,int):131:globalCrcShadow >> 24 |==> globalCrcShadow << 24
555:SOR:>>(int,int):>>>(int,int):org.apache.tools.bzip2.CRC@updateCRC(int,int):131:globalCrcShadow >> 24 |==> globalCrcShadow >>> 24
556:LOR:^(int,int):&(int,int):org.apache.tools.bzip2.CRC@updateCRC(int,int):131:(globalCrcShadow >> 24) ^ inCh |==> (globalCrcShadow >> 24) & inCh
557:LOR:^(int,int):|(int,int):org.apache.tools.bzip2.CRC@updateCRC(int,int):131:(globalCrcShadow >> 24) ^ inCh |==> (globalCrcShadow >> 24) | inCh
558:LVR:POS:0:org.apache.tools.bzip2.CRC@updateCRC(int,int):132:8 |==> 0
559:LVR:POS:NEG:org.apache.tools.bzip2.CRC@updateCRC(int,int):132:8 |==> -8
560:SOR:<<(int,int):>>(int,int):org.apache.tools.bzip2.CRC@updateCRC(int,int):132:globalCrcShadow << 8 |==> globalCrcShadow >> 8
561:SOR:<<(int,int):>>>(int,int):org.apache.tools.bzip2.CRC@updateCRC(int,int):132:globalCrcShadow << 8 |==> globalCrcShadow >>> 8
562:LVR:0:POS:org.apache.tools.bzip2.CRC@updateCRC(int,int):132:0 |==> 1
563:LVR:0:NEG:org.apache.tools.bzip2.CRC@updateCRC(int,int):132:0 |==> -1
564:ROR:>=(int,int):==(int,int):org.apache.tools.bzip2.CRC@updateCRC(int,int):132:temp >= 0 |==> temp == 0
565:ROR:>=(int,int):>(int,int):org.apache.tools.bzip2.CRC@updateCRC(int,int):132:temp >= 0 |==> temp > 0
566:ROR:>=(int,int):TRUE(int,int):org.apache.tools.bzip2.CRC@updateCRC(int,int):132:temp >= 0 |==> true
567:LVR:POS:0:org.apache.tools.bzip2.CRC@updateCRC(int,int):134:256 |==> 0
568:LVR:POS:NEG:org.apache.tools.bzip2.CRC@updateCRC(int,int):134:256 |==> -256
569:AOR:+(int,int):%(int,int):org.apache.tools.bzip2.CRC@updateCRC(int,int):134:temp + 256 |==> temp % 256
570:AOR:+(int,int):*(int,int):org.apache.tools.bzip2.CRC@updateCRC(int,int):134:temp + 256 |==> temp * 256
571:AOR:+(int,int):-(int,int):org.apache.tools.bzip2.CRC@updateCRC(int,int):134:temp + 256 |==> temp - 256
572:AOR:+(int,int):/(int,int):org.apache.tools.bzip2.CRC@updateCRC(int,int):134:temp + 256 |==> temp / 256
573:LOR:^(int,int):&(int,int):org.apache.tools.bzip2.CRC@updateCRC(int,int):132:(globalCrcShadow << 8) ^ crc32Table[(temp >= 0) ? temp : (temp + 256)] |==> (globalCrcShadow << 8) & crc32Table[(temp >= 0) ? temp : (temp + 256)]
574:LOR:^(int,int):|(int,int):org.apache.tools.bzip2.CRC@updateCRC(int,int):132:(globalCrcShadow << 8) ^ crc32Table[(temp >= 0) ? temp : (temp + 256)] |==> (globalCrcShadow << 8) | crc32Table[(temp >= 0) ? temp : (temp + 256)]
575:STD:<ASSIGN>:<NO-OP>:org.apache.tools.bzip2.CRC@updateCRC(int,int):132:globalCrcShadow = (globalCrcShadow << 8) ^ crc32Table[(temp >= 0) ? temp : (temp + 256)] |==> <NO-OP>
576:STD:<ASSIGN>:<NO-OP>:org.apache.tools.bzip2.CRC@updateCRC(int,int):136:this.globalCrc = globalCrcShadow |==> <NO-OP>
