1:EVR:<METHOD_INVOCATION(java.lang.String)>:<DEFAULT>:org.apache.tools.ant.util.DOMElementWriter:83:System.getProperty("line.separator") |==> null
2:EVR:<NEW_CLASS(java.lang.StringBuffer)>:<DEFAULT>:org.apache.tools.ant.util.DOMElementWriter:84:new StringBuffer() |==> null
3:EVR:<NEW_ARRAY(java.lang.String[])>:<DEFAULT>:org.apache.tools.ant.util.DOMElementWriter:90:{"gt", "amp", "lt", "apos", "quot"} |==> null
4:EVR:<NEW_CLASS(java.io.OutputStreamWriter)>:<DEFAULT>:org.apache.tools.ant.util.DOMElementWriter@write(org.w3c.dom.Element,java.io.OutputStream):102:new OutputStreamWriter(out, "UTF8") |==> null
5:STD:<CALL>:<NO-OP>:org.apache.tools.ant.util.DOMElementWriter@write(org.w3c.dom.Element,java.io.OutputStream):103:wri.write("<?xml version=\"1.0\" encoding=\"UTF-8\"?>\n") |==> <NO-OP>
6:LVR:0:POS:org.apache.tools.ant.util.DOMElementWriter@write(org.w3c.dom.Element,java.io.OutputStream):104:0 |==> 1
7:LVR:0:NEG:org.apache.tools.ant.util.DOMElementWriter@write(org.w3c.dom.Element,java.io.OutputStream):104:0 |==> -1
8:STD:<CALL>:<NO-OP>:org.apache.tools.ant.util.DOMElementWriter@write(org.w3c.dom.Element,java.io.OutputStream):104:write(root, wri, 0, "  ") |==> <NO-OP>
9:STD:<CALL>:<NO-OP>:org.apache.tools.ant.util.DOMElementWriter@write(org.w3c.dom.Element,java.io.OutputStream):105:wri.flush() |==> <NO-OP>
10:LVR:0:POS:org.apache.tools.ant.util.DOMElementWriter@write(org.w3c.dom.Element,java.io.Writer,int,java.lang.String):121:0 |==> 1
11:LVR:0:NEG:org.apache.tools.ant.util.DOMElementWriter@write(org.w3c.dom.Element,java.io.Writer,int,java.lang.String):121:0 |==> -1
12:ROR:<(int,int):!=(int,int):org.apache.tools.ant.util.DOMElementWriter@write(org.w3c.dom.Element,java.io.Writer,int,java.lang.String):121:i < indent |==> i != indent
13:ROR:<(int,int):<=(int,int):org.apache.tools.ant.util.DOMElementWriter@write(org.w3c.dom.Element,java.io.Writer,int,java.lang.String):121:i < indent |==> i <= indent
14:ROR:<(int,int):FALSE(int,int):org.apache.tools.ant.util.DOMElementWriter@write(org.w3c.dom.Element,java.io.Writer,int,java.lang.String):121:i < indent |==> false
15:STD:<CALL>:<NO-OP>:org.apache.tools.ant.util.DOMElementWriter@write(org.w3c.dom.Element,java.io.Writer,int,java.lang.String):122:out.write(indentWith) |==> <NO-OP>
16:STD:<CALL>:<NO-OP>:org.apache.tools.ant.util.DOMElementWriter@write(org.w3c.dom.Element,java.io.Writer,int,java.lang.String):126:out.write("<") |==> <NO-OP>
17:STD:<CALL>:<NO-OP>:org.apache.tools.ant.util.DOMElementWriter@write(org.w3c.dom.Element,java.io.Writer,int,java.lang.String):127:out.write(element.getTagName()) |==> <NO-OP>
18:EVR:<METHOD_INVOCATION(org.w3c.dom.NamedNodeMap)>:<DEFAULT>:org.apache.tools.ant.util.DOMElementWriter@write(org.w3c.dom.Element,java.io.Writer,int,java.lang.String):130:element.getAttributes() |==> null
19:LVR:0:POS:org.apache.tools.ant.util.DOMElementWriter@write(org.w3c.dom.Element,java.io.Writer,int,java.lang.String):131:0 |==> 1
20:LVR:0:NEG:org.apache.tools.ant.util.DOMElementWriter@write(org.w3c.dom.Element,java.io.Writer,int,java.lang.String):131:0 |==> -1
21:ROR:<(int,int):!=(int,int):org.apache.tools.ant.util.DOMElementWriter@write(org.w3c.dom.Element,java.io.Writer,int,java.lang.String):131:i < attrs.getLength() |==> i != attrs.getLength()
22:ROR:<(int,int):<=(int,int):org.apache.tools.ant.util.DOMElementWriter@write(org.w3c.dom.Element,java.io.Writer,int,java.lang.String):131:i < attrs.getLength() |==> i <= attrs.getLength()
23:ROR:<(int,int):FALSE(int,int):org.apache.tools.ant.util.DOMElementWriter@write(org.w3c.dom.Element,java.io.Writer,int,java.lang.String):131:i < attrs.getLength() |==> false
24:EVR:<TYPE_CAST(org.w3c.dom.Attr)>:<DEFAULT>:org.apache.tools.ant.util.DOMElementWriter@write(org.w3c.dom.Element,java.io.Writer,int,java.lang.String):132:(Attr)attrs.item(i) |==> null
25:STD:<CALL>:<NO-OP>:org.apache.tools.ant.util.DOMElementWriter@write(org.w3c.dom.Element,java.io.Writer,int,java.lang.String):133:out.write(" ") |==> <NO-OP>
26:STD:<CALL>:<NO-OP>:org.apache.tools.ant.util.DOMElementWriter@write(org.w3c.dom.Element,java.io.Writer,int,java.lang.String):134:out.write(attr.getName()) |==> <NO-OP>
27:STD:<CALL>:<NO-OP>:org.apache.tools.ant.util.DOMElementWriter@write(org.w3c.dom.Element,java.io.Writer,int,java.lang.String):135:out.write("=\"") |==> <NO-OP>
28:STD:<CALL>:<NO-OP>:org.apache.tools.ant.util.DOMElementWriter@write(org.w3c.dom.Element,java.io.Writer,int,java.lang.String):136:out.write(encode(attr.getValue())) |==> <NO-OP>
29:STD:<CALL>:<NO-OP>:org.apache.tools.ant.util.DOMElementWriter@write(org.w3c.dom.Element,java.io.Writer,int,java.lang.String):137:out.write("\"") |==> <NO-OP>
30:STD:<CALL>:<NO-OP>:org.apache.tools.ant.util.DOMElementWriter@write(org.w3c.dom.Element,java.io.Writer,int,java.lang.String):139:out.write(">") |==> <NO-OP>
31:LVR:FALSE:TRUE:org.apache.tools.ant.util.DOMElementWriter@write(org.w3c.dom.Element,java.io.Writer,int,java.lang.String):142:false |==> true
32:EVR:<METHOD_INVOCATION(org.w3c.dom.NodeList)>:<DEFAULT>:org.apache.tools.ant.util.DOMElementWriter@write(org.w3c.dom.Element,java.io.Writer,int,java.lang.String):143:element.getChildNodes() |==> null
33:LVR:0:POS:org.apache.tools.ant.util.DOMElementWriter@write(org.w3c.dom.Element,java.io.Writer,int,java.lang.String):144:0 |==> 1
34:LVR:0:NEG:org.apache.tools.ant.util.DOMElementWriter@write(org.w3c.dom.Element,java.io.Writer,int,java.lang.String):144:0 |==> -1
35:ROR:<(int,int):!=(int,int):org.apache.tools.ant.util.DOMElementWriter@write(org.w3c.dom.Element,java.io.Writer,int,java.lang.String):144:i < children.getLength() |==> i != children.getLength()
36:ROR:<(int,int):<=(int,int):org.apache.tools.ant.util.DOMElementWriter@write(org.w3c.dom.Element,java.io.Writer,int,java.lang.String):144:i < children.getLength() |==> i <= children.getLength()
37:ROR:<(int,int):FALSE(int,int):org.apache.tools.ant.util.DOMElementWriter@write(org.w3c.dom.Element,java.io.Writer,int,java.lang.String):144:i < children.getLength() |==> false
38:EVR:<METHOD_INVOCATION(org.w3c.dom.Node)>:<DEFAULT>:org.apache.tools.ant.util.DOMElementWriter@write(org.w3c.dom.Element,java.io.Writer,int,java.lang.String):145:children.item(i) |==> null
39:COR:hasChildren:TRUE:org.apache.tools.ant.util.DOMElementWriter@write(org.w3c.dom.Element,java.io.Writer,int,java.lang.String):150:hasChildren |==> false
40:COR:hasChildren:FALSE:org.apache.tools.ant.util.DOMElementWriter@write(org.w3c.dom.Element,java.io.Writer,int,java.lang.String):150:hasChildren |==> true
41:STD:<CALL>:<NO-OP>:org.apache.tools.ant.util.DOMElementWriter@write(org.w3c.dom.Element,java.io.Writer,int,java.lang.String):151:out.write(lSep) |==> <NO-OP>
42:LVR:TRUE:FALSE:org.apache.tools.ant.util.DOMElementWriter@write(org.w3c.dom.Element,java.io.Writer,int,java.lang.String):152:true |==> false
43:STD:<ASSIGN>:<NO-OP>:org.apache.tools.ant.util.DOMElementWriter@write(org.w3c.dom.Element,java.io.Writer,int,java.lang.String):152:hasChildren = true |==> <NO-OP>
44:LVR:POS:0:org.apache.tools.ant.util.DOMElementWriter@write(org.w3c.dom.Element,java.io.Writer,int,java.lang.String):154:1 |==> 0
45:LVR:POS:NEG:org.apache.tools.ant.util.DOMElementWriter@write(org.w3c.dom.Element,java.io.Writer,int,java.lang.String):154:1 |==> -1
46:AOR:+(int,int):%(int,int):org.apache.tools.ant.util.DOMElementWriter@write(org.w3c.dom.Element,java.io.Writer,int,java.lang.String):154:indent + 1 |==> indent % 1
47:AOR:+(int,int):*(int,int):org.apache.tools.ant.util.DOMElementWriter@write(org.w3c.dom.Element,java.io.Writer,int,java.lang.String):154:indent + 1 |==> indent * 1
48:AOR:+(int,int):-(int,int):org.apache.tools.ant.util.DOMElementWriter@write(org.w3c.dom.Element,java.io.Writer,int,java.lang.String):154:indent + 1 |==> indent - 1
49:AOR:+(int,int):/(int,int):org.apache.tools.ant.util.DOMElementWriter@write(org.w3c.dom.Element,java.io.Writer,int,java.lang.String):154:indent + 1 |==> indent / 1
50:STD:<CALL>:<NO-OP>:org.apache.tools.ant.util.DOMElementWriter@write(org.w3c.dom.Element,java.io.Writer,int,java.lang.String):154:write((Element)child, out, indent + 1, indentWith) |==> <NO-OP>
51:STD:<BREAK>:<NO-OP>:org.apache.tools.ant.util.DOMElementWriter@write(org.w3c.dom.Element,java.io.Writer,int,java.lang.String):155:break; |==> <NO-OP>
52:STD:<CALL>:<NO-OP>:org.apache.tools.ant.util.DOMElementWriter@write(org.w3c.dom.Element,java.io.Writer,int,java.lang.String):158:out.write(encode(child.getNodeValue())) |==> <NO-OP>
53:STD:<BREAK>:<NO-OP>:org.apache.tools.ant.util.DOMElementWriter@write(org.w3c.dom.Element,java.io.Writer,int,java.lang.String):159:break; |==> <NO-OP>
54:STD:<CALL>:<NO-OP>:org.apache.tools.ant.util.DOMElementWriter@write(org.w3c.dom.Element,java.io.Writer,int,java.lang.String):162:out.write("<![CDATA[") |==> <NO-OP>
55:STD:<CALL>:<NO-OP>:org.apache.tools.ant.util.DOMElementWriter@write(org.w3c.dom.Element,java.io.Writer,int,java.lang.String):163:out.write(encodedata(((Text)child).getData())) |==> <NO-OP>
56:STD:<CALL>:<NO-OP>:org.apache.tools.ant.util.DOMElementWriter@write(org.w3c.dom.Element,java.io.Writer,int,java.lang.String):164:out.write("]]>") |==> <NO-OP>
57:STD:<BREAK>:<NO-OP>:org.apache.tools.ant.util.DOMElementWriter@write(org.w3c.dom.Element,java.io.Writer,int,java.lang.String):165:break; |==> <NO-OP>
58:STD:<CALL>:<NO-OP>:org.apache.tools.ant.util.DOMElementWriter@write(org.w3c.dom.Element,java.io.Writer,int,java.lang.String):168:out.write('&') |==> <NO-OP>
59:STD:<CALL>:<NO-OP>:org.apache.tools.ant.util.DOMElementWriter@write(org.w3c.dom.Element,java.io.Writer,int,java.lang.String):169:out.write(child.getNodeName()) |==> <NO-OP>
60:STD:<CALL>:<NO-OP>:org.apache.tools.ant.util.DOMElementWriter@write(org.w3c.dom.Element,java.io.Writer,int,java.lang.String):170:out.write(';') |==> <NO-OP>
61:STD:<BREAK>:<NO-OP>:org.apache.tools.ant.util.DOMElementWriter@write(org.w3c.dom.Element,java.io.Writer,int,java.lang.String):171:break; |==> <NO-OP>
62:STD:<CALL>:<NO-OP>:org.apache.tools.ant.util.DOMElementWriter@write(org.w3c.dom.Element,java.io.Writer,int,java.lang.String):174:out.write("<?") |==> <NO-OP>
63:STD:<CALL>:<NO-OP>:org.apache.tools.ant.util.DOMElementWriter@write(org.w3c.dom.Element,java.io.Writer,int,java.lang.String):175:out.write(child.getNodeName()) |==> <NO-OP>
64:EVR:<METHOD_INVOCATION(java.lang.String)>:<DEFAULT>:org.apache.tools.ant.util.DOMElementWriter@write(org.w3c.dom.Element,java.io.Writer,int,java.lang.String):176:child.getNodeValue() |==> null
65:ROR:!=(java.lang.Object,java.lang.Object):TRUE(java.lang.Object,java.lang.Object):org.apache.tools.ant.util.DOMElementWriter@write(org.w3c.dom.Element,java.io.Writer,int,java.lang.String):177:data != null |==> true
66:LVR:0:POS:org.apache.tools.ant.util.DOMElementWriter@write(org.w3c.dom.Element,java.io.Writer,int,java.lang.String):177:0 |==> 1
67:LVR:0:NEG:org.apache.tools.ant.util.DOMElementWriter@write(org.w3c.dom.Element,java.io.Writer,int,java.lang.String):177:0 |==> -1
68:ROR:>(int,int):!=(int,int):org.apache.tools.ant.util.DOMElementWriter@write(org.w3c.dom.Element,java.io.Writer,int,java.lang.String):177:data.length() > 0 |==> data.length() != 0
69:ROR:>(int,int):>=(int,int):org.apache.tools.ant.util.DOMElementWriter@write(org.w3c.dom.Element,java.io.Writer,int,java.lang.String):177:data.length() > 0 |==> data.length() >= 0
70:ROR:>(int,int):FALSE(int,int):org.apache.tools.ant.util.DOMElementWriter@write(org.w3c.dom.Element,java.io.Writer,int,java.lang.String):177:data.length() > 0 |==> false
71:COR:&&(boolean,boolean):==(boolean,boolean):org.apache.tools.ant.util.DOMElementWriter@write(org.w3c.dom.Element,java.io.Writer,int,java.lang.String):177:data != null && data.length() > 0 |==> data != null == data.length() > 0
72:COR:&&(boolean,boolean):FALSE(boolean,boolean):org.apache.tools.ant.util.DOMElementWriter@write(org.w3c.dom.Element,java.io.Writer,int,java.lang.String):177:data != null && data.length() > 0 |==> false
73:COR:&&(boolean,boolean):LHS(boolean,boolean):org.apache.tools.ant.util.DOMElementWriter@write(org.w3c.dom.Element,java.io.Writer,int,java.lang.String):177:data != null && data.length() > 0 |==> data != null
74:COR:&&(boolean,boolean):RHS(boolean,boolean):org.apache.tools.ant.util.DOMElementWriter@write(org.w3c.dom.Element,java.io.Writer,int,java.lang.String):177:data != null && data.length() > 0 |==> data.length() > 0
75:STD:<CALL>:<NO-OP>:org.apache.tools.ant.util.DOMElementWriter@write(org.w3c.dom.Element,java.io.Writer,int,java.lang.String):178:out.write(' ') |==> <NO-OP>
76:STD:<CALL>:<NO-OP>:org.apache.tools.ant.util.DOMElementWriter@write(org.w3c.dom.Element,java.io.Writer,int,java.lang.String):179:out.write(data) |==> <NO-OP>
77:STD:<CALL>:<NO-OP>:org.apache.tools.ant.util.DOMElementWriter@write(org.w3c.dom.Element,java.io.Writer,int,java.lang.String):181:out.write("?>") |==> <NO-OP>
78:STD:<BREAK>:<NO-OP>:org.apache.tools.ant.util.DOMElementWriter@write(org.w3c.dom.Element,java.io.Writer,int,java.lang.String):182:break; |==> <NO-OP>
79:COR:hasChildren:TRUE:org.apache.tools.ant.util.DOMElementWriter@write(org.w3c.dom.Element,java.io.Writer,int,java.lang.String):189:hasChildren |==> false
80:COR:hasChildren:FALSE:org.apache.tools.ant.util.DOMElementWriter@write(org.w3c.dom.Element,java.io.Writer,int,java.lang.String):189:hasChildren |==> true
81:LVR:0:POS:org.apache.tools.ant.util.DOMElementWriter@write(org.w3c.dom.Element,java.io.Writer,int,java.lang.String):190:0 |==> 1
82:LVR:0:NEG:org.apache.tools.ant.util.DOMElementWriter@write(org.w3c.dom.Element,java.io.Writer,int,java.lang.String):190:0 |==> -1
83:ROR:<(int,int):!=(int,int):org.apache.tools.ant.util.DOMElementWriter@write(org.w3c.dom.Element,java.io.Writer,int,java.lang.String):190:i < indent |==> i != indent
84:ROR:<(int,int):<=(int,int):org.apache.tools.ant.util.DOMElementWriter@write(org.w3c.dom.Element,java.io.Writer,int,java.lang.String):190:i < indent |==> i <= indent
85:ROR:<(int,int):FALSE(int,int):org.apache.tools.ant.util.DOMElementWriter@write(org.w3c.dom.Element,java.io.Writer,int,java.lang.String):190:i < indent |==> false
86:STD:<CALL>:<NO-OP>:org.apache.tools.ant.util.DOMElementWriter@write(org.w3c.dom.Element,java.io.Writer,int,java.lang.String):191:out.write(indentWith) |==> <NO-OP>
87:STD:<CALL>:<NO-OP>:org.apache.tools.ant.util.DOMElementWriter@write(org.w3c.dom.Element,java.io.Writer,int,java.lang.String):196:out.write("</") |==> <NO-OP>
88:STD:<CALL>:<NO-OP>:org.apache.tools.ant.util.DOMElementWriter@write(org.w3c.dom.Element,java.io.Writer,int,java.lang.String):197:out.write(element.getTagName()) |==> <NO-OP>
89:STD:<CALL>:<NO-OP>:org.apache.tools.ant.util.DOMElementWriter@write(org.w3c.dom.Element,java.io.Writer,int,java.lang.String):198:out.write(">") |==> <NO-OP>
90:STD:<CALL>:<NO-OP>:org.apache.tools.ant.util.DOMElementWriter@write(org.w3c.dom.Element,java.io.Writer,int,java.lang.String):199:out.write(lSep) |==> <NO-OP>
91:STD:<CALL>:<NO-OP>:org.apache.tools.ant.util.DOMElementWriter@write(org.w3c.dom.Element,java.io.Writer,int,java.lang.String):200:out.flush() |==> <NO-OP>
92:LVR:0:POS:org.apache.tools.ant.util.DOMElementWriter@encode(java.lang.String):208:0 |==> 1
93:LVR:0:NEG:org.apache.tools.ant.util.DOMElementWriter@encode(java.lang.String):208:0 |==> -1
94:STD:<CALL>:<NO-OP>:org.apache.tools.ant.util.DOMElementWriter@encode(java.lang.String):208:sb.setLength(0) |==> <NO-OP>
95:LVR:0:POS:org.apache.tools.ant.util.DOMElementWriter@encode(java.lang.String):209:0 |==> 1
96:LVR:0:NEG:org.apache.tools.ant.util.DOMElementWriter@encode(java.lang.String):209:0 |==> -1
97:ROR:<(int,int):!=(int,int):org.apache.tools.ant.util.DOMElementWriter@encode(java.lang.String):209:i < value.length() |==> i != value.length()
98:ROR:<(int,int):<=(int,int):org.apache.tools.ant.util.DOMElementWriter@encode(java.lang.String):209:i < value.length() |==> i <= value.length()
99:ROR:<(int,int):FALSE(int,int):org.apache.tools.ant.util.DOMElementWriter@encode(java.lang.String):209:i < value.length() |==> false
100:EVR:<METHOD_INVOCATION(char)>:<DEFAULT>:org.apache.tools.ant.util.DOMElementWriter@encode(java.lang.String):210:value.charAt(i) |==> 0
101:STD:<CALL>:<NO-OP>:org.apache.tools.ant.util.DOMElementWriter@encode(java.lang.String):213:sb.append("&lt;") |==> <NO-OP>
102:STD:<BREAK>:<NO-OP>:org.apache.tools.ant.util.DOMElementWriter@encode(java.lang.String):214:break; |==> <NO-OP>
103:STD:<CALL>:<NO-OP>:org.apache.tools.ant.util.DOMElementWriter@encode(java.lang.String):216:sb.append("&gt;") |==> <NO-OP>
104:STD:<BREAK>:<NO-OP>:org.apache.tools.ant.util.DOMElementWriter@encode(java.lang.String):217:break; |==> <NO-OP>
105:STD:<CALL>:<NO-OP>:org.apache.tools.ant.util.DOMElementWriter@encode(java.lang.String):219:sb.append("&apos;") |==> <NO-OP>
106:STD:<BREAK>:<NO-OP>:org.apache.tools.ant.util.DOMElementWriter@encode(java.lang.String):220:break; |==> <NO-OP>
107:STD:<CALL>:<NO-OP>:org.apache.tools.ant.util.DOMElementWriter@encode(java.lang.String):222:sb.append("&quot;") |==> <NO-OP>
108:STD:<BREAK>:<NO-OP>:org.apache.tools.ant.util.DOMElementWriter@encode(java.lang.String):223:break; |==> <NO-OP>
109:EVR:<METHOD_INVOCATION(int)>:<DEFAULT>:org.apache.tools.ant.util.DOMElementWriter@encode(java.lang.String):225:value.indexOf(";", i) |==> 0
110:LVR:0:POS:org.apache.tools.ant.util.DOMElementWriter@encode(java.lang.String):226:0 |==> 1
111:LVR:0:NEG:org.apache.tools.ant.util.DOMElementWriter@encode(java.lang.String):226:0 |==> -1
112:ROR:<(int,int):!=(int,int):org.apache.tools.ant.util.DOMElementWriter@encode(java.lang.String):226:nextSemi < 0 |==> nextSemi != 0
113:ROR:<(int,int):<=(int,int):org.apache.tools.ant.util.DOMElementWriter@encode(java.lang.String):226:nextSemi < 0 |==> nextSemi <= 0
114:ROR:<(int,int):FALSE(int,int):org.apache.tools.ant.util.DOMElementWriter@encode(java.lang.String):226:nextSemi < 0 |==> false
115:LVR:POS:0:org.apache.tools.ant.util.DOMElementWriter@encode(java.lang.String):227:1 |==> 0
116:LVR:POS:NEG:org.apache.tools.ant.util.DOMElementWriter@encode(java.lang.String):227:1 |==> -1
117:AOR:+(int,int):%(int,int):org.apache.tools.ant.util.DOMElementWriter@encode(java.lang.String):227:nextSemi + 1 |==> nextSemi % 1
118:AOR:+(int,int):*(int,int):org.apache.tools.ant.util.DOMElementWriter@encode(java.lang.String):227:nextSemi + 1 |==> nextSemi * 1
119:AOR:+(int,int):-(int,int):org.apache.tools.ant.util.DOMElementWriter@encode(java.lang.String):227:nextSemi + 1 |==> nextSemi - 1
120:AOR:+(int,int):/(int,int):org.apache.tools.ant.util.DOMElementWriter@encode(java.lang.String):227:nextSemi + 1 |==> nextSemi / 1
121:COR:||(boolean,boolean):!=(boolean,boolean):org.apache.tools.ant.util.DOMElementWriter@encode(java.lang.String):226:nextSemi < 0 || !isReference(value.substring(i, nextSemi + 1)) |==> nextSemi < 0 != !isReference(value.substring(i, nextSemi + 1))
122:COR:||(boolean,boolean):LHS(boolean,boolean):org.apache.tools.ant.util.DOMElementWriter@encode(java.lang.String):226:nextSemi < 0 || !isReference(value.substring(i, nextSemi + 1)) |==> nextSemi < 0
123:COR:||(boolean,boolean):RHS(boolean,boolean):org.apache.tools.ant.util.DOMElementWriter@encode(java.lang.String):227:nextSemi < 0 || !isReference(value.substring(i, nextSemi + 1)) |==> !isReference(value.substring(i, nextSemi + 1))
124:COR:||(boolean,boolean):TRUE(boolean,boolean):org.apache.tools.ant.util.DOMElementWriter@encode(java.lang.String):227:nextSemi < 0 || !isReference(value.substring(i, nextSemi + 1)) |==> true
125:STD:<CALL>:<NO-OP>:org.apache.tools.ant.util.DOMElementWriter@encode(java.lang.String):228:sb.append("&amp;") |==> <NO-OP>
126:STD:<CALL>:<NO-OP>:org.apache.tools.ant.util.DOMElementWriter@encode(java.lang.String):230:sb.append('&') |==> <NO-OP>
127:STD:<BREAK>:<NO-OP>:org.apache.tools.ant.util.DOMElementWriter@encode(java.lang.String):232:break; |==> <NO-OP>
128:COR:isLegalCharacter(c):TRUE:org.apache.tools.ant.util.DOMElementWriter@encode(java.lang.String):234:isLegalCharacter(c) |==> false
129:COR:isLegalCharacter(c):FALSE:org.apache.tools.ant.util.DOMElementWriter@encode(java.lang.String):234:isLegalCharacter(c) |==> true
130:STD:<CALL>:<NO-OP>:org.apache.tools.ant.util.DOMElementWriter@encode(java.lang.String):235:sb.append(c) |==> <NO-OP>
131:STD:<BREAK>:<NO-OP>:org.apache.tools.ant.util.DOMElementWriter@encode(java.lang.String):237:break; |==> <NO-OP>
132:EVR:<METHOD_INVOCATION(java.lang.String)>:<DEFAULT>:org.apache.tools.ant.util.DOMElementWriter@encode(java.lang.String):240:sb.toString() |==> null
133:LVR:0:POS:org.apache.tools.ant.util.DOMElementWriter@encodedata(java.lang.String):250:0 |==> 1
134:LVR:0:NEG:org.apache.tools.ant.util.DOMElementWriter@encodedata(java.lang.String):250:0 |==> -1
135:STD:<CALL>:<NO-OP>:org.apache.tools.ant.util.DOMElementWriter@encodedata(java.lang.String):250:sb.setLength(0) |==> <NO-OP>
136:LVR:0:POS:org.apache.tools.ant.util.DOMElementWriter@encodedata(java.lang.String):251:0 |==> 1
137:LVR:0:NEG:org.apache.tools.ant.util.DOMElementWriter@encodedata(java.lang.String):251:0 |==> -1
138:ROR:<(int,int):!=(int,int):org.apache.tools.ant.util.DOMElementWriter@encodedata(java.lang.String):251:i < value.length() |==> i != value.length()
139:ROR:<(int,int):<=(int,int):org.apache.tools.ant.util.DOMElementWriter@encodedata(java.lang.String):251:i < value.length() |==> i <= value.length()
140:ROR:<(int,int):FALSE(int,int):org.apache.tools.ant.util.DOMElementWriter@encodedata(java.lang.String):251:i < value.length() |==> false
141:EVR:<METHOD_INVOCATION(char)>:<DEFAULT>:org.apache.tools.ant.util.DOMElementWriter@encodedata(java.lang.String):252:value.charAt(i) |==> 0
142:COR:isLegalCharacter(c):TRUE:org.apache.tools.ant.util.DOMElementWriter@encodedata(java.lang.String):253:isLegalCharacter(c) |==> false
143:COR:isLegalCharacter(c):FALSE:org.apache.tools.ant.util.DOMElementWriter@encodedata(java.lang.String):253:isLegalCharacter(c) |==> true
144:STD:<CALL>:<NO-OP>:org.apache.tools.ant.util.DOMElementWriter@encodedata(java.lang.String):254:sb.append(c) |==> <NO-OP>
145:EVR:<METHOD_INVOCATION(java.lang.String)>:<DEFAULT>:org.apache.tools.ant.util.DOMElementWriter@encodedata(java.lang.String):257:sb.toString() |==> null
146:LVR:0:POS:org.apache.tools.ant.util.DOMElementWriter@isReference(java.lang.String):264:0 |==> 1
147:LVR:0:NEG:org.apache.tools.ant.util.DOMElementWriter@isReference(java.lang.String):264:0 |==> -1
148:ROR:==(int,int):<=(int,int):org.apache.tools.ant.util.DOMElementWriter@isReference(java.lang.String):264:ent.charAt(0) == '&' |==> ent.charAt(0) <= '&'
149:ROR:==(int,int):>=(int,int):org.apache.tools.ant.util.DOMElementWriter@isReference(java.lang.String):264:ent.charAt(0) == '&' |==> ent.charAt(0) >= '&'
150:ROR:==(int,int):FALSE(int,int):org.apache.tools.ant.util.DOMElementWriter@isReference(java.lang.String):264:ent.charAt(0) == '&' |==> false
151:COR:||(boolean,boolean):!=(boolean,boolean):org.apache.tools.ant.util.DOMElementWriter@isReference(java.lang.String):264:!(ent.charAt(0) == '&') || !ent.endsWith(";") |==> !(ent.charAt(0) == '&') != !ent.endsWith(";")
152:COR:||(boolean,boolean):LHS(boolean,boolean):org.apache.tools.ant.util.DOMElementWriter@isReference(java.lang.String):264:!(ent.charAt(0) == '&') || !ent.endsWith(";") |==> !(ent.charAt(0) == '&')
153:COR:||(boolean,boolean):RHS(boolean,boolean):org.apache.tools.ant.util.DOMElementWriter@isReference(java.lang.String):264:!(ent.charAt(0) == '&') || !ent.endsWith(";") |==> !ent.endsWith(";")
154:COR:||(boolean,boolean):TRUE(boolean,boolean):org.apache.tools.ant.util.DOMElementWriter@isReference(java.lang.String):264:!(ent.charAt(0) == '&') || !ent.endsWith(";") |==> true
155:LVR:FALSE:TRUE:org.apache.tools.ant.util.DOMElementWriter@isReference(java.lang.String):265:false |==> true
156:STD:<RETURN>:<NO-OP>:org.apache.tools.ant.util.DOMElementWriter@isReference(java.lang.String):265:return Config.__M_NO == 0 && Config.COVERED(155, 155) ? false : Config.__M_NO == 155 ? true : false; |==> <NO-OP>
157:LVR:POS:0:org.apache.tools.ant.util.DOMElementWriter@isReference(java.lang.String):268:1 |==> 0
158:LVR:POS:NEG:org.apache.tools.ant.util.DOMElementWriter@isReference(java.lang.String):268:1 |==> -1
159:ROR:==(int,int):<=(int,int):org.apache.tools.ant.util.DOMElementWriter@isReference(java.lang.String):268:ent.charAt(1) == '#' |==> ent.charAt(1) <= '#'
160:ROR:==(int,int):>=(int,int):org.apache.tools.ant.util.DOMElementWriter@isReference(java.lang.String):268:ent.charAt(1) == '#' |==> ent.charAt(1) >= '#'
161:ROR:==(int,int):FALSE(int,int):org.apache.tools.ant.util.DOMElementWriter@isReference(java.lang.String):268:ent.charAt(1) == '#' |==> false
162:LVR:POS:0:org.apache.tools.ant.util.DOMElementWriter@isReference(java.lang.String):269:2 |==> 0
163:LVR:POS:NEG:org.apache.tools.ant.util.DOMElementWriter@isReference(java.lang.String):269:2 |==> -2
164:ROR:==(int,int):<=(int,int):org.apache.tools.ant.util.DOMElementWriter@isReference(java.lang.String):269:ent.charAt(2) == 'x' |==> ent.charAt(2) <= 'x'
165:ROR:==(int,int):>=(int,int):org.apache.tools.ant.util.DOMElementWriter@isReference(java.lang.String):269:ent.charAt(2) == 'x' |==> ent.charAt(2) >= 'x'
166:ROR:==(int,int):FALSE(int,int):org.apache.tools.ant.util.DOMElementWriter@isReference(java.lang.String):269:ent.charAt(2) == 'x' |==> false
167:LVR:POS:0:org.apache.tools.ant.util.DOMElementWriter@isReference(java.lang.String):271:3 |==> 0
168:LVR:POS:NEG:org.apache.tools.ant.util.DOMElementWriter@isReference(java.lang.String):271:3 |==> -3
169:LVR:POS:0:org.apache.tools.ant.util.DOMElementWriter@isReference(java.lang.String):271:1 |==> 0
170:LVR:POS:NEG:org.apache.tools.ant.util.DOMElementWriter@isReference(java.lang.String):271:1 |==> -1
171:AOR:-(int,int):%(int,int):org.apache.tools.ant.util.DOMElementWriter@isReference(java.lang.String):271:ent.length() - 1 |==> ent.length() % 1
172:AOR:-(int,int):*(int,int):org.apache.tools.ant.util.DOMElementWriter@isReference(java.lang.String):271:ent.length() - 1 |==> ent.length() * 1
173:AOR:-(int,int):+(int,int):org.apache.tools.ant.util.DOMElementWriter@isReference(java.lang.String):271:ent.length() - 1 |==> ent.length() + 1
174:AOR:-(int,int):/(int,int):org.apache.tools.ant.util.DOMElementWriter@isReference(java.lang.String):271:ent.length() - 1 |==> ent.length() / 1
175:LVR:POS:0:org.apache.tools.ant.util.DOMElementWriter@isReference(java.lang.String):271:16 |==> 0
176:LVR:POS:NEG:org.apache.tools.ant.util.DOMElementWriter@isReference(java.lang.String):271:16 |==> -16
177:STD:<CALL>:<NO-OP>:org.apache.tools.ant.util.DOMElementWriter@isReference(java.lang.String):271:Integer.parseInt(ent.substring(3, ent.length() - 1), 16) |==> <NO-OP>
178:LVR:TRUE:FALSE:org.apache.tools.ant.util.DOMElementWriter@isReference(java.lang.String):272:true |==> false
179:STD:<RETURN>:<NO-OP>:org.apache.tools.ant.util.DOMElementWriter@isReference(java.lang.String):272:return Config.__M_NO == 0 && Config.COVERED(178, 178) ? true : Config.__M_NO == 178 ? false : true; |==> <NO-OP>
180:LVR:FALSE:TRUE:org.apache.tools.ant.util.DOMElementWriter@isReference(java.lang.String):274:false |==> true
181:STD:<RETURN>:<NO-OP>:org.apache.tools.ant.util.DOMElementWriter@isReference(java.lang.String):274:return Config.__M_NO == 0 && Config.COVERED(180, 180) ? false : Config.__M_NO == 180 ? true : false; |==> <NO-OP>
182:LVR:POS:0:org.apache.tools.ant.util.DOMElementWriter@isReference(java.lang.String):278:2 |==> 0
183:LVR:POS:NEG:org.apache.tools.ant.util.DOMElementWriter@isReference(java.lang.String):278:2 |==> -2
184:LVR:POS:0:org.apache.tools.ant.util.DOMElementWriter@isReference(java.lang.String):278:1 |==> 0
185:LVR:POS:NEG:org.apache.tools.ant.util.DOMElementWriter@isReference(java.lang.String):278:1 |==> -1
186:AOR:-(int,int):%(int,int):org.apache.tools.ant.util.DOMElementWriter@isReference(java.lang.String):278:ent.length() - 1 |==> ent.length() % 1
187:AOR:-(int,int):*(int,int):org.apache.tools.ant.util.DOMElementWriter@isReference(java.lang.String):278:ent.length() - 1 |==> ent.length() * 1
188:AOR:-(int,int):+(int,int):org.apache.tools.ant.util.DOMElementWriter@isReference(java.lang.String):278:ent.length() - 1 |==> ent.length() + 1
189:AOR:-(int,int):/(int,int):org.apache.tools.ant.util.DOMElementWriter@isReference(java.lang.String):278:ent.length() - 1 |==> ent.length() / 1
190:STD:<CALL>:<NO-OP>:org.apache.tools.ant.util.DOMElementWriter@isReference(java.lang.String):278:Integer.parseInt(ent.substring(2, ent.length() - 1)) |==> <NO-OP>
191:LVR:TRUE:FALSE:org.apache.tools.ant.util.DOMElementWriter@isReference(java.lang.String):279:true |==> false
192:STD:<RETURN>:<NO-OP>:org.apache.tools.ant.util.DOMElementWriter@isReference(java.lang.String):279:return Config.__M_NO == 0 && Config.COVERED(191, 191) ? true : Config.__M_NO == 191 ? false : true; |==> <NO-OP>
193:LVR:FALSE:TRUE:org.apache.tools.ant.util.DOMElementWriter@isReference(java.lang.String):281:false |==> true
194:STD:<RETURN>:<NO-OP>:org.apache.tools.ant.util.DOMElementWriter@isReference(java.lang.String):281:return Config.__M_NO == 0 && Config.COVERED(193, 193) ? false : Config.__M_NO == 193 ? true : false; |==> <NO-OP>
195:LVR:POS:0:org.apache.tools.ant.util.DOMElementWriter@isReference(java.lang.String):286:1 |==> 0
196:LVR:POS:NEG:org.apache.tools.ant.util.DOMElementWriter@isReference(java.lang.String):286:1 |==> -1
197:LVR:POS:0:org.apache.tools.ant.util.DOMElementWriter@isReference(java.lang.String):286:1 |==> 0
198:LVR:POS:NEG:org.apache.tools.ant.util.DOMElementWriter@isReference(java.lang.String):286:1 |==> -1
199:AOR:-(int,int):%(int,int):org.apache.tools.ant.util.DOMElementWriter@isReference(java.lang.String):286:ent.length() - 1 |==> ent.length() % 1
200:AOR:-(int,int):*(int,int):org.apache.tools.ant.util.DOMElementWriter@isReference(java.lang.String):286:ent.length() - 1 |==> ent.length() * 1
201:AOR:-(int,int):+(int,int):org.apache.tools.ant.util.DOMElementWriter@isReference(java.lang.String):286:ent.length() - 1 |==> ent.length() + 1
202:AOR:-(int,int):/(int,int):org.apache.tools.ant.util.DOMElementWriter@isReference(java.lang.String):286:ent.length() - 1 |==> ent.length() / 1
203:LVR:0:POS:org.apache.tools.ant.util.DOMElementWriter@isReference(java.lang.String):287:0 |==> 1
204:LVR:0:NEG:org.apache.tools.ant.util.DOMElementWriter@isReference(java.lang.String):287:0 |==> -1
205:ROR:<(int,int):!=(int,int):org.apache.tools.ant.util.DOMElementWriter@isReference(java.lang.String):287:i < knownEntities.length |==> i != knownEntities.length
206:ROR:<(int,int):<=(int,int):org.apache.tools.ant.util.DOMElementWriter@isReference(java.lang.String):287:i < knownEntities.length |==> i <= knownEntities.length
207:ROR:<(int,int):FALSE(int,int):org.apache.tools.ant.util.DOMElementWriter@isReference(java.lang.String):287:i < knownEntities.length |==> false
208:COR:name.equals(knownEntities[i]):TRUE:org.apache.tools.ant.util.DOMElementWriter@isReference(java.lang.String):288:name.equals(knownEntities[i]) |==> false
209:COR:name.equals(knownEntities[i]):FALSE:org.apache.tools.ant.util.DOMElementWriter@isReference(java.lang.String):288:name.equals(knownEntities[i]) |==> true
210:LVR:TRUE:FALSE:org.apache.tools.ant.util.DOMElementWriter@isReference(java.lang.String):289:true |==> false
211:STD:<RETURN>:<NO-OP>:org.apache.tools.ant.util.DOMElementWriter@isReference(java.lang.String):289:return Config.__M_NO == 0 && Config.COVERED(210, 210) ? true : Config.__M_NO == 210 ? false : true; |==> <NO-OP>
212:LVR:FALSE:TRUE:org.apache.tools.ant.util.DOMElementWriter@isReference(java.lang.String):292:false |==> true
213:LVR:POS:0:org.apache.tools.ant.util.DOMElementWriter@isLegalCharacter(char):305:9 |==> 0
214:LVR:POS:NEG:org.apache.tools.ant.util.DOMElementWriter@isLegalCharacter(char):305:9 |==> -9
215:ROR:==(int,int):<=(int,int):org.apache.tools.ant.util.DOMElementWriter@isLegalCharacter(char):305:c == 9 |==> c <= 9
216:ROR:==(int,int):>=(int,int):org.apache.tools.ant.util.DOMElementWriter@isLegalCharacter(char):305:c == 9 |==> c >= 9
217:ROR:==(int,int):FALSE(int,int):org.apache.tools.ant.util.DOMElementWriter@isLegalCharacter(char):305:c == 9 |==> false
218:LVR:POS:0:org.apache.tools.ant.util.DOMElementWriter@isLegalCharacter(char):305:10 |==> 0
219:LVR:POS:NEG:org.apache.tools.ant.util.DOMElementWriter@isLegalCharacter(char):305:10 |==> -10
220:ROR:==(int,int):<=(int,int):org.apache.tools.ant.util.DOMElementWriter@isLegalCharacter(char):305:c == 10 |==> c <= 10
221:ROR:==(int,int):>=(int,int):org.apache.tools.ant.util.DOMElementWriter@isLegalCharacter(char):305:c == 10 |==> c >= 10
222:ROR:==(int,int):FALSE(int,int):org.apache.tools.ant.util.DOMElementWriter@isLegalCharacter(char):305:c == 10 |==> false
223:COR:||(boolean,boolean):!=(boolean,boolean):org.apache.tools.ant.util.DOMElementWriter@isLegalCharacter(char):305:c == 9 || c == 10 |==> c == 9 != (c == 10)
224:COR:||(boolean,boolean):LHS(boolean,boolean):org.apache.tools.ant.util.DOMElementWriter@isLegalCharacter(char):305:c == 9 || c == 10 |==> c == 9
225:COR:||(boolean,boolean):RHS(boolean,boolean):org.apache.tools.ant.util.DOMElementWriter@isLegalCharacter(char):305:c == 9 || c == 10 |==> c == 10
226:COR:||(boolean,boolean):TRUE(boolean,boolean):org.apache.tools.ant.util.DOMElementWriter@isLegalCharacter(char):305:c == 9 || c == 10 |==> true
227:LVR:POS:0:org.apache.tools.ant.util.DOMElementWriter@isLegalCharacter(char):305:13 |==> 0
228:LVR:POS:NEG:org.apache.tools.ant.util.DOMElementWriter@isLegalCharacter(char):305:13 |==> -13
229:ROR:==(int,int):<=(int,int):org.apache.tools.ant.util.DOMElementWriter@isLegalCharacter(char):305:c == 13 |==> c <= 13
230:ROR:==(int,int):>=(int,int):org.apache.tools.ant.util.DOMElementWriter@isLegalCharacter(char):305:c == 13 |==> c >= 13
231:ROR:==(int,int):FALSE(int,int):org.apache.tools.ant.util.DOMElementWriter@isLegalCharacter(char):305:c == 13 |==> false
232:COR:||(boolean,boolean):!=(boolean,boolean):org.apache.tools.ant.util.DOMElementWriter@isLegalCharacter(char):305:c == 9 || c == 10 || c == 13 |==> (c == 9 || c == 10) != (c == 13)
233:COR:||(boolean,boolean):LHS(boolean,boolean):org.apache.tools.ant.util.DOMElementWriter@isLegalCharacter(char):305:c == 9 || c == 10 || c == 13 |==> c == 9 || c == 10
234:COR:||(boolean,boolean):RHS(boolean,boolean):org.apache.tools.ant.util.DOMElementWriter@isLegalCharacter(char):305:c == 9 || c == 10 || c == 13 |==> c == 13
235:COR:||(boolean,boolean):TRUE(boolean,boolean):org.apache.tools.ant.util.DOMElementWriter@isLegalCharacter(char):305:c == 9 || c == 10 || c == 13 |==> true
236:LVR:TRUE:FALSE:org.apache.tools.ant.util.DOMElementWriter@isLegalCharacter(char):306:true |==> false
237:STD:<RETURN>:<NO-OP>:org.apache.tools.ant.util.DOMElementWriter@isLegalCharacter(char):306:return Config.__M_NO == 0 && Config.COVERED(236, 236) ? true : Config.__M_NO == 236 ? false : true; |==> <NO-OP>
238:LVR:POS:0:org.apache.tools.ant.util.DOMElementWriter@isLegalCharacter(char):307:32 |==> 0
239:LVR:POS:NEG:org.apache.tools.ant.util.DOMElementWriter@isLegalCharacter(char):307:32 |==> -32
240:ROR:<(int,int):!=(int,int):org.apache.tools.ant.util.DOMElementWriter@isLegalCharacter(char):307:c < 32 |==> c != 32
241:ROR:<(int,int):<=(int,int):org.apache.tools.ant.util.DOMElementWriter@isLegalCharacter(char):307:c < 32 |==> c <= 32
242:ROR:<(int,int):FALSE(int,int):org.apache.tools.ant.util.DOMElementWriter@isLegalCharacter(char):307:c < 32 |==> false
243:LVR:FALSE:TRUE:org.apache.tools.ant.util.DOMElementWriter@isLegalCharacter(char):308:false |==> true
244:STD:<RETURN>:<NO-OP>:org.apache.tools.ant.util.DOMElementWriter@isLegalCharacter(char):308:return Config.__M_NO == 0 && Config.COVERED(243, 243) ? false : Config.__M_NO == 243 ? true : false; |==> <NO-OP>
245:LVR:POS:0:org.apache.tools.ant.util.DOMElementWriter@isLegalCharacter(char):309:55295 |==> 0
246:LVR:POS:NEG:org.apache.tools.ant.util.DOMElementWriter@isLegalCharacter(char):309:55295 |==> -55295
247:ROR:<=(int,int):<(int,int):org.apache.tools.ant.util.DOMElementWriter@isLegalCharacter(char):309:c <= 55295 |==> c < 55295
248:ROR:<=(int,int):==(int,int):org.apache.tools.ant.util.DOMElementWriter@isLegalCharacter(char):309:c <= 55295 |==> c == 55295
249:ROR:<=(int,int):TRUE(int,int):org.apache.tools.ant.util.DOMElementWriter@isLegalCharacter(char):309:c <= 55295 |==> true
250:LVR:TRUE:FALSE:org.apache.tools.ant.util.DOMElementWriter@isLegalCharacter(char):310:true |==> false
251:STD:<RETURN>:<NO-OP>:org.apache.tools.ant.util.DOMElementWriter@isLegalCharacter(char):310:return Config.__M_NO == 0 && Config.COVERED(250, 250) ? true : Config.__M_NO == 250 ? false : true; |==> <NO-OP>
252:LVR:POS:0:org.apache.tools.ant.util.DOMElementWriter@isLegalCharacter(char):311:57344 |==> 0
253:LVR:POS:NEG:org.apache.tools.ant.util.DOMElementWriter@isLegalCharacter(char):311:57344 |==> -57344
254:ROR:<(int,int):!=(int,int):org.apache.tools.ant.util.DOMElementWriter@isLegalCharacter(char):311:c < 57344 |==> c != 57344
255:ROR:<(int,int):<=(int,int):org.apache.tools.ant.util.DOMElementWriter@isLegalCharacter(char):311:c < 57344 |==> c <= 57344
256:ROR:<(int,int):FALSE(int,int):org.apache.tools.ant.util.DOMElementWriter@isLegalCharacter(char):311:c < 57344 |==> false
257:LVR:FALSE:TRUE:org.apache.tools.ant.util.DOMElementWriter@isLegalCharacter(char):312:false |==> true
258:STD:<RETURN>:<NO-OP>:org.apache.tools.ant.util.DOMElementWriter@isLegalCharacter(char):312:return Config.__M_NO == 0 && Config.COVERED(257, 257) ? false : Config.__M_NO == 257 ? true : false; |==> <NO-OP>
259:LVR:POS:0:org.apache.tools.ant.util.DOMElementWriter@isLegalCharacter(char):313:65533 |==> 0
260:LVR:POS:NEG:org.apache.tools.ant.util.DOMElementWriter@isLegalCharacter(char):313:65533 |==> -65533
261:ROR:<=(int,int):<(int,int):org.apache.tools.ant.util.DOMElementWriter@isLegalCharacter(char):313:c <= 65533 |==> c < 65533
262:ROR:<=(int,int):==(int,int):org.apache.tools.ant.util.DOMElementWriter@isLegalCharacter(char):313:c <= 65533 |==> c == 65533
263:ROR:<=(int,int):TRUE(int,int):org.apache.tools.ant.util.DOMElementWriter@isLegalCharacter(char):313:c <= 65533 |==> true
264:LVR:TRUE:FALSE:org.apache.tools.ant.util.DOMElementWriter@isLegalCharacter(char):314:true |==> false
265:STD:<RETURN>:<NO-OP>:org.apache.tools.ant.util.DOMElementWriter@isLegalCharacter(char):314:return Config.__M_NO == 0 && Config.COVERED(264, 264) ? true : Config.__M_NO == 264 ? false : true; |==> <NO-OP>
266:LVR:FALSE:TRUE:org.apache.tools.ant.util.DOMElementWriter@isLegalCharacter(char):316:false |==> true
