1:LVR:0:POS:org.apache.tools.ant.filters.TailFilter:83:0 |==> 1
2:LVR:0:NEG:org.apache.tools.ant.filters.TailFilter:83:0 |==> -1
3:LVR:POS:0:org.apache.tools.ant.filters.TailFilter:86:10 |==> 0
4:LVR:POS:NEG:org.apache.tools.ant.filters.TailFilter:86:10 |==> -10
5:LVR:POS:0:org.apache.tools.ant.filters.TailFilter:89:4096 |==> 0
6:LVR:POS:NEG:org.apache.tools.ant.filters.TailFilter:89:4096 |==> -4096
7:LVR:NEG:0:org.apache.tools.ant.filters.TailFilter:92:-1 |==> 0
8:LVR:NEG:POS:org.apache.tools.ant.filters.TailFilter:92:-1 |==> 1
9:LVR:FALSE:TRUE:org.apache.tools.ant.filters.TailFilter:95:false |==> true
10:LVR:0:POS:org.apache.tools.ant.filters.TailFilter:98:0 |==> 1
11:LVR:0:NEG:org.apache.tools.ant.filters.TailFilter:98:0 |==> -1
12:COR:getInitialized():TRUE:org.apache.tools.ant.filters.TailFilter@read():133:getInitialized() |==> false
13:COR:getInitialized():FALSE:org.apache.tools.ant.filters.TailFilter@read():133:getInitialized() |==> true
14:STD:<CALL>:<NO-OP>:org.apache.tools.ant.filters.TailFilter@read():134:initialize() |==> <NO-OP>
15:LVR:TRUE:FALSE:org.apache.tools.ant.filters.TailFilter@read():135:true |==> false
16:STD:<CALL>:<NO-OP>:org.apache.tools.ant.filters.TailFilter@read():135:setInitialized(true) |==> <NO-OP>
17:COR:completedReadAhead:TRUE:org.apache.tools.ant.filters.TailFilter@read():138:completedReadAhead |==> false
18:COR:completedReadAhead:FALSE:org.apache.tools.ant.filters.TailFilter@read():138:completedReadAhead |==> true
19:LVR:NEG:0:org.apache.tools.ant.filters.TailFilter@read():139:-1 |==> 0
20:LVR:NEG:POS:org.apache.tools.ant.filters.TailFilter@read():139:-1 |==> 1
21:LVR:NEG:0:org.apache.tools.ant.filters.TailFilter@read():140:-1 |==> 0
22:LVR:NEG:POS:org.apache.tools.ant.filters.TailFilter@read():140:-1 |==> 1
