1:STD:<ASSIGN>:<NO-OP>:org.apache.tools.ant.taskdefs.TaskOutputStream@<init>(Task,int):85:this.task = task |==> <NO-OP>
2:STD:<ASSIGN>:<NO-OP>:org.apache.tools.ant.taskdefs.TaskOutputStream@<init>(Task,int):86:this.msgOutputLevel = msgOutputLevel |==> <NO-OP>
3:STD:<ASSIGN>:<NO-OP>:org.apache.tools.ant.taskdefs.TaskOutputStream@<init>(Task,int):88:line = new StringBuffer() |==> <NO-OP>
4:EVR:<TYPE_CAST(char)>:<DEFAULT>:org.apache.tools.ant.taskdefs.TaskOutputStream@write(int):98:(char)c |==> 0
5:ROR:==(int,int):<=(int,int):org.apache.tools.ant.taskdefs.TaskOutputStream@write(int):99:cc == '\r' |==> cc <= '\r'
6:ROR:==(int,int):>=(int,int):org.apache.tools.ant.taskdefs.TaskOutputStream@write(int):99:cc == '\r' |==> cc >= '\r'
7:ROR:==(int,int):FALSE(int,int):org.apache.tools.ant.taskdefs.TaskOutputStream@write(int):99:cc == '\r' |==> false
8:ROR:==(int,int):<=(int,int):org.apache.tools.ant.taskdefs.TaskOutputStream@write(int):99:cc == '\n' |==> cc <= '\n'
9:ROR:==(int,int):>=(int,int):org.apache.tools.ant.taskdefs.TaskOutputStream@write(int):99:cc == '\n' |==> cc >= '\n'
10:ROR:==(int,int):FALSE(int,int):org.apache.tools.ant.taskdefs.TaskOutputStream@write(int):99:cc == '\n' |==> false
11:COR:||(boolean,boolean):!=(boolean,boolean):org.apache.tools.ant.taskdefs.TaskOutputStream@write(int):99:cc == '\r' || cc == '\n' |==> cc == '\r' != (cc == '\n')
12:COR:||(boolean,boolean):LHS(boolean,boolean):org.apache.tools.ant.taskdefs.TaskOutputStream@write(int):99:cc == '\r' || cc == '\n' |==> cc == '\r'
13:COR:||(boolean,boolean):RHS(boolean,boolean):org.apache.tools.ant.taskdefs.TaskOutputStream@write(int):99:cc == '\r' || cc == '\n' |==> cc == '\n'
14:COR:||(boolean,boolean):TRUE(boolean,boolean):org.apache.tools.ant.taskdefs.TaskOutputStream@write(int):99:cc == '\r' || cc == '\n' |==> true
15:LVR:0:POS:org.apache.tools.ant.taskdefs.TaskOutputStream@write(int):101:0 |==> 1
16:LVR:0:NEG:org.apache.tools.ant.taskdefs.TaskOutputStream@write(int):101:0 |==> -1
17:ROR:>(int,int):!=(int,int):org.apache.tools.ant.taskdefs.TaskOutputStream@write(int):101:line.length() > 0 |==> line.length() != 0
18:ROR:>(int,int):>=(int,int):org.apache.tools.ant.taskdefs.TaskOutputStream@write(int):101:line.length() > 0 |==> line.length() >= 0
19:ROR:>(int,int):FALSE(int,int):org.apache.tools.ant.taskdefs.TaskOutputStream@write(int):101:line.length() > 0 |==> false
20:STD:<CALL>:<NO-OP>:org.apache.tools.ant.taskdefs.TaskOutputStream@write(int):102:processLine() |==> <NO-OP>
21:STD:<CALL>:<NO-OP>:org.apache.tools.ant.taskdefs.TaskOutputStream@write(int):105:line.append(cc) |==> <NO-OP>
22:EVR:<METHOD_INVOCATION(java.lang.String)>:<DEFAULT>:org.apache.tools.ant.taskdefs.TaskOutputStream@processLine():114:line.toString() |==> null
23:STD:<CALL>:<NO-OP>:org.apache.tools.ant.taskdefs.TaskOutputStream@processLine():115:task.log(s, msgOutputLevel) |==> <NO-OP>
24:STD:<ASSIGN>:<NO-OP>:org.apache.tools.ant.taskdefs.TaskOutputStream@processLine():116:line = new StringBuffer() |==> <NO-OP>
