1:EVR:<MEMBER_SELECT(int)>:<DEFAULT>:org.apache.tools.zip.ZipOutputStream:104:Deflater.DEFAULT_COMPRESSION |==> 0
2:EVR:<IDENTIFIER(int)>:<DEFAULT>:org.apache.tools.zip.ZipOutputStream:111:DEFLATED |==> 0
3:EVR:<NEW_CLASS(java.util.Vector)>:<DEFAULT>:org.apache.tools.zip.ZipOutputStream:118:new Vector() |==> null
4:EVR:<NEW_CLASS(java.util.zip.CRC32)>:<DEFAULT>:org.apache.tools.zip.ZipOutputStream:125:new CRC32() |==> null
5:LVR:0:POS:org.apache.tools.zip.ZipOutputStream:132:0 |==> 1
6:LVR:0:NEG:org.apache.tools.zip.ZipOutputStream:132:0 |==> -1
7:LVR:0:POS:org.apache.tools.zip.ZipOutputStream:139:0 |==> 1
8:LVR:0:NEG:org.apache.tools.zip.ZipOutputStream:139:0 |==> -1
9:LVR:0:POS:org.apache.tools.zip.ZipOutputStream:146:0 |==> 1
10:LVR:0:NEG:org.apache.tools.zip.ZipOutputStream:146:0 |==> -1
11:LVR:0:POS:org.apache.tools.zip.ZipOutputStream:153:0 |==> 1
12:LVR:0:NEG:org.apache.tools.zip.ZipOutputStream:153:0 |==> -1
13:LVR:0:POS:org.apache.tools.zip.ZipOutputStream:160:0 |==> 1
14:LVR:0:NEG:org.apache.tools.zip.ZipOutputStream:160:0 |==> -1
15:LVR:0:POS:org.apache.tools.zip.ZipOutputStream:160:0 |==> 1
16:LVR:0:NEG:org.apache.tools.zip.ZipOutputStream:160:0 |==> -1
17:LVR:0:POS:org.apache.tools.zip.ZipOutputStream:167:0 |==> 1
18:LVR:0:NEG:org.apache.tools.zip.ZipOutputStream:167:0 |==> -1
19:LVR:0:POS:org.apache.tools.zip.ZipOutputStream:167:0 |==> 1
20:LVR:0:NEG:org.apache.tools.zip.ZipOutputStream:167:0 |==> -1
21:LVR:0:POS:org.apache.tools.zip.ZipOutputStream:167:0 |==> 1
22:LVR:0:NEG:org.apache.tools.zip.ZipOutputStream:167:0 |==> -1
23:LVR:0:POS:org.apache.tools.zip.ZipOutputStream:167:0 |==> 1
24:LVR:0:NEG:org.apache.tools.zip.ZipOutputStream:167:0 |==> -1
25:EVR:<NEW_CLASS(java.util.Hashtable)>:<DEFAULT>:org.apache.tools.zip.ZipOutputStream:174:new Hashtable() |==> null
