1:STD:<ASSIGN>:<NO-OP>:org.apache.tools.zip.ZipShort@<init>(int):74:this.value = value |==> <NO-OP>
2:LVR:0:POS:org.apache.tools.zip.ZipShort@<init>(byte[]):83:0 |==> 1
3:LVR:0:NEG:org.apache.tools.zip.ZipShort@<init>(byte[]):83:0 |==> -1
4:LVR:POS:0:org.apache.tools.zip.ZipShort@<init>(byte[],int):92:1 |==> 0
5:LVR:POS:NEG:org.apache.tools.zip.ZipShort@<init>(byte[],int):92:1 |==> -1
6:AOR:+(int,int):%(int,int):org.apache.tools.zip.ZipShort@<init>(byte[],int):92:offset + 1 |==> offset % 1
7:AOR:+(int,int):*(int,int):org.apache.tools.zip.ZipShort@<init>(byte[],int):92:offset + 1 |==> offset * 1
8:AOR:+(int,int):-(int,int):org.apache.tools.zip.ZipShort@<init>(byte[],int):92:offset + 1 |==> offset - 1
9:AOR:+(int,int):/(int,int):org.apache.tools.zip.ZipShort@<init>(byte[],int):92:offset + 1 |==> offset / 1
10:LVR:POS:0:org.apache.tools.zip.ZipShort@<init>(byte[],int):92:8 |==> 0
11:LVR:POS:NEG:org.apache.tools.zip.ZipShort@<init>(byte[],int):92:8 |==> -8
12:SOR:<<(int,int):>>(int,int):org.apache.tools.zip.ZipShort@<init>(byte[],int):92:bytes[offset + 1] << 8 |==> bytes[offset + 1] >> 8
13:SOR:<<(int,int):>>>(int,int):org.apache.tools.zip.ZipShort@<init>(byte[],int):92:bytes[offset + 1] << 8 |==> bytes[offset + 1] >>> 8
14:LVR:POS:0:org.apache.tools.zip.ZipShort@<init>(byte[],int):92:65280 |==> 0
15:LVR:POS:NEG:org.apache.tools.zip.ZipShort@<init>(byte[],int):92:65280 |==> -65280
16:LOR:&(int,int):^(int,int):org.apache.tools.zip.ZipShort@<init>(byte[],int):92:(bytes[offset + 1] << 8) & 65280 |==> (bytes[offset + 1] << 8) ^ 65280
17:LOR:&(int,int):|(int,int):org.apache.tools.zip.ZipShort@<init>(byte[],int):92:(bytes[offset + 1] << 8) & 65280 |==> (bytes[offset + 1] << 8) | 65280
18:STD:<ASSIGN>:<NO-OP>:org.apache.tools.zip.ZipShort@<init>(byte[],int):92:value = (bytes[offset + 1] << 8) & 65280 |==> <NO-OP>
19:LVR:POS:0:org.apache.tools.zip.ZipShort@<init>(byte[],int):93:255 |==> 0
20:LVR:POS:NEG:org.apache.tools.zip.ZipShort@<init>(byte[],int):93:255 |==> -255
21:LOR:&(int,int):^(int,int):org.apache.tools.zip.ZipShort@<init>(byte[],int):93:bytes[offset] & 255 |==> bytes[offset] ^ 255
22:LOR:&(int,int):|(int,int):org.apache.tools.zip.ZipShort@<init>(byte[],int):93:bytes[offset] & 255 |==> bytes[offset] | 255
23:STD:<ASSIGN>:<NO-OP>:org.apache.tools.zip.ZipShort@<init>(byte[],int):93:value += (bytes[offset] & 255) |==> <NO-OP>
24:LVR:POS:0:org.apache.tools.zip.ZipShort@getBytes():102:2 |==> 0
25:LVR:POS:NEG:org.apache.tools.zip.ZipShort@getBytes():102:2 |==> -2
26:LVR:0:POS:org.apache.tools.zip.ZipShort@getBytes():103:0 |==> 1
27:LVR:0:NEG:org.apache.tools.zip.ZipShort@getBytes():103:0 |==> -1
28:LVR:POS:0:org.apache.tools.zip.ZipShort@getBytes():103:255 |==> 0
29:LVR:POS:NEG:org.apache.tools.zip.ZipShort@getBytes():103:255 |==> -255
30:LOR:&(int,int):^(int,int):org.apache.tools.zip.ZipShort@getBytes():103:value & 255 |==> value ^ 255
31:LOR:&(int,int):|(int,int):org.apache.tools.zip.ZipShort@getBytes():103:value & 255 |==> value | 255
32:STD:<ASSIGN>:<NO-OP>:org.apache.tools.zip.ZipShort@getBytes():103:result[0] = (byte)(value & 255) |==> <NO-OP>
33:LVR:POS:0:org.apache.tools.zip.ZipShort@getBytes():104:1 |==> 0
34:LVR:POS:NEG:org.apache.tools.zip.ZipShort@getBytes():104:1 |==> -1
35:LVR:POS:0:org.apache.tools.zip.ZipShort@getBytes():104:65280 |==> 0
36:LVR:POS:NEG:org.apache.tools.zip.ZipShort@getBytes():104:65280 |==> -65280
37:LOR:&(int,int):^(int,int):org.apache.tools.zip.ZipShort@getBytes():104:value & 65280 |==> value ^ 65280
38:LOR:&(int,int):|(int,int):org.apache.tools.zip.ZipShort@getBytes():104:value & 65280 |==> value | 65280
39:LVR:POS:0:org.apache.tools.zip.ZipShort@getBytes():104:8 |==> 0
40:LVR:POS:NEG:org.apache.tools.zip.ZipShort@getBytes():104:8 |==> -8
41:SOR:>>(int,int):<<(int,int):org.apache.tools.zip.ZipShort@getBytes():104:(value & 65280) >> 8 |==> (value & 65280) << 8
42:SOR:>>(int,int):>>>(int,int):org.apache.tools.zip.ZipShort@getBytes():104:(value & 65280) >> 8 |==> (value & 65280) >>> 8
43:STD:<ASSIGN>:<NO-OP>:org.apache.tools.zip.ZipShort@getBytes():104:result[1] = (byte)((value & 65280) >> 8) |==> <NO-OP>
44:EVR:<IDENTIFIER(byte[])>:<DEFAULT>:org.apache.tools.zip.ZipShort@getBytes():105:result |==> null
45:EVR:<IDENTIFIER(int)>:<DEFAULT>:org.apache.tools.zip.ZipShort@getValue():114:value |==> 0
46:ROR:==(java.lang.Object,java.lang.Object):FALSE(java.lang.Object,java.lang.Object):org.apache.tools.zip.ZipShort@equals(java.lang.Object):123:o == null |==> false
47:COR:||(boolean,boolean):!=(boolean,boolean):org.apache.tools.zip.ZipShort@equals(java.lang.Object):123:o == null || !(o instanceof ZipShort) |==> o == null != !(o instanceof ZipShort)
48:COR:||(boolean,boolean):LHS(boolean,boolean):org.apache.tools.zip.ZipShort@equals(java.lang.Object):123:o == null || !(o instanceof ZipShort) |==> o == null
49:COR:||(boolean,boolean):RHS(boolean,boolean):org.apache.tools.zip.ZipShort@equals(java.lang.Object):123:o == null || !(o instanceof ZipShort) |==> !(o instanceof ZipShort)
50:COR:||(boolean,boolean):TRUE(boolean,boolean):org.apache.tools.zip.ZipShort@equals(java.lang.Object):123:o == null || !(o instanceof ZipShort) |==> true
51:LVR:FALSE:TRUE:org.apache.tools.zip.ZipShort@equals(java.lang.Object):124:false |==> true
52:STD:<RETURN>:<NO-OP>:org.apache.tools.zip.ZipShort@equals(java.lang.Object):124:return Config.__M_NO == 0 && Config.COVERED(51, 51) ? false : Config.__M_NO == 51 ? true : false; |==> <NO-OP>
53:ROR:==(int,int):<=(int,int):org.apache.tools.zip.ZipShort@equals(java.lang.Object):126:value == ((ZipShort)o).getValue() |==> value <= ((ZipShort)o).getValue()
54:ROR:==(int,int):>=(int,int):org.apache.tools.zip.ZipShort@equals(java.lang.Object):126:value == ((ZipShort)o).getValue() |==> value >= ((ZipShort)o).getValue()
55:ROR:==(int,int):FALSE(int,int):org.apache.tools.zip.ZipShort@equals(java.lang.Object):126:value == ((ZipShort)o).getValue() |==> false
56:EVR:<IDENTIFIER(int)>:<DEFAULT>:org.apache.tools.zip.ZipShort@hashCode():135:value |==> 0
