1:LVR:0:POS:org.apache.tools.tar.TarUtils@parseOctal(byte[],int,int):80:0 |==> 1
2:LVR:0:NEG:org.apache.tools.tar.TarUtils@parseOctal(byte[],int,int):80:0 |==> -1
3:LVR:TRUE:FALSE:org.apache.tools.tar.TarUtils@parseOctal(byte[],int,int):81:true |==> false
4:AOR:+(int,int):%(int,int):org.apache.tools.tar.TarUtils@parseOctal(byte[],int,int):82:offset + length |==> offset % length
5:AOR:+(int,int):*(int,int):org.apache.tools.tar.TarUtils@parseOctal(byte[],int,int):82:offset + length |==> offset * length
6:AOR:+(int,int):-(int,int):org.apache.tools.tar.TarUtils@parseOctal(byte[],int,int):82:offset + length |==> offset - length
7:AOR:+(int,int):/(int,int):org.apache.tools.tar.TarUtils@parseOctal(byte[],int,int):82:offset + length |==> offset / length
8:EVR:<IDENTIFIER(int)>:<DEFAULT>:org.apache.tools.tar.TarUtils@parseOctal(byte[],int,int):84:offset |==> 0
9:ROR:<(int,int):!=(int,int):org.apache.tools.tar.TarUtils@parseOctal(byte[],int,int):84:i < end |==> i != end
10:ROR:<(int,int):<=(int,int):org.apache.tools.tar.TarUtils@parseOctal(byte[],int,int):84:i < end |==> i <= end
11:ROR:<(int,int):FALSE(int,int):org.apache.tools.tar.TarUtils@parseOctal(byte[],int,int):84:i < end |==> false
12:LVR:0:POS:org.apache.tools.tar.TarUtils@parseOctal(byte[],int,int):85:0 |==> 1
13:LVR:0:NEG:org.apache.tools.tar.TarUtils@parseOctal(byte[],int,int):85:0 |==> -1
14:ROR:==(int,int):<=(int,int):org.apache.tools.tar.TarUtils@parseOctal(byte[],int,int):85:header[i] == 0 |==> header[i] <= 0
15:ROR:==(int,int):>=(int,int):org.apache.tools.tar.TarUtils@parseOctal(byte[],int,int):85:header[i] == 0 |==> header[i] >= 0
16:ROR:==(int,int):FALSE(int,int):org.apache.tools.tar.TarUtils@parseOctal(byte[],int,int):85:header[i] == 0 |==> false
17:STD:<BREAK>:<NO-OP>:org.apache.tools.tar.TarUtils@parseOctal(byte[],int,int):86:break; |==> <NO-OP>
18:ROR:==(int,int):<=(int,int):org.apache.tools.tar.TarUtils@parseOctal(byte[],int,int):89:header[i] == (byte)' ' |==> header[i] <= (byte)' '
19:ROR:==(int,int):>=(int,int):org.apache.tools.tar.TarUtils@parseOctal(byte[],int,int):89:header[i] == (byte)' ' |==> header[i] >= (byte)' '
20:ROR:==(int,int):FALSE(int,int):org.apache.tools.tar.TarUtils@parseOctal(byte[],int,int):89:header[i] == (byte)' ' |==> false
21:ROR:==(int,int):<=(int,int):org.apache.tools.tar.TarUtils@parseOctal(byte[],int,int):89:header[i] == '0' |==> header[i] <= '0'
22:ROR:==(int,int):>=(int,int):org.apache.tools.tar.TarUtils@parseOctal(byte[],int,int):89:header[i] == '0' |==> header[i] >= '0'
23:ROR:==(int,int):FALSE(int,int):org.apache.tools.tar.TarUtils@parseOctal(byte[],int,int):89:header[i] == '0' |==> false
24:COR:||(boolean,boolean):!=(boolean,boolean):org.apache.tools.tar.TarUtils@parseOctal(byte[],int,int):89:header[i] == (byte)' ' || header[i] == '0' |==> header[i] == (byte)' ' != (header[i] == '0')
25:COR:||(boolean,boolean):LHS(boolean,boolean):org.apache.tools.tar.TarUtils@parseOctal(byte[],int,int):89:header[i] == (byte)' ' || header[i] == '0' |==> header[i] == (byte)' '
26:COR:||(boolean,boolean):RHS(boolean,boolean):org.apache.tools.tar.TarUtils@parseOctal(byte[],int,int):89:header[i] == (byte)' ' || header[i] == '0' |==> header[i] == '0'
27:COR:||(boolean,boolean):TRUE(boolean,boolean):org.apache.tools.tar.TarUtils@parseOctal(byte[],int,int):89:header[i] == (byte)' ' || header[i] == '0' |==> true
28:COR:stillPadding:TRUE:org.apache.tools.tar.TarUtils@parseOctal(byte[],int,int):90:stillPadding |==> false
29:COR:stillPadding:FALSE:org.apache.tools.tar.TarUtils@parseOctal(byte[],int,int):90:stillPadding |==> true
30:STD:<CONT>:<NO-OP>:org.apache.tools.tar.TarUtils@parseOctal(byte[],int,int):91:continue; |==> <NO-OP>
31:ROR:==(int,int):<=(int,int):org.apache.tools.tar.TarUtils@parseOctal(byte[],int,int):94:header[i] == (byte)' ' |==> header[i] <= (byte)' '
32:ROR:==(int,int):>=(int,int):org.apache.tools.tar.TarUtils@parseOctal(byte[],int,int):94:header[i] == (byte)' ' |==> header[i] >= (byte)' '
33:ROR:==(int,int):FALSE(int,int):org.apache.tools.tar.TarUtils@parseOctal(byte[],int,int):94:header[i] == (byte)' ' |==> false
34:STD:<BREAK>:<NO-OP>:org.apache.tools.tar.TarUtils@parseOctal(byte[],int,int):95:break; |==> <NO-OP>
35:LVR:FALSE:TRUE:org.apache.tools.tar.TarUtils@parseOctal(byte[],int,int):99:false |==> true
36:STD:<ASSIGN>:<NO-OP>:org.apache.tools.tar.TarUtils@parseOctal(byte[],int,int):99:stillPadding = false |==> <NO-OP>
37:LVR:POS:0:org.apache.tools.tar.TarUtils@parseOctal(byte[],int,int):100:3 |==> 0
38:LVR:POS:NEG:org.apache.tools.tar.TarUtils@parseOctal(byte[],int,int):100:3 |==> -3
39:SOR:<<(long,int):>>(long,int):org.apache.tools.tar.TarUtils@parseOctal(byte[],int,int):100:result << 3 |==> result >> 3
40:SOR:<<(long,int):>>>(long,int):org.apache.tools.tar.TarUtils@parseOctal(byte[],int,int):100:result << 3 |==> result >>> 3
41:AOR:-(int,int):%(int,int):org.apache.tools.tar.TarUtils@parseOctal(byte[],int,int):100:header[i] - '0' |==> header[i] % '0'
42:AOR:-(int,int):*(int,int):org.apache.tools.tar.TarUtils@parseOctal(byte[],int,int):100:header[i] - '0' |==> header[i] * '0'
43:AOR:-(int,int):+(int,int):org.apache.tools.tar.TarUtils@parseOctal(byte[],int,int):100:header[i] - '0' |==> header[i] + '0'
44:AOR:-(int,int):/(int,int):org.apache.tools.tar.TarUtils@parseOctal(byte[],int,int):100:header[i] - '0' |==> header[i] / '0'
45:AOR:+(long,long):%(long,long):org.apache.tools.tar.TarUtils@parseOctal(byte[],int,int):100:(result << 3) + (header[i] - '0') |==> (result << 3) % (header[i] - '0')
46:AOR:+(long,long):*(long,long):org.apache.tools.tar.TarUtils@parseOctal(byte[],int,int):100:(result << 3) + (header[i] - '0') |==> (result << 3) * (header[i] - '0')
47:AOR:+(long,long):-(long,long):org.apache.tools.tar.TarUtils@parseOctal(byte[],int,int):100:(result << 3) + (header[i] - '0') |==> (result << 3) - (header[i] - '0')
48:AOR:+(long,long):/(long,long):org.apache.tools.tar.TarUtils@parseOctal(byte[],int,int):100:(result << 3) + (header[i] - '0') |==> (result << 3) / (header[i] - '0')
49:STD:<ASSIGN>:<NO-OP>:org.apache.tools.tar.TarUtils@parseOctal(byte[],int,int):100:result = (result << 3) + (header[i] - '0') |==> <NO-OP>
50:EVR:<IDENTIFIER(long)>:<DEFAULT>:org.apache.tools.tar.TarUtils@parseOctal(byte[],int,int):103:result |==> 0L
51:EVR:<NEW_CLASS(java.lang.StringBuffer)>:<DEFAULT>:org.apache.tools.tar.TarUtils@parseName(byte[],int,int):115:new StringBuffer(length) |==> null
52:AOR:+(int,int):%(int,int):org.apache.tools.tar.TarUtils@parseName(byte[],int,int):116:offset + length |==> offset % length
53:AOR:+(int,int):*(int,int):org.apache.tools.tar.TarUtils@parseName(byte[],int,int):116:offset + length |==> offset * length
54:AOR:+(int,int):-(int,int):org.apache.tools.tar.TarUtils@parseName(byte[],int,int):116:offset + length |==> offset - length
55:AOR:+(int,int):/(int,int):org.apache.tools.tar.TarUtils@parseName(byte[],int,int):116:offset + length |==> offset / length
56:EVR:<IDENTIFIER(int)>:<DEFAULT>:org.apache.tools.tar.TarUtils@parseName(byte[],int,int):118:offset |==> 0
57:ROR:<(int,int):!=(int,int):org.apache.tools.tar.TarUtils@parseName(byte[],int,int):118:i < end |==> i != end
58:ROR:<(int,int):<=(int,int):org.apache.tools.tar.TarUtils@parseName(byte[],int,int):118:i < end |==> i <= end
59:ROR:<(int,int):FALSE(int,int):org.apache.tools.tar.TarUtils@parseName(byte[],int,int):118:i < end |==> false
60:LVR:0:POS:org.apache.tools.tar.TarUtils@parseName(byte[],int,int):119:0 |==> 1
61:LVR:0:NEG:org.apache.tools.tar.TarUtils@parseName(byte[],int,int):119:0 |==> -1
62:ROR:==(int,int):<=(int,int):org.apache.tools.tar.TarUtils@parseName(byte[],int,int):119:header[i] == 0 |==> header[i] <= 0
63:ROR:==(int,int):>=(int,int):org.apache.tools.tar.TarUtils@parseName(byte[],int,int):119:header[i] == 0 |==> header[i] >= 0
64:ROR:==(int,int):FALSE(int,int):org.apache.tools.tar.TarUtils@parseName(byte[],int,int):119:header[i] == 0 |==> false
65:STD:<BREAK>:<NO-OP>:org.apache.tools.tar.TarUtils@parseName(byte[],int,int):120:break; |==> <NO-OP>
66:STD:<CALL>:<NO-OP>:org.apache.tools.tar.TarUtils@parseName(byte[],int,int):123:result.append((char)header[i]) |==> <NO-OP>
67:EVR:<IDENTIFIER(java.lang.StringBuffer)>:<DEFAULT>:org.apache.tools.tar.TarUtils@parseName(byte[],int,int):126:result |==> null
68:LVR:0:POS:org.apache.tools.tar.TarUtils@getNameBytes(java.lang.StringBuffer,byte[],int,int):140:0 |==> 1
69:LVR:0:NEG:org.apache.tools.tar.TarUtils@getNameBytes(java.lang.StringBuffer,byte[],int,int):140:0 |==> -1
70:ROR:<(int,int):!=(int,int):org.apache.tools.tar.TarUtils@getNameBytes(java.lang.StringBuffer,byte[],int,int):140:i < length |==> i != length
71:ROR:<(int,int):<=(int,int):org.apache.tools.tar.TarUtils@getNameBytes(java.lang.StringBuffer,byte[],int,int):140:i < length |==> i <= length
72:ROR:<(int,int):FALSE(int,int):org.apache.tools.tar.TarUtils@getNameBytes(java.lang.StringBuffer,byte[],int,int):140:i < length |==> false
73:ROR:<(int,int):!=(int,int):org.apache.tools.tar.TarUtils@getNameBytes(java.lang.StringBuffer,byte[],int,int):140:i < name.length() |==> i != name.length()
74:ROR:<(int,int):<=(int,int):org.apache.tools.tar.TarUtils@getNameBytes(java.lang.StringBuffer,byte[],int,int):140:i < name.length() |==> i <= name.length()
75:ROR:<(int,int):FALSE(int,int):org.apache.tools.tar.TarUtils@getNameBytes(java.lang.StringBuffer,byte[],int,int):140:i < name.length() |==> false
76:COR:&&(boolean,boolean):==(boolean,boolean):org.apache.tools.tar.TarUtils@getNameBytes(java.lang.StringBuffer,byte[],int,int):140:i < length && i < name.length() |==> i < length == i < name.length()
77:COR:&&(boolean,boolean):FALSE(boolean,boolean):org.apache.tools.tar.TarUtils@getNameBytes(java.lang.StringBuffer,byte[],int,int):140:i < length && i < name.length() |==> false
78:COR:&&(boolean,boolean):LHS(boolean,boolean):org.apache.tools.tar.TarUtils@getNameBytes(java.lang.StringBuffer,byte[],int,int):140:i < length && i < name.length() |==> i < length
79:COR:&&(boolean,boolean):RHS(boolean,boolean):org.apache.tools.tar.TarUtils@getNameBytes(java.lang.StringBuffer,byte[],int,int):140:i < length && i < name.length() |==> i < name.length()
80:AOR:+(int,int):%(int,int):org.apache.tools.tar.TarUtils@getNameBytes(java.lang.StringBuffer,byte[],int,int):141:offset + i |==> offset % i
81:AOR:+(int,int):*(int,int):org.apache.tools.tar.TarUtils@getNameBytes(java.lang.StringBuffer,byte[],int,int):141:offset + i |==> offset * i
82:AOR:+(int,int):-(int,int):org.apache.tools.tar.TarUtils@getNameBytes(java.lang.StringBuffer,byte[],int,int):141:offset + i |==> offset - i
83:AOR:+(int,int):/(int,int):org.apache.tools.tar.TarUtils@getNameBytes(java.lang.StringBuffer,byte[],int,int):141:offset + i |==> offset / i
84:STD:<ASSIGN>:<NO-OP>:org.apache.tools.tar.TarUtils@getNameBytes(java.lang.StringBuffer,byte[],int,int):141:buf[offset + i] = (byte)name.charAt(i) |==> <NO-OP>
85:ROR:<(int,int):!=(int,int):org.apache.tools.tar.TarUtils@getNameBytes(java.lang.StringBuffer,byte[],int,int):144:i < length |==> i != length
86:ROR:<(int,int):<=(int,int):org.apache.tools.tar.TarUtils@getNameBytes(java.lang.StringBuffer,byte[],int,int):144:i < length |==> i <= length
87:ROR:<(int,int):FALSE(int,int):org.apache.tools.tar.TarUtils@getNameBytes(java.lang.StringBuffer,byte[],int,int):144:i < length |==> false
88:AOR:+(int,int):%(int,int):org.apache.tools.tar.TarUtils@getNameBytes(java.lang.StringBuffer,byte[],int,int):145:offset + i |==> offset % i
89:AOR:+(int,int):*(int,int):org.apache.tools.tar.TarUtils@getNameBytes(java.lang.StringBuffer,byte[],int,int):145:offset + i |==> offset * i
90:AOR:+(int,int):-(int,int):org.apache.tools.tar.TarUtils@getNameBytes(java.lang.StringBuffer,byte[],int,int):145:offset + i |==> offset - i
91:AOR:+(int,int):/(int,int):org.apache.tools.tar.TarUtils@getNameBytes(java.lang.StringBuffer,byte[],int,int):145:offset + i |==> offset / i
92:LVR:0:POS:org.apache.tools.tar.TarUtils@getNameBytes(java.lang.StringBuffer,byte[],int,int):145:0 |==> 1
93:LVR:0:NEG:org.apache.tools.tar.TarUtils@getNameBytes(java.lang.StringBuffer,byte[],int,int):145:0 |==> -1
94:STD:<ASSIGN>:<NO-OP>:org.apache.tools.tar.TarUtils@getNameBytes(java.lang.StringBuffer,byte[],int,int):145:buf[offset + i] = 0 |==> <NO-OP>
95:AOR:+(int,int):%(int,int):org.apache.tools.tar.TarUtils@getNameBytes(java.lang.StringBuffer,byte[],int,int):148:offset + length |==> offset % length
96:AOR:+(int,int):*(int,int):org.apache.tools.tar.TarUtils@getNameBytes(java.lang.StringBuffer,byte[],int,int):148:offset + length |==> offset * length
97:AOR:+(int,int):-(int,int):org.apache.tools.tar.TarUtils@getNameBytes(java.lang.StringBuffer,byte[],int,int):148:offset + length |==> offset - length
98:AOR:+(int,int):/(int,int):org.apache.tools.tar.TarUtils@getNameBytes(java.lang.StringBuffer,byte[],int,int):148:offset + length |==> offset / length
99:EVR:<NEW_ARRAY(byte[])>:<DEFAULT>:org.apache.tools.tar.TarUtils@getOctalBytes(long,byte[],int,int):160:new byte[length] |==> null
100:LVR:POS:0:org.apache.tools.tar.TarUtils@getOctalBytes(long,byte[],int,int):161:1 |==> 0
101:LVR:POS:NEG:org.apache.tools.tar.TarUtils@getOctalBytes(long,byte[],int,int):161:1 |==> -1
102:AOR:-(int,int):%(int,int):org.apache.tools.tar.TarUtils@getOctalBytes(long,byte[],int,int):161:length - 1 |==> length % 1
103:AOR:-(int,int):*(int,int):org.apache.tools.tar.TarUtils@getOctalBytes(long,byte[],int,int):161:length - 1 |==> length * 1
104:AOR:-(int,int):+(int,int):org.apache.tools.tar.TarUtils@getOctalBytes(long,byte[],int,int):161:length - 1 |==> length + 1
105:AOR:-(int,int):/(int,int):org.apache.tools.tar.TarUtils@getOctalBytes(long,byte[],int,int):161:length - 1 |==> length / 1
106:AOR:+(int,int):%(int,int):org.apache.tools.tar.TarUtils@getOctalBytes(long,byte[],int,int):163:offset + idx |==> offset % idx
107:AOR:+(int,int):*(int,int):org.apache.tools.tar.TarUtils@getOctalBytes(long,byte[],int,int):163:offset + idx |==> offset * idx
108:AOR:+(int,int):-(int,int):org.apache.tools.tar.TarUtils@getOctalBytes(long,byte[],int,int):163:offset + idx |==> offset - idx
109:AOR:+(int,int):/(int,int):org.apache.tools.tar.TarUtils@getOctalBytes(long,byte[],int,int):163:offset + idx |==> offset / idx
110:LVR:0:POS:org.apache.tools.tar.TarUtils@getOctalBytes(long,byte[],int,int):163:0 |==> 1
111:LVR:0:NEG:org.apache.tools.tar.TarUtils@getOctalBytes(long,byte[],int,int):163:0 |==> -1
112:STD:<ASSIGN>:<NO-OP>:org.apache.tools.tar.TarUtils@getOctalBytes(long,byte[],int,int):163:buf[offset + idx] = 0 |==> <NO-OP>
113:STD:<DEC>:<NO-OP>:org.apache.tools.tar.TarUtils@getOctalBytes(long,byte[],int,int):164:--idx |==> <NO-OP>
114:AOR:+(int,int):%(int,int):org.apache.tools.tar.TarUtils@getOctalBytes(long,byte[],int,int):165:offset + idx |==> offset % idx
115:AOR:+(int,int):*(int,int):org.apache.tools.tar.TarUtils@getOctalBytes(long,byte[],int,int):165:offset + idx |==> offset * idx
116:AOR:+(int,int):-(int,int):org.apache.tools.tar.TarUtils@getOctalBytes(long,byte[],int,int):165:offset + idx |==> offset - idx
117:AOR:+(int,int):/(int,int):org.apache.tools.tar.TarUtils@getOctalBytes(long,byte[],int,int):165:offset + idx |==> offset / idx
118:STD:<ASSIGN>:<NO-OP>:org.apache.tools.tar.TarUtils@getOctalBytes(long,byte[],int,int):165:buf[offset + idx] = (byte)' ' |==> <NO-OP>
119:STD:<DEC>:<NO-OP>:org.apache.tools.tar.TarUtils@getOctalBytes(long,byte[],int,int):166:--idx |==> <NO-OP>
120:LVR:0:POS:org.apache.tools.tar.TarUtils@getOctalBytes(long,byte[],int,int):168:0 |==> 1
121:LVR:0:NEG:org.apache.tools.tar.TarUtils@getOctalBytes(long,byte[],int,int):168:0 |==> -1
122:ROR:==(long,long):<=(long,long):org.apache.tools.tar.TarUtils@getOctalBytes(long,byte[],int,int):168:value == 0 |==> value <= 0
123:ROR:==(long,long):>=(long,long):org.apache.tools.tar.TarUtils@getOctalBytes(long,byte[],int,int):168:value == 0 |==> value >= 0
124:ROR:==(long,long):FALSE(long,long):org.apache.tools.tar.TarUtils@getOctalBytes(long,byte[],int,int):168:value == 0 |==> false
125:AOR:+(int,int):%(int,int):org.apache.tools.tar.TarUtils@getOctalBytes(long,byte[],int,int):169:offset + idx |==> offset % idx
126:AOR:+(int,int):*(int,int):org.apache.tools.tar.TarUtils@getOctalBytes(long,byte[],int,int):169:offset + idx |==> offset * idx
127:AOR:+(int,int):-(int,int):org.apache.tools.tar.TarUtils@getOctalBytes(long,byte[],int,int):169:offset + idx |==> offset - idx
128:AOR:+(int,int):/(int,int):org.apache.tools.tar.TarUtils@getOctalBytes(long,byte[],int,int):169:offset + idx |==> offset / idx
129:STD:<ASSIGN>:<NO-OP>:org.apache.tools.tar.TarUtils@getOctalBytes(long,byte[],int,int):169:buf[offset + idx] = (byte)'0' |==> <NO-OP>
130:STD:<DEC>:<NO-OP>:org.apache.tools.tar.TarUtils@getOctalBytes(long,byte[],int,int):170:--idx |==> <NO-OP>
131:EVR:<IDENTIFIER(long)>:<DEFAULT>:org.apache.tools.tar.TarUtils@getOctalBytes(long,byte[],int,int):172:value |==> 0L
132:LVR:0:POS:org.apache.tools.tar.TarUtils@getOctalBytes(long,byte[],int,int):172:0 |==> 1
133:LVR:0:NEG:org.apache.tools.tar.TarUtils@getOctalBytes(long,byte[],int,int):172:0 |==> -1
134:ROR:>=(int,int):==(int,int):org.apache.tools.tar.TarUtils@getOctalBytes(long,byte[],int,int):172:idx >= 0 |==> idx == 0
135:ROR:>=(int,int):>(int,int):org.apache.tools.tar.TarUtils@getOctalBytes(long,byte[],int,int):172:idx >= 0 |==> idx > 0
136:ROR:>=(int,int):TRUE(int,int):org.apache.tools.tar.TarUtils@getOctalBytes(long,byte[],int,int):172:idx >= 0 |==> true
137:LVR:0:POS:org.apache.tools.tar.TarUtils@getOctalBytes(long,byte[],int,int):172:0 |==> 1
138:LVR:0:NEG:org.apache.tools.tar.TarUtils@getOctalBytes(long,byte[],int,int):172:0 |==> -1
139:ROR:>(long,long):!=(long,long):org.apache.tools.tar.TarUtils@getOctalBytes(long,byte[],int,int):172:val > 0 |==> val != 0
140:ROR:>(long,long):>=(long,long):org.apache.tools.tar.TarUtils@getOctalBytes(long,byte[],int,int):172:val > 0 |==> val >= 0
141:ROR:>(long,long):FALSE(long,long):org.apache.tools.tar.TarUtils@getOctalBytes(long,byte[],int,int):172:val > 0 |==> false
142:COR:&&(boolean,boolean):==(boolean,boolean):org.apache.tools.tar.TarUtils@getOctalBytes(long,byte[],int,int):172:idx >= 0 && val > 0 |==> idx >= 0 == val > 0
143:COR:&&(boolean,boolean):FALSE(boolean,boolean):org.apache.tools.tar.TarUtils@getOctalBytes(long,byte[],int,int):172:idx >= 0 && val > 0 |==> false
144:COR:&&(boolean,boolean):LHS(boolean,boolean):org.apache.tools.tar.TarUtils@getOctalBytes(long,byte[],int,int):172:idx >= 0 && val > 0 |==> idx >= 0
145:COR:&&(boolean,boolean):RHS(boolean,boolean):org.apache.tools.tar.TarUtils@getOctalBytes(long,byte[],int,int):172:idx >= 0 && val > 0 |==> val > 0
146:AOR:+(int,int):%(int,int):org.apache.tools.tar.TarUtils@getOctalBytes(long,byte[],int,int):173:offset + idx |==> offset % idx
147:AOR:+(int,int):*(int,int):org.apache.tools.tar.TarUtils@getOctalBytes(long,byte[],int,int):173:offset + idx |==> offset * idx
148:AOR:+(int,int):-(int,int):org.apache.tools.tar.TarUtils@getOctalBytes(long,byte[],int,int):173:offset + idx |==> offset - idx
149:AOR:+(int,int):/(int,int):org.apache.tools.tar.TarUtils@getOctalBytes(long,byte[],int,int):173:offset + idx |==> offset / idx
150:LVR:POS:0:org.apache.tools.tar.TarUtils@getOctalBytes(long,byte[],int,int):173:7 |==> 0
151:LVR:POS:NEG:org.apache.tools.tar.TarUtils@getOctalBytes(long,byte[],int,int):173:7 |==> -7
152:LOR:&(long,long):^(long,long):org.apache.tools.tar.TarUtils@getOctalBytes(long,byte[],int,int):173:val & 7 |==> val ^ 7
153:LOR:&(long,long):|(long,long):org.apache.tools.tar.TarUtils@getOctalBytes(long,byte[],int,int):173:val & 7 |==> val | 7
154:AOR:+(int,int):%(int,int):org.apache.tools.tar.TarUtils@getOctalBytes(long,byte[],int,int):173:(byte)'0' + (byte)(val & 7) |==> (byte)'0' % (byte)(val & 7)
155:AOR:+(int,int):*(int,int):org.apache.tools.tar.TarUtils@getOctalBytes(long,byte[],int,int):173:(byte)'0' + (byte)(val & 7) |==> (byte)'0' * (byte)(val & 7)
156:AOR:+(int,int):-(int,int):org.apache.tools.tar.TarUtils@getOctalBytes(long,byte[],int,int):173:(byte)'0' + (byte)(val & 7) |==> (byte)'0' - (byte)(val & 7)
157:AOR:+(int,int):/(int,int):org.apache.tools.tar.TarUtils@getOctalBytes(long,byte[],int,int):173:(byte)'0' + (byte)(val & 7) |==> (byte)'0' / (byte)(val & 7)
158:STD:<ASSIGN>:<NO-OP>:org.apache.tools.tar.TarUtils@getOctalBytes(long,byte[],int,int):173:buf[offset + idx] = (byte)((byte)'0' + (byte)(val & 7)) |==> <NO-OP>
159:LVR:POS:0:org.apache.tools.tar.TarUtils@getOctalBytes(long,byte[],int,int):174:3 |==> 0
160:LVR:POS:NEG:org.apache.tools.tar.TarUtils@getOctalBytes(long,byte[],int,int):174:3 |==> -3
161:SOR:>>(long,int):<<(long,int):org.apache.tools.tar.TarUtils@getOctalBytes(long,byte[],int,int):174:val >> 3 |==> val << 3
162:SOR:>>(long,int):>>>(long,int):org.apache.tools.tar.TarUtils@getOctalBytes(long,byte[],int,int):174:val >> 3 |==> val >>> 3
163:STD:<ASSIGN>:<NO-OP>:org.apache.tools.tar.TarUtils@getOctalBytes(long,byte[],int,int):174:val = val >> 3 |==> <NO-OP>
164:LVR:0:POS:org.apache.tools.tar.TarUtils@getOctalBytes(long,byte[],int,int):178:0 |==> 1
165:LVR:0:NEG:org.apache.tools.tar.TarUtils@getOctalBytes(long,byte[],int,int):178:0 |==> -1
166:ROR:>=(int,int):==(int,int):org.apache.tools.tar.TarUtils@getOctalBytes(long,byte[],int,int):178:idx >= 0 |==> idx == 0
167:ROR:>=(int,int):>(int,int):org.apache.tools.tar.TarUtils@getOctalBytes(long,byte[],int,int):178:idx >= 0 |==> idx > 0
168:ROR:>=(int,int):TRUE(int,int):org.apache.tools.tar.TarUtils@getOctalBytes(long,byte[],int,int):178:idx >= 0 |==> true
169:AOR:+(int,int):%(int,int):org.apache.tools.tar.TarUtils@getOctalBytes(long,byte[],int,int):179:offset + idx |==> offset % idx
170:AOR:+(int,int):*(int,int):org.apache.tools.tar.TarUtils@getOctalBytes(long,byte[],int,int):179:offset + idx |==> offset * idx
171:AOR:+(int,int):-(int,int):org.apache.tools.tar.TarUtils@getOctalBytes(long,byte[],int,int):179:offset + idx |==> offset - idx
172:AOR:+(int,int):/(int,int):org.apache.tools.tar.TarUtils@getOctalBytes(long,byte[],int,int):179:offset + idx |==> offset / idx
173:STD:<ASSIGN>:<NO-OP>:org.apache.tools.tar.TarUtils@getOctalBytes(long,byte[],int,int):179:buf[offset + idx] = (byte)' ' |==> <NO-OP>
174:AOR:+(int,int):%(int,int):org.apache.tools.tar.TarUtils@getOctalBytes(long,byte[],int,int):182:offset + length |==> offset % length
175:AOR:+(int,int):*(int,int):org.apache.tools.tar.TarUtils@getOctalBytes(long,byte[],int,int):182:offset + length |==> offset * length
176:AOR:+(int,int):-(int,int):org.apache.tools.tar.TarUtils@getOctalBytes(long,byte[],int,int):182:offset + length |==> offset - length
177:AOR:+(int,int):/(int,int):org.apache.tools.tar.TarUtils@getOctalBytes(long,byte[],int,int):182:offset + length |==> offset / length
178:LVR:POS:0:org.apache.tools.tar.TarUtils@getLongOctalBytes(long,byte[],int,int):194:1 |==> 0
179:LVR:POS:NEG:org.apache.tools.tar.TarUtils@getLongOctalBytes(long,byte[],int,int):194:1 |==> -1
180:AOR:+(int,int):%(int,int):org.apache.tools.tar.TarUtils@getLongOctalBytes(long,byte[],int,int):194:length + 1 |==> length % 1
181:AOR:+(int,int):*(int,int):org.apache.tools.tar.TarUtils@getLongOctalBytes(long,byte[],int,int):194:length + 1 |==> length * 1
182:AOR:+(int,int):-(int,int):org.apache.tools.tar.TarUtils@getLongOctalBytes(long,byte[],int,int):194:length + 1 |==> length - 1
183:AOR:+(int,int):/(int,int):org.apache.tools.tar.TarUtils@getLongOctalBytes(long,byte[],int,int):194:length + 1 |==> length / 1
184:LVR:0:POS:org.apache.tools.tar.TarUtils@getLongOctalBytes(long,byte[],int,int):196:0 |==> 1
185:LVR:0:NEG:org.apache.tools.tar.TarUtils@getLongOctalBytes(long,byte[],int,int):196:0 |==> -1
186:LVR:POS:0:org.apache.tools.tar.TarUtils@getLongOctalBytes(long,byte[],int,int):196:1 |==> 0
187:LVR:POS:NEG:org.apache.tools.tar.TarUtils@getLongOctalBytes(long,byte[],int,int):196:1 |==> -1
188:AOR:+(int,int):%(int,int):org.apache.tools.tar.TarUtils@getLongOctalBytes(long,byte[],int,int):196:length + 1 |==> length % 1
189:AOR:+(int,int):*(int,int):org.apache.tools.tar.TarUtils@getLongOctalBytes(long,byte[],int,int):196:length + 1 |==> length * 1
190:AOR:+(int,int):-(int,int):org.apache.tools.tar.TarUtils@getLongOctalBytes(long,byte[],int,int):196:length + 1 |==> length - 1
191:AOR:+(int,int):/(int,int):org.apache.tools.tar.TarUtils@getLongOctalBytes(long,byte[],int,int):196:length + 1 |==> length / 1
192:STD:<CALL>:<NO-OP>:org.apache.tools.tar.TarUtils@getLongOctalBytes(long,byte[],int,int):196:getOctalBytes(value, temp, 0, length + 1) |==> <NO-OP>
193:LVR:0:POS:org.apache.tools.tar.TarUtils@getLongOctalBytes(long,byte[],int,int):197:0 |==> 1
194:LVR:0:NEG:org.apache.tools.tar.TarUtils@getLongOctalBytes(long,byte[],int,int):197:0 |==> -1
195:STD:<CALL>:<NO-OP>:org.apache.tools.tar.TarUtils@getLongOctalBytes(long,byte[],int,int):197:System.arraycopy(temp, 0, buf, offset, length) |==> <NO-OP>
196:AOR:+(int,int):%(int,int):org.apache.tools.tar.TarUtils@getLongOctalBytes(long,byte[],int,int):199:offset + length |==> offset % length
197:AOR:+(int,int):*(int,int):org.apache.tools.tar.TarUtils@getLongOctalBytes(long,byte[],int,int):199:offset + length |==> offset * length
198:AOR:+(int,int):-(int,int):org.apache.tools.tar.TarUtils@getLongOctalBytes(long,byte[],int,int):199:offset + length |==> offset - length
199:AOR:+(int,int):/(int,int):org.apache.tools.tar.TarUtils@getLongOctalBytes(long,byte[],int,int):199:offset + length |==> offset / length
200:STD:<CALL>:<NO-OP>:org.apache.tools.tar.TarUtils@getCheckSumOctalBytes(long,byte[],int,int):211:getOctalBytes(value, buf, offset, length) |==> <NO-OP>
201:AOR:+(int,int):%(int,int):org.apache.tools.tar.TarUtils@getCheckSumOctalBytes(long,byte[],int,int):213:offset + length |==> offset % length
202:AOR:+(int,int):*(int,int):org.apache.tools.tar.TarUtils@getCheckSumOctalBytes(long,byte[],int,int):213:offset + length |==> offset * length
203:AOR:+(int,int):-(int,int):org.apache.tools.tar.TarUtils@getCheckSumOctalBytes(long,byte[],int,int):213:offset + length |==> offset - length
204:AOR:+(int,int):/(int,int):org.apache.tools.tar.TarUtils@getCheckSumOctalBytes(long,byte[],int,int):213:offset + length |==> offset / length
205:LVR:POS:0:org.apache.tools.tar.TarUtils@getCheckSumOctalBytes(long,byte[],int,int):213:1 |==> 0
206:LVR:POS:NEG:org.apache.tools.tar.TarUtils@getCheckSumOctalBytes(long,byte[],int,int):213:1 |==> -1
207:AOR:-(int,int):%(int,int):org.apache.tools.tar.TarUtils@getCheckSumOctalBytes(long,byte[],int,int):213:offset + length - 1 |==> (offset + length) % 1
208:AOR:-(int,int):*(int,int):org.apache.tools.tar.TarUtils@getCheckSumOctalBytes(long,byte[],int,int):213:offset + length - 1 |==> (offset + length) * 1
209:AOR:-(int,int):+(int,int):org.apache.tools.tar.TarUtils@getCheckSumOctalBytes(long,byte[],int,int):213:offset + length - 1 |==> offset + length + 1
210:AOR:-(int,int):/(int,int):org.apache.tools.tar.TarUtils@getCheckSumOctalBytes(long,byte[],int,int):213:offset + length - 1 |==> (offset + length) / 1
211:STD:<ASSIGN>:<NO-OP>:org.apache.tools.tar.TarUtils@getCheckSumOctalBytes(long,byte[],int,int):213:buf[offset + length - 1] = (byte)' ' |==> <NO-OP>
212:AOR:+(int,int):%(int,int):org.apache.tools.tar.TarUtils@getCheckSumOctalBytes(long,byte[],int,int):214:offset + length |==> offset % length
213:AOR:+(int,int):*(int,int):org.apache.tools.tar.TarUtils@getCheckSumOctalBytes(long,byte[],int,int):214:offset + length |==> offset * length
214:AOR:+(int,int):-(int,int):org.apache.tools.tar.TarUtils@getCheckSumOctalBytes(long,byte[],int,int):214:offset + length |==> offset - length
215:AOR:+(int,int):/(int,int):org.apache.tools.tar.TarUtils@getCheckSumOctalBytes(long,byte[],int,int):214:offset + length |==> offset / length
216:LVR:POS:0:org.apache.tools.tar.TarUtils@getCheckSumOctalBytes(long,byte[],int,int):214:2 |==> 0
217:LVR:POS:NEG:org.apache.tools.tar.TarUtils@getCheckSumOctalBytes(long,byte[],int,int):214:2 |==> -2
218:AOR:-(int,int):%(int,int):org.apache.tools.tar.TarUtils@getCheckSumOctalBytes(long,byte[],int,int):214:offset + length - 2 |==> (offset + length) % 2
219:AOR:-(int,int):*(int,int):org.apache.tools.tar.TarUtils@getCheckSumOctalBytes(long,byte[],int,int):214:offset + length - 2 |==> (offset + length) * 2
220:AOR:-(int,int):+(int,int):org.apache.tools.tar.TarUtils@getCheckSumOctalBytes(long,byte[],int,int):214:offset + length - 2 |==> offset + length + 2
221:AOR:-(int,int):/(int,int):org.apache.tools.tar.TarUtils@getCheckSumOctalBytes(long,byte[],int,int):214:offset + length - 2 |==> (offset + length) / 2
222:LVR:0:POS:org.apache.tools.tar.TarUtils@getCheckSumOctalBytes(long,byte[],int,int):214:0 |==> 1
223:LVR:0:NEG:org.apache.tools.tar.TarUtils@getCheckSumOctalBytes(long,byte[],int,int):214:0 |==> -1
224:STD:<ASSIGN>:<NO-OP>:org.apache.tools.tar.TarUtils@getCheckSumOctalBytes(long,byte[],int,int):214:buf[offset + length - 2] = 0 |==> <NO-OP>
225:AOR:+(int,int):%(int,int):org.apache.tools.tar.TarUtils@getCheckSumOctalBytes(long,byte[],int,int):216:offset + length |==> offset % length
226:AOR:+(int,int):*(int,int):org.apache.tools.tar.TarUtils@getCheckSumOctalBytes(long,byte[],int,int):216:offset + length |==> offset * length
227:AOR:+(int,int):-(int,int):org.apache.tools.tar.TarUtils@getCheckSumOctalBytes(long,byte[],int,int):216:offset + length |==> offset - length
228:AOR:+(int,int):/(int,int):org.apache.tools.tar.TarUtils@getCheckSumOctalBytes(long,byte[],int,int):216:offset + length |==> offset / length
229:LVR:0:POS:org.apache.tools.tar.TarUtils@computeCheckSum(byte[]):226:0 |==> 1
230:LVR:0:NEG:org.apache.tools.tar.TarUtils@computeCheckSum(byte[]):226:0 |==> -1
231:LVR:0:POS:org.apache.tools.tar.TarUtils@computeCheckSum(byte[]):228:0 |==> 1
232:LVR:0:NEG:org.apache.tools.tar.TarUtils@computeCheckSum(byte[]):228:0 |==> -1
233:ROR:<(int,int):!=(int,int):org.apache.tools.tar.TarUtils@computeCheckSum(byte[]):228:i < buf.length |==> i != buf.length
234:ROR:<(int,int):<=(int,int):org.apache.tools.tar.TarUtils@computeCheckSum(byte[]):228:i < buf.length |==> i <= buf.length
235:ROR:<(int,int):FALSE(int,int):org.apache.tools.tar.TarUtils@computeCheckSum(byte[]):228:i < buf.length |==> false
236:LVR:POS:0:org.apache.tools.tar.TarUtils@computeCheckSum(byte[]):229:255 |==> 0
237:LVR:POS:NEG:org.apache.tools.tar.TarUtils@computeCheckSum(byte[]):229:255 |==> -255
238:LOR:&(int,int):^(int,int):org.apache.tools.tar.TarUtils@computeCheckSum(byte[]):229:255 & buf[i] |==> 255 ^ buf[i]
239:LOR:&(int,int):|(int,int):org.apache.tools.tar.TarUtils@computeCheckSum(byte[]):229:255 & buf[i] |==> 255 | buf[i]
240:STD:<ASSIGN>:<NO-OP>:org.apache.tools.tar.TarUtils@computeCheckSum(byte[]):229:sum += 255 & buf[i] |==> <NO-OP>
241:EVR:<IDENTIFIER(long)>:<DEFAULT>:org.apache.tools.tar.TarUtils@computeCheckSum(byte[]):232:sum |==> 0L
