1:EVR:<METHOD_INVOCATION(java.lang.String)>:<DEFAULT>:org.apache.tools.ant.taskdefs.CVSPass:76:System.getProperty("line.separator") |==> null
2:LVR:0:POS:org.apache.tools.ant.taskdefs.CVSPass:80:0 |==> 1
3:LVR:0:NEG:org.apache.tools.ant.taskdefs.CVSPass:80:0 |==> -1
4:LVR:POS:0:org.apache.tools.ant.taskdefs.CVSPass:80:1 |==> 0
5:LVR:POS:NEG:org.apache.tools.ant.taskdefs.CVSPass:80:1 |==> -1
6:LVR:POS:0:org.apache.tools.ant.taskdefs.CVSPass:80:2 |==> 0
7:LVR:POS:NEG:org.apache.tools.ant.taskdefs.CVSPass:80:2 |==> -2
8:LVR:POS:0:org.apache.tools.ant.taskdefs.CVSPass:80:3 |==> 0
9:LVR:POS:NEG:org.apache.tools.ant.taskdefs.CVSPass:80:3 |==> -3
10:LVR:POS:0:org.apache.tools.ant.taskdefs.CVSPass:80:4 |==> 0
11:LVR:POS:NEG:org.apache.tools.ant.taskdefs.CVSPass:80:4 |==> -4
12:LVR:POS:0:org.apache.tools.ant.taskdefs.CVSPass:80:5 |==> 0
13:LVR:POS:NEG:org.apache.tools.ant.taskdefs.CVSPass:80:5 |==> -5
14:LVR:POS:0:org.apache.tools.ant.taskdefs.CVSPass:80:6 |==> 0
15:LVR:POS:NEG:org.apache.tools.ant.taskdefs.CVSPass:80:6 |==> -6
16:LVR:POS:0:org.apache.tools.ant.taskdefs.CVSPass:80:7 |==> 0
17:LVR:POS:NEG:org.apache.tools.ant.taskdefs.CVSPass:80:7 |==> -7
18:LVR:POS:0:org.apache.tools.ant.taskdefs.CVSPass:80:8 |==> 0
19:LVR:POS:NEG:org.apache.tools.ant.taskdefs.CVSPass:80:8 |==> -8
20:LVR:POS:0:org.apache.tools.ant.taskdefs.CVSPass:80:9 |==> 0
21:LVR:POS:NEG:org.apache.tools.ant.taskdefs.CVSPass:80:9 |==> -9
22:LVR:POS:0:org.apache.tools.ant.taskdefs.CVSPass:80:10 |==> 0
23:LVR:POS:NEG:org.apache.tools.ant.taskdefs.CVSPass:80:10 |==> -10
24:LVR:POS:0:org.apache.tools.ant.taskdefs.CVSPass:80:11 |==> 0
25:LVR:POS:NEG:org.apache.tools.ant.taskdefs.CVSPass:80:11 |==> -11
26:LVR:POS:0:org.apache.tools.ant.taskdefs.CVSPass:80:12 |==> 0
27:LVR:POS:NEG:org.apache.tools.ant.taskdefs.CVSPass:80:12 |==> -12
28:LVR:POS:0:org.apache.tools.ant.taskdefs.CVSPass:80:13 |==> 0
29:LVR:POS:NEG:org.apache.tools.ant.taskdefs.CVSPass:80:13 |==> -13
30:LVR:POS:0:org.apache.tools.ant.taskdefs.CVSPass:80:14 |==> 0
31:LVR:POS:NEG:org.apache.tools.ant.taskdefs.CVSPass:80:14 |==> -14
32:LVR:POS:0:org.apache.tools.ant.taskdefs.CVSPass:80:15 |==> 0
33:LVR:POS:NEG:org.apache.tools.ant.taskdefs.CVSPass:80:15 |==> -15
34:LVR:POS:0:org.apache.tools.ant.taskdefs.CVSPass:81:16 |==> 0
35:LVR:POS:NEG:org.apache.tools.ant.taskdefs.CVSPass:81:16 |==> -16
36:LVR:POS:0:org.apache.tools.ant.taskdefs.CVSPass:81:17 |==> 0
37:LVR:POS:NEG:org.apache.tools.ant.taskdefs.CVSPass:81:17 |==> -17
38:LVR:POS:0:org.apache.tools.ant.taskdefs.CVSPass:81:18 |==> 0
39:LVR:POS:NEG:org.apache.tools.ant.taskdefs.CVSPass:81:18 |==> -18
40:LVR:POS:0:org.apache.tools.ant.taskdefs.CVSPass:81:19 |==> 0
41:LVR:POS:NEG:org.apache.tools.ant.taskdefs.CVSPass:81:19 |==> -19
42:LVR:POS:0:org.apache.tools.ant.taskdefs.CVSPass:81:20 |==> 0
43:LVR:POS:NEG:org.apache.tools.ant.taskdefs.CVSPass:81:20 |==> -20
44:LVR:POS:0:org.apache.tools.ant.taskdefs.CVSPass:81:21 |==> 0
45:LVR:POS:NEG:org.apache.tools.ant.taskdefs.CVSPass:81:21 |==> -21
46:LVR:POS:0:org.apache.tools.ant.taskdefs.CVSPass:81:22 |==> 0
47:LVR:POS:NEG:org.apache.tools.ant.taskdefs.CVSPass:81:22 |==> -22
48:LVR:POS:0:org.apache.tools.ant.taskdefs.CVSPass:81:23 |==> 0
49:LVR:POS:NEG:org.apache.tools.ant.taskdefs.CVSPass:81:23 |==> -23
50:LVR:POS:0:org.apache.tools.ant.taskdefs.CVSPass:81:24 |==> 0
51:LVR:POS:NEG:org.apache.tools.ant.taskdefs.CVSPass:81:24 |==> -24
52:LVR:POS:0:org.apache.tools.ant.taskdefs.CVSPass:81:25 |==> 0
53:LVR:POS:NEG:org.apache.tools.ant.taskdefs.CVSPass:81:25 |==> -25
54:LVR:POS:0:org.apache.tools.ant.taskdefs.CVSPass:81:26 |==> 0
55:LVR:POS:NEG:org.apache.tools.ant.taskdefs.CVSPass:81:26 |==> -26
56:LVR:POS:0:org.apache.tools.ant.taskdefs.CVSPass:81:27 |==> 0
57:LVR:POS:NEG:org.apache.tools.ant.taskdefs.CVSPass:81:27 |==> -27
58:LVR:POS:0:org.apache.tools.ant.taskdefs.CVSPass:81:28 |==> 0
59:LVR:POS:NEG:org.apache.tools.ant.taskdefs.CVSPass:81:28 |==> -28
60:LVR:POS:0:org.apache.tools.ant.taskdefs.CVSPass:81:29 |==> 0
61:LVR:POS:NEG:org.apache.tools.ant.taskdefs.CVSPass:81:29 |==> -29
62:LVR:POS:0:org.apache.tools.ant.taskdefs.CVSPass:81:30 |==> 0
63:LVR:POS:NEG:org.apache.tools.ant.taskdefs.CVSPass:81:30 |==> -30
64:LVR:POS:0:org.apache.tools.ant.taskdefs.CVSPass:81:31 |==> 0
65:LVR:POS:NEG:org.apache.tools.ant.taskdefs.CVSPass:81:31 |==> -31
66:LVR:POS:0:org.apache.tools.ant.taskdefs.CVSPass:82:114 |==> 0
67:LVR:POS:NEG:org.apache.tools.ant.taskdefs.CVSPass:82:114 |==> -114
68:LVR:POS:0:org.apache.tools.ant.taskdefs.CVSPass:82:120 |==> 0
69:LVR:POS:NEG:org.apache.tools.ant.taskdefs.CVSPass:82:120 |==> -120
70:LVR:POS:0:org.apache.tools.ant.taskdefs.CVSPass:82:53 |==> 0
71:LVR:POS:NEG:org.apache.tools.ant.taskdefs.CVSPass:82:53 |==> -53
72:LVR:POS:0:org.apache.tools.ant.taskdefs.CVSPass:82:79 |==> 0
73:LVR:POS:NEG:org.apache.tools.ant.taskdefs.CVSPass:82:79 |==> -79
74:LVR:POS:0:org.apache.tools.ant.taskdefs.CVSPass:82:96 |==> 0
75:LVR:POS:NEG:org.apache.tools.ant.taskdefs.CVSPass:82:96 |==> -96
76:LVR:POS:0:org.apache.tools.ant.taskdefs.CVSPass:82:109 |==> 0
77:LVR:POS:NEG:org.apache.tools.ant.taskdefs.CVSPass:82:109 |==> -109
78:LVR:POS:0:org.apache.tools.ant.taskdefs.CVSPass:82:72 |==> 0
79:LVR:POS:NEG:org.apache.tools.ant.taskdefs.CVSPass:82:72 |==> -72
80:LVR:POS:0:org.apache.tools.ant.taskdefs.CVSPass:82:108 |==> 0
81:LVR:POS:NEG:org.apache.tools.ant.taskdefs.CVSPass:82:108 |==> -108
82:LVR:POS:0:org.apache.tools.ant.taskdefs.CVSPass:82:70 |==> 0
83:LVR:POS:NEG:org.apache.tools.ant.taskdefs.CVSPass:82:70 |==> -70
84:LVR:POS:0:org.apache.tools.ant.taskdefs.CVSPass:82:64 |==> 0
85:LVR:POS:NEG:org.apache.tools.ant.taskdefs.CVSPass:82:64 |==> -64
86:LVR:POS:0:org.apache.tools.ant.taskdefs.CVSPass:82:76 |==> 0
87:LVR:POS:NEG:org.apache.tools.ant.taskdefs.CVSPass:82:76 |==> -76
88:LVR:POS:0:org.apache.tools.ant.taskdefs.CVSPass:82:67 |==> 0
89:LVR:POS:NEG:org.apache.tools.ant.taskdefs.CVSPass:82:67 |==> -67
90:LVR:POS:0:org.apache.tools.ant.taskdefs.CVSPass:82:116 |==> 0
91:LVR:POS:NEG:org.apache.tools.ant.taskdefs.CVSPass:82:116 |==> -116
92:LVR:POS:0:org.apache.tools.ant.taskdefs.CVSPass:82:74 |==> 0
93:LVR:POS:NEG:org.apache.tools.ant.taskdefs.CVSPass:82:74 |==> -74
94:LVR:POS:0:org.apache.tools.ant.taskdefs.CVSPass:82:68 |==> 0
95:LVR:POS:NEG:org.apache.tools.ant.taskdefs.CVSPass:82:68 |==> -68
96:LVR:POS:0:org.apache.tools.ant.taskdefs.CVSPass:82:87 |==> 0
97:LVR:POS:NEG:org.apache.tools.ant.taskdefs.CVSPass:82:87 |==> -87
98:LVR:POS:0:org.apache.tools.ant.taskdefs.CVSPass:83:111 |==> 0
99:LVR:POS:NEG:org.apache.tools.ant.taskdefs.CVSPass:83:111 |==> -111
100:LVR:POS:0:org.apache.tools.ant.taskdefs.CVSPass:83:52 |==> 0
101:LVR:POS:NEG:org.apache.tools.ant.taskdefs.CVSPass:83:52 |==> -52
102:LVR:POS:0:org.apache.tools.ant.taskdefs.CVSPass:83:75 |==> 0
103:LVR:POS:NEG:org.apache.tools.ant.taskdefs.CVSPass:83:75 |==> -75
104:LVR:POS:0:org.apache.tools.ant.taskdefs.CVSPass:83:119 |==> 0
105:LVR:POS:NEG:org.apache.tools.ant.taskdefs.CVSPass:83:119 |==> -119
106:LVR:POS:0:org.apache.tools.ant.taskdefs.CVSPass:83:49 |==> 0
107:LVR:POS:NEG:org.apache.tools.ant.taskdefs.CVSPass:83:49 |==> -49
108:LVR:POS:0:org.apache.tools.ant.taskdefs.CVSPass:83:34 |==> 0
109:LVR:POS:NEG:org.apache.tools.ant.taskdefs.CVSPass:83:34 |==> -34
110:LVR:POS:0:org.apache.tools.ant.taskdefs.CVSPass:83:82 |==> 0
111:LVR:POS:NEG:org.apache.tools.ant.taskdefs.CVSPass:83:82 |==> -82
112:LVR:POS:0:org.apache.tools.ant.taskdefs.CVSPass:83:81 |==> 0
113:LVR:POS:NEG:org.apache.tools.ant.taskdefs.CVSPass:83:81 |==> -81
114:LVR:POS:0:org.apache.tools.ant.taskdefs.CVSPass:83:95 |==> 0
115:LVR:POS:NEG:org.apache.tools.ant.taskdefs.CVSPass:83:95 |==> -95
116:LVR:POS:0:org.apache.tools.ant.taskdefs.CVSPass:83:65 |==> 0
117:LVR:POS:NEG:org.apache.tools.ant.taskdefs.CVSPass:83:65 |==> -65
118:LVR:POS:0:org.apache.tools.ant.taskdefs.CVSPass:83:112 |==> 0
119:LVR:POS:NEG:org.apache.tools.ant.taskdefs.CVSPass:83:112 |==> -112
120:LVR:POS:0:org.apache.tools.ant.taskdefs.CVSPass:83:86 |==> 0
121:LVR:POS:NEG:org.apache.tools.ant.taskdefs.CVSPass:83:86 |==> -86
122:LVR:POS:0:org.apache.tools.ant.taskdefs.CVSPass:83:118 |==> 0
123:LVR:POS:NEG:org.apache.tools.ant.taskdefs.CVSPass:83:118 |==> -118
124:LVR:POS:0:org.apache.tools.ant.taskdefs.CVSPass:83:110 |==> 0
125:LVR:POS:NEG:org.apache.tools.ant.taskdefs.CVSPass:83:110 |==> -110
126:LVR:POS:0:org.apache.tools.ant.taskdefs.CVSPass:83:122 |==> 0
127:LVR:POS:NEG:org.apache.tools.ant.taskdefs.CVSPass:83:122 |==> -122
128:LVR:POS:0:org.apache.tools.ant.taskdefs.CVSPass:83:105 |==> 0
129:LVR:POS:NEG:org.apache.tools.ant.taskdefs.CVSPass:83:105 |==> -105
130:LVR:POS:0:org.apache.tools.ant.taskdefs.CVSPass:84:41 |==> 0
131:LVR:POS:NEG:org.apache.tools.ant.taskdefs.CVSPass:84:41 |==> -41
132:LVR:POS:0:org.apache.tools.ant.taskdefs.CVSPass:84:57 |==> 0
133:LVR:POS:NEG:org.apache.tools.ant.taskdefs.CVSPass:84:57 |==> -57
134:LVR:POS:0:org.apache.tools.ant.taskdefs.CVSPass:84:83 |==> 0
135:LVR:POS:NEG:org.apache.tools.ant.taskdefs.CVSPass:84:83 |==> -83
136:LVR:POS:0:org.apache.tools.ant.taskdefs.CVSPass:84:43 |==> 0
137:LVR:POS:NEG:org.apache.tools.ant.taskdefs.CVSPass:84:43 |==> -43
138:LVR:POS:0:org.apache.tools.ant.taskdefs.CVSPass:84:46 |==> 0
139:LVR:POS:NEG:org.apache.tools.ant.taskdefs.CVSPass:84:46 |==> -46
140:LVR:POS:0:org.apache.tools.ant.taskdefs.CVSPass:84:102 |==> 0
141:LVR:POS:NEG:org.apache.tools.ant.taskdefs.CVSPass:84:102 |==> -102
142:LVR:POS:0:org.apache.tools.ant.taskdefs.CVSPass:84:40 |==> 0
143:LVR:POS:NEG:org.apache.tools.ant.taskdefs.CVSPass:84:40 |==> -40
144:LVR:POS:0:org.apache.tools.ant.taskdefs.CVSPass:84:89 |==> 0
145:LVR:POS:NEG:org.apache.tools.ant.taskdefs.CVSPass:84:89 |==> -89
146:LVR:POS:0:org.apache.tools.ant.taskdefs.CVSPass:84:38 |==> 0
147:LVR:POS:NEG:org.apache.tools.ant.taskdefs.CVSPass:84:38 |==> -38
148:LVR:POS:0:org.apache.tools.ant.taskdefs.CVSPass:84:103 |==> 0
149:LVR:POS:NEG:org.apache.tools.ant.taskdefs.CVSPass:84:103 |==> -103
150:LVR:POS:0:org.apache.tools.ant.taskdefs.CVSPass:84:45 |==> 0
151:LVR:POS:NEG:org.apache.tools.ant.taskdefs.CVSPass:84:45 |==> -45
152:LVR:POS:0:org.apache.tools.ant.taskdefs.CVSPass:84:50 |==> 0
153:LVR:POS:NEG:org.apache.tools.ant.taskdefs.CVSPass:84:50 |==> -50
154:LVR:POS:0:org.apache.tools.ant.taskdefs.CVSPass:84:42 |==> 0
155:LVR:POS:NEG:org.apache.tools.ant.taskdefs.CVSPass:84:42 |==> -42
156:LVR:POS:0:org.apache.tools.ant.taskdefs.CVSPass:84:123 |==> 0
157:LVR:POS:NEG:org.apache.tools.ant.taskdefs.CVSPass:84:123 |==> -123
158:LVR:POS:0:org.apache.tools.ant.taskdefs.CVSPass:84:91 |==> 0
159:LVR:POS:NEG:org.apache.tools.ant.taskdefs.CVSPass:84:91 |==> -91
160:LVR:POS:0:org.apache.tools.ant.taskdefs.CVSPass:84:35 |==> 0
161:LVR:POS:NEG:org.apache.tools.ant.taskdefs.CVSPass:84:35 |==> -35
162:LVR:POS:0:org.apache.tools.ant.taskdefs.CVSPass:85:125 |==> 0
163:LVR:POS:NEG:org.apache.tools.ant.taskdefs.CVSPass:85:125 |==> -125
164:LVR:POS:0:org.apache.tools.ant.taskdefs.CVSPass:85:55 |==> 0
165:LVR:POS:NEG:org.apache.tools.ant.taskdefs.CVSPass:85:55 |==> -55
166:LVR:POS:0:org.apache.tools.ant.taskdefs.CVSPass:85:54 |==> 0
167:LVR:POS:NEG:org.apache.tools.ant.taskdefs.CVSPass:85:54 |==> -54
168:LVR:POS:0:org.apache.tools.ant.taskdefs.CVSPass:85:66 |==> 0
169:LVR:POS:NEG:org.apache.tools.ant.taskdefs.CVSPass:85:66 |==> -66
170:LVR:POS:0:org.apache.tools.ant.taskdefs.CVSPass:85:124 |==> 0
171:LVR:POS:NEG:org.apache.tools.ant.taskdefs.CVSPass:85:124 |==> -124
172:LVR:POS:0:org.apache.tools.ant.taskdefs.CVSPass:85:126 |==> 0
173:LVR:POS:NEG:org.apache.tools.ant.taskdefs.CVSPass:85:126 |==> -126
174:LVR:POS:0:org.apache.tools.ant.taskdefs.CVSPass:85:59 |==> 0
175:LVR:POS:NEG:org.apache.tools.ant.taskdefs.CVSPass:85:59 |==> -59
176:LVR:POS:0:org.apache.tools.ant.taskdefs.CVSPass:85:47 |==> 0
177:LVR:POS:NEG:org.apache.tools.ant.taskdefs.CVSPass:85:47 |==> -47
178:LVR:POS:0:org.apache.tools.ant.taskdefs.CVSPass:85:92 |==> 0
179:LVR:POS:NEG:org.apache.tools.ant.taskdefs.CVSPass:85:92 |==> -92
180:LVR:POS:0:org.apache.tools.ant.taskdefs.CVSPass:85:71 |==> 0
181:LVR:POS:NEG:org.apache.tools.ant.taskdefs.CVSPass:85:71 |==> -71
182:LVR:POS:0:org.apache.tools.ant.taskdefs.CVSPass:85:115 |==> 0
183:LVR:POS:NEG:org.apache.tools.ant.taskdefs.CVSPass:85:115 |==> -115
184:LVR:POS:0:org.apache.tools.ant.taskdefs.CVSPass:85:78 |==> 0
185:LVR:POS:NEG:org.apache.tools.ant.taskdefs.CVSPass:85:78 |==> -78
186:LVR:POS:0:org.apache.tools.ant.taskdefs.CVSPass:85:88 |==> 0
187:LVR:POS:NEG:org.apache.tools.ant.taskdefs.CVSPass:85:88 |==> -88
188:LVR:POS:0:org.apache.tools.ant.taskdefs.CVSPass:85:107 |==> 0
189:LVR:POS:NEG:org.apache.tools.ant.taskdefs.CVSPass:85:107 |==> -107
190:LVR:POS:0:org.apache.tools.ant.taskdefs.CVSPass:85:106 |==> 0
191:LVR:POS:NEG:org.apache.tools.ant.taskdefs.CVSPass:85:106 |==> -106
192:LVR:POS:0:org.apache.tools.ant.taskdefs.CVSPass:85:56 |==> 0
193:LVR:POS:NEG:org.apache.tools.ant.taskdefs.CVSPass:85:56 |==> -56
194:LVR:POS:0:org.apache.tools.ant.taskdefs.CVSPass:86:36 |==> 0
195:LVR:POS:NEG:org.apache.tools.ant.taskdefs.CVSPass:86:36 |==> -36
196:LVR:POS:0:org.apache.tools.ant.taskdefs.CVSPass:86:121 |==> 0
197:LVR:POS:NEG:org.apache.tools.ant.taskdefs.CVSPass:86:121 |==> -121
198:LVR:POS:0:org.apache.tools.ant.taskdefs.CVSPass:86:117 |==> 0
199:LVR:POS:NEG:org.apache.tools.ant.taskdefs.CVSPass:86:117 |==> -117
200:LVR:POS:0:org.apache.tools.ant.taskdefs.CVSPass:86:104 |==> 0
201:LVR:POS:NEG:org.apache.tools.ant.taskdefs.CVSPass:86:104 |==> -104
202:LVR:POS:0:org.apache.tools.ant.taskdefs.CVSPass:86:101 |==> 0
203:LVR:POS:NEG:org.apache.tools.ant.taskdefs.CVSPass:86:101 |==> -101
204:LVR:POS:0:org.apache.tools.ant.taskdefs.CVSPass:86:100 |==> 0
205:LVR:POS:NEG:org.apache.tools.ant.taskdefs.CVSPass:86:100 |==> -100
206:LVR:POS:0:org.apache.tools.ant.taskdefs.CVSPass:86:69 |==> 0
207:LVR:POS:NEG:org.apache.tools.ant.taskdefs.CVSPass:86:69 |==> -69
208:LVR:POS:0:org.apache.tools.ant.taskdefs.CVSPass:86:73 |==> 0
209:LVR:POS:NEG:org.apache.tools.ant.taskdefs.CVSPass:86:73 |==> -73
210:LVR:POS:0:org.apache.tools.ant.taskdefs.CVSPass:86:99 |==> 0
211:LVR:POS:NEG:org.apache.tools.ant.taskdefs.CVSPass:86:99 |==> -99
212:LVR:POS:0:org.apache.tools.ant.taskdefs.CVSPass:86:63 |==> 0
213:LVR:POS:NEG:org.apache.tools.ant.taskdefs.CVSPass:86:63 |==> -63
214:LVR:POS:0:org.apache.tools.ant.taskdefs.CVSPass:86:94 |==> 0
215:LVR:POS:NEG:org.apache.tools.ant.taskdefs.CVSPass:86:94 |==> -94
216:LVR:POS:0:org.apache.tools.ant.taskdefs.CVSPass:86:93 |==> 0
217:LVR:POS:NEG:org.apache.tools.ant.taskdefs.CVSPass:86:93 |==> -93
218:LVR:POS:0:org.apache.tools.ant.taskdefs.CVSPass:86:39 |==> 0
219:LVR:POS:NEG:org.apache.tools.ant.taskdefs.CVSPass:86:39 |==> -39
220:LVR:POS:0:org.apache.tools.ant.taskdefs.CVSPass:86:37 |==> 0
221:LVR:POS:NEG:org.apache.tools.ant.taskdefs.CVSPass:86:37 |==> -37
222:LVR:POS:0:org.apache.tools.ant.taskdefs.CVSPass:86:61 |==> 0
223:LVR:POS:NEG:org.apache.tools.ant.taskdefs.CVSPass:86:61 |==> -61
224:LVR:POS:0:org.apache.tools.ant.taskdefs.CVSPass:86:48 |==> 0
225:LVR:POS:NEG:org.apache.tools.ant.taskdefs.CVSPass:86:48 |==> -48
226:LVR:POS:0:org.apache.tools.ant.taskdefs.CVSPass:87:58 |==> 0
227:LVR:POS:NEG:org.apache.tools.ant.taskdefs.CVSPass:87:58 |==> -58
228:LVR:POS:0:org.apache.tools.ant.taskdefs.CVSPass:87:113 |==> 0
229:LVR:POS:NEG:org.apache.tools.ant.taskdefs.CVSPass:87:113 |==> -113
230:LVR:POS:0:org.apache.tools.ant.taskdefs.CVSPass:87:32 |==> 0
231:LVR:POS:NEG:org.apache.tools.ant.taskdefs.CVSPass:87:32 |==> -32
232:LVR:POS:0:org.apache.tools.ant.taskdefs.CVSPass:87:90 |==> 0
233:LVR:POS:NEG:org.apache.tools.ant.taskdefs.CVSPass:87:90 |==> -90
234:LVR:POS:0:org.apache.tools.ant.taskdefs.CVSPass:87:44 |==> 0
235:LVR:POS:NEG:org.apache.tools.ant.taskdefs.CVSPass:87:44 |==> -44
236:LVR:POS:0:org.apache.tools.ant.taskdefs.CVSPass:87:98 |==> 0
237:LVR:POS:NEG:org.apache.tools.ant.taskdefs.CVSPass:87:98 |==> -98
238:LVR:POS:0:org.apache.tools.ant.taskdefs.CVSPass:87:60 |==> 0
239:LVR:POS:NEG:org.apache.tools.ant.taskdefs.CVSPass:87:60 |==> -60
240:LVR:POS:0:org.apache.tools.ant.taskdefs.CVSPass:87:51 |==> 0
241:LVR:POS:NEG:org.apache.tools.ant.taskdefs.CVSPass:87:51 |==> -51
242:LVR:POS:0:org.apache.tools.ant.taskdefs.CVSPass:87:33 |==> 0
243:LVR:POS:NEG:org.apache.tools.ant.taskdefs.CVSPass:87:33 |==> -33
244:LVR:POS:0:org.apache.tools.ant.taskdefs.CVSPass:87:97 |==> 0
245:LVR:POS:NEG:org.apache.tools.ant.taskdefs.CVSPass:87:97 |==> -97
246:LVR:POS:0:org.apache.tools.ant.taskdefs.CVSPass:87:62 |==> 0
247:LVR:POS:NEG:org.apache.tools.ant.taskdefs.CVSPass:87:62 |==> -62
248:LVR:POS:0:org.apache.tools.ant.taskdefs.CVSPass:87:77 |==> 0
249:LVR:POS:NEG:org.apache.tools.ant.taskdefs.CVSPass:87:77 |==> -77
250:LVR:POS:0:org.apache.tools.ant.taskdefs.CVSPass:87:84 |==> 0
251:LVR:POS:NEG:org.apache.tools.ant.taskdefs.CVSPass:87:84 |==> -84
252:LVR:POS:0:org.apache.tools.ant.taskdefs.CVSPass:87:80 |==> 0
253:LVR:POS:NEG:org.apache.tools.ant.taskdefs.CVSPass:87:80 |==> -80
254:LVR:POS:0:org.apache.tools.ant.taskdefs.CVSPass:87:85 |==> 0
255:LVR:POS:NEG:org.apache.tools.ant.taskdefs.CVSPass:87:85 |==> -85
256:LVR:POS:0:org.apache.tools.ant.taskdefs.CVSPass:87:223 |==> 0
257:LVR:POS:NEG:org.apache.tools.ant.taskdefs.CVSPass:87:223 |==> -223
258:LVR:POS:0:org.apache.tools.ant.taskdefs.CVSPass:88:225 |==> 0
259:LVR:POS:NEG:org.apache.tools.ant.taskdefs.CVSPass:88:225 |==> -225
260:LVR:POS:0:org.apache.tools.ant.taskdefs.CVSPass:88:216 |==> 0
261:LVR:POS:NEG:org.apache.tools.ant.taskdefs.CVSPass:88:216 |==> -216
262:LVR:POS:0:org.apache.tools.ant.taskdefs.CVSPass:88:187 |==> 0
263:LVR:POS:NEG:org.apache.tools.ant.taskdefs.CVSPass:88:187 |==> -187
264:LVR:POS:0:org.apache.tools.ant.taskdefs.CVSPass:88:166 |==> 0
265:LVR:POS:NEG:org.apache.tools.ant.taskdefs.CVSPass:88:166 |==> -166
266:LVR:POS:0:org.apache.tools.ant.taskdefs.CVSPass:88:229 |==> 0
267:LVR:POS:NEG:org.apache.tools.ant.taskdefs.CVSPass:88:229 |==> -229
268:LVR:POS:0:org.apache.tools.ant.taskdefs.CVSPass:88:189 |==> 0
269:LVR:POS:NEG:org.apache.tools.ant.taskdefs.CVSPass:88:189 |==> -189
270:LVR:POS:0:org.apache.tools.ant.taskdefs.CVSPass:88:222 |==> 0
271:LVR:POS:NEG:org.apache.tools.ant.taskdefs.CVSPass:88:222 |==> -222
272:LVR:POS:0:org.apache.tools.ant.taskdefs.CVSPass:88:188 |==> 0
273:LVR:POS:NEG:org.apache.tools.ant.taskdefs.CVSPass:88:188 |==> -188
274:LVR:POS:0:org.apache.tools.ant.taskdefs.CVSPass:88:141 |==> 0
275:LVR:POS:NEG:org.apache.tools.ant.taskdefs.CVSPass:88:141 |==> -141
276:LVR:POS:0:org.apache.tools.ant.taskdefs.CVSPass:88:249 |==> 0
277:LVR:POS:NEG:org.apache.tools.ant.taskdefs.CVSPass:88:249 |==> -249
278:LVR:POS:0:org.apache.tools.ant.taskdefs.CVSPass:88:148 |==> 0
279:LVR:POS:NEG:org.apache.tools.ant.taskdefs.CVSPass:88:148 |==> -148
280:LVR:POS:0:org.apache.tools.ant.taskdefs.CVSPass:88:200 |==> 0
281:LVR:POS:NEG:org.apache.tools.ant.taskdefs.CVSPass:88:200 |==> -200
282:LVR:POS:0:org.apache.tools.ant.taskdefs.CVSPass:88:184 |==> 0
283:LVR:POS:NEG:org.apache.tools.ant.taskdefs.CVSPass:88:184 |==> -184
284:LVR:POS:0:org.apache.tools.ant.taskdefs.CVSPass:88:136 |==> 0
285:LVR:POS:NEG:org.apache.tools.ant.taskdefs.CVSPass:88:136 |==> -136
286:LVR:POS:0:org.apache.tools.ant.taskdefs.CVSPass:88:248 |==> 0
287:LVR:POS:NEG:org.apache.tools.ant.taskdefs.CVSPass:88:248 |==> -248
288:LVR:POS:0:org.apache.tools.ant.taskdefs.CVSPass:88:190 |==> 0
289:LVR:POS:NEG:org.apache.tools.ant.taskdefs.CVSPass:88:190 |==> -190
290:LVR:POS:0:org.apache.tools.ant.taskdefs.CVSPass:89:199 |==> 0
291:LVR:POS:NEG:org.apache.tools.ant.taskdefs.CVSPass:89:199 |==> -199
292:LVR:POS:0:org.apache.tools.ant.taskdefs.CVSPass:89:170 |==> 0
293:LVR:POS:NEG:org.apache.tools.ant.taskdefs.CVSPass:89:170 |==> -170
294:LVR:POS:0:org.apache.tools.ant.taskdefs.CVSPass:89:181 |==> 0
295:LVR:POS:NEG:org.apache.tools.ant.taskdefs.CVSPass:89:181 |==> -181
296:LVR:POS:0:org.apache.tools.ant.taskdefs.CVSPass:89:204 |==> 0
297:LVR:POS:NEG:org.apache.tools.ant.taskdefs.CVSPass:89:204 |==> -204
298:LVR:POS:0:org.apache.tools.ant.taskdefs.CVSPass:89:138 |==> 0
299:LVR:POS:NEG:org.apache.tools.ant.taskdefs.CVSPass:89:138 |==> -138
300:LVR:POS:0:org.apache.tools.ant.taskdefs.CVSPass:89:232 |==> 0
301:LVR:POS:NEG:org.apache.tools.ant.taskdefs.CVSPass:89:232 |==> -232
302:LVR:POS:0:org.apache.tools.ant.taskdefs.CVSPass:89:218 |==> 0
303:LVR:POS:NEG:org.apache.tools.ant.taskdefs.CVSPass:89:218 |==> -218
304:LVR:POS:0:org.apache.tools.ant.taskdefs.CVSPass:89:183 |==> 0
305:LVR:POS:NEG:org.apache.tools.ant.taskdefs.CVSPass:89:183 |==> -183
306:LVR:POS:0:org.apache.tools.ant.taskdefs.CVSPass:89:255 |==> 0
307:LVR:POS:NEG:org.apache.tools.ant.taskdefs.CVSPass:89:255 |==> -255
308:LVR:POS:0:org.apache.tools.ant.taskdefs.CVSPass:89:234 |==> 0
309:LVR:POS:NEG:org.apache.tools.ant.taskdefs.CVSPass:89:234 |==> -234
310:LVR:POS:0:org.apache.tools.ant.taskdefs.CVSPass:89:220 |==> 0
311:LVR:POS:NEG:org.apache.tools.ant.taskdefs.CVSPass:89:220 |==> -220
312:LVR:POS:0:org.apache.tools.ant.taskdefs.CVSPass:89:247 |==> 0
313:LVR:POS:NEG:org.apache.tools.ant.taskdefs.CVSPass:89:247 |==> -247
314:LVR:POS:0:org.apache.tools.ant.taskdefs.CVSPass:89:213 |==> 0
315:LVR:POS:NEG:org.apache.tools.ant.taskdefs.CVSPass:89:213 |==> -213
316:LVR:POS:0:org.apache.tools.ant.taskdefs.CVSPass:89:203 |==> 0
317:LVR:POS:NEG:org.apache.tools.ant.taskdefs.CVSPass:89:203 |==> -203
318:LVR:POS:0:org.apache.tools.ant.taskdefs.CVSPass:89:226 |==> 0
319:LVR:POS:NEG:org.apache.tools.ant.taskdefs.CVSPass:89:226 |==> -226
320:LVR:POS:0:org.apache.tools.ant.taskdefs.CVSPass:89:193 |==> 0
321:LVR:POS:NEG:org.apache.tools.ant.taskdefs.CVSPass:89:193 |==> -193
322:LVR:POS:0:org.apache.tools.ant.taskdefs.CVSPass:90:174 |==> 0
323:LVR:POS:NEG:org.apache.tools.ant.taskdefs.CVSPass:90:174 |==> -174
324:LVR:POS:0:org.apache.tools.ant.taskdefs.CVSPass:90:172 |==> 0
325:LVR:POS:NEG:org.apache.tools.ant.taskdefs.CVSPass:90:172 |==> -172
326:LVR:POS:0:org.apache.tools.ant.taskdefs.CVSPass:90:228 |==> 0
327:LVR:POS:NEG:org.apache.tools.ant.taskdefs.CVSPass:90:228 |==> -228
328:LVR:POS:0:org.apache.tools.ant.taskdefs.CVSPass:90:252 |==> 0
329:LVR:POS:NEG:org.apache.tools.ant.taskdefs.CVSPass:90:252 |==> -252
330:LVR:POS:0:org.apache.tools.ant.taskdefs.CVSPass:90:217 |==> 0
331:LVR:POS:NEG:org.apache.tools.ant.taskdefs.CVSPass:90:217 |==> -217
332:LVR:POS:0:org.apache.tools.ant.taskdefs.CVSPass:90:201 |==> 0
333:LVR:POS:NEG:org.apache.tools.ant.taskdefs.CVSPass:90:201 |==> -201
334:LVR:POS:0:org.apache.tools.ant.taskdefs.CVSPass:90:131 |==> 0
335:LVR:POS:NEG:org.apache.tools.ant.taskdefs.CVSPass:90:131 |==> -131
336:LVR:POS:0:org.apache.tools.ant.taskdefs.CVSPass:90:230 |==> 0
337:LVR:POS:NEG:org.apache.tools.ant.taskdefs.CVSPass:90:230 |==> -230
338:LVR:POS:0:org.apache.tools.ant.taskdefs.CVSPass:90:197 |==> 0
339:LVR:POS:NEG:org.apache.tools.ant.taskdefs.CVSPass:90:197 |==> -197
340:LVR:POS:0:org.apache.tools.ant.taskdefs.CVSPass:90:211 |==> 0
341:LVR:POS:NEG:org.apache.tools.ant.taskdefs.CVSPass:90:211 |==> -211
342:LVR:POS:0:org.apache.tools.ant.taskdefs.CVSPass:90:145 |==> 0
343:LVR:POS:NEG:org.apache.tools.ant.taskdefs.CVSPass:90:145 |==> -145
344:LVR:POS:0:org.apache.tools.ant.taskdefs.CVSPass:90:238 |==> 0
345:LVR:POS:NEG:org.apache.tools.ant.taskdefs.CVSPass:90:238 |==> -238
346:LVR:POS:0:org.apache.tools.ant.taskdefs.CVSPass:90:161 |==> 0
347:LVR:POS:NEG:org.apache.tools.ant.taskdefs.CVSPass:90:161 |==> -161
348:LVR:POS:0:org.apache.tools.ant.taskdefs.CVSPass:90:179 |==> 0
349:LVR:POS:NEG:org.apache.tools.ant.taskdefs.CVSPass:90:179 |==> -179
350:LVR:POS:0:org.apache.tools.ant.taskdefs.CVSPass:90:160 |==> 0
351:LVR:POS:NEG:org.apache.tools.ant.taskdefs.CVSPass:90:160 |==> -160
352:LVR:POS:0:org.apache.tools.ant.taskdefs.CVSPass:90:212 |==> 0
353:LVR:POS:NEG:org.apache.tools.ant.taskdefs.CVSPass:90:212 |==> -212
354:LVR:POS:0:org.apache.tools.ant.taskdefs.CVSPass:91:207 |==> 0
355:LVR:POS:NEG:org.apache.tools.ant.taskdefs.CVSPass:91:207 |==> -207
356:LVR:POS:0:org.apache.tools.ant.taskdefs.CVSPass:91:221 |==> 0
357:LVR:POS:NEG:org.apache.tools.ant.taskdefs.CVSPass:91:221 |==> -221
358:LVR:POS:0:org.apache.tools.ant.taskdefs.CVSPass:91:254 |==> 0
359:LVR:POS:NEG:org.apache.tools.ant.taskdefs.CVSPass:91:254 |==> -254
360:LVR:POS:0:org.apache.tools.ant.taskdefs.CVSPass:91:173 |==> 0
361:LVR:POS:NEG:org.apache.tools.ant.taskdefs.CVSPass:91:173 |==> -173
362:LVR:POS:0:org.apache.tools.ant.taskdefs.CVSPass:91:202 |==> 0
363:LVR:POS:NEG:org.apache.tools.ant.taskdefs.CVSPass:91:202 |==> -202
364:LVR:POS:0:org.apache.tools.ant.taskdefs.CVSPass:91:146 |==> 0
365:LVR:POS:NEG:org.apache.tools.ant.taskdefs.CVSPass:91:146 |==> -146
366:LVR:POS:0:org.apache.tools.ant.taskdefs.CVSPass:91:224 |==> 0
367:LVR:POS:NEG:org.apache.tools.ant.taskdefs.CVSPass:91:224 |==> -224
368:LVR:POS:0:org.apache.tools.ant.taskdefs.CVSPass:91:151 |==> 0
369:LVR:POS:NEG:org.apache.tools.ant.taskdefs.CVSPass:91:151 |==> -151
370:LVR:POS:0:org.apache.tools.ant.taskdefs.CVSPass:91:140 |==> 0
371:LVR:POS:NEG:org.apache.tools.ant.taskdefs.CVSPass:91:140 |==> -140
372:LVR:POS:0:org.apache.tools.ant.taskdefs.CVSPass:91:196 |==> 0
373:LVR:POS:NEG:org.apache.tools.ant.taskdefs.CVSPass:91:196 |==> -196
374:LVR:POS:0:org.apache.tools.ant.taskdefs.CVSPass:91:205 |==> 0
375:LVR:POS:NEG:org.apache.tools.ant.taskdefs.CVSPass:91:205 |==> -205
376:LVR:POS:0:org.apache.tools.ant.taskdefs.CVSPass:91:130 |==> 0
377:LVR:POS:NEG:org.apache.tools.ant.taskdefs.CVSPass:91:130 |==> -130
378:LVR:POS:0:org.apache.tools.ant.taskdefs.CVSPass:91:135 |==> 0
379:LVR:POS:NEG:org.apache.tools.ant.taskdefs.CVSPass:91:135 |==> -135
380:LVR:POS:0:org.apache.tools.ant.taskdefs.CVSPass:91:133 |==> 0
381:LVR:POS:NEG:org.apache.tools.ant.taskdefs.CVSPass:91:133 |==> -133
382:LVR:POS:0:org.apache.tools.ant.taskdefs.CVSPass:91:143 |==> 0
383:LVR:POS:NEG:org.apache.tools.ant.taskdefs.CVSPass:91:143 |==> -143
384:LVR:POS:0:org.apache.tools.ant.taskdefs.CVSPass:91:246 |==> 0
385:LVR:POS:NEG:org.apache.tools.ant.taskdefs.CVSPass:91:246 |==> -246
386:LVR:POS:0:org.apache.tools.ant.taskdefs.CVSPass:92:192 |==> 0
387:LVR:POS:NEG:org.apache.tools.ant.taskdefs.CVSPass:92:192 |==> -192
388:LVR:POS:0:org.apache.tools.ant.taskdefs.CVSPass:92:159 |==> 0
389:LVR:POS:NEG:org.apache.tools.ant.taskdefs.CVSPass:92:159 |==> -159
390:LVR:POS:0:org.apache.tools.ant.taskdefs.CVSPass:92:244 |==> 0
391:LVR:POS:NEG:org.apache.tools.ant.taskdefs.CVSPass:92:244 |==> -244
392:LVR:POS:0:org.apache.tools.ant.taskdefs.CVSPass:92:239 |==> 0
393:LVR:POS:NEG:org.apache.tools.ant.taskdefs.CVSPass:92:239 |==> -239
394:LVR:POS:0:org.apache.tools.ant.taskdefs.CVSPass:92:185 |==> 0
395:LVR:POS:NEG:org.apache.tools.ant.taskdefs.CVSPass:92:185 |==> -185
396:LVR:POS:0:org.apache.tools.ant.taskdefs.CVSPass:92:168 |==> 0
397:LVR:POS:NEG:org.apache.tools.ant.taskdefs.CVSPass:92:168 |==> -168
398:LVR:POS:0:org.apache.tools.ant.taskdefs.CVSPass:92:215 |==> 0
399:LVR:POS:NEG:org.apache.tools.ant.taskdefs.CVSPass:92:215 |==> -215
400:LVR:POS:0:org.apache.tools.ant.taskdefs.CVSPass:92:144 |==> 0
401:LVR:POS:NEG:org.apache.tools.ant.taskdefs.CVSPass:92:144 |==> -144
402:LVR:POS:0:org.apache.tools.ant.taskdefs.CVSPass:92:139 |==> 0
403:LVR:POS:NEG:org.apache.tools.ant.taskdefs.CVSPass:92:139 |==> -139
404:LVR:POS:0:org.apache.tools.ant.taskdefs.CVSPass:92:165 |==> 0
405:LVR:POS:NEG:org.apache.tools.ant.taskdefs.CVSPass:92:165 |==> -165
406:LVR:POS:0:org.apache.tools.ant.taskdefs.CVSPass:92:180 |==> 0
407:LVR:POS:NEG:org.apache.tools.ant.taskdefs.CVSPass:92:180 |==> -180
408:LVR:POS:0:org.apache.tools.ant.taskdefs.CVSPass:92:157 |==> 0
409:LVR:POS:NEG:org.apache.tools.ant.taskdefs.CVSPass:92:157 |==> -157
410:LVR:POS:0:org.apache.tools.ant.taskdefs.CVSPass:92:147 |==> 0
411:LVR:POS:NEG:org.apache.tools.ant.taskdefs.CVSPass:92:147 |==> -147
412:LVR:POS:0:org.apache.tools.ant.taskdefs.CVSPass:92:186 |==> 0
413:LVR:POS:NEG:org.apache.tools.ant.taskdefs.CVSPass:92:186 |==> -186
414:LVR:POS:0:org.apache.tools.ant.taskdefs.CVSPass:92:214 |==> 0
415:LVR:POS:NEG:org.apache.tools.ant.taskdefs.CVSPass:92:214 |==> -214
416:LVR:POS:0:org.apache.tools.ant.taskdefs.CVSPass:92:176 |==> 0
417:LVR:POS:NEG:org.apache.tools.ant.taskdefs.CVSPass:92:176 |==> -176
418:LVR:POS:0:org.apache.tools.ant.taskdefs.CVSPass:93:227 |==> 0
419:LVR:POS:NEG:org.apache.tools.ant.taskdefs.CVSPass:93:227 |==> -227
420:LVR:POS:0:org.apache.tools.ant.taskdefs.CVSPass:93:231 |==> 0
421:LVR:POS:NEG:org.apache.tools.ant.taskdefs.CVSPass:93:231 |==> -231
422:LVR:POS:0:org.apache.tools.ant.taskdefs.CVSPass:93:219 |==> 0
423:LVR:POS:NEG:org.apache.tools.ant.taskdefs.CVSPass:93:219 |==> -219
424:LVR:POS:0:org.apache.tools.ant.taskdefs.CVSPass:93:169 |==> 0
425:LVR:POS:NEG:org.apache.tools.ant.taskdefs.CVSPass:93:169 |==> -169
426:LVR:POS:0:org.apache.tools.ant.taskdefs.CVSPass:93:175 |==> 0
427:LVR:POS:NEG:org.apache.tools.ant.taskdefs.CVSPass:93:175 |==> -175
428:LVR:POS:0:org.apache.tools.ant.taskdefs.CVSPass:93:156 |==> 0
429:LVR:POS:NEG:org.apache.tools.ant.taskdefs.CVSPass:93:156 |==> -156
430:LVR:POS:0:org.apache.tools.ant.taskdefs.CVSPass:93:206 |==> 0
431:LVR:POS:NEG:org.apache.tools.ant.taskdefs.CVSPass:93:206 |==> -206
432:LVR:POS:0:org.apache.tools.ant.taskdefs.CVSPass:93:198 |==> 0
433:LVR:POS:NEG:org.apache.tools.ant.taskdefs.CVSPass:93:198 |==> -198
434:LVR:POS:0:org.apache.tools.ant.taskdefs.CVSPass:93:129 |==> 0
435:LVR:POS:NEG:org.apache.tools.ant.taskdefs.CVSPass:93:129 |==> -129
436:LVR:POS:0:org.apache.tools.ant.taskdefs.CVSPass:93:164 |==> 0
437:LVR:POS:NEG:org.apache.tools.ant.taskdefs.CVSPass:93:164 |==> -164
438:LVR:POS:0:org.apache.tools.ant.taskdefs.CVSPass:93:150 |==> 0
439:LVR:POS:NEG:org.apache.tools.ant.taskdefs.CVSPass:93:150 |==> -150
440:LVR:POS:0:org.apache.tools.ant.taskdefs.CVSPass:93:210 |==> 0
441:LVR:POS:NEG:org.apache.tools.ant.taskdefs.CVSPass:93:210 |==> -210
442:LVR:POS:0:org.apache.tools.ant.taskdefs.CVSPass:93:154 |==> 0
443:LVR:POS:NEG:org.apache.tools.ant.taskdefs.CVSPass:93:154 |==> -154
444:LVR:POS:0:org.apache.tools.ant.taskdefs.CVSPass:93:177 |==> 0
445:LVR:POS:NEG:org.apache.tools.ant.taskdefs.CVSPass:93:177 |==> -177
446:LVR:POS:0:org.apache.tools.ant.taskdefs.CVSPass:93:134 |==> 0
447:LVR:POS:NEG:org.apache.tools.ant.taskdefs.CVSPass:93:134 |==> -134
448:LVR:POS:0:org.apache.tools.ant.taskdefs.CVSPass:93:127 |==> 0
449:LVR:POS:NEG:org.apache.tools.ant.taskdefs.CVSPass:93:127 |==> -127
450:LVR:POS:0:org.apache.tools.ant.taskdefs.CVSPass:94:182 |==> 0
451:LVR:POS:NEG:org.apache.tools.ant.taskdefs.CVSPass:94:182 |==> -182
452:LVR:POS:0:org.apache.tools.ant.taskdefs.CVSPass:94:128 |==> 0
453:LVR:POS:NEG:org.apache.tools.ant.taskdefs.CVSPass:94:128 |==> -128
454:LVR:POS:0:org.apache.tools.ant.taskdefs.CVSPass:94:158 |==> 0
455:LVR:POS:NEG:org.apache.tools.ant.taskdefs.CVSPass:94:158 |==> -158
456:LVR:POS:0:org.apache.tools.ant.taskdefs.CVSPass:94:208 |==> 0
457:LVR:POS:NEG:org.apache.tools.ant.taskdefs.CVSPass:94:208 |==> -208
458:LVR:POS:0:org.apache.tools.ant.taskdefs.CVSPass:94:162 |==> 0
459:LVR:POS:NEG:org.apache.tools.ant.taskdefs.CVSPass:94:162 |==> -162
460:LVR:POS:0:org.apache.tools.ant.taskdefs.CVSPass:94:132 |==> 0
461:LVR:POS:NEG:org.apache.tools.ant.taskdefs.CVSPass:94:132 |==> -132
462:LVR:POS:0:org.apache.tools.ant.taskdefs.CVSPass:94:167 |==> 0
463:LVR:POS:NEG:org.apache.tools.ant.taskdefs.CVSPass:94:167 |==> -167
464:LVR:POS:0:org.apache.tools.ant.taskdefs.CVSPass:94:209 |==> 0
465:LVR:POS:NEG:org.apache.tools.ant.taskdefs.CVSPass:94:209 |==> -209
466:LVR:POS:0:org.apache.tools.ant.taskdefs.CVSPass:94:149 |==> 0
467:LVR:POS:NEG:org.apache.tools.ant.taskdefs.CVSPass:94:149 |==> -149
468:LVR:POS:0:org.apache.tools.ant.taskdefs.CVSPass:94:241 |==> 0
469:LVR:POS:NEG:org.apache.tools.ant.taskdefs.CVSPass:94:241 |==> -241
470:LVR:POS:0:org.apache.tools.ant.taskdefs.CVSPass:94:153 |==> 0
471:LVR:POS:NEG:org.apache.tools.ant.taskdefs.CVSPass:94:153 |==> -153
472:LVR:POS:0:org.apache.tools.ant.taskdefs.CVSPass:94:251 |==> 0
473:LVR:POS:NEG:org.apache.tools.ant.taskdefs.CVSPass:94:251 |==> -251
474:LVR:POS:0:org.apache.tools.ant.taskdefs.CVSPass:94:237 |==> 0
475:LVR:POS:NEG:org.apache.tools.ant.taskdefs.CVSPass:94:237 |==> -237
476:LVR:POS:0:org.apache.tools.ant.taskdefs.CVSPass:94:236 |==> 0
477:LVR:POS:NEG:org.apache.tools.ant.taskdefs.CVSPass:94:236 |==> -236
478:LVR:POS:0:org.apache.tools.ant.taskdefs.CVSPass:94:171 |==> 0
479:LVR:POS:NEG:org.apache.tools.ant.taskdefs.CVSPass:94:171 |==> -171
480:LVR:POS:0:org.apache.tools.ant.taskdefs.CVSPass:94:195 |==> 0
481:LVR:POS:NEG:org.apache.tools.ant.taskdefs.CVSPass:94:195 |==> -195
482:LVR:POS:0:org.apache.tools.ant.taskdefs.CVSPass:95:243 |==> 0
483:LVR:POS:NEG:org.apache.tools.ant.taskdefs.CVSPass:95:243 |==> -243
484:LVR:POS:0:org.apache.tools.ant.taskdefs.CVSPass:95:233 |==> 0
485:LVR:POS:NEG:org.apache.tools.ant.taskdefs.CVSPass:95:233 |==> -233
486:LVR:POS:0:org.apache.tools.ant.taskdefs.CVSPass:95:253 |==> 0
487:LVR:POS:NEG:org.apache.tools.ant.taskdefs.CVSPass:95:253 |==> -253
488:LVR:POS:0:org.apache.tools.ant.taskdefs.CVSPass:95:240 |==> 0
489:LVR:POS:NEG:org.apache.tools.ant.taskdefs.CVSPass:95:240 |==> -240
490:LVR:POS:0:org.apache.tools.ant.taskdefs.CVSPass:95:194 |==> 0
491:LVR:POS:NEG:org.apache.tools.ant.taskdefs.CVSPass:95:194 |==> -194
492:LVR:POS:0:org.apache.tools.ant.taskdefs.CVSPass:95:250 |==> 0
493:LVR:POS:NEG:org.apache.tools.ant.taskdefs.CVSPass:95:250 |==> -250
494:LVR:POS:0:org.apache.tools.ant.taskdefs.CVSPass:95:191 |==> 0
495:LVR:POS:NEG:org.apache.tools.ant.taskdefs.CVSPass:95:191 |==> -191
496:LVR:POS:0:org.apache.tools.ant.taskdefs.CVSPass:95:155 |==> 0
497:LVR:POS:NEG:org.apache.tools.ant.taskdefs.CVSPass:95:155 |==> -155
498:LVR:POS:0:org.apache.tools.ant.taskdefs.CVSPass:95:142 |==> 0
499:LVR:POS:NEG:org.apache.tools.ant.taskdefs.CVSPass:95:142 |==> -142
500:LVR:POS:0:org.apache.tools.ant.taskdefs.CVSPass:95:137 |==> 0
501:LVR:POS:NEG:org.apache.tools.ant.taskdefs.CVSPass:95:137 |==> -137
502:LVR:POS:0:org.apache.tools.ant.taskdefs.CVSPass:95:245 |==> 0
503:LVR:POS:NEG:org.apache.tools.ant.taskdefs.CVSPass:95:245 |==> -245
504:LVR:POS:0:org.apache.tools.ant.taskdefs.CVSPass:95:235 |==> 0
505:LVR:POS:NEG:org.apache.tools.ant.taskdefs.CVSPass:95:235 |==> -235
506:LVR:POS:0:org.apache.tools.ant.taskdefs.CVSPass:95:163 |==> 0
507:LVR:POS:NEG:org.apache.tools.ant.taskdefs.CVSPass:95:163 |==> -163
508:LVR:POS:0:org.apache.tools.ant.taskdefs.CVSPass:95:242 |==> 0
509:LVR:POS:NEG:org.apache.tools.ant.taskdefs.CVSPass:95:242 |==> -242
510:LVR:POS:0:org.apache.tools.ant.taskdefs.CVSPass:95:178 |==> 0
511:LVR:POS:NEG:org.apache.tools.ant.taskdefs.CVSPass:95:178 |==> -178
512:LVR:POS:0:org.apache.tools.ant.taskdefs.CVSPass:95:152 |==> 0
513:LVR:POS:NEG:org.apache.tools.ant.taskdefs.CVSPass:95:152 |==> -152
