1:LVR:0:POS:org.apache.xerces.readers.UCSRecognizer@recognize(XMLEntityReaderFactory,XMLEntityHandler,XMLErrorReporter,boolean,StringPool,ChunkyByteArray,boolean,boolean):84:0 |==> 1
2:LVR:0:NEG:org.apache.xerces.readers.UCSRecognizer@recognize(XMLEntityReaderFactory,XMLEntityHandler,XMLErrorReporter,boolean,StringPool,ChunkyByteArray,boolean,boolean):84:0 |==> -1
3:LVR:0:POS:org.apache.xerces.readers.UCSRecognizer@recognize(XMLEntityReaderFactory,XMLEntityHandler,XMLErrorReporter,boolean,StringPool,ChunkyByteArray,boolean,boolean):85:0 |==> 1
4:LVR:0:NEG:org.apache.xerces.readers.UCSRecognizer@recognize(XMLEntityReaderFactory,XMLEntityHandler,XMLErrorReporter,boolean,StringPool,ChunkyByteArray,boolean,boolean):85:0 |==> -1
5:ROR:==(int,int):<=(int,int):org.apache.xerces.readers.UCSRecognizer@recognize(XMLEntityReaderFactory,XMLEntityHandler,XMLErrorReporter,boolean,StringPool,ChunkyByteArray,boolean,boolean):85:b0 == 0 |==> b0 <= 0
6:ROR:==(int,int):>=(int,int):org.apache.xerces.readers.UCSRecognizer@recognize(XMLEntityReaderFactory,XMLEntityHandler,XMLErrorReporter,boolean,StringPool,ChunkyByteArray,boolean,boolean):85:b0 == 0 |==> b0 >= 0
7:ROR:==(int,int):FALSE(int,int):org.apache.xerces.readers.UCSRecognizer@recognize(XMLEntityReaderFactory,XMLEntityHandler,XMLErrorReporter,boolean,StringPool,ChunkyByteArray,boolean,boolean):85:b0 == 0 |==> false
8:LVR:POS:0:org.apache.xerces.readers.UCSRecognizer@recognize(XMLEntityReaderFactory,XMLEntityHandler,XMLErrorReporter,boolean,StringPool,ChunkyByteArray,boolean,boolean):86:1 |==> 0
9:LVR:POS:NEG:org.apache.xerces.readers.UCSRecognizer@recognize(XMLEntityReaderFactory,XMLEntityHandler,XMLErrorReporter,boolean,StringPool,ChunkyByteArray,boolean,boolean):86:1 |==> -1
10:LVR:0:POS:org.apache.xerces.readers.UCSRecognizer@recognize(XMLEntityReaderFactory,XMLEntityHandler,XMLErrorReporter,boolean,StringPool,ChunkyByteArray,boolean,boolean):87:0 |==> 1
11:LVR:0:NEG:org.apache.xerces.readers.UCSRecognizer@recognize(XMLEntityReaderFactory,XMLEntityHandler,XMLErrorReporter,boolean,StringPool,ChunkyByteArray,boolean,boolean):87:0 |==> -1
12:ROR:==(int,int):<=(int,int):org.apache.xerces.readers.UCSRecognizer@recognize(XMLEntityReaderFactory,XMLEntityHandler,XMLErrorReporter,boolean,StringPool,ChunkyByteArray,boolean,boolean):87:b1 == 0 |==> b1 <= 0
13:ROR:==(int,int):>=(int,int):org.apache.xerces.readers.UCSRecognizer@recognize(XMLEntityReaderFactory,XMLEntityHandler,XMLErrorReporter,boolean,StringPool,ChunkyByteArray,boolean,boolean):87:b1 == 0 |==> b1 >= 0
14:ROR:==(int,int):FALSE(int,int):org.apache.xerces.readers.UCSRecognizer@recognize(XMLEntityReaderFactory,XMLEntityHandler,XMLErrorReporter,boolean,StringPool,ChunkyByteArray,boolean,boolean):87:b1 == 0 |==> false
15:LVR:POS:0:org.apache.xerces.readers.UCSRecognizer@recognize(XMLEntityReaderFactory,XMLEntityHandler,XMLErrorReporter,boolean,StringPool,ChunkyByteArray,boolean,boolean):88:2 |==> 0
16:LVR:POS:NEG:org.apache.xerces.readers.UCSRecognizer@recognize(XMLEntityReaderFactory,XMLEntityHandler,XMLErrorReporter,boolean,StringPool,ChunkyByteArray,boolean,boolean):88:2 |==> -2
17:LVR:0:POS:org.apache.xerces.readers.UCSRecognizer@recognize(XMLEntityReaderFactory,XMLEntityHandler,XMLErrorReporter,boolean,StringPool,ChunkyByteArray,boolean,boolean):88:0 |==> 1
18:LVR:0:NEG:org.apache.xerces.readers.UCSRecognizer@recognize(XMLEntityReaderFactory,XMLEntityHandler,XMLErrorReporter,boolean,StringPool,ChunkyByteArray,boolean,boolean):88:0 |==> -1
19:ROR:==(int,int):<=(int,int):org.apache.xerces.readers.UCSRecognizer@recognize(XMLEntityReaderFactory,XMLEntityHandler,XMLErrorReporter,boolean,StringPool,ChunkyByteArray,boolean,boolean):88:data.byteAt(2) == 0 |==> data.byteAt(2) <= 0
20:ROR:==(int,int):>=(int,int):org.apache.xerces.readers.UCSRecognizer@recognize(XMLEntityReaderFactory,XMLEntityHandler,XMLErrorReporter,boolean,StringPool,ChunkyByteArray,boolean,boolean):88:data.byteAt(2) == 0 |==> data.byteAt(2) >= 0
21:ROR:==(int,int):FALSE(int,int):org.apache.xerces.readers.UCSRecognizer@recognize(XMLEntityReaderFactory,XMLEntityHandler,XMLErrorReporter,boolean,StringPool,ChunkyByteArray,boolean,boolean):88:data.byteAt(2) == 0 |==> false
22:LVR:POS:0:org.apache.xerces.readers.UCSRecognizer@recognize(XMLEntityReaderFactory,XMLEntityHandler,XMLErrorReporter,boolean,StringPool,ChunkyByteArray,boolean,boolean):88:3 |==> 0
23:LVR:POS:NEG:org.apache.xerces.readers.UCSRecognizer@recognize(XMLEntityReaderFactory,XMLEntityHandler,XMLErrorReporter,boolean,StringPool,ChunkyByteArray,boolean,boolean):88:3 |==> -3
24:ROR:==(int,int):<=(int,int):org.apache.xerces.readers.UCSRecognizer@recognize(XMLEntityReaderFactory,XMLEntityHandler,XMLErrorReporter,boolean,StringPool,ChunkyByteArray,boolean,boolean):88:data.byteAt(3) == '<' |==> data.byteAt(3) <= '<'
25:ROR:==(int,int):>=(int,int):org.apache.xerces.readers.UCSRecognizer@recognize(XMLEntityReaderFactory,XMLEntityHandler,XMLErrorReporter,boolean,StringPool,ChunkyByteArray,boolean,boolean):88:data.byteAt(3) == '<' |==> data.byteAt(3) >= '<'
26:ROR:==(int,int):FALSE(int,int):org.apache.xerces.readers.UCSRecognizer@recognize(XMLEntityReaderFactory,XMLEntityHandler,XMLErrorReporter,boolean,StringPool,ChunkyByteArray,boolean,boolean):88:data.byteAt(3) == '<' |==> false
27:COR:&&(boolean,boolean):==(boolean,boolean):org.apache.xerces.readers.UCSRecognizer@recognize(XMLEntityReaderFactory,XMLEntityHandler,XMLErrorReporter,boolean,StringPool,ChunkyByteArray,boolean,boolean):88:data.byteAt(2) == 0 && data.byteAt(3) == '<' |==> data.byteAt(2) == 0 == (data.byteAt(3) == '<')
28:COR:&&(boolean,boolean):FALSE(boolean,boolean):org.apache.xerces.readers.UCSRecognizer@recognize(XMLEntityReaderFactory,XMLEntityHandler,XMLErrorReporter,boolean,StringPool,ChunkyByteArray,boolean,boolean):88:data.byteAt(2) == 0 && data.byteAt(3) == '<' |==> false
29:COR:&&(boolean,boolean):LHS(boolean,boolean):org.apache.xerces.readers.UCSRecognizer@recognize(XMLEntityReaderFactory,XMLEntityHandler,XMLErrorReporter,boolean,StringPool,ChunkyByteArray,boolean,boolean):88:data.byteAt(2) == 0 && data.byteAt(3) == '<' |==> data.byteAt(2) == 0
30:COR:&&(boolean,boolean):RHS(boolean,boolean):org.apache.xerces.readers.UCSRecognizer@recognize(XMLEntityReaderFactory,XMLEntityHandler,XMLErrorReporter,boolean,StringPool,ChunkyByteArray,boolean,boolean):88:data.byteAt(2) == 0 && data.byteAt(3) == '<' |==> data.byteAt(3) == '<'
