1:LVR:0:POS:org.xml.sax.helpers.AttributesImpl@<init>():60:0 |==> 1
2:LVR:0:NEG:org.xml.sax.helpers.AttributesImpl@<init>():60:0 |==> -1
3:STD:<ASSIGN>:<NO-OP>:org.xml.sax.helpers.AttributesImpl@<init>():60:length = 0 |==> <NO-OP>
4:STD:<ASSIGN>:<NO-OP>:org.xml.sax.helpers.AttributesImpl@<init>():61:data = null |==> <NO-OP>
5:STD:<CALL>:<NO-OP>:org.xml.sax.helpers.AttributesImpl@<init>(org.xml.sax.Attributes):75:setAttributes(atts) |==> <NO-OP>
6:EVR:<IDENTIFIER(int)>:<DEFAULT>:org.xml.sax.helpers.AttributesImpl@getLength():93:length |==> 0
7:LVR:0:POS:org.xml.sax.helpers.AttributesImpl@getURI(int):107:0 |==> 1
8:LVR:0:NEG:org.xml.sax.helpers.AttributesImpl@getURI(int):107:0 |==> -1
9:ROR:>=(int,int):==(int,int):org.xml.sax.helpers.AttributesImpl@getURI(int):107:index >= 0 |==> index == 0
10:ROR:>=(int,int):>(int,int):org.xml.sax.helpers.AttributesImpl@getURI(int):107:index >= 0 |==> index > 0
11:ROR:>=(int,int):TRUE(int,int):org.xml.sax.helpers.AttributesImpl@getURI(int):107:index >= 0 |==> true
12:ROR:<(int,int):!=(int,int):org.xml.sax.helpers.AttributesImpl@getURI(int):107:index < length |==> index != length
13:ROR:<(int,int):<=(int,int):org.xml.sax.helpers.AttributesImpl@getURI(int):107:index < length |==> index <= length
14:ROR:<(int,int):FALSE(int,int):org.xml.sax.helpers.AttributesImpl@getURI(int):107:index < length |==> false
15:COR:&&(boolean,boolean):==(boolean,boolean):org.xml.sax.helpers.AttributesImpl@getURI(int):107:index >= 0 && index < length |==> index >= 0 == index < length
16:COR:&&(boolean,boolean):FALSE(boolean,boolean):org.xml.sax.helpers.AttributesImpl@getURI(int):107:index >= 0 && index < length |==> false
17:COR:&&(boolean,boolean):LHS(boolean,boolean):org.xml.sax.helpers.AttributesImpl@getURI(int):107:index >= 0 && index < length |==> index >= 0
18:COR:&&(boolean,boolean):RHS(boolean,boolean):org.xml.sax.helpers.AttributesImpl@getURI(int):107:index >= 0 && index < length |==> index < length
19:LVR:POS:0:org.xml.sax.helpers.AttributesImpl@getURI(int):108:5 |==> 0
20:LVR:POS:NEG:org.xml.sax.helpers.AttributesImpl@getURI(int):108:5 |==> -5
21:AOR:*(int,int):%(int,int):org.xml.sax.helpers.AttributesImpl@getURI(int):108:index * 5 |==> index % 5
22:AOR:*(int,int):+(int,int):org.xml.sax.helpers.AttributesImpl@getURI(int):108:index * 5 |==> index + 5
23:AOR:*(int,int):-(int,int):org.xml.sax.helpers.AttributesImpl@getURI(int):108:index * 5 |==> index - 5
24:AOR:*(int,int):/(int,int):org.xml.sax.helpers.AttributesImpl@getURI(int):108:index * 5 |==> index / 5
25:LVR:0:POS:org.xml.sax.helpers.AttributesImpl@getLocalName(int):125:0 |==> 1
26:LVR:0:NEG:org.xml.sax.helpers.AttributesImpl@getLocalName(int):125:0 |==> -1
27:ROR:>=(int,int):==(int,int):org.xml.sax.helpers.AttributesImpl@getLocalName(int):125:index >= 0 |==> index == 0
28:ROR:>=(int,int):>(int,int):org.xml.sax.helpers.AttributesImpl@getLocalName(int):125:index >= 0 |==> index > 0
29:ROR:>=(int,int):TRUE(int,int):org.xml.sax.helpers.AttributesImpl@getLocalName(int):125:index >= 0 |==> true
30:ROR:<(int,int):!=(int,int):org.xml.sax.helpers.AttributesImpl@getLocalName(int):125:index < length |==> index != length
31:ROR:<(int,int):<=(int,int):org.xml.sax.helpers.AttributesImpl@getLocalName(int):125:index < length |==> index <= length
32:ROR:<(int,int):FALSE(int,int):org.xml.sax.helpers.AttributesImpl@getLocalName(int):125:index < length |==> false
33:COR:&&(boolean,boolean):==(boolean,boolean):org.xml.sax.helpers.AttributesImpl@getLocalName(int):125:index >= 0 && index < length |==> index >= 0 == index < length
34:COR:&&(boolean,boolean):FALSE(boolean,boolean):org.xml.sax.helpers.AttributesImpl@getLocalName(int):125:index >= 0 && index < length |==> false
35:COR:&&(boolean,boolean):LHS(boolean,boolean):org.xml.sax.helpers.AttributesImpl@getLocalName(int):125:index >= 0 && index < length |==> index >= 0
36:COR:&&(boolean,boolean):RHS(boolean,boolean):org.xml.sax.helpers.AttributesImpl@getLocalName(int):125:index >= 0 && index < length |==> index < length
37:LVR:POS:0:org.xml.sax.helpers.AttributesImpl@getLocalName(int):126:5 |==> 0
38:LVR:POS:NEG:org.xml.sax.helpers.AttributesImpl@getLocalName(int):126:5 |==> -5
39:AOR:*(int,int):%(int,int):org.xml.sax.helpers.AttributesImpl@getLocalName(int):126:index * 5 |==> index % 5
40:AOR:*(int,int):+(int,int):org.xml.sax.helpers.AttributesImpl@getLocalName(int):126:index * 5 |==> index + 5
41:AOR:*(int,int):-(int,int):org.xml.sax.helpers.AttributesImpl@getLocalName(int):126:index * 5 |==> index - 5
42:AOR:*(int,int):/(int,int):org.xml.sax.helpers.AttributesImpl@getLocalName(int):126:index * 5 |==> index / 5
43:LVR:POS:0:org.xml.sax.helpers.AttributesImpl@getLocalName(int):126:1 |==> 0
44:LVR:POS:NEG:org.xml.sax.helpers.AttributesImpl@getLocalName(int):126:1 |==> -1
45:AOR:+(int,int):%(int,int):org.xml.sax.helpers.AttributesImpl@getLocalName(int):126:index * 5 + 1 |==> index * 5 % 1
46:AOR:+(int,int):*(int,int):org.xml.sax.helpers.AttributesImpl@getLocalName(int):126:index * 5 + 1 |==> index * 5 * 1
47:AOR:+(int,int):-(int,int):org.xml.sax.helpers.AttributesImpl@getLocalName(int):126:index * 5 + 1 |==> index * 5 - 1
48:AOR:+(int,int):/(int,int):org.xml.sax.helpers.AttributesImpl@getLocalName(int):126:index * 5 + 1 |==> index * 5 / 1
49:LVR:0:POS:org.xml.sax.helpers.AttributesImpl@getQName(int):143:0 |==> 1
50:LVR:0:NEG:org.xml.sax.helpers.AttributesImpl@getQName(int):143:0 |==> -1
51:ROR:>=(int,int):==(int,int):org.xml.sax.helpers.AttributesImpl@getQName(int):143:index >= 0 |==> index == 0
52:ROR:>=(int,int):>(int,int):org.xml.sax.helpers.AttributesImpl@getQName(int):143:index >= 0 |==> index > 0
53:ROR:>=(int,int):TRUE(int,int):org.xml.sax.helpers.AttributesImpl@getQName(int):143:index >= 0 |==> true
54:ROR:<(int,int):!=(int,int):org.xml.sax.helpers.AttributesImpl@getQName(int):143:index < length |==> index != length
55:ROR:<(int,int):<=(int,int):org.xml.sax.helpers.AttributesImpl@getQName(int):143:index < length |==> index <= length
56:ROR:<(int,int):FALSE(int,int):org.xml.sax.helpers.AttributesImpl@getQName(int):143:index < length |==> false
57:COR:&&(boolean,boolean):==(boolean,boolean):org.xml.sax.helpers.AttributesImpl@getQName(int):143:index >= 0 && index < length |==> index >= 0 == index < length
58:COR:&&(boolean,boolean):FALSE(boolean,boolean):org.xml.sax.helpers.AttributesImpl@getQName(int):143:index >= 0 && index < length |==> false
59:COR:&&(boolean,boolean):LHS(boolean,boolean):org.xml.sax.helpers.AttributesImpl@getQName(int):143:index >= 0 && index < length |==> index >= 0
60:COR:&&(boolean,boolean):RHS(boolean,boolean):org.xml.sax.helpers.AttributesImpl@getQName(int):143:index >= 0 && index < length |==> index < length
61:LVR:POS:0:org.xml.sax.helpers.AttributesImpl@getQName(int):144:5 |==> 0
62:LVR:POS:NEG:org.xml.sax.helpers.AttributesImpl@getQName(int):144:5 |==> -5
63:AOR:*(int,int):%(int,int):org.xml.sax.helpers.AttributesImpl@getQName(int):144:index * 5 |==> index % 5
64:AOR:*(int,int):+(int,int):org.xml.sax.helpers.AttributesImpl@getQName(int):144:index * 5 |==> index + 5
65:AOR:*(int,int):-(int,int):org.xml.sax.helpers.AttributesImpl@getQName(int):144:index * 5 |==> index - 5
66:AOR:*(int,int):/(int,int):org.xml.sax.helpers.AttributesImpl@getQName(int):144:index * 5 |==> index / 5
67:LVR:POS:0:org.xml.sax.helpers.AttributesImpl@getQName(int):144:2 |==> 0
68:LVR:POS:NEG:org.xml.sax.helpers.AttributesImpl@getQName(int):144:2 |==> -2
69:AOR:+(int,int):%(int,int):org.xml.sax.helpers.AttributesImpl@getQName(int):144:index * 5 + 2 |==> index * 5 % 2
70:AOR:+(int,int):*(int,int):org.xml.sax.helpers.AttributesImpl@getQName(int):144:index * 5 + 2 |==> index * 5 * 2
71:AOR:+(int,int):-(int,int):org.xml.sax.helpers.AttributesImpl@getQName(int):144:index * 5 + 2 |==> index * 5 - 2
72:AOR:+(int,int):/(int,int):org.xml.sax.helpers.AttributesImpl@getQName(int):144:index * 5 + 2 |==> index * 5 / 2
73:LVR:0:POS:org.xml.sax.helpers.AttributesImpl@getType(int):161:0 |==> 1
74:LVR:0:NEG:org.xml.sax.helpers.AttributesImpl@getType(int):161:0 |==> -1
75:ROR:>=(int,int):==(int,int):org.xml.sax.helpers.AttributesImpl@getType(int):161:index >= 0 |==> index == 0
76:ROR:>=(int,int):>(int,int):org.xml.sax.helpers.AttributesImpl@getType(int):161:index >= 0 |==> index > 0
77:ROR:>=(int,int):TRUE(int,int):org.xml.sax.helpers.AttributesImpl@getType(int):161:index >= 0 |==> true
78:ROR:<(int,int):!=(int,int):org.xml.sax.helpers.AttributesImpl@getType(int):161:index < length |==> index != length
79:ROR:<(int,int):<=(int,int):org.xml.sax.helpers.AttributesImpl@getType(int):161:index < length |==> index <= length
80:ROR:<(int,int):FALSE(int,int):org.xml.sax.helpers.AttributesImpl@getType(int):161:index < length |==> false
81:COR:&&(boolean,boolean):==(boolean,boolean):org.xml.sax.helpers.AttributesImpl@getType(int):161:index >= 0 && index < length |==> index >= 0 == index < length
82:COR:&&(boolean,boolean):FALSE(boolean,boolean):org.xml.sax.helpers.AttributesImpl@getType(int):161:index >= 0 && index < length |==> false
83:COR:&&(boolean,boolean):LHS(boolean,boolean):org.xml.sax.helpers.AttributesImpl@getType(int):161:index >= 0 && index < length |==> index >= 0
84:COR:&&(boolean,boolean):RHS(boolean,boolean):org.xml.sax.helpers.AttributesImpl@getType(int):161:index >= 0 && index < length |==> index < length
85:LVR:POS:0:org.xml.sax.helpers.AttributesImpl@getType(int):162:5 |==> 0
86:LVR:POS:NEG:org.xml.sax.helpers.AttributesImpl@getType(int):162:5 |==> -5
87:AOR:*(int,int):%(int,int):org.xml.sax.helpers.AttributesImpl@getType(int):162:index * 5 |==> index % 5
88:AOR:*(int,int):+(int,int):org.xml.sax.helpers.AttributesImpl@getType(int):162:index * 5 |==> index + 5
89:AOR:*(int,int):-(int,int):org.xml.sax.helpers.AttributesImpl@getType(int):162:index * 5 |==> index - 5
90:AOR:*(int,int):/(int,int):org.xml.sax.helpers.AttributesImpl@getType(int):162:index * 5 |==> index / 5
91:LVR:POS:0:org.xml.sax.helpers.AttributesImpl@getType(int):162:3 |==> 0
92:LVR:POS:NEG:org.xml.sax.helpers.AttributesImpl@getType(int):162:3 |==> -3
93:AOR:+(int,int):%(int,int):org.xml.sax.helpers.AttributesImpl@getType(int):162:index * 5 + 3 |==> index * 5 % 3
94:AOR:+(int,int):*(int,int):org.xml.sax.helpers.AttributesImpl@getType(int):162:index * 5 + 3 |==> index * 5 * 3
95:AOR:+(int,int):-(int,int):org.xml.sax.helpers.AttributesImpl@getType(int):162:index * 5 + 3 |==> index * 5 - 3
96:AOR:+(int,int):/(int,int):org.xml.sax.helpers.AttributesImpl@getType(int):162:index * 5 + 3 |==> index * 5 / 3
97:LVR:0:POS:org.xml.sax.helpers.AttributesImpl@getValue(int):178:0 |==> 1
98:LVR:0:NEG:org.xml.sax.helpers.AttributesImpl@getValue(int):178:0 |==> -1
99:ROR:>=(int,int):==(int,int):org.xml.sax.helpers.AttributesImpl@getValue(int):178:index >= 0 |==> index == 0
100:ROR:>=(int,int):>(int,int):org.xml.sax.helpers.AttributesImpl@getValue(int):178:index >= 0 |==> index > 0
101:ROR:>=(int,int):TRUE(int,int):org.xml.sax.helpers.AttributesImpl@getValue(int):178:index >= 0 |==> true
102:ROR:<(int,int):!=(int,int):org.xml.sax.helpers.AttributesImpl@getValue(int):178:index < length |==> index != length
103:ROR:<(int,int):<=(int,int):org.xml.sax.helpers.AttributesImpl@getValue(int):178:index < length |==> index <= length
104:ROR:<(int,int):FALSE(int,int):org.xml.sax.helpers.AttributesImpl@getValue(int):178:index < length |==> false
105:COR:&&(boolean,boolean):==(boolean,boolean):org.xml.sax.helpers.AttributesImpl@getValue(int):178:index >= 0 && index < length |==> index >= 0 == index < length
106:COR:&&(boolean,boolean):FALSE(boolean,boolean):org.xml.sax.helpers.AttributesImpl@getValue(int):178:index >= 0 && index < length |==> false
107:COR:&&(boolean,boolean):LHS(boolean,boolean):org.xml.sax.helpers.AttributesImpl@getValue(int):178:index >= 0 && index < length |==> index >= 0
108:COR:&&(boolean,boolean):RHS(boolean,boolean):org.xml.sax.helpers.AttributesImpl@getValue(int):178:index >= 0 && index < length |==> index < length
109:LVR:POS:0:org.xml.sax.helpers.AttributesImpl@getValue(int):179:5 |==> 0
110:LVR:POS:NEG:org.xml.sax.helpers.AttributesImpl@getValue(int):179:5 |==> -5
111:AOR:*(int,int):%(int,int):org.xml.sax.helpers.AttributesImpl@getValue(int):179:index * 5 |==> index % 5
112:AOR:*(int,int):+(int,int):org.xml.sax.helpers.AttributesImpl@getValue(int):179:index * 5 |==> index + 5
113:AOR:*(int,int):-(int,int):org.xml.sax.helpers.AttributesImpl@getValue(int):179:index * 5 |==> index - 5
114:AOR:*(int,int):/(int,int):org.xml.sax.helpers.AttributesImpl@getValue(int):179:index * 5 |==> index / 5
115:LVR:POS:0:org.xml.sax.helpers.AttributesImpl@getValue(int):179:4 |==> 0
116:LVR:POS:NEG:org.xml.sax.helpers.AttributesImpl@getValue(int):179:4 |==> -4
117:AOR:+(int,int):%(int,int):org.xml.sax.helpers.AttributesImpl@getValue(int):179:index * 5 + 4 |==> index * 5 % 4
118:AOR:+(int,int):*(int,int):org.xml.sax.helpers.AttributesImpl@getValue(int):179:index * 5 + 4 |==> index * 5 * 4
119:AOR:+(int,int):-(int,int):org.xml.sax.helpers.AttributesImpl@getValue(int):179:index * 5 + 4 |==> index * 5 - 4
120:AOR:+(int,int):/(int,int):org.xml.sax.helpers.AttributesImpl@getValue(int):179:index * 5 + 4 |==> index * 5 / 4
121:LVR:POS:0:org.xml.sax.helpers.AttributesImpl@getIndex(java.lang.String,java.lang.String):201:5 |==> 0
122:LVR:POS:NEG:org.xml.sax.helpers.AttributesImpl@getIndex(java.lang.String,java.lang.String):201:5 |==> -5
123:AOR:*(int,int):%(int,int):org.xml.sax.helpers.AttributesImpl@getIndex(java.lang.String,java.lang.String):201:length * 5 |==> length % 5
124:AOR:*(int,int):+(int,int):org.xml.sax.helpers.AttributesImpl@getIndex(java.lang.String,java.lang.String):201:length * 5 |==> length + 5
125:AOR:*(int,int):-(int,int):org.xml.sax.helpers.AttributesImpl@getIndex(java.lang.String,java.lang.String):201:length * 5 |==> length - 5
126:AOR:*(int,int):/(int,int):org.xml.sax.helpers.AttributesImpl@getIndex(java.lang.String,java.lang.String):201:length * 5 |==> length / 5
127:LVR:0:POS:org.xml.sax.helpers.AttributesImpl@getIndex(java.lang.String,java.lang.String):202:0 |==> 1
128:LVR:0:NEG:org.xml.sax.helpers.AttributesImpl@getIndex(java.lang.String,java.lang.String):202:0 |==> -1
129:ROR:<(int,int):!=(int,int):org.xml.sax.helpers.AttributesImpl@getIndex(java.lang.String,java.lang.String):202:i < max |==> i != max
130:ROR:<(int,int):<=(int,int):org.xml.sax.helpers.AttributesImpl@getIndex(java.lang.String,java.lang.String):202:i < max |==> i <= max
131:ROR:<(int,int):FALSE(int,int):org.xml.sax.helpers.AttributesImpl@getIndex(java.lang.String,java.lang.String):202:i < max |==> false
132:LVR:POS:0:org.xml.sax.helpers.AttributesImpl@getIndex(java.lang.String,java.lang.String):202:5 |==> 0
133:LVR:POS:NEG:org.xml.sax.helpers.AttributesImpl@getIndex(java.lang.String,java.lang.String):202:5 |==> -5
134:LVR:POS:0:org.xml.sax.helpers.AttributesImpl@getIndex(java.lang.String,java.lang.String):203:1 |==> 0
135:LVR:POS:NEG:org.xml.sax.helpers.AttributesImpl@getIndex(java.lang.String,java.lang.String):203:1 |==> -1
136:AOR:+(int,int):%(int,int):org.xml.sax.helpers.AttributesImpl@getIndex(java.lang.String,java.lang.String):203:i + 1 |==> i % 1
137:AOR:+(int,int):*(int,int):org.xml.sax.helpers.AttributesImpl@getIndex(java.lang.String,java.lang.String):203:i + 1 |==> i * 1
138:AOR:+(int,int):-(int,int):org.xml.sax.helpers.AttributesImpl@getIndex(java.lang.String,java.lang.String):203:i + 1 |==> i - 1
139:AOR:+(int,int):/(int,int):org.xml.sax.helpers.AttributesImpl@getIndex(java.lang.String,java.lang.String):203:i + 1 |==> i / 1
140:COR:&&(boolean,boolean):==(boolean,boolean):org.xml.sax.helpers.AttributesImpl@getIndex(java.lang.String,java.lang.String):203:data[i].equals(uri) && data[i + 1].equals(localName) |==> data[i].equals(uri) == data[i + 1].equals(localName)
141:COR:&&(boolean,boolean):FALSE(boolean,boolean):org.xml.sax.helpers.AttributesImpl@getIndex(java.lang.String,java.lang.String):203:data[i].equals(uri) && data[i + 1].equals(localName) |==> false
142:COR:&&(boolean,boolean):LHS(boolean,boolean):org.xml.sax.helpers.AttributesImpl@getIndex(java.lang.String,java.lang.String):203:data[i].equals(uri) && data[i + 1].equals(localName) |==> data[i].equals(uri)
143:COR:&&(boolean,boolean):RHS(boolean,boolean):org.xml.sax.helpers.AttributesImpl@getIndex(java.lang.String,java.lang.String):203:data[i].equals(uri) && data[i + 1].equals(localName) |==> data[i + 1].equals(localName)
144:LVR:POS:0:org.xml.sax.helpers.AttributesImpl@getIndex(java.lang.String,java.lang.String):204:5 |==> 0
145:LVR:POS:NEG:org.xml.sax.helpers.AttributesImpl@getIndex(java.lang.String,java.lang.String):204:5 |==> -5
146:AOR:/(int,int):%(int,int):org.xml.sax.helpers.AttributesImpl@getIndex(java.lang.String,java.lang.String):204:i / 5 |==> i % 5
147:AOR:/(int,int):*(int,int):org.xml.sax.helpers.AttributesImpl@getIndex(java.lang.String,java.lang.String):204:i / 5 |==> i * 5
148:AOR:/(int,int):+(int,int):org.xml.sax.helpers.AttributesImpl@getIndex(java.lang.String,java.lang.String):204:i / 5 |==> i + 5
149:AOR:/(int,int):-(int,int):org.xml.sax.helpers.AttributesImpl@getIndex(java.lang.String,java.lang.String):204:i / 5 |==> i - 5
150:STD:<RETURN>:<NO-OP>:org.xml.sax.helpers.AttributesImpl@getIndex(java.lang.String,java.lang.String):204:return Config.__M_NO == 149 ? i - 5 : Config.__M_NO == 148 ? i + 5 : Config.__M_NO == 147 ? i * 5 : Config.__M_NO == 146 ? i % 5 : Config.__M_NO == 0 && Config.COVERED(146, 149) ? i / 5 : i / (Config.__M_NO == 0 && Config.COVERED(144, 145) ? 5 : Config.__M_NO == 145 ? -5 : Config.__M_NO == 144 ? 0 : 5); |==> <NO-OP>
151:LVR:NEG:0:org.xml.sax.helpers.AttributesImpl@getIndex(java.lang.String,java.lang.String):207:-1 |==> 0
152:LVR:NEG:POS:org.xml.sax.helpers.AttributesImpl@getIndex(java.lang.String,java.lang.String):207:-1 |==> 1
153:LVR:POS:0:org.xml.sax.helpers.AttributesImpl@getIndex(java.lang.String):220:5 |==> 0
154:LVR:POS:NEG:org.xml.sax.helpers.AttributesImpl@getIndex(java.lang.String):220:5 |==> -5
155:AOR:*(int,int):%(int,int):org.xml.sax.helpers.AttributesImpl@getIndex(java.lang.String):220:length * 5 |==> length % 5
156:AOR:*(int,int):+(int,int):org.xml.sax.helpers.AttributesImpl@getIndex(java.lang.String):220:length * 5 |==> length + 5
157:AOR:*(int,int):-(int,int):org.xml.sax.helpers.AttributesImpl@getIndex(java.lang.String):220:length * 5 |==> length - 5
158:AOR:*(int,int):/(int,int):org.xml.sax.helpers.AttributesImpl@getIndex(java.lang.String):220:length * 5 |==> length / 5
159:LVR:0:POS:org.xml.sax.helpers.AttributesImpl@getIndex(java.lang.String):221:0 |==> 1
160:LVR:0:NEG:org.xml.sax.helpers.AttributesImpl@getIndex(java.lang.String):221:0 |==> -1
161:ROR:<(int,int):!=(int,int):org.xml.sax.helpers.AttributesImpl@getIndex(java.lang.String):221:i < max |==> i != max
162:ROR:<(int,int):<=(int,int):org.xml.sax.helpers.AttributesImpl@getIndex(java.lang.String):221:i < max |==> i <= max
163:ROR:<(int,int):FALSE(int,int):org.xml.sax.helpers.AttributesImpl@getIndex(java.lang.String):221:i < max |==> false
164:LVR:POS:0:org.xml.sax.helpers.AttributesImpl@getIndex(java.lang.String):221:5 |==> 0
165:LVR:POS:NEG:org.xml.sax.helpers.AttributesImpl@getIndex(java.lang.String):221:5 |==> -5
166:LVR:POS:0:org.xml.sax.helpers.AttributesImpl@getIndex(java.lang.String):222:2 |==> 0
167:LVR:POS:NEG:org.xml.sax.helpers.AttributesImpl@getIndex(java.lang.String):222:2 |==> -2
168:AOR:+(int,int):%(int,int):org.xml.sax.helpers.AttributesImpl@getIndex(java.lang.String):222:i + 2 |==> i % 2
169:AOR:+(int,int):*(int,int):org.xml.sax.helpers.AttributesImpl@getIndex(java.lang.String):222:i + 2 |==> i * 2
170:AOR:+(int,int):-(int,int):org.xml.sax.helpers.AttributesImpl@getIndex(java.lang.String):222:i + 2 |==> i - 2
171:AOR:+(int,int):/(int,int):org.xml.sax.helpers.AttributesImpl@getIndex(java.lang.String):222:i + 2 |==> i / 2
172:COR:data[i + 2].equals(qName):TRUE:org.xml.sax.helpers.AttributesImpl@getIndex(java.lang.String):222:data[i + 2].equals(qName) |==> false
173:COR:data[i + 2].equals(qName):FALSE:org.xml.sax.helpers.AttributesImpl@getIndex(java.lang.String):222:data[i + 2].equals(qName) |==> true
174:LVR:POS:0:org.xml.sax.helpers.AttributesImpl@getIndex(java.lang.String):223:5 |==> 0
175:LVR:POS:NEG:org.xml.sax.helpers.AttributesImpl@getIndex(java.lang.String):223:5 |==> -5
176:AOR:/(int,int):%(int,int):org.xml.sax.helpers.AttributesImpl@getIndex(java.lang.String):223:i / 5 |==> i % 5
177:AOR:/(int,int):*(int,int):org.xml.sax.helpers.AttributesImpl@getIndex(java.lang.String):223:i / 5 |==> i * 5
178:AOR:/(int,int):+(int,int):org.xml.sax.helpers.AttributesImpl@getIndex(java.lang.String):223:i / 5 |==> i + 5
179:AOR:/(int,int):-(int,int):org.xml.sax.helpers.AttributesImpl@getIndex(java.lang.String):223:i / 5 |==> i - 5
180:STD:<RETURN>:<NO-OP>:org.xml.sax.helpers.AttributesImpl@getIndex(java.lang.String):223:return Config.__M_NO == 179 ? i - 5 : Config.__M_NO == 178 ? i + 5 : Config.__M_NO == 177 ? i * 5 : Config.__M_NO == 176 ? i % 5 : Config.__M_NO == 0 && Config.COVERED(176, 179) ? i / 5 : i / (Config.__M_NO == 0 && Config.COVERED(174, 175) ? 5 : Config.__M_NO == 175 ? -5 : Config.__M_NO == 174 ? 0 : 5); |==> <NO-OP>
181:LVR:NEG:0:org.xml.sax.helpers.AttributesImpl@getIndex(java.lang.String):226:-1 |==> 0
182:LVR:NEG:POS:org.xml.sax.helpers.AttributesImpl@getIndex(java.lang.String):226:-1 |==> 1
183:LVR:POS:0:org.xml.sax.helpers.AttributesImpl@getType(java.lang.String,java.lang.String):242:5 |==> 0
184:LVR:POS:NEG:org.xml.sax.helpers.AttributesImpl@getType(java.lang.String,java.lang.String):242:5 |==> -5
185:AOR:*(int,int):%(int,int):org.xml.sax.helpers.AttributesImpl@getType(java.lang.String,java.lang.String):242:length * 5 |==> length % 5
186:AOR:*(int,int):+(int,int):org.xml.sax.helpers.AttributesImpl@getType(java.lang.String,java.lang.String):242:length * 5 |==> length + 5
187:AOR:*(int,int):-(int,int):org.xml.sax.helpers.AttributesImpl@getType(java.lang.String,java.lang.String):242:length * 5 |==> length - 5
188:AOR:*(int,int):/(int,int):org.xml.sax.helpers.AttributesImpl@getType(java.lang.String,java.lang.String):242:length * 5 |==> length / 5
189:LVR:0:POS:org.xml.sax.helpers.AttributesImpl@getType(java.lang.String,java.lang.String):243:0 |==> 1
190:LVR:0:NEG:org.xml.sax.helpers.AttributesImpl@getType(java.lang.String,java.lang.String):243:0 |==> -1
191:ROR:<(int,int):!=(int,int):org.xml.sax.helpers.AttributesImpl@getType(java.lang.String,java.lang.String):243:i < max |==> i != max
192:ROR:<(int,int):<=(int,int):org.xml.sax.helpers.AttributesImpl@getType(java.lang.String,java.lang.String):243:i < max |==> i <= max
193:ROR:<(int,int):FALSE(int,int):org.xml.sax.helpers.AttributesImpl@getType(java.lang.String,java.lang.String):243:i < max |==> false
194:LVR:POS:0:org.xml.sax.helpers.AttributesImpl@getType(java.lang.String,java.lang.String):243:5 |==> 0
195:LVR:POS:NEG:org.xml.sax.helpers.AttributesImpl@getType(java.lang.String,java.lang.String):243:5 |==> -5
196:LVR:POS:0:org.xml.sax.helpers.AttributesImpl@getType(java.lang.String,java.lang.String):244:1 |==> 0
197:LVR:POS:NEG:org.xml.sax.helpers.AttributesImpl@getType(java.lang.String,java.lang.String):244:1 |==> -1
198:AOR:+(int,int):%(int,int):org.xml.sax.helpers.AttributesImpl@getType(java.lang.String,java.lang.String):244:i + 1 |==> i % 1
199:AOR:+(int,int):*(int,int):org.xml.sax.helpers.AttributesImpl@getType(java.lang.String,java.lang.String):244:i + 1 |==> i * 1
200:AOR:+(int,int):-(int,int):org.xml.sax.helpers.AttributesImpl@getType(java.lang.String,java.lang.String):244:i + 1 |==> i - 1
201:AOR:+(int,int):/(int,int):org.xml.sax.helpers.AttributesImpl@getType(java.lang.String,java.lang.String):244:i + 1 |==> i / 1
202:COR:&&(boolean,boolean):==(boolean,boolean):org.xml.sax.helpers.AttributesImpl@getType(java.lang.String,java.lang.String):244:data[i].equals(uri) && data[i + 1].equals(localName) |==> data[i].equals(uri) == data[i + 1].equals(localName)
203:COR:&&(boolean,boolean):FALSE(boolean,boolean):org.xml.sax.helpers.AttributesImpl@getType(java.lang.String,java.lang.String):244:data[i].equals(uri) && data[i + 1].equals(localName) |==> false
204:COR:&&(boolean,boolean):LHS(boolean,boolean):org.xml.sax.helpers.AttributesImpl@getType(java.lang.String,java.lang.String):244:data[i].equals(uri) && data[i + 1].equals(localName) |==> data[i].equals(uri)
205:COR:&&(boolean,boolean):RHS(boolean,boolean):org.xml.sax.helpers.AttributesImpl@getType(java.lang.String,java.lang.String):244:data[i].equals(uri) && data[i + 1].equals(localName) |==> data[i + 1].equals(localName)
206:LVR:POS:0:org.xml.sax.helpers.AttributesImpl@getType(java.lang.String,java.lang.String):245:3 |==> 0
207:LVR:POS:NEG:org.xml.sax.helpers.AttributesImpl@getType(java.lang.String,java.lang.String):245:3 |==> -3
208:AOR:+(int,int):%(int,int):org.xml.sax.helpers.AttributesImpl@getType(java.lang.String,java.lang.String):245:i + 3 |==> i % 3
209:AOR:+(int,int):*(int,int):org.xml.sax.helpers.AttributesImpl@getType(java.lang.String,java.lang.String):245:i + 3 |==> i * 3
210:AOR:+(int,int):-(int,int):org.xml.sax.helpers.AttributesImpl@getType(java.lang.String,java.lang.String):245:i + 3 |==> i - 3
211:AOR:+(int,int):/(int,int):org.xml.sax.helpers.AttributesImpl@getType(java.lang.String,java.lang.String):245:i + 3 |==> i / 3
212:STD:<RETURN>:<NO-OP>:org.xml.sax.helpers.AttributesImpl@getType(java.lang.String,java.lang.String):245:return data[Config.__M_NO == 211 ? i / 3 : Config.__M_NO == 210 ? i - 3 : Config.__M_NO == 209 ? i * 3 : Config.__M_NO == 208 ? i % 3 : Config.__M_NO == 0 && Config.COVERED(208, 211) ? i + 3 : i + (Config.__M_NO == 0 && Config.COVERED(206, 207) ? 3 : Config.__M_NO == 207 ? -3 : Config.__M_NO == 206 ? 0 : 3)]; |==> <NO-OP>
213:LVR:POS:0:org.xml.sax.helpers.AttributesImpl@getType(java.lang.String):262:5 |==> 0
214:LVR:POS:NEG:org.xml.sax.helpers.AttributesImpl@getType(java.lang.String):262:5 |==> -5
215:AOR:*(int,int):%(int,int):org.xml.sax.helpers.AttributesImpl@getType(java.lang.String):262:length * 5 |==> length % 5
216:AOR:*(int,int):+(int,int):org.xml.sax.helpers.AttributesImpl@getType(java.lang.String):262:length * 5 |==> length + 5
217:AOR:*(int,int):-(int,int):org.xml.sax.helpers.AttributesImpl@getType(java.lang.String):262:length * 5 |==> length - 5
218:AOR:*(int,int):/(int,int):org.xml.sax.helpers.AttributesImpl@getType(java.lang.String):262:length * 5 |==> length / 5
219:LVR:0:POS:org.xml.sax.helpers.AttributesImpl@getType(java.lang.String):263:0 |==> 1
220:LVR:0:NEG:org.xml.sax.helpers.AttributesImpl@getType(java.lang.String):263:0 |==> -1
221:ROR:<(int,int):!=(int,int):org.xml.sax.helpers.AttributesImpl@getType(java.lang.String):263:i < max |==> i != max
222:ROR:<(int,int):<=(int,int):org.xml.sax.helpers.AttributesImpl@getType(java.lang.String):263:i < max |==> i <= max
223:ROR:<(int,int):FALSE(int,int):org.xml.sax.helpers.AttributesImpl@getType(java.lang.String):263:i < max |==> false
224:LVR:POS:0:org.xml.sax.helpers.AttributesImpl@getType(java.lang.String):263:5 |==> 0
225:LVR:POS:NEG:org.xml.sax.helpers.AttributesImpl@getType(java.lang.String):263:5 |==> -5
226:LVR:POS:0:org.xml.sax.helpers.AttributesImpl@getType(java.lang.String):264:2 |==> 0
227:LVR:POS:NEG:org.xml.sax.helpers.AttributesImpl@getType(java.lang.String):264:2 |==> -2
228:AOR:+(int,int):%(int,int):org.xml.sax.helpers.AttributesImpl@getType(java.lang.String):264:i + 2 |==> i % 2
229:AOR:+(int,int):*(int,int):org.xml.sax.helpers.AttributesImpl@getType(java.lang.String):264:i + 2 |==> i * 2
230:AOR:+(int,int):-(int,int):org.xml.sax.helpers.AttributesImpl@getType(java.lang.String):264:i + 2 |==> i - 2
231:AOR:+(int,int):/(int,int):org.xml.sax.helpers.AttributesImpl@getType(java.lang.String):264:i + 2 |==> i / 2
232:COR:data[i + 2].equals(qName):TRUE:org.xml.sax.helpers.AttributesImpl@getType(java.lang.String):264:data[i + 2].equals(qName) |==> false
233:COR:data[i + 2].equals(qName):FALSE:org.xml.sax.helpers.AttributesImpl@getType(java.lang.String):264:data[i + 2].equals(qName) |==> true
234:LVR:POS:0:org.xml.sax.helpers.AttributesImpl@getType(java.lang.String):265:3 |==> 0
235:LVR:POS:NEG:org.xml.sax.helpers.AttributesImpl@getType(java.lang.String):265:3 |==> -3
236:AOR:+(int,int):%(int,int):org.xml.sax.helpers.AttributesImpl@getType(java.lang.String):265:i + 3 |==> i % 3
237:AOR:+(int,int):*(int,int):org.xml.sax.helpers.AttributesImpl@getType(java.lang.String):265:i + 3 |==> i * 3
238:AOR:+(int,int):-(int,int):org.xml.sax.helpers.AttributesImpl@getType(java.lang.String):265:i + 3 |==> i - 3
239:AOR:+(int,int):/(int,int):org.xml.sax.helpers.AttributesImpl@getType(java.lang.String):265:i + 3 |==> i / 3
240:STD:<RETURN>:<NO-OP>:org.xml.sax.helpers.AttributesImpl@getType(java.lang.String):265:return data[Config.__M_NO == 239 ? i / 3 : Config.__M_NO == 238 ? i - 3 : Config.__M_NO == 237 ? i * 3 : Config.__M_NO == 236 ? i % 3 : Config.__M_NO == 0 && Config.COVERED(236, 239) ? i + 3 : i + (Config.__M_NO == 0 && Config.COVERED(234, 235) ? 3 : Config.__M_NO == 235 ? -3 : Config.__M_NO == 234 ? 0 : 3)]; |==> <NO-OP>
241:LVR:POS:0:org.xml.sax.helpers.AttributesImpl@getValue(java.lang.String,java.lang.String):284:5 |==> 0
242:LVR:POS:NEG:org.xml.sax.helpers.AttributesImpl@getValue(java.lang.String,java.lang.String):284:5 |==> -5
243:AOR:*(int,int):%(int,int):org.xml.sax.helpers.AttributesImpl@getValue(java.lang.String,java.lang.String):284:length * 5 |==> length % 5
244:AOR:*(int,int):+(int,int):org.xml.sax.helpers.AttributesImpl@getValue(java.lang.String,java.lang.String):284:length * 5 |==> length + 5
245:AOR:*(int,int):-(int,int):org.xml.sax.helpers.AttributesImpl@getValue(java.lang.String,java.lang.String):284:length * 5 |==> length - 5
246:AOR:*(int,int):/(int,int):org.xml.sax.helpers.AttributesImpl@getValue(java.lang.String,java.lang.String):284:length * 5 |==> length / 5
247:LVR:0:POS:org.xml.sax.helpers.AttributesImpl@getValue(java.lang.String,java.lang.String):285:0 |==> 1
248:LVR:0:NEG:org.xml.sax.helpers.AttributesImpl@getValue(java.lang.String,java.lang.String):285:0 |==> -1
249:ROR:<(int,int):!=(int,int):org.xml.sax.helpers.AttributesImpl@getValue(java.lang.String,java.lang.String):285:i < max |==> i != max
250:ROR:<(int,int):<=(int,int):org.xml.sax.helpers.AttributesImpl@getValue(java.lang.String,java.lang.String):285:i < max |==> i <= max
251:ROR:<(int,int):FALSE(int,int):org.xml.sax.helpers.AttributesImpl@getValue(java.lang.String,java.lang.String):285:i < max |==> false
252:LVR:POS:0:org.xml.sax.helpers.AttributesImpl@getValue(java.lang.String,java.lang.String):285:5 |==> 0
253:LVR:POS:NEG:org.xml.sax.helpers.AttributesImpl@getValue(java.lang.String,java.lang.String):285:5 |==> -5
254:LVR:POS:0:org.xml.sax.helpers.AttributesImpl@getValue(java.lang.String,java.lang.String):286:1 |==> 0
255:LVR:POS:NEG:org.xml.sax.helpers.AttributesImpl@getValue(java.lang.String,java.lang.String):286:1 |==> -1
256:AOR:+(int,int):%(int,int):org.xml.sax.helpers.AttributesImpl@getValue(java.lang.String,java.lang.String):286:i + 1 |==> i % 1
257:AOR:+(int,int):*(int,int):org.xml.sax.helpers.AttributesImpl@getValue(java.lang.String,java.lang.String):286:i + 1 |==> i * 1
258:AOR:+(int,int):-(int,int):org.xml.sax.helpers.AttributesImpl@getValue(java.lang.String,java.lang.String):286:i + 1 |==> i - 1
259:AOR:+(int,int):/(int,int):org.xml.sax.helpers.AttributesImpl@getValue(java.lang.String,java.lang.String):286:i + 1 |==> i / 1
260:COR:&&(boolean,boolean):==(boolean,boolean):org.xml.sax.helpers.AttributesImpl@getValue(java.lang.String,java.lang.String):286:data[i].equals(uri) && data[i + 1].equals(localName) |==> data[i].equals(uri) == data[i + 1].equals(localName)
261:COR:&&(boolean,boolean):FALSE(boolean,boolean):org.xml.sax.helpers.AttributesImpl@getValue(java.lang.String,java.lang.String):286:data[i].equals(uri) && data[i + 1].equals(localName) |==> false
262:COR:&&(boolean,boolean):LHS(boolean,boolean):org.xml.sax.helpers.AttributesImpl@getValue(java.lang.String,java.lang.String):286:data[i].equals(uri) && data[i + 1].equals(localName) |==> data[i].equals(uri)
263:COR:&&(boolean,boolean):RHS(boolean,boolean):org.xml.sax.helpers.AttributesImpl@getValue(java.lang.String,java.lang.String):286:data[i].equals(uri) && data[i + 1].equals(localName) |==> data[i + 1].equals(localName)
264:LVR:POS:0:org.xml.sax.helpers.AttributesImpl@getValue(java.lang.String,java.lang.String):287:4 |==> 0
265:LVR:POS:NEG:org.xml.sax.helpers.AttributesImpl@getValue(java.lang.String,java.lang.String):287:4 |==> -4
266:AOR:+(int,int):%(int,int):org.xml.sax.helpers.AttributesImpl@getValue(java.lang.String,java.lang.String):287:i + 4 |==> i % 4
267:AOR:+(int,int):*(int,int):org.xml.sax.helpers.AttributesImpl@getValue(java.lang.String,java.lang.String):287:i + 4 |==> i * 4
268:AOR:+(int,int):-(int,int):org.xml.sax.helpers.AttributesImpl@getValue(java.lang.String,java.lang.String):287:i + 4 |==> i - 4
269:AOR:+(int,int):/(int,int):org.xml.sax.helpers.AttributesImpl@getValue(java.lang.String,java.lang.String):287:i + 4 |==> i / 4
270:STD:<RETURN>:<NO-OP>:org.xml.sax.helpers.AttributesImpl@getValue(java.lang.String,java.lang.String):287:return data[Config.__M_NO == 269 ? i / 4 : Config.__M_NO == 268 ? i - 4 : Config.__M_NO == 267 ? i * 4 : Config.__M_NO == 266 ? i % 4 : Config.__M_NO == 0 && Config.COVERED(266, 269) ? i + 4 : i + (Config.__M_NO == 0 && Config.COVERED(264, 265) ? 4 : Config.__M_NO == 265 ? -4 : Config.__M_NO == 264 ? 0 : 4)]; |==> <NO-OP>
271:LVR:POS:0:org.xml.sax.helpers.AttributesImpl@getValue(java.lang.String):304:5 |==> 0
272:LVR:POS:NEG:org.xml.sax.helpers.AttributesImpl@getValue(java.lang.String):304:5 |==> -5
273:AOR:*(int,int):%(int,int):org.xml.sax.helpers.AttributesImpl@getValue(java.lang.String):304:length * 5 |==> length % 5
274:AOR:*(int,int):+(int,int):org.xml.sax.helpers.AttributesImpl@getValue(java.lang.String):304:length * 5 |==> length + 5
275:AOR:*(int,int):-(int,int):org.xml.sax.helpers.AttributesImpl@getValue(java.lang.String):304:length * 5 |==> length - 5
276:AOR:*(int,int):/(int,int):org.xml.sax.helpers.AttributesImpl@getValue(java.lang.String):304:length * 5 |==> length / 5
277:LVR:0:POS:org.xml.sax.helpers.AttributesImpl@getValue(java.lang.String):305:0 |==> 1
278:LVR:0:NEG:org.xml.sax.helpers.AttributesImpl@getValue(java.lang.String):305:0 |==> -1
279:ROR:<(int,int):!=(int,int):org.xml.sax.helpers.AttributesImpl@getValue(java.lang.String):305:i < max |==> i != max
280:ROR:<(int,int):<=(int,int):org.xml.sax.helpers.AttributesImpl@getValue(java.lang.String):305:i < max |==> i <= max
281:ROR:<(int,int):FALSE(int,int):org.xml.sax.helpers.AttributesImpl@getValue(java.lang.String):305:i < max |==> false
282:LVR:POS:0:org.xml.sax.helpers.AttributesImpl@getValue(java.lang.String):305:5 |==> 0
283:LVR:POS:NEG:org.xml.sax.helpers.AttributesImpl@getValue(java.lang.String):305:5 |==> -5
284:LVR:POS:0:org.xml.sax.helpers.AttributesImpl@getValue(java.lang.String):306:2 |==> 0
285:LVR:POS:NEG:org.xml.sax.helpers.AttributesImpl@getValue(java.lang.String):306:2 |==> -2
286:AOR:+(int,int):%(int,int):org.xml.sax.helpers.AttributesImpl@getValue(java.lang.String):306:i + 2 |==> i % 2
287:AOR:+(int,int):*(int,int):org.xml.sax.helpers.AttributesImpl@getValue(java.lang.String):306:i + 2 |==> i * 2
288:AOR:+(int,int):-(int,int):org.xml.sax.helpers.AttributesImpl@getValue(java.lang.String):306:i + 2 |==> i - 2
289:AOR:+(int,int):/(int,int):org.xml.sax.helpers.AttributesImpl@getValue(java.lang.String):306:i + 2 |==> i / 2
290:COR:data[i + 2].equals(qName):TRUE:org.xml.sax.helpers.AttributesImpl@getValue(java.lang.String):306:data[i + 2].equals(qName) |==> false
291:COR:data[i + 2].equals(qName):FALSE:org.xml.sax.helpers.AttributesImpl@getValue(java.lang.String):306:data[i + 2].equals(qName) |==> true
292:LVR:POS:0:org.xml.sax.helpers.AttributesImpl@getValue(java.lang.String):307:4 |==> 0
293:LVR:POS:NEG:org.xml.sax.helpers.AttributesImpl@getValue(java.lang.String):307:4 |==> -4
294:AOR:+(int,int):%(int,int):org.xml.sax.helpers.AttributesImpl@getValue(java.lang.String):307:i + 4 |==> i % 4
295:AOR:+(int,int):*(int,int):org.xml.sax.helpers.AttributesImpl@getValue(java.lang.String):307:i + 4 |==> i * 4
296:AOR:+(int,int):-(int,int):org.xml.sax.helpers.AttributesImpl@getValue(java.lang.String):307:i + 4 |==> i - 4
297:AOR:+(int,int):/(int,int):org.xml.sax.helpers.AttributesImpl@getValue(java.lang.String):307:i + 4 |==> i / 4
298:STD:<RETURN>:<NO-OP>:org.xml.sax.helpers.AttributesImpl@getValue(java.lang.String):307:return data[Config.__M_NO == 297 ? i / 4 : Config.__M_NO == 296 ? i - 4 : Config.__M_NO == 295 ? i * 4 : Config.__M_NO == 294 ? i % 4 : Config.__M_NO == 0 && Config.COVERED(294, 297) ? i + 4 : i + (Config.__M_NO == 0 && Config.COVERED(292, 293) ? 4 : Config.__M_NO == 293 ? -4 : Config.__M_NO == 292 ? 0 : 4)]; |==> <NO-OP>
299:LVR:0:POS:org.xml.sax.helpers.AttributesImpl@clear():329:0 |==> 1
300:LVR:0:NEG:org.xml.sax.helpers.AttributesImpl@clear():329:0 |==> -1
301:STD:<ASSIGN>:<NO-OP>:org.xml.sax.helpers.AttributesImpl@clear():329:length = 0 |==> <NO-OP>
302:STD:<CALL>:<NO-OP>:org.xml.sax.helpers.AttributesImpl@setAttributes(org.xml.sax.Attributes):343:clear() |==> <NO-OP>
303:STD:<ASSIGN>:<NO-OP>:org.xml.sax.helpers.AttributesImpl@setAttributes(org.xml.sax.Attributes):344:length = atts.getLength() |==> <NO-OP>
304:LVR:POS:0:org.xml.sax.helpers.AttributesImpl@setAttributes(org.xml.sax.Attributes):345:5 |==> 0
305:LVR:POS:NEG:org.xml.sax.helpers.AttributesImpl@setAttributes(org.xml.sax.Attributes):345:5 |==> -5
306:AOR:*(int,int):%(int,int):org.xml.sax.helpers.AttributesImpl@setAttributes(org.xml.sax.Attributes):345:length * 5 |==> length % 5
307:AOR:*(int,int):+(int,int):org.xml.sax.helpers.AttributesImpl@setAttributes(org.xml.sax.Attributes):345:length * 5 |==> length + 5
308:AOR:*(int,int):-(int,int):org.xml.sax.helpers.AttributesImpl@setAttributes(org.xml.sax.Attributes):345:length * 5 |==> length - 5
309:AOR:*(int,int):/(int,int):org.xml.sax.helpers.AttributesImpl@setAttributes(org.xml.sax.Attributes):345:length * 5 |==> length / 5
310:STD:<ASSIGN>:<NO-OP>:org.xml.sax.helpers.AttributesImpl@setAttributes(org.xml.sax.Attributes):345:data = new String[length * 5] |==> <NO-OP>
311:LVR:0:POS:org.xml.sax.helpers.AttributesImpl@setAttributes(org.xml.sax.Attributes):346:0 |==> 1
312:LVR:0:NEG:org.xml.sax.helpers.AttributesImpl@setAttributes(org.xml.sax.Attributes):346:0 |==> -1
313:ROR:<(int,int):!=(int,int):org.xml.sax.helpers.AttributesImpl@setAttributes(org.xml.sax.Attributes):346:i < length |==> i != length
314:ROR:<(int,int):<=(int,int):org.xml.sax.helpers.AttributesImpl@setAttributes(org.xml.sax.Attributes):346:i < length |==> i <= length
315:ROR:<(int,int):FALSE(int,int):org.xml.sax.helpers.AttributesImpl@setAttributes(org.xml.sax.Attributes):346:i < length |==> false
316:LVR:POS:0:org.xml.sax.helpers.AttributesImpl@setAttributes(org.xml.sax.Attributes):347:5 |==> 0
317:LVR:POS:NEG:org.xml.sax.helpers.AttributesImpl@setAttributes(org.xml.sax.Attributes):347:5 |==> -5
318:AOR:*(int,int):%(int,int):org.xml.sax.helpers.AttributesImpl@setAttributes(org.xml.sax.Attributes):347:i * 5 |==> i % 5
319:AOR:*(int,int):+(int,int):org.xml.sax.helpers.AttributesImpl@setAttributes(org.xml.sax.Attributes):347:i * 5 |==> i + 5
320:AOR:*(int,int):-(int,int):org.xml.sax.helpers.AttributesImpl@setAttributes(org.xml.sax.Attributes):347:i * 5 |==> i - 5
321:AOR:*(int,int):/(int,int):org.xml.sax.helpers.AttributesImpl@setAttributes(org.xml.sax.Attributes):347:i * 5 |==> i / 5
322:STD:<ASSIGN>:<NO-OP>:org.xml.sax.helpers.AttributesImpl@setAttributes(org.xml.sax.Attributes):347:data[i * 5] = atts.getURI(i) |==> <NO-OP>
323:LVR:POS:0:org.xml.sax.helpers.AttributesImpl@setAttributes(org.xml.sax.Attributes):348:5 |==> 0
324:LVR:POS:NEG:org.xml.sax.helpers.AttributesImpl@setAttributes(org.xml.sax.Attributes):348:5 |==> -5
325:AOR:*(int,int):%(int,int):org.xml.sax.helpers.AttributesImpl@setAttributes(org.xml.sax.Attributes):348:i * 5 |==> i % 5
326:AOR:*(int,int):+(int,int):org.xml.sax.helpers.AttributesImpl@setAttributes(org.xml.sax.Attributes):348:i * 5 |==> i + 5
327:AOR:*(int,int):-(int,int):org.xml.sax.helpers.AttributesImpl@setAttributes(org.xml.sax.Attributes):348:i * 5 |==> i - 5
328:AOR:*(int,int):/(int,int):org.xml.sax.helpers.AttributesImpl@setAttributes(org.xml.sax.Attributes):348:i * 5 |==> i / 5
329:LVR:POS:0:org.xml.sax.helpers.AttributesImpl@setAttributes(org.xml.sax.Attributes):348:1 |==> 0
330:LVR:POS:NEG:org.xml.sax.helpers.AttributesImpl@setAttributes(org.xml.sax.Attributes):348:1 |==> -1
331:AOR:+(int,int):%(int,int):org.xml.sax.helpers.AttributesImpl@setAttributes(org.xml.sax.Attributes):348:i * 5 + 1 |==> i * 5 % 1
332:AOR:+(int,int):*(int,int):org.xml.sax.helpers.AttributesImpl@setAttributes(org.xml.sax.Attributes):348:i * 5 + 1 |==> i * 5 * 1
333:AOR:+(int,int):-(int,int):org.xml.sax.helpers.AttributesImpl@setAttributes(org.xml.sax.Attributes):348:i * 5 + 1 |==> i * 5 - 1
334:AOR:+(int,int):/(int,int):org.xml.sax.helpers.AttributesImpl@setAttributes(org.xml.sax.Attributes):348:i * 5 + 1 |==> i * 5 / 1
335:STD:<ASSIGN>:<NO-OP>:org.xml.sax.helpers.AttributesImpl@setAttributes(org.xml.sax.Attributes):348:data[i * 5 + 1] = atts.getLocalName(i) |==> <NO-OP>
336:LVR:POS:0:org.xml.sax.helpers.AttributesImpl@setAttributes(org.xml.sax.Attributes):349:5 |==> 0
337:LVR:POS:NEG:org.xml.sax.helpers.AttributesImpl@setAttributes(org.xml.sax.Attributes):349:5 |==> -5
338:AOR:*(int,int):%(int,int):org.xml.sax.helpers.AttributesImpl@setAttributes(org.xml.sax.Attributes):349:i * 5 |==> i % 5
339:AOR:*(int,int):+(int,int):org.xml.sax.helpers.AttributesImpl@setAttributes(org.xml.sax.Attributes):349:i * 5 |==> i + 5
340:AOR:*(int,int):-(int,int):org.xml.sax.helpers.AttributesImpl@setAttributes(org.xml.sax.Attributes):349:i * 5 |==> i - 5
341:AOR:*(int,int):/(int,int):org.xml.sax.helpers.AttributesImpl@setAttributes(org.xml.sax.Attributes):349:i * 5 |==> i / 5
342:LVR:POS:0:org.xml.sax.helpers.AttributesImpl@setAttributes(org.xml.sax.Attributes):349:2 |==> 0
343:LVR:POS:NEG:org.xml.sax.helpers.AttributesImpl@setAttributes(org.xml.sax.Attributes):349:2 |==> -2
344:AOR:+(int,int):%(int,int):org.xml.sax.helpers.AttributesImpl@setAttributes(org.xml.sax.Attributes):349:i * 5 + 2 |==> i * 5 % 2
345:AOR:+(int,int):*(int,int):org.xml.sax.helpers.AttributesImpl@setAttributes(org.xml.sax.Attributes):349:i * 5 + 2 |==> i * 5 * 2
346:AOR:+(int,int):-(int,int):org.xml.sax.helpers.AttributesImpl@setAttributes(org.xml.sax.Attributes):349:i * 5 + 2 |==> i * 5 - 2
347:AOR:+(int,int):/(int,int):org.xml.sax.helpers.AttributesImpl@setAttributes(org.xml.sax.Attributes):349:i * 5 + 2 |==> i * 5 / 2
348:STD:<ASSIGN>:<NO-OP>:org.xml.sax.helpers.AttributesImpl@setAttributes(org.xml.sax.Attributes):349:data[i * 5 + 2] = atts.getQName(i) |==> <NO-OP>
349:LVR:POS:0:org.xml.sax.helpers.AttributesImpl@setAttributes(org.xml.sax.Attributes):350:5 |==> 0
350:LVR:POS:NEG:org.xml.sax.helpers.AttributesImpl@setAttributes(org.xml.sax.Attributes):350:5 |==> -5
351:AOR:*(int,int):%(int,int):org.xml.sax.helpers.AttributesImpl@setAttributes(org.xml.sax.Attributes):350:i * 5 |==> i % 5
352:AOR:*(int,int):+(int,int):org.xml.sax.helpers.AttributesImpl@setAttributes(org.xml.sax.Attributes):350:i * 5 |==> i + 5
353:AOR:*(int,int):-(int,int):org.xml.sax.helpers.AttributesImpl@setAttributes(org.xml.sax.Attributes):350:i * 5 |==> i - 5
354:AOR:*(int,int):/(int,int):org.xml.sax.helpers.AttributesImpl@setAttributes(org.xml.sax.Attributes):350:i * 5 |==> i / 5
355:LVR:POS:0:org.xml.sax.helpers.AttributesImpl@setAttributes(org.xml.sax.Attributes):350:3 |==> 0
356:LVR:POS:NEG:org.xml.sax.helpers.AttributesImpl@setAttributes(org.xml.sax.Attributes):350:3 |==> -3
357:AOR:+(int,int):%(int,int):org.xml.sax.helpers.AttributesImpl@setAttributes(org.xml.sax.Attributes):350:i * 5 + 3 |==> i * 5 % 3
358:AOR:+(int,int):*(int,int):org.xml.sax.helpers.AttributesImpl@setAttributes(org.xml.sax.Attributes):350:i * 5 + 3 |==> i * 5 * 3
359:AOR:+(int,int):-(int,int):org.xml.sax.helpers.AttributesImpl@setAttributes(org.xml.sax.Attributes):350:i * 5 + 3 |==> i * 5 - 3
360:AOR:+(int,int):/(int,int):org.xml.sax.helpers.AttributesImpl@setAttributes(org.xml.sax.Attributes):350:i * 5 + 3 |==> i * 5 / 3
361:STD:<ASSIGN>:<NO-OP>:org.xml.sax.helpers.AttributesImpl@setAttributes(org.xml.sax.Attributes):350:data[i * 5 + 3] = atts.getType(i) |==> <NO-OP>
362:LVR:POS:0:org.xml.sax.helpers.AttributesImpl@setAttributes(org.xml.sax.Attributes):351:5 |==> 0
363:LVR:POS:NEG:org.xml.sax.helpers.AttributesImpl@setAttributes(org.xml.sax.Attributes):351:5 |==> -5
364:AOR:*(int,int):%(int,int):org.xml.sax.helpers.AttributesImpl@setAttributes(org.xml.sax.Attributes):351:i * 5 |==> i % 5
365:AOR:*(int,int):+(int,int):org.xml.sax.helpers.AttributesImpl@setAttributes(org.xml.sax.Attributes):351:i * 5 |==> i + 5
366:AOR:*(int,int):-(int,int):org.xml.sax.helpers.AttributesImpl@setAttributes(org.xml.sax.Attributes):351:i * 5 |==> i - 5
367:AOR:*(int,int):/(int,int):org.xml.sax.helpers.AttributesImpl@setAttributes(org.xml.sax.Attributes):351:i * 5 |==> i / 5
368:LVR:POS:0:org.xml.sax.helpers.AttributesImpl@setAttributes(org.xml.sax.Attributes):351:4 |==> 0
369:LVR:POS:NEG:org.xml.sax.helpers.AttributesImpl@setAttributes(org.xml.sax.Attributes):351:4 |==> -4
370:AOR:+(int,int):%(int,int):org.xml.sax.helpers.AttributesImpl@setAttributes(org.xml.sax.Attributes):351:i * 5 + 4 |==> i * 5 % 4
371:AOR:+(int,int):*(int,int):org.xml.sax.helpers.AttributesImpl@setAttributes(org.xml.sax.Attributes):351:i * 5 + 4 |==> i * 5 * 4
372:AOR:+(int,int):-(int,int):org.xml.sax.helpers.AttributesImpl@setAttributes(org.xml.sax.Attributes):351:i * 5 + 4 |==> i * 5 - 4
373:AOR:+(int,int):/(int,int):org.xml.sax.helpers.AttributesImpl@setAttributes(org.xml.sax.Attributes):351:i * 5 + 4 |==> i * 5 / 4
374:STD:<ASSIGN>:<NO-OP>:org.xml.sax.helpers.AttributesImpl@setAttributes(org.xml.sax.Attributes):351:data[i * 5 + 4] = atts.getValue(i) |==> <NO-OP>
375:LVR:POS:0:org.xml.sax.helpers.AttributesImpl@addAttribute(java.lang.String,java.lang.String,java.lang.String,java.lang.String,java.lang.String):376:1 |==> 0
376:LVR:POS:NEG:org.xml.sax.helpers.AttributesImpl@addAttribute(java.lang.String,java.lang.String,java.lang.String,java.lang.String,java.lang.String):376:1 |==> -1
377:AOR:+(int,int):%(int,int):org.xml.sax.helpers.AttributesImpl@addAttribute(java.lang.String,java.lang.String,java.lang.String,java.lang.String,java.lang.String):376:length + 1 |==> length % 1
378:AOR:+(int,int):*(int,int):org.xml.sax.helpers.AttributesImpl@addAttribute(java.lang.String,java.lang.String,java.lang.String,java.lang.String,java.lang.String):376:length + 1 |==> length * 1
379:AOR:+(int,int):-(int,int):org.xml.sax.helpers.AttributesImpl@addAttribute(java.lang.String,java.lang.String,java.lang.String,java.lang.String,java.lang.String):376:length + 1 |==> length - 1
380:AOR:+(int,int):/(int,int):org.xml.sax.helpers.AttributesImpl@addAttribute(java.lang.String,java.lang.String,java.lang.String,java.lang.String,java.lang.String):376:length + 1 |==> length / 1
381:STD:<CALL>:<NO-OP>:org.xml.sax.helpers.AttributesImpl@addAttribute(java.lang.String,java.lang.String,java.lang.String,java.lang.String,java.lang.String):376:ensureCapacity(length + 1) |==> <NO-OP>
382:LVR:POS:0:org.xml.sax.helpers.AttributesImpl@addAttribute(java.lang.String,java.lang.String,java.lang.String,java.lang.String,java.lang.String):377:5 |==> 0
383:LVR:POS:NEG:org.xml.sax.helpers.AttributesImpl@addAttribute(java.lang.String,java.lang.String,java.lang.String,java.lang.String,java.lang.String):377:5 |==> -5
384:AOR:*(int,int):%(int,int):org.xml.sax.helpers.AttributesImpl@addAttribute(java.lang.String,java.lang.String,java.lang.String,java.lang.String,java.lang.String):377:length * 5 |==> length % 5
385:AOR:*(int,int):+(int,int):org.xml.sax.helpers.AttributesImpl@addAttribute(java.lang.String,java.lang.String,java.lang.String,java.lang.String,java.lang.String):377:length * 5 |==> length + 5
386:AOR:*(int,int):-(int,int):org.xml.sax.helpers.AttributesImpl@addAttribute(java.lang.String,java.lang.String,java.lang.String,java.lang.String,java.lang.String):377:length * 5 |==> length - 5
387:AOR:*(int,int):/(int,int):org.xml.sax.helpers.AttributesImpl@addAttribute(java.lang.String,java.lang.String,java.lang.String,java.lang.String,java.lang.String):377:length * 5 |==> length / 5
388:STD:<ASSIGN>:<NO-OP>:org.xml.sax.helpers.AttributesImpl@addAttribute(java.lang.String,java.lang.String,java.lang.String,java.lang.String,java.lang.String):377:data[length * 5] = uri |==> <NO-OP>
389:LVR:POS:0:org.xml.sax.helpers.AttributesImpl@addAttribute(java.lang.String,java.lang.String,java.lang.String,java.lang.String,java.lang.String):378:5 |==> 0
390:LVR:POS:NEG:org.xml.sax.helpers.AttributesImpl@addAttribute(java.lang.String,java.lang.String,java.lang.String,java.lang.String,java.lang.String):378:5 |==> -5
391:AOR:*(int,int):%(int,int):org.xml.sax.helpers.AttributesImpl@addAttribute(java.lang.String,java.lang.String,java.lang.String,java.lang.String,java.lang.String):378:length * 5 |==> length % 5
392:AOR:*(int,int):+(int,int):org.xml.sax.helpers.AttributesImpl@addAttribute(java.lang.String,java.lang.String,java.lang.String,java.lang.String,java.lang.String):378:length * 5 |==> length + 5
393:AOR:*(int,int):-(int,int):org.xml.sax.helpers.AttributesImpl@addAttribute(java.lang.String,java.lang.String,java.lang.String,java.lang.String,java.lang.String):378:length * 5 |==> length - 5
394:AOR:*(int,int):/(int,int):org.xml.sax.helpers.AttributesImpl@addAttribute(java.lang.String,java.lang.String,java.lang.String,java.lang.String,java.lang.String):378:length * 5 |==> length / 5
395:LVR:POS:0:org.xml.sax.helpers.AttributesImpl@addAttribute(java.lang.String,java.lang.String,java.lang.String,java.lang.String,java.lang.String):378:1 |==> 0
396:LVR:POS:NEG:org.xml.sax.helpers.AttributesImpl@addAttribute(java.lang.String,java.lang.String,java.lang.String,java.lang.String,java.lang.String):378:1 |==> -1
397:AOR:+(int,int):%(int,int):org.xml.sax.helpers.AttributesImpl@addAttribute(java.lang.String,java.lang.String,java.lang.String,java.lang.String,java.lang.String):378:length * 5 + 1 |==> length * 5 % 1
398:AOR:+(int,int):*(int,int):org.xml.sax.helpers.AttributesImpl@addAttribute(java.lang.String,java.lang.String,java.lang.String,java.lang.String,java.lang.String):378:length * 5 + 1 |==> length * 5 * 1
399:AOR:+(int,int):-(int,int):org.xml.sax.helpers.AttributesImpl@addAttribute(java.lang.String,java.lang.String,java.lang.String,java.lang.String,java.lang.String):378:length * 5 + 1 |==> length * 5 - 1
400:AOR:+(int,int):/(int,int):org.xml.sax.helpers.AttributesImpl@addAttribute(java.lang.String,java.lang.String,java.lang.String,java.lang.String,java.lang.String):378:length * 5 + 1 |==> length * 5 / 1
401:STD:<ASSIGN>:<NO-OP>:org.xml.sax.helpers.AttributesImpl@addAttribute(java.lang.String,java.lang.String,java.lang.String,java.lang.String,java.lang.String):378:data[length * 5 + 1] = localName |==> <NO-OP>
402:LVR:POS:0:org.xml.sax.helpers.AttributesImpl@addAttribute(java.lang.String,java.lang.String,java.lang.String,java.lang.String,java.lang.String):379:5 |==> 0
403:LVR:POS:NEG:org.xml.sax.helpers.AttributesImpl@addAttribute(java.lang.String,java.lang.String,java.lang.String,java.lang.String,java.lang.String):379:5 |==> -5
404:AOR:*(int,int):%(int,int):org.xml.sax.helpers.AttributesImpl@addAttribute(java.lang.String,java.lang.String,java.lang.String,java.lang.String,java.lang.String):379:length * 5 |==> length % 5
405:AOR:*(int,int):+(int,int):org.xml.sax.helpers.AttributesImpl@addAttribute(java.lang.String,java.lang.String,java.lang.String,java.lang.String,java.lang.String):379:length * 5 |==> length + 5
406:AOR:*(int,int):-(int,int):org.xml.sax.helpers.AttributesImpl@addAttribute(java.lang.String,java.lang.String,java.lang.String,java.lang.String,java.lang.String):379:length * 5 |==> length - 5
407:AOR:*(int,int):/(int,int):org.xml.sax.helpers.AttributesImpl@addAttribute(java.lang.String,java.lang.String,java.lang.String,java.lang.String,java.lang.String):379:length * 5 |==> length / 5
408:LVR:POS:0:org.xml.sax.helpers.AttributesImpl@addAttribute(java.lang.String,java.lang.String,java.lang.String,java.lang.String,java.lang.String):379:2 |==> 0
409:LVR:POS:NEG:org.xml.sax.helpers.AttributesImpl@addAttribute(java.lang.String,java.lang.String,java.lang.String,java.lang.String,java.lang.String):379:2 |==> -2
410:AOR:+(int,int):%(int,int):org.xml.sax.helpers.AttributesImpl@addAttribute(java.lang.String,java.lang.String,java.lang.String,java.lang.String,java.lang.String):379:length * 5 + 2 |==> length * 5 % 2
411:AOR:+(int,int):*(int,int):org.xml.sax.helpers.AttributesImpl@addAttribute(java.lang.String,java.lang.String,java.lang.String,java.lang.String,java.lang.String):379:length * 5 + 2 |==> length * 5 * 2
412:AOR:+(int,int):-(int,int):org.xml.sax.helpers.AttributesImpl@addAttribute(java.lang.String,java.lang.String,java.lang.String,java.lang.String,java.lang.String):379:length * 5 + 2 |==> length * 5 - 2
413:AOR:+(int,int):/(int,int):org.xml.sax.helpers.AttributesImpl@addAttribute(java.lang.String,java.lang.String,java.lang.String,java.lang.String,java.lang.String):379:length * 5 + 2 |==> length * 5 / 2
414:STD:<ASSIGN>:<NO-OP>:org.xml.sax.helpers.AttributesImpl@addAttribute(java.lang.String,java.lang.String,java.lang.String,java.lang.String,java.lang.String):379:data[length * 5 + 2] = qName |==> <NO-OP>
415:LVR:POS:0:org.xml.sax.helpers.AttributesImpl@addAttribute(java.lang.String,java.lang.String,java.lang.String,java.lang.String,java.lang.String):380:5 |==> 0
416:LVR:POS:NEG:org.xml.sax.helpers.AttributesImpl@addAttribute(java.lang.String,java.lang.String,java.lang.String,java.lang.String,java.lang.String):380:5 |==> -5
417:AOR:*(int,int):%(int,int):org.xml.sax.helpers.AttributesImpl@addAttribute(java.lang.String,java.lang.String,java.lang.String,java.lang.String,java.lang.String):380:length * 5 |==> length % 5
418:AOR:*(int,int):+(int,int):org.xml.sax.helpers.AttributesImpl@addAttribute(java.lang.String,java.lang.String,java.lang.String,java.lang.String,java.lang.String):380:length * 5 |==> length + 5
419:AOR:*(int,int):-(int,int):org.xml.sax.helpers.AttributesImpl@addAttribute(java.lang.String,java.lang.String,java.lang.String,java.lang.String,java.lang.String):380:length * 5 |==> length - 5
420:AOR:*(int,int):/(int,int):org.xml.sax.helpers.AttributesImpl@addAttribute(java.lang.String,java.lang.String,java.lang.String,java.lang.String,java.lang.String):380:length * 5 |==> length / 5
421:LVR:POS:0:org.xml.sax.helpers.AttributesImpl@addAttribute(java.lang.String,java.lang.String,java.lang.String,java.lang.String,java.lang.String):380:3 |==> 0
422:LVR:POS:NEG:org.xml.sax.helpers.AttributesImpl@addAttribute(java.lang.String,java.lang.String,java.lang.String,java.lang.String,java.lang.String):380:3 |==> -3
423:AOR:+(int,int):%(int,int):org.xml.sax.helpers.AttributesImpl@addAttribute(java.lang.String,java.lang.String,java.lang.String,java.lang.String,java.lang.String):380:length * 5 + 3 |==> length * 5 % 3
424:AOR:+(int,int):*(int,int):org.xml.sax.helpers.AttributesImpl@addAttribute(java.lang.String,java.lang.String,java.lang.String,java.lang.String,java.lang.String):380:length * 5 + 3 |==> length * 5 * 3
425:AOR:+(int,int):-(int,int):org.xml.sax.helpers.AttributesImpl@addAttribute(java.lang.String,java.lang.String,java.lang.String,java.lang.String,java.lang.String):380:length * 5 + 3 |==> length * 5 - 3
426:AOR:+(int,int):/(int,int):org.xml.sax.helpers.AttributesImpl@addAttribute(java.lang.String,java.lang.String,java.lang.String,java.lang.String,java.lang.String):380:length * 5 + 3 |==> length * 5 / 3
427:STD:<ASSIGN>:<NO-OP>:org.xml.sax.helpers.AttributesImpl@addAttribute(java.lang.String,java.lang.String,java.lang.String,java.lang.String,java.lang.String):380:data[length * 5 + 3] = type |==> <NO-OP>
428:LVR:POS:0:org.xml.sax.helpers.AttributesImpl@addAttribute(java.lang.String,java.lang.String,java.lang.String,java.lang.String,java.lang.String):381:5 |==> 0
429:LVR:POS:NEG:org.xml.sax.helpers.AttributesImpl@addAttribute(java.lang.String,java.lang.String,java.lang.String,java.lang.String,java.lang.String):381:5 |==> -5
430:AOR:*(int,int):%(int,int):org.xml.sax.helpers.AttributesImpl@addAttribute(java.lang.String,java.lang.String,java.lang.String,java.lang.String,java.lang.String):381:length * 5 |==> length % 5
431:AOR:*(int,int):+(int,int):org.xml.sax.helpers.AttributesImpl@addAttribute(java.lang.String,java.lang.String,java.lang.String,java.lang.String,java.lang.String):381:length * 5 |==> length + 5
432:AOR:*(int,int):-(int,int):org.xml.sax.helpers.AttributesImpl@addAttribute(java.lang.String,java.lang.String,java.lang.String,java.lang.String,java.lang.String):381:length * 5 |==> length - 5
433:AOR:*(int,int):/(int,int):org.xml.sax.helpers.AttributesImpl@addAttribute(java.lang.String,java.lang.String,java.lang.String,java.lang.String,java.lang.String):381:length * 5 |==> length / 5
434:LVR:POS:0:org.xml.sax.helpers.AttributesImpl@addAttribute(java.lang.String,java.lang.String,java.lang.String,java.lang.String,java.lang.String):381:4 |==> 0
435:LVR:POS:NEG:org.xml.sax.helpers.AttributesImpl@addAttribute(java.lang.String,java.lang.String,java.lang.String,java.lang.String,java.lang.String):381:4 |==> -4
436:AOR:+(int,int):%(int,int):org.xml.sax.helpers.AttributesImpl@addAttribute(java.lang.String,java.lang.String,java.lang.String,java.lang.String,java.lang.String):381:length * 5 + 4 |==> length * 5 % 4
437:AOR:+(int,int):*(int,int):org.xml.sax.helpers.AttributesImpl@addAttribute(java.lang.String,java.lang.String,java.lang.String,java.lang.String,java.lang.String):381:length * 5 + 4 |==> length * 5 * 4
438:AOR:+(int,int):-(int,int):org.xml.sax.helpers.AttributesImpl@addAttribute(java.lang.String,java.lang.String,java.lang.String,java.lang.String,java.lang.String):381:length * 5 + 4 |==> length * 5 - 4
439:AOR:+(int,int):/(int,int):org.xml.sax.helpers.AttributesImpl@addAttribute(java.lang.String,java.lang.String,java.lang.String,java.lang.String,java.lang.String):381:length * 5 + 4 |==> length * 5 / 4
440:STD:<ASSIGN>:<NO-OP>:org.xml.sax.helpers.AttributesImpl@addAttribute(java.lang.String,java.lang.String,java.lang.String,java.lang.String,java.lang.String):381:data[length * 5 + 4] = value |==> <NO-OP>
441:STD:<INC>:<NO-OP>:org.xml.sax.helpers.AttributesImpl@addAttribute(java.lang.String,java.lang.String,java.lang.String,java.lang.String,java.lang.String):382:length++ |==> <NO-OP>
442:LVR:0:POS:org.xml.sax.helpers.AttributesImpl@setAttribute(int,java.lang.String,java.lang.String,java.lang.String,java.lang.String,java.lang.String):410:0 |==> 1
443:LVR:0:NEG:org.xml.sax.helpers.AttributesImpl@setAttribute(int,java.lang.String,java.lang.String,java.lang.String,java.lang.String,java.lang.String):410:0 |==> -1
444:ROR:>=(int,int):==(int,int):org.xml.sax.helpers.AttributesImpl@setAttribute(int,java.lang.String,java.lang.String,java.lang.String,java.lang.String,java.lang.String):410:index >= 0 |==> index == 0
445:ROR:>=(int,int):>(int,int):org.xml.sax.helpers.AttributesImpl@setAttribute(int,java.lang.String,java.lang.String,java.lang.String,java.lang.String,java.lang.String):410:index >= 0 |==> index > 0
446:ROR:>=(int,int):TRUE(int,int):org.xml.sax.helpers.AttributesImpl@setAttribute(int,java.lang.String,java.lang.String,java.lang.String,java.lang.String,java.lang.String):410:index >= 0 |==> true
447:ROR:<(int,int):!=(int,int):org.xml.sax.helpers.AttributesImpl@setAttribute(int,java.lang.String,java.lang.String,java.lang.String,java.lang.String,java.lang.String):410:index < length |==> index != length
448:ROR:<(int,int):<=(int,int):org.xml.sax.helpers.AttributesImpl@setAttribute(int,java.lang.String,java.lang.String,java.lang.String,java.lang.String,java.lang.String):410:index < length |==> index <= length
449:ROR:<(int,int):FALSE(int,int):org.xml.sax.helpers.AttributesImpl@setAttribute(int,java.lang.String,java.lang.String,java.lang.String,java.lang.String,java.lang.String):410:index < length |==> false
450:COR:&&(boolean,boolean):==(boolean,boolean):org.xml.sax.helpers.AttributesImpl@setAttribute(int,java.lang.String,java.lang.String,java.lang.String,java.lang.String,java.lang.String):410:index >= 0 && index < length |==> index >= 0 == index < length
451:COR:&&(boolean,boolean):FALSE(boolean,boolean):org.xml.sax.helpers.AttributesImpl@setAttribute(int,java.lang.String,java.lang.String,java.lang.String,java.lang.String,java.lang.String):410:index >= 0 && index < length |==> false
452:COR:&&(boolean,boolean):LHS(boolean,boolean):org.xml.sax.helpers.AttributesImpl@setAttribute(int,java.lang.String,java.lang.String,java.lang.String,java.lang.String,java.lang.String):410:index >= 0 && index < length |==> index >= 0
453:COR:&&(boolean,boolean):RHS(boolean,boolean):org.xml.sax.helpers.AttributesImpl@setAttribute(int,java.lang.String,java.lang.String,java.lang.String,java.lang.String,java.lang.String):410:index >= 0 && index < length |==> index < length
454:LVR:POS:0:org.xml.sax.helpers.AttributesImpl@setAttribute(int,java.lang.String,java.lang.String,java.lang.String,java.lang.String,java.lang.String):411:5 |==> 0
455:LVR:POS:NEG:org.xml.sax.helpers.AttributesImpl@setAttribute(int,java.lang.String,java.lang.String,java.lang.String,java.lang.String,java.lang.String):411:5 |==> -5
456:AOR:*(int,int):%(int,int):org.xml.sax.helpers.AttributesImpl@setAttribute(int,java.lang.String,java.lang.String,java.lang.String,java.lang.String,java.lang.String):411:index * 5 |==> index % 5
457:AOR:*(int,int):+(int,int):org.xml.sax.helpers.AttributesImpl@setAttribute(int,java.lang.String,java.lang.String,java.lang.String,java.lang.String,java.lang.String):411:index * 5 |==> index + 5
458:AOR:*(int,int):-(int,int):org.xml.sax.helpers.AttributesImpl@setAttribute(int,java.lang.String,java.lang.String,java.lang.String,java.lang.String,java.lang.String):411:index * 5 |==> index - 5
459:AOR:*(int,int):/(int,int):org.xml.sax.helpers.AttributesImpl@setAttribute(int,java.lang.String,java.lang.String,java.lang.String,java.lang.String,java.lang.String):411:index * 5 |==> index / 5
460:STD:<ASSIGN>:<NO-OP>:org.xml.sax.helpers.AttributesImpl@setAttribute(int,java.lang.String,java.lang.String,java.lang.String,java.lang.String,java.lang.String):411:data[index * 5] = uri |==> <NO-OP>
461:LVR:POS:0:org.xml.sax.helpers.AttributesImpl@setAttribute(int,java.lang.String,java.lang.String,java.lang.String,java.lang.String,java.lang.String):412:5 |==> 0
462:LVR:POS:NEG:org.xml.sax.helpers.AttributesImpl@setAttribute(int,java.lang.String,java.lang.String,java.lang.String,java.lang.String,java.lang.String):412:5 |==> -5
463:AOR:*(int,int):%(int,int):org.xml.sax.helpers.AttributesImpl@setAttribute(int,java.lang.String,java.lang.String,java.lang.String,java.lang.String,java.lang.String):412:index * 5 |==> index % 5
464:AOR:*(int,int):+(int,int):org.xml.sax.helpers.AttributesImpl@setAttribute(int,java.lang.String,java.lang.String,java.lang.String,java.lang.String,java.lang.String):412:index * 5 |==> index + 5
465:AOR:*(int,int):-(int,int):org.xml.sax.helpers.AttributesImpl@setAttribute(int,java.lang.String,java.lang.String,java.lang.String,java.lang.String,java.lang.String):412:index * 5 |==> index - 5
466:AOR:*(int,int):/(int,int):org.xml.sax.helpers.AttributesImpl@setAttribute(int,java.lang.String,java.lang.String,java.lang.String,java.lang.String,java.lang.String):412:index * 5 |==> index / 5
467:LVR:POS:0:org.xml.sax.helpers.AttributesImpl@setAttribute(int,java.lang.String,java.lang.String,java.lang.String,java.lang.String,java.lang.String):412:1 |==> 0
468:LVR:POS:NEG:org.xml.sax.helpers.AttributesImpl@setAttribute(int,java.lang.String,java.lang.String,java.lang.String,java.lang.String,java.lang.String):412:1 |==> -1
469:AOR:+(int,int):%(int,int):org.xml.sax.helpers.AttributesImpl@setAttribute(int,java.lang.String,java.lang.String,java.lang.String,java.lang.String,java.lang.String):412:index * 5 + 1 |==> index * 5 % 1
470:AOR:+(int,int):*(int,int):org.xml.sax.helpers.AttributesImpl@setAttribute(int,java.lang.String,java.lang.String,java.lang.String,java.lang.String,java.lang.String):412:index * 5 + 1 |==> index * 5 * 1
471:AOR:+(int,int):-(int,int):org.xml.sax.helpers.AttributesImpl@setAttribute(int,java.lang.String,java.lang.String,java.lang.String,java.lang.String,java.lang.String):412:index * 5 + 1 |==> index * 5 - 1
472:AOR:+(int,int):/(int,int):org.xml.sax.helpers.AttributesImpl@setAttribute(int,java.lang.String,java.lang.String,java.lang.String,java.lang.String,java.lang.String):412:index * 5 + 1 |==> index * 5 / 1
473:STD:<ASSIGN>:<NO-OP>:org.xml.sax.helpers.AttributesImpl@setAttribute(int,java.lang.String,java.lang.String,java.lang.String,java.lang.String,java.lang.String):412:data[index * 5 + 1] = localName |==> <NO-OP>
474:LVR:POS:0:org.xml.sax.helpers.AttributesImpl@setAttribute(int,java.lang.String,java.lang.String,java.lang.String,java.lang.String,java.lang.String):413:5 |==> 0
475:LVR:POS:NEG:org.xml.sax.helpers.AttributesImpl@setAttribute(int,java.lang.String,java.lang.String,java.lang.String,java.lang.String,java.lang.String):413:5 |==> -5
476:AOR:*(int,int):%(int,int):org.xml.sax.helpers.AttributesImpl@setAttribute(int,java.lang.String,java.lang.String,java.lang.String,java.lang.String,java.lang.String):413:index * 5 |==> index % 5
477:AOR:*(int,int):+(int,int):org.xml.sax.helpers.AttributesImpl@setAttribute(int,java.lang.String,java.lang.String,java.lang.String,java.lang.String,java.lang.String):413:index * 5 |==> index + 5
478:AOR:*(int,int):-(int,int):org.xml.sax.helpers.AttributesImpl@setAttribute(int,java.lang.String,java.lang.String,java.lang.String,java.lang.String,java.lang.String):413:index * 5 |==> index - 5
479:AOR:*(int,int):/(int,int):org.xml.sax.helpers.AttributesImpl@setAttribute(int,java.lang.String,java.lang.String,java.lang.String,java.lang.String,java.lang.String):413:index * 5 |==> index / 5
480:LVR:POS:0:org.xml.sax.helpers.AttributesImpl@setAttribute(int,java.lang.String,java.lang.String,java.lang.String,java.lang.String,java.lang.String):413:2 |==> 0
481:LVR:POS:NEG:org.xml.sax.helpers.AttributesImpl@setAttribute(int,java.lang.String,java.lang.String,java.lang.String,java.lang.String,java.lang.String):413:2 |==> -2
482:AOR:+(int,int):%(int,int):org.xml.sax.helpers.AttributesImpl@setAttribute(int,java.lang.String,java.lang.String,java.lang.String,java.lang.String,java.lang.String):413:index * 5 + 2 |==> index * 5 % 2
483:AOR:+(int,int):*(int,int):org.xml.sax.helpers.AttributesImpl@setAttribute(int,java.lang.String,java.lang.String,java.lang.String,java.lang.String,java.lang.String):413:index * 5 + 2 |==> index * 5 * 2
484:AOR:+(int,int):-(int,int):org.xml.sax.helpers.AttributesImpl@setAttribute(int,java.lang.String,java.lang.String,java.lang.String,java.lang.String,java.lang.String):413:index * 5 + 2 |==> index * 5 - 2
485:AOR:+(int,int):/(int,int):org.xml.sax.helpers.AttributesImpl@setAttribute(int,java.lang.String,java.lang.String,java.lang.String,java.lang.String,java.lang.String):413:index * 5 + 2 |==> index * 5 / 2
486:STD:<ASSIGN>:<NO-OP>:org.xml.sax.helpers.AttributesImpl@setAttribute(int,java.lang.String,java.lang.String,java.lang.String,java.lang.String,java.lang.String):413:data[index * 5 + 2] = qName |==> <NO-OP>
487:LVR:POS:0:org.xml.sax.helpers.AttributesImpl@setAttribute(int,java.lang.String,java.lang.String,java.lang.String,java.lang.String,java.lang.String):414:5 |==> 0
488:LVR:POS:NEG:org.xml.sax.helpers.AttributesImpl@setAttribute(int,java.lang.String,java.lang.String,java.lang.String,java.lang.String,java.lang.String):414:5 |==> -5
489:AOR:*(int,int):%(int,int):org.xml.sax.helpers.AttributesImpl@setAttribute(int,java.lang.String,java.lang.String,java.lang.String,java.lang.String,java.lang.String):414:index * 5 |==> index % 5
490:AOR:*(int,int):+(int,int):org.xml.sax.helpers.AttributesImpl@setAttribute(int,java.lang.String,java.lang.String,java.lang.String,java.lang.String,java.lang.String):414:index * 5 |==> index + 5
491:AOR:*(int,int):-(int,int):org.xml.sax.helpers.AttributesImpl@setAttribute(int,java.lang.String,java.lang.String,java.lang.String,java.lang.String,java.lang.String):414:index * 5 |==> index - 5
492:AOR:*(int,int):/(int,int):org.xml.sax.helpers.AttributesImpl@setAttribute(int,java.lang.String,java.lang.String,java.lang.String,java.lang.String,java.lang.String):414:index * 5 |==> index / 5
493:LVR:POS:0:org.xml.sax.helpers.AttributesImpl@setAttribute(int,java.lang.String,java.lang.String,java.lang.String,java.lang.String,java.lang.String):414:3 |==> 0
494:LVR:POS:NEG:org.xml.sax.helpers.AttributesImpl@setAttribute(int,java.lang.String,java.lang.String,java.lang.String,java.lang.String,java.lang.String):414:3 |==> -3
495:AOR:+(int,int):%(int,int):org.xml.sax.helpers.AttributesImpl@setAttribute(int,java.lang.String,java.lang.String,java.lang.String,java.lang.String,java.lang.String):414:index * 5 + 3 |==> index * 5 % 3
496:AOR:+(int,int):*(int,int):org.xml.sax.helpers.AttributesImpl@setAttribute(int,java.lang.String,java.lang.String,java.lang.String,java.lang.String,java.lang.String):414:index * 5 + 3 |==> index * 5 * 3
497:AOR:+(int,int):-(int,int):org.xml.sax.helpers.AttributesImpl@setAttribute(int,java.lang.String,java.lang.String,java.lang.String,java.lang.String,java.lang.String):414:index * 5 + 3 |==> index * 5 - 3
498:AOR:+(int,int):/(int,int):org.xml.sax.helpers.AttributesImpl@setAttribute(int,java.lang.String,java.lang.String,java.lang.String,java.lang.String,java.lang.String):414:index * 5 + 3 |==> index * 5 / 3
499:STD:<ASSIGN>:<NO-OP>:org.xml.sax.helpers.AttributesImpl@setAttribute(int,java.lang.String,java.lang.String,java.lang.String,java.lang.String,java.lang.String):414:data[index * 5 + 3] = type |==> <NO-OP>
500:LVR:POS:0:org.xml.sax.helpers.AttributesImpl@setAttribute(int,java.lang.String,java.lang.String,java.lang.String,java.lang.String,java.lang.String):415:5 |==> 0
501:LVR:POS:NEG:org.xml.sax.helpers.AttributesImpl@setAttribute(int,java.lang.String,java.lang.String,java.lang.String,java.lang.String,java.lang.String):415:5 |==> -5
502:AOR:*(int,int):%(int,int):org.xml.sax.helpers.AttributesImpl@setAttribute(int,java.lang.String,java.lang.String,java.lang.String,java.lang.String,java.lang.String):415:index * 5 |==> index % 5
503:AOR:*(int,int):+(int,int):org.xml.sax.helpers.AttributesImpl@setAttribute(int,java.lang.String,java.lang.String,java.lang.String,java.lang.String,java.lang.String):415:index * 5 |==> index + 5
504:AOR:*(int,int):-(int,int):org.xml.sax.helpers.AttributesImpl@setAttribute(int,java.lang.String,java.lang.String,java.lang.String,java.lang.String,java.lang.String):415:index * 5 |==> index - 5
505:AOR:*(int,int):/(int,int):org.xml.sax.helpers.AttributesImpl@setAttribute(int,java.lang.String,java.lang.String,java.lang.String,java.lang.String,java.lang.String):415:index * 5 |==> index / 5
506:LVR:POS:0:org.xml.sax.helpers.AttributesImpl@setAttribute(int,java.lang.String,java.lang.String,java.lang.String,java.lang.String,java.lang.String):415:4 |==> 0
507:LVR:POS:NEG:org.xml.sax.helpers.AttributesImpl@setAttribute(int,java.lang.String,java.lang.String,java.lang.String,java.lang.String,java.lang.String):415:4 |==> -4
508:AOR:+(int,int):%(int,int):org.xml.sax.helpers.AttributesImpl@setAttribute(int,java.lang.String,java.lang.String,java.lang.String,java.lang.String,java.lang.String):415:index * 5 + 4 |==> index * 5 % 4
509:AOR:+(int,int):*(int,int):org.xml.sax.helpers.AttributesImpl@setAttribute(int,java.lang.String,java.lang.String,java.lang.String,java.lang.String,java.lang.String):415:index * 5 + 4 |==> index * 5 * 4
510:AOR:+(int,int):-(int,int):org.xml.sax.helpers.AttributesImpl@setAttribute(int,java.lang.String,java.lang.String,java.lang.String,java.lang.String,java.lang.String):415:index * 5 + 4 |==> index * 5 - 4
511:AOR:+(int,int):/(int,int):org.xml.sax.helpers.AttributesImpl@setAttribute(int,java.lang.String,java.lang.String,java.lang.String,java.lang.String,java.lang.String):415:index * 5 + 4 |==> index * 5 / 4
512:STD:<ASSIGN>:<NO-OP>:org.xml.sax.helpers.AttributesImpl@setAttribute(int,java.lang.String,java.lang.String,java.lang.String,java.lang.String,java.lang.String):415:data[index * 5 + 4] = value |==> <NO-OP>
513:STD:<CALL>:<NO-OP>:org.xml.sax.helpers.AttributesImpl@setAttribute(int,java.lang.String,java.lang.String,java.lang.String,java.lang.String,java.lang.String):417:badIndex(index) |==> <NO-OP>
514:LVR:0:POS:org.xml.sax.helpers.AttributesImpl@removeAttribute(int):432:0 |==> 1
515:LVR:0:NEG:org.xml.sax.helpers.AttributesImpl@removeAttribute(int):432:0 |==> -1
516:ROR:>=(int,int):==(int,int):org.xml.sax.helpers.AttributesImpl@removeAttribute(int):432:index >= 0 |==> index == 0
517:ROR:>=(int,int):>(int,int):org.xml.sax.helpers.AttributesImpl@removeAttribute(int):432:index >= 0 |==> index > 0
518:ROR:>=(int,int):TRUE(int,int):org.xml.sax.helpers.AttributesImpl@removeAttribute(int):432:index >= 0 |==> true
519:ROR:<(int,int):!=(int,int):org.xml.sax.helpers.AttributesImpl@removeAttribute(int):432:index < length |==> index != length
520:ROR:<(int,int):<=(int,int):org.xml.sax.helpers.AttributesImpl@removeAttribute(int):432:index < length |==> index <= length
521:ROR:<(int,int):FALSE(int,int):org.xml.sax.helpers.AttributesImpl@removeAttribute(int):432:index < length |==> false
522:COR:&&(boolean,boolean):==(boolean,boolean):org.xml.sax.helpers.AttributesImpl@removeAttribute(int):432:index >= 0 && index < length |==> index >= 0 == index < length
523:COR:&&(boolean,boolean):FALSE(boolean,boolean):org.xml.sax.helpers.AttributesImpl@removeAttribute(int):432:index >= 0 && index < length |==> false
524:COR:&&(boolean,boolean):LHS(boolean,boolean):org.xml.sax.helpers.AttributesImpl@removeAttribute(int):432:index >= 0 && index < length |==> index >= 0
525:COR:&&(boolean,boolean):RHS(boolean,boolean):org.xml.sax.helpers.AttributesImpl@removeAttribute(int):432:index >= 0 && index < length |==> index < length
526:STD:<ASSIGN>:<NO-OP>:org.xml.sax.helpers.AttributesImpl@removeAttribute(int):433:data[index] = null |==> <NO-OP>
527:LVR:POS:0:org.xml.sax.helpers.AttributesImpl@removeAttribute(int):434:1 |==> 0
528:LVR:POS:NEG:org.xml.sax.helpers.AttributesImpl@removeAttribute(int):434:1 |==> -1
529:AOR:-(int,int):%(int,int):org.xml.sax.helpers.AttributesImpl@removeAttribute(int):434:length - 1 |==> length % 1
530:AOR:-(int,int):*(int,int):org.xml.sax.helpers.AttributesImpl@removeAttribute(int):434:length - 1 |==> length * 1
531:AOR:-(int,int):+(int,int):org.xml.sax.helpers.AttributesImpl@removeAttribute(int):434:length - 1 |==> length + 1
532:AOR:-(int,int):/(int,int):org.xml.sax.helpers.AttributesImpl@removeAttribute(int):434:length - 1 |==> length / 1
533:ROR:<(int,int):!=(int,int):org.xml.sax.helpers.AttributesImpl@removeAttribute(int):434:index < length - 1 |==> index != length - 1
534:ROR:<(int,int):<=(int,int):org.xml.sax.helpers.AttributesImpl@removeAttribute(int):434:index < length - 1 |==> index <= length - 1
535:ROR:<(int,int):FALSE(int,int):org.xml.sax.helpers.AttributesImpl@removeAttribute(int):434:index < length - 1 |==> false
536:LVR:POS:0:org.xml.sax.helpers.AttributesImpl@removeAttribute(int):435:1 |==> 0
537:LVR:POS:NEG:org.xml.sax.helpers.AttributesImpl@removeAttribute(int):435:1 |==> -1
538:AOR:+(int,int):%(int,int):org.xml.sax.helpers.AttributesImpl@removeAttribute(int):435:index + 1 |==> index % 1
539:AOR:+(int,int):*(int,int):org.xml.sax.helpers.AttributesImpl@removeAttribute(int):435:index + 1 |==> index * 1
540:AOR:+(int,int):-(int,int):org.xml.sax.helpers.AttributesImpl@removeAttribute(int):435:index + 1 |==> index - 1
541:AOR:+(int,int):/(int,int):org.xml.sax.helpers.AttributesImpl@removeAttribute(int):435:index + 1 |==> index / 1
542:LVR:POS:0:org.xml.sax.helpers.AttributesImpl@removeAttribute(int):435:5 |==> 0
543:LVR:POS:NEG:org.xml.sax.helpers.AttributesImpl@removeAttribute(int):435:5 |==> -5
544:AOR:*(int,int):%(int,int):org.xml.sax.helpers.AttributesImpl@removeAttribute(int):435:(index + 1) * 5 |==> (index + 1) % 5
545:AOR:*(int,int):+(int,int):org.xml.sax.helpers.AttributesImpl@removeAttribute(int):435:(index + 1) * 5 |==> (index + 1) + 5
546:AOR:*(int,int):-(int,int):org.xml.sax.helpers.AttributesImpl@removeAttribute(int):435:(index + 1) * 5 |==> (index + 1) - 5
547:AOR:*(int,int):/(int,int):org.xml.sax.helpers.AttributesImpl@removeAttribute(int):435:(index + 1) * 5 |==> (index + 1) / 5
548:LVR:POS:0:org.xml.sax.helpers.AttributesImpl@removeAttribute(int):435:5 |==> 0
549:LVR:POS:NEG:org.xml.sax.helpers.AttributesImpl@removeAttribute(int):435:5 |==> -5
550:AOR:*(int,int):%(int,int):org.xml.sax.helpers.AttributesImpl@removeAttribute(int):435:index * 5 |==> index % 5
551:AOR:*(int,int):+(int,int):org.xml.sax.helpers.AttributesImpl@removeAttribute(int):435:index * 5 |==> index + 5
552:AOR:*(int,int):-(int,int):org.xml.sax.helpers.AttributesImpl@removeAttribute(int):435:index * 5 |==> index - 5
553:AOR:*(int,int):/(int,int):org.xml.sax.helpers.AttributesImpl@removeAttribute(int):435:index * 5 |==> index / 5
554:AOR:-(int,int):%(int,int):org.xml.sax.helpers.AttributesImpl@removeAttribute(int):436:length - index |==> length % index
555:AOR:-(int,int):*(int,int):org.xml.sax.helpers.AttributesImpl@removeAttribute(int):436:length - index |==> length * index
556:AOR:-(int,int):+(int,int):org.xml.sax.helpers.AttributesImpl@removeAttribute(int):436:length - index |==> length + index
557:AOR:-(int,int):/(int,int):org.xml.sax.helpers.AttributesImpl@removeAttribute(int):436:length - index |==> length / index
558:LVR:POS:0:org.xml.sax.helpers.AttributesImpl@removeAttribute(int):436:5 |==> 0
559:LVR:POS:NEG:org.xml.sax.helpers.AttributesImpl@removeAttribute(int):436:5 |==> -5
560:AOR:*(int,int):%(int,int):org.xml.sax.helpers.AttributesImpl@removeAttribute(int):436:(length - index) * 5 |==> (length - index) % 5
561:AOR:*(int,int):+(int,int):org.xml.sax.helpers.AttributesImpl@removeAttribute(int):436:(length - index) * 5 |==> (length - index) + 5
562:AOR:*(int,int):-(int,int):org.xml.sax.helpers.AttributesImpl@removeAttribute(int):436:(length - index) * 5 |==> (length - index) - 5
563:AOR:*(int,int):/(int,int):org.xml.sax.helpers.AttributesImpl@removeAttribute(int):436:(length - index) * 5 |==> (length - index) / 5
564:STD:<CALL>:<NO-OP>:org.xml.sax.helpers.AttributesImpl@removeAttribute(int):435:System.arraycopy(data, (index + 1) * 5, data, index * 5, (length - index) * 5) |==> <NO-OP>
565:STD:<DEC>:<NO-OP>:org.xml.sax.helpers.AttributesImpl@removeAttribute(int):438:length-- |==> <NO-OP>
566:STD:<CALL>:<NO-OP>:org.xml.sax.helpers.AttributesImpl@removeAttribute(int):440:badIndex(index) |==> <NO-OP>
567:LVR:0:POS:org.xml.sax.helpers.AttributesImpl@setURI(int,java.lang.String):457:0 |==> 1
568:LVR:0:NEG:org.xml.sax.helpers.AttributesImpl@setURI(int,java.lang.String):457:0 |==> -1
569:ROR:>=(int,int):==(int,int):org.xml.sax.helpers.AttributesImpl@setURI(int,java.lang.String):457:index >= 0 |==> index == 0
570:ROR:>=(int,int):>(int,int):org.xml.sax.helpers.AttributesImpl@setURI(int,java.lang.String):457:index >= 0 |==> index > 0
571:ROR:>=(int,int):TRUE(int,int):org.xml.sax.helpers.AttributesImpl@setURI(int,java.lang.String):457:index >= 0 |==> true
572:ROR:<(int,int):!=(int,int):org.xml.sax.helpers.AttributesImpl@setURI(int,java.lang.String):457:index < length |==> index != length
573:ROR:<(int,int):<=(int,int):org.xml.sax.helpers.AttributesImpl@setURI(int,java.lang.String):457:index < length |==> index <= length
574:ROR:<(int,int):FALSE(int,int):org.xml.sax.helpers.AttributesImpl@setURI(int,java.lang.String):457:index < length |==> false
575:COR:&&(boolean,boolean):==(boolean,boolean):org.xml.sax.helpers.AttributesImpl@setURI(int,java.lang.String):457:index >= 0 && index < length |==> index >= 0 == index < length
576:COR:&&(boolean,boolean):FALSE(boolean,boolean):org.xml.sax.helpers.AttributesImpl@setURI(int,java.lang.String):457:index >= 0 && index < length |==> false
577:COR:&&(boolean,boolean):LHS(boolean,boolean):org.xml.sax.helpers.AttributesImpl@setURI(int,java.lang.String):457:index >= 0 && index < length |==> index >= 0
578:COR:&&(boolean,boolean):RHS(boolean,boolean):org.xml.sax.helpers.AttributesImpl@setURI(int,java.lang.String):457:index >= 0 && index < length |==> index < length
579:LVR:POS:0:org.xml.sax.helpers.AttributesImpl@setURI(int,java.lang.String):458:5 |==> 0
580:LVR:POS:NEG:org.xml.sax.helpers.AttributesImpl@setURI(int,java.lang.String):458:5 |==> -5
581:AOR:*(int,int):%(int,int):org.xml.sax.helpers.AttributesImpl@setURI(int,java.lang.String):458:index * 5 |==> index % 5
582:AOR:*(int,int):+(int,int):org.xml.sax.helpers.AttributesImpl@setURI(int,java.lang.String):458:index * 5 |==> index + 5
583:AOR:*(int,int):-(int,int):org.xml.sax.helpers.AttributesImpl@setURI(int,java.lang.String):458:index * 5 |==> index - 5
584:AOR:*(int,int):/(int,int):org.xml.sax.helpers.AttributesImpl@setURI(int,java.lang.String):458:index * 5 |==> index / 5
585:STD:<ASSIGN>:<NO-OP>:org.xml.sax.helpers.AttributesImpl@setURI(int,java.lang.String):458:data[index * 5] = uri |==> <NO-OP>
586:STD:<CALL>:<NO-OP>:org.xml.sax.helpers.AttributesImpl@setURI(int,java.lang.String):460:badIndex(index) |==> <NO-OP>
587:LVR:0:POS:org.xml.sax.helpers.AttributesImpl@setLocalName(int,java.lang.String):477:0 |==> 1
588:LVR:0:NEG:org.xml.sax.helpers.AttributesImpl@setLocalName(int,java.lang.String):477:0 |==> -1
589:ROR:>=(int,int):==(int,int):org.xml.sax.helpers.AttributesImpl@setLocalName(int,java.lang.String):477:index >= 0 |==> index == 0
590:ROR:>=(int,int):>(int,int):org.xml.sax.helpers.AttributesImpl@setLocalName(int,java.lang.String):477:index >= 0 |==> index > 0
591:ROR:>=(int,int):TRUE(int,int):org.xml.sax.helpers.AttributesImpl@setLocalName(int,java.lang.String):477:index >= 0 |==> true
592:ROR:<(int,int):!=(int,int):org.xml.sax.helpers.AttributesImpl@setLocalName(int,java.lang.String):477:index < length |==> index != length
593:ROR:<(int,int):<=(int,int):org.xml.sax.helpers.AttributesImpl@setLocalName(int,java.lang.String):477:index < length |==> index <= length
594:ROR:<(int,int):FALSE(int,int):org.xml.sax.helpers.AttributesImpl@setLocalName(int,java.lang.String):477:index < length |==> false
595:COR:&&(boolean,boolean):==(boolean,boolean):org.xml.sax.helpers.AttributesImpl@setLocalName(int,java.lang.String):477:index >= 0 && index < length |==> index >= 0 == index < length
596:COR:&&(boolean,boolean):FALSE(boolean,boolean):org.xml.sax.helpers.AttributesImpl@setLocalName(int,java.lang.String):477:index >= 0 && index < length |==> false
597:COR:&&(boolean,boolean):LHS(boolean,boolean):org.xml.sax.helpers.AttributesImpl@setLocalName(int,java.lang.String):477:index >= 0 && index < length |==> index >= 0
598:COR:&&(boolean,boolean):RHS(boolean,boolean):org.xml.sax.helpers.AttributesImpl@setLocalName(int,java.lang.String):477:index >= 0 && index < length |==> index < length
599:LVR:POS:0:org.xml.sax.helpers.AttributesImpl@setLocalName(int,java.lang.String):478:5 |==> 0
600:LVR:POS:NEG:org.xml.sax.helpers.AttributesImpl@setLocalName(int,java.lang.String):478:5 |==> -5
601:AOR:*(int,int):%(int,int):org.xml.sax.helpers.AttributesImpl@setLocalName(int,java.lang.String):478:index * 5 |==> index % 5
602:AOR:*(int,int):+(int,int):org.xml.sax.helpers.AttributesImpl@setLocalName(int,java.lang.String):478:index * 5 |==> index + 5
603:AOR:*(int,int):-(int,int):org.xml.sax.helpers.AttributesImpl@setLocalName(int,java.lang.String):478:index * 5 |==> index - 5
604:AOR:*(int,int):/(int,int):org.xml.sax.helpers.AttributesImpl@setLocalName(int,java.lang.String):478:index * 5 |==> index / 5
605:LVR:POS:0:org.xml.sax.helpers.AttributesImpl@setLocalName(int,java.lang.String):478:1 |==> 0
606:LVR:POS:NEG:org.xml.sax.helpers.AttributesImpl@setLocalName(int,java.lang.String):478:1 |==> -1
607:AOR:+(int,int):%(int,int):org.xml.sax.helpers.AttributesImpl@setLocalName(int,java.lang.String):478:index * 5 + 1 |==> index * 5 % 1
608:AOR:+(int,int):*(int,int):org.xml.sax.helpers.AttributesImpl@setLocalName(int,java.lang.String):478:index * 5 + 1 |==> index * 5 * 1
609:AOR:+(int,int):-(int,int):org.xml.sax.helpers.AttributesImpl@setLocalName(int,java.lang.String):478:index * 5 + 1 |==> index * 5 - 1
610:AOR:+(int,int):/(int,int):org.xml.sax.helpers.AttributesImpl@setLocalName(int,java.lang.String):478:index * 5 + 1 |==> index * 5 / 1
611:STD:<ASSIGN>:<NO-OP>:org.xml.sax.helpers.AttributesImpl@setLocalName(int,java.lang.String):478:data[index * 5 + 1] = localName |==> <NO-OP>
612:STD:<CALL>:<NO-OP>:org.xml.sax.helpers.AttributesImpl@setLocalName(int,java.lang.String):480:badIndex(index) |==> <NO-OP>
613:LVR:0:POS:org.xml.sax.helpers.AttributesImpl@setQName(int,java.lang.String):497:0 |==> 1
614:LVR:0:NEG:org.xml.sax.helpers.AttributesImpl@setQName(int,java.lang.String):497:0 |==> -1
615:ROR:>=(int,int):==(int,int):org.xml.sax.helpers.AttributesImpl@setQName(int,java.lang.String):497:index >= 0 |==> index == 0
616:ROR:>=(int,int):>(int,int):org.xml.sax.helpers.AttributesImpl@setQName(int,java.lang.String):497:index >= 0 |==> index > 0
617:ROR:>=(int,int):TRUE(int,int):org.xml.sax.helpers.AttributesImpl@setQName(int,java.lang.String):497:index >= 0 |==> true
618:ROR:<(int,int):!=(int,int):org.xml.sax.helpers.AttributesImpl@setQName(int,java.lang.String):497:index < length |==> index != length
619:ROR:<(int,int):<=(int,int):org.xml.sax.helpers.AttributesImpl@setQName(int,java.lang.String):497:index < length |==> index <= length
620:ROR:<(int,int):FALSE(int,int):org.xml.sax.helpers.AttributesImpl@setQName(int,java.lang.String):497:index < length |==> false
621:COR:&&(boolean,boolean):==(boolean,boolean):org.xml.sax.helpers.AttributesImpl@setQName(int,java.lang.String):497:index >= 0 && index < length |==> index >= 0 == index < length
622:COR:&&(boolean,boolean):FALSE(boolean,boolean):org.xml.sax.helpers.AttributesImpl@setQName(int,java.lang.String):497:index >= 0 && index < length |==> false
623:COR:&&(boolean,boolean):LHS(boolean,boolean):org.xml.sax.helpers.AttributesImpl@setQName(int,java.lang.String):497:index >= 0 && index < length |==> index >= 0
624:COR:&&(boolean,boolean):RHS(boolean,boolean):org.xml.sax.helpers.AttributesImpl@setQName(int,java.lang.String):497:index >= 0 && index < length |==> index < length
625:LVR:POS:0:org.xml.sax.helpers.AttributesImpl@setQName(int,java.lang.String):498:5 |==> 0
626:LVR:POS:NEG:org.xml.sax.helpers.AttributesImpl@setQName(int,java.lang.String):498:5 |==> -5
627:AOR:*(int,int):%(int,int):org.xml.sax.helpers.AttributesImpl@setQName(int,java.lang.String):498:index * 5 |==> index % 5
628:AOR:*(int,int):+(int,int):org.xml.sax.helpers.AttributesImpl@setQName(int,java.lang.String):498:index * 5 |==> index + 5
629:AOR:*(int,int):-(int,int):org.xml.sax.helpers.AttributesImpl@setQName(int,java.lang.String):498:index * 5 |==> index - 5
630:AOR:*(int,int):/(int,int):org.xml.sax.helpers.AttributesImpl@setQName(int,java.lang.String):498:index * 5 |==> index / 5
631:LVR:POS:0:org.xml.sax.helpers.AttributesImpl@setQName(int,java.lang.String):498:2 |==> 0
632:LVR:POS:NEG:org.xml.sax.helpers.AttributesImpl@setQName(int,java.lang.String):498:2 |==> -2
633:AOR:+(int,int):%(int,int):org.xml.sax.helpers.AttributesImpl@setQName(int,java.lang.String):498:index * 5 + 2 |==> index * 5 % 2
634:AOR:+(int,int):*(int,int):org.xml.sax.helpers.AttributesImpl@setQName(int,java.lang.String):498:index * 5 + 2 |==> index * 5 * 2
635:AOR:+(int,int):-(int,int):org.xml.sax.helpers.AttributesImpl@setQName(int,java.lang.String):498:index * 5 + 2 |==> index * 5 - 2
636:AOR:+(int,int):/(int,int):org.xml.sax.helpers.AttributesImpl@setQName(int,java.lang.String):498:index * 5 + 2 |==> index * 5 / 2
637:STD:<ASSIGN>:<NO-OP>:org.xml.sax.helpers.AttributesImpl@setQName(int,java.lang.String):498:data[index * 5 + 2] = qName |==> <NO-OP>
638:STD:<CALL>:<NO-OP>:org.xml.sax.helpers.AttributesImpl@setQName(int,java.lang.String):500:badIndex(index) |==> <NO-OP>
639:LVR:0:POS:org.xml.sax.helpers.AttributesImpl@setType(int,java.lang.String):516:0 |==> 1
640:LVR:0:NEG:org.xml.sax.helpers.AttributesImpl@setType(int,java.lang.String):516:0 |==> -1
641:ROR:>=(int,int):==(int,int):org.xml.sax.helpers.AttributesImpl@setType(int,java.lang.String):516:index >= 0 |==> index == 0
642:ROR:>=(int,int):>(int,int):org.xml.sax.helpers.AttributesImpl@setType(int,java.lang.String):516:index >= 0 |==> index > 0
643:ROR:>=(int,int):TRUE(int,int):org.xml.sax.helpers.AttributesImpl@setType(int,java.lang.String):516:index >= 0 |==> true
644:ROR:<(int,int):!=(int,int):org.xml.sax.helpers.AttributesImpl@setType(int,java.lang.String):516:index < length |==> index != length
645:ROR:<(int,int):<=(int,int):org.xml.sax.helpers.AttributesImpl@setType(int,java.lang.String):516:index < length |==> index <= length
646:ROR:<(int,int):FALSE(int,int):org.xml.sax.helpers.AttributesImpl@setType(int,java.lang.String):516:index < length |==> false
647:COR:&&(boolean,boolean):==(boolean,boolean):org.xml.sax.helpers.AttributesImpl@setType(int,java.lang.String):516:index >= 0 && index < length |==> index >= 0 == index < length
648:COR:&&(boolean,boolean):FALSE(boolean,boolean):org.xml.sax.helpers.AttributesImpl@setType(int,java.lang.String):516:index >= 0 && index < length |==> false
649:COR:&&(boolean,boolean):LHS(boolean,boolean):org.xml.sax.helpers.AttributesImpl@setType(int,java.lang.String):516:index >= 0 && index < length |==> index >= 0
650:COR:&&(boolean,boolean):RHS(boolean,boolean):org.xml.sax.helpers.AttributesImpl@setType(int,java.lang.String):516:index >= 0 && index < length |==> index < length
651:LVR:POS:0:org.xml.sax.helpers.AttributesImpl@setType(int,java.lang.String):517:5 |==> 0
652:LVR:POS:NEG:org.xml.sax.helpers.AttributesImpl@setType(int,java.lang.String):517:5 |==> -5
653:AOR:*(int,int):%(int,int):org.xml.sax.helpers.AttributesImpl@setType(int,java.lang.String):517:index * 5 |==> index % 5
654:AOR:*(int,int):+(int,int):org.xml.sax.helpers.AttributesImpl@setType(int,java.lang.String):517:index * 5 |==> index + 5
655:AOR:*(int,int):-(int,int):org.xml.sax.helpers.AttributesImpl@setType(int,java.lang.String):517:index * 5 |==> index - 5
656:AOR:*(int,int):/(int,int):org.xml.sax.helpers.AttributesImpl@setType(int,java.lang.String):517:index * 5 |==> index / 5
657:LVR:POS:0:org.xml.sax.helpers.AttributesImpl@setType(int,java.lang.String):517:3 |==> 0
658:LVR:POS:NEG:org.xml.sax.helpers.AttributesImpl@setType(int,java.lang.String):517:3 |==> -3
659:AOR:+(int,int):%(int,int):org.xml.sax.helpers.AttributesImpl@setType(int,java.lang.String):517:index * 5 + 3 |==> index * 5 % 3
660:AOR:+(int,int):*(int,int):org.xml.sax.helpers.AttributesImpl@setType(int,java.lang.String):517:index * 5 + 3 |==> index * 5 * 3
661:AOR:+(int,int):-(int,int):org.xml.sax.helpers.AttributesImpl@setType(int,java.lang.String):517:index * 5 + 3 |==> index * 5 - 3
662:AOR:+(int,int):/(int,int):org.xml.sax.helpers.AttributesImpl@setType(int,java.lang.String):517:index * 5 + 3 |==> index * 5 / 3
663:STD:<ASSIGN>:<NO-OP>:org.xml.sax.helpers.AttributesImpl@setType(int,java.lang.String):517:data[index * 5 + 3] = type |==> <NO-OP>
664:STD:<CALL>:<NO-OP>:org.xml.sax.helpers.AttributesImpl@setType(int,java.lang.String):519:badIndex(index) |==> <NO-OP>
665:LVR:0:POS:org.xml.sax.helpers.AttributesImpl@setValue(int,java.lang.String):535:0 |==> 1
666:LVR:0:NEG:org.xml.sax.helpers.AttributesImpl@setValue(int,java.lang.String):535:0 |==> -1
667:ROR:>=(int,int):==(int,int):org.xml.sax.helpers.AttributesImpl@setValue(int,java.lang.String):535:index >= 0 |==> index == 0
668:ROR:>=(int,int):>(int,int):org.xml.sax.helpers.AttributesImpl@setValue(int,java.lang.String):535:index >= 0 |==> index > 0
669:ROR:>=(int,int):TRUE(int,int):org.xml.sax.helpers.AttributesImpl@setValue(int,java.lang.String):535:index >= 0 |==> true
670:ROR:<(int,int):!=(int,int):org.xml.sax.helpers.AttributesImpl@setValue(int,java.lang.String):535:index < length |==> index != length
671:ROR:<(int,int):<=(int,int):org.xml.sax.helpers.AttributesImpl@setValue(int,java.lang.String):535:index < length |==> index <= length
672:ROR:<(int,int):FALSE(int,int):org.xml.sax.helpers.AttributesImpl@setValue(int,java.lang.String):535:index < length |==> false
673:COR:&&(boolean,boolean):==(boolean,boolean):org.xml.sax.helpers.AttributesImpl@setValue(int,java.lang.String):535:index >= 0 && index < length |==> index >= 0 == index < length
674:COR:&&(boolean,boolean):FALSE(boolean,boolean):org.xml.sax.helpers.AttributesImpl@setValue(int,java.lang.String):535:index >= 0 && index < length |==> false
675:COR:&&(boolean,boolean):LHS(boolean,boolean):org.xml.sax.helpers.AttributesImpl@setValue(int,java.lang.String):535:index >= 0 && index < length |==> index >= 0
676:COR:&&(boolean,boolean):RHS(boolean,boolean):org.xml.sax.helpers.AttributesImpl@setValue(int,java.lang.String):535:index >= 0 && index < length |==> index < length
677:LVR:POS:0:org.xml.sax.helpers.AttributesImpl@setValue(int,java.lang.String):536:5 |==> 0
678:LVR:POS:NEG:org.xml.sax.helpers.AttributesImpl@setValue(int,java.lang.String):536:5 |==> -5
679:AOR:*(int,int):%(int,int):org.xml.sax.helpers.AttributesImpl@setValue(int,java.lang.String):536:index * 5 |==> index % 5
680:AOR:*(int,int):+(int,int):org.xml.sax.helpers.AttributesImpl@setValue(int,java.lang.String):536:index * 5 |==> index + 5
681:AOR:*(int,int):-(int,int):org.xml.sax.helpers.AttributesImpl@setValue(int,java.lang.String):536:index * 5 |==> index - 5
682:AOR:*(int,int):/(int,int):org.xml.sax.helpers.AttributesImpl@setValue(int,java.lang.String):536:index * 5 |==> index / 5
683:LVR:POS:0:org.xml.sax.helpers.AttributesImpl@setValue(int,java.lang.String):536:4 |==> 0
684:LVR:POS:NEG:org.xml.sax.helpers.AttributesImpl@setValue(int,java.lang.String):536:4 |==> -4
685:AOR:+(int,int):%(int,int):org.xml.sax.helpers.AttributesImpl@setValue(int,java.lang.String):536:index * 5 + 4 |==> index * 5 % 4
686:AOR:+(int,int):*(int,int):org.xml.sax.helpers.AttributesImpl@setValue(int,java.lang.String):536:index * 5 + 4 |==> index * 5 * 4
687:AOR:+(int,int):-(int,int):org.xml.sax.helpers.AttributesImpl@setValue(int,java.lang.String):536:index * 5 + 4 |==> index * 5 - 4
688:AOR:+(int,int):/(int,int):org.xml.sax.helpers.AttributesImpl@setValue(int,java.lang.String):536:index * 5 + 4 |==> index * 5 / 4
689:STD:<ASSIGN>:<NO-OP>:org.xml.sax.helpers.AttributesImpl@setValue(int,java.lang.String):536:data[index * 5 + 4] = value |==> <NO-OP>
690:STD:<CALL>:<NO-OP>:org.xml.sax.helpers.AttributesImpl@setValue(int,java.lang.String):538:badIndex(index) |==> <NO-OP>
691:LVR:0:POS:org.xml.sax.helpers.AttributesImpl@ensureCapacity(int):557:0 |==> 1
692:LVR:0:NEG:org.xml.sax.helpers.AttributesImpl@ensureCapacity(int):557:0 |==> -1
693:ROR:>(int,int):!=(int,int):org.xml.sax.helpers.AttributesImpl@ensureCapacity(int):557:n > 0 |==> n != 0
694:ROR:>(int,int):>=(int,int):org.xml.sax.helpers.AttributesImpl@ensureCapacity(int):557:n > 0 |==> n >= 0
695:ROR:>(int,int):FALSE(int,int):org.xml.sax.helpers.AttributesImpl@ensureCapacity(int):557:n > 0 |==> false
696:ROR:==(java.lang.Object,java.lang.Object):FALSE(java.lang.Object,java.lang.Object):org.xml.sax.helpers.AttributesImpl@ensureCapacity(int):557:data == null |==> false
697:COR:&&(boolean,boolean):==(boolean,boolean):org.xml.sax.helpers.AttributesImpl@ensureCapacity(int):557:n > 0 && data == null |==> n > 0 == (data == null)
698:COR:&&(boolean,boolean):FALSE(boolean,boolean):org.xml.sax.helpers.AttributesImpl@ensureCapacity(int):557:n > 0 && data == null |==> false
699:COR:&&(boolean,boolean):LHS(boolean,boolean):org.xml.sax.helpers.AttributesImpl@ensureCapacity(int):557:n > 0 && data == null |==> n > 0
700:COR:&&(boolean,boolean):RHS(boolean,boolean):org.xml.sax.helpers.AttributesImpl@ensureCapacity(int):557:n > 0 && data == null |==> data == null
701:LVR:POS:0:org.xml.sax.helpers.AttributesImpl@ensureCapacity(int):558:25 |==> 0
702:LVR:POS:NEG:org.xml.sax.helpers.AttributesImpl@ensureCapacity(int):558:25 |==> -25
703:STD:<ASSIGN>:<NO-OP>:org.xml.sax.helpers.AttributesImpl@ensureCapacity(int):558:data = new String[25] |==> <NO-OP>
704:EVR:<MEMBER_SELECT(int)>:<DEFAULT>:org.xml.sax.helpers.AttributesImpl@ensureCapacity(int):561:data.length |==> 0
705:LVR:POS:0:org.xml.sax.helpers.AttributesImpl@ensureCapacity(int):562:5 |==> 0
706:LVR:POS:NEG:org.xml.sax.helpers.AttributesImpl@ensureCapacity(int):562:5 |==> -5
707:AOR:*(int,int):%(int,int):org.xml.sax.helpers.AttributesImpl@ensureCapacity(int):562:n * 5 |==> n % 5
708:AOR:*(int,int):+(int,int):org.xml.sax.helpers.AttributesImpl@ensureCapacity(int):562:n * 5 |==> n + 5
709:AOR:*(int,int):-(int,int):org.xml.sax.helpers.AttributesImpl@ensureCapacity(int):562:n * 5 |==> n - 5
710:AOR:*(int,int):/(int,int):org.xml.sax.helpers.AttributesImpl@ensureCapacity(int):562:n * 5 |==> n / 5
711:ROR:>=(int,int):==(int,int):org.xml.sax.helpers.AttributesImpl@ensureCapacity(int):562:max >= n * 5 |==> max == n * 5
712:ROR:>=(int,int):>(int,int):org.xml.sax.helpers.AttributesImpl@ensureCapacity(int):562:max >= n * 5 |==> max > n * 5
713:ROR:>=(int,int):TRUE(int,int):org.xml.sax.helpers.AttributesImpl@ensureCapacity(int):562:max >= n * 5 |==> true
714:STD:<RETURN>:<NO-OP>:org.xml.sax.helpers.AttributesImpl@ensureCapacity(int):563:return; |==> <NO-OP>
715:LVR:POS:0:org.xml.sax.helpers.AttributesImpl@ensureCapacity(int):567:5 |==> 0
716:LVR:POS:NEG:org.xml.sax.helpers.AttributesImpl@ensureCapacity(int):567:5 |==> -5
717:AOR:*(int,int):%(int,int):org.xml.sax.helpers.AttributesImpl@ensureCapacity(int):567:n * 5 |==> n % 5
718:AOR:*(int,int):+(int,int):org.xml.sax.helpers.AttributesImpl@ensureCapacity(int):567:n * 5 |==> n + 5
719:AOR:*(int,int):-(int,int):org.xml.sax.helpers.AttributesImpl@ensureCapacity(int):567:n * 5 |==> n - 5
720:AOR:*(int,int):/(int,int):org.xml.sax.helpers.AttributesImpl@ensureCapacity(int):567:n * 5 |==> n / 5
721:ROR:<(int,int):!=(int,int):org.xml.sax.helpers.AttributesImpl@ensureCapacity(int):567:max < n * 5 |==> max != n * 5
722:ROR:<(int,int):<=(int,int):org.xml.sax.helpers.AttributesImpl@ensureCapacity(int):567:max < n * 5 |==> max <= n * 5
723:ROR:<(int,int):FALSE(int,int):org.xml.sax.helpers.AttributesImpl@ensureCapacity(int):567:max < n * 5 |==> false
724:LVR:POS:0:org.xml.sax.helpers.AttributesImpl@ensureCapacity(int):568:2 |==> 0
725:LVR:POS:NEG:org.xml.sax.helpers.AttributesImpl@ensureCapacity(int):568:2 |==> -2
726:STD:<ASSIGN>:<NO-OP>:org.xml.sax.helpers.AttributesImpl@ensureCapacity(int):568:max *= 2 |==> <NO-OP>
727:EVR:<NEW_ARRAY(java.lang.String[])>:<DEFAULT>:org.xml.sax.helpers.AttributesImpl@ensureCapacity(int):570:new String[max] |==> null
728:LVR:0:POS:org.xml.sax.helpers.AttributesImpl@ensureCapacity(int):571:0 |==> 1
729:LVR:0:NEG:org.xml.sax.helpers.AttributesImpl@ensureCapacity(int):571:0 |==> -1
730:LVR:0:POS:org.xml.sax.helpers.AttributesImpl@ensureCapacity(int):571:0 |==> 1
731:LVR:0:NEG:org.xml.sax.helpers.AttributesImpl@ensureCapacity(int):571:0 |==> -1
732:LVR:POS:0:org.xml.sax.helpers.AttributesImpl@ensureCapacity(int):571:5 |==> 0
733:LVR:POS:NEG:org.xml.sax.helpers.AttributesImpl@ensureCapacity(int):571:5 |==> -5
734:AOR:*(int,int):%(int,int):org.xml.sax.helpers.AttributesImpl@ensureCapacity(int):571:length * 5 |==> length % 5
735:AOR:*(int,int):+(int,int):org.xml.sax.helpers.AttributesImpl@ensureCapacity(int):571:length * 5 |==> length + 5
736:AOR:*(int,int):-(int,int):org.xml.sax.helpers.AttributesImpl@ensureCapacity(int):571:length * 5 |==> length - 5
737:AOR:*(int,int):/(int,int):org.xml.sax.helpers.AttributesImpl@ensureCapacity(int):571:length * 5 |==> length / 5
738:STD:<CALL>:<NO-OP>:org.xml.sax.helpers.AttributesImpl@ensureCapacity(int):571:System.arraycopy(data, 0, newData, 0, length * 5) |==> <NO-OP>
739:STD:<ASSIGN>:<NO-OP>:org.xml.sax.helpers.AttributesImpl@ensureCapacity(int):572:data = newData |==> <NO-OP>
740:EVR:<PLUS(java.lang.String)>:<DEFAULT>:org.xml.sax.helpers.AttributesImpl@badIndex(int):586:"Attempt to modify attribute at illegal index: " + index |==> null
