1:LVR:0:POS:org.apache.xml.serialize.Encodings@getWriter(java.io.OutputStream,java.lang.String):100:0 |==> 1
2:LVR:0:NEG:org.apache.xml.serialize.Encodings@getWriter(java.io.OutputStream,java.lang.String):100:0 |==> -1
3:ROR:<(int,int):!=(int,int):org.apache.xml.serialize.Encodings@getWriter(java.io.OutputStream,java.lang.String):100:i < _encodings.length |==> i != _encodings.length
4:ROR:<(int,int):<=(int,int):org.apache.xml.serialize.Encodings@getWriter(java.io.OutputStream,java.lang.String):100:i < _encodings.length |==> i <= _encodings.length
5:ROR:<(int,int):FALSE(int,int):org.apache.xml.serialize.Encodings@getWriter(java.io.OutputStream,java.lang.String):100:i < _encodings.length |==> false
6:COR:_encodings[i].name.equals(encoding):TRUE:org.apache.xml.serialize.Encodings@getWriter(java.io.OutputStream,java.lang.String):101:_encodings[i].name.equals(encoding) |==> false
7:COR:_encodings[i].name.equals(encoding):FALSE:org.apache.xml.serialize.Encodings@getWriter(java.io.OutputStream,java.lang.String):101:_encodings[i].name.equals(encoding) |==> true
8:STD:<RETURN>:<NO-OP>:org.apache.xml.serialize.Encodings@getWriter(java.io.OutputStream,java.lang.String):102:return new OutputStreamWriter(output, _encodings[i].javaName); |==> <NO-OP>
9:EVR:<NEW_CLASS(java.io.OutputStreamWriter)>:<DEFAULT>:org.apache.xml.serialize.Encodings@getWriter(java.io.OutputStream,java.lang.String):104:new OutputStreamWriter(output, encoding) |==> null
10:LVR:0:POS:org.apache.xml.serialize.Encodings@getLastPrintable(java.lang.String):117:0 |==> 1
11:LVR:0:NEG:org.apache.xml.serialize.Encodings@getLastPrintable(java.lang.String):117:0 |==> -1
12:ROR:<(int,int):!=(int,int):org.apache.xml.serialize.Encodings@getLastPrintable(java.lang.String):117:i < _encodings.length |==> i != _encodings.length
13:ROR:<(int,int):<=(int,int):org.apache.xml.serialize.Encodings@getLastPrintable(java.lang.String):117:i < _encodings.length |==> i <= _encodings.length
14:ROR:<(int,int):FALSE(int,int):org.apache.xml.serialize.Encodings@getLastPrintable(java.lang.String):117:i < _encodings.length |==> false
15:COR:_encodings[i].name.equalsIgnoreCase(encoding):TRUE:org.apache.xml.serialize.Encodings@getLastPrintable(java.lang.String):118:_encodings[i].name.equalsIgnoreCase(encoding) |==> false
16:COR:_encodings[i].name.equalsIgnoreCase(encoding):FALSE:org.apache.xml.serialize.Encodings@getLastPrintable(java.lang.String):118:_encodings[i].name.equalsIgnoreCase(encoding) |==> true
17:STD:<RETURN>:<NO-OP>:org.apache.xml.serialize.Encodings@getLastPrintable(java.lang.String):119:return _encodings[i].lastPrintable; |==> <NO-OP>
18:EVR:<IDENTIFIER(int)>:<DEFAULT>:org.apache.xml.serialize.Encodings@getLastPrintable(java.lang.String):121:DefaultLastPrintable |==> 0
19:EVR:<IDENTIFIER(int)>:<DEFAULT>:org.apache.xml.serialize.Encodings@getLastPrintable():131:DefaultLastPrintable |==> 0
20:EVR:<IDENTIFIER(java.lang.String)>:<DEFAULT>:org.apache.xml.serialize.Encodings$EncodingInfo@<init>(java.lang.String,java.lang.String,int):158:name |==> null
21:EVR:<IDENTIFIER(java.lang.String)>:<DEFAULT>:org.apache.xml.serialize.Encodings$EncodingInfo@<init>(java.lang.String,java.lang.String,int):159:javaName |==> null
22:EVR:<IDENTIFIER(int)>:<DEFAULT>:org.apache.xml.serialize.Encodings$EncodingInfo@<init>(java.lang.String,java.lang.String,int):160:lastPrintable |==> 0
23:LVR:POS:0:org.apache.xml.serialize.Encodings:170:127 |==> 0
24:LVR:POS:NEG:org.apache.xml.serialize.Encodings:170:127 |==> -127
25:LVR:POS:0:org.apache.xml.serialize.Encodings:171:255 |==> 0
26:LVR:POS:NEG:org.apache.xml.serialize.Encodings:171:255 |==> -255
27:LVR:POS:0:org.apache.xml.serialize.Encodings:172:255 |==> 0
28:LVR:POS:NEG:org.apache.xml.serialize.Encodings:172:255 |==> -255
29:LVR:POS:0:org.apache.xml.serialize.Encodings:173:255 |==> 0
30:LVR:POS:NEG:org.apache.xml.serialize.Encodings:173:255 |==> -255
31:LVR:POS:0:org.apache.xml.serialize.Encodings:174:255 |==> 0
32:LVR:POS:NEG:org.apache.xml.serialize.Encodings:174:255 |==> -255
33:LVR:POS:0:org.apache.xml.serialize.Encodings:175:255 |==> 0
34:LVR:POS:NEG:org.apache.xml.serialize.Encodings:175:255 |==> -255
35:LVR:POS:0:org.apache.xml.serialize.Encodings:176:255 |==> 0
36:LVR:POS:NEG:org.apache.xml.serialize.Encodings:176:255 |==> -255
37:LVR:POS:0:org.apache.xml.serialize.Encodings:177:255 |==> 0
38:LVR:POS:NEG:org.apache.xml.serialize.Encodings:177:255 |==> -255
39:LVR:POS:0:org.apache.xml.serialize.Encodings:178:255 |==> 0
40:LVR:POS:NEG:org.apache.xml.serialize.Encodings:178:255 |==> -255
41:LVR:POS:0:org.apache.xml.serialize.Encodings:179:255 |==> 0
42:LVR:POS:NEG:org.apache.xml.serialize.Encodings:179:255 |==> -255
43:LVR:POS:0:org.apache.xml.serialize.Encodings:180:255 |==> 0
44:LVR:POS:NEG:org.apache.xml.serialize.Encodings:180:255 |==> -255
45:LVR:POS:0:org.apache.xml.serialize.Encodings:181:65535 |==> 0
46:LVR:POS:NEG:org.apache.xml.serialize.Encodings:181:65535 |==> -65535
47:LVR:POS:0:org.apache.xml.serialize.Encodings:182:65535 |==> 0
48:LVR:POS:NEG:org.apache.xml.serialize.Encodings:182:65535 |==> -65535
