1:STD:<ASSIGN>:<NO-OP>:org.apache.xerces.utils.XMLMessages@setLocale(java.util.Locale):80:fLocale = locale |==> <NO-OP>
2:EVR:<IDENTIFIER(java.util.Locale)>:<DEFAULT>:org.apache.xerces.utils.XMLMessages@getLocale():86:fLocale |==> null
3:LVR:FALSE:TRUE:org.apache.xerces.utils.XMLMessages@createMessage(java.util.Locale,int,int,java.lang.Object[]):100:false |==> true
4:ROR:==(java.lang.Object,java.lang.Object):FALSE(java.lang.Object,java.lang.Object):org.apache.xerces.utils.XMLMessages@createMessage(java.util.Locale,int,int,java.lang.Object[]):101:fResourceBundle == null |==> false
5:ROR:!=(java.lang.Object,java.lang.Object):TRUE(java.lang.Object,java.lang.Object):org.apache.xerces.utils.XMLMessages@createMessage(java.util.Locale,int,int,java.lang.Object[]):101:locale != fLocale |==> true
6:COR:||(boolean,boolean):!=(boolean,boolean):org.apache.xerces.utils.XMLMessages@createMessage(java.util.Locale,int,int,java.lang.Object[]):101:fResourceBundle == null || locale != fLocale |==> fResourceBundle == null != (locale != fLocale)
7:COR:||(boolean,boolean):LHS(boolean,boolean):org.apache.xerces.utils.XMLMessages@createMessage(java.util.Locale,int,int,java.lang.Object[]):101:fResourceBundle == null || locale != fLocale |==> fResourceBundle == null
8:COR:||(boolean,boolean):RHS(boolean,boolean):org.apache.xerces.utils.XMLMessages@createMessage(java.util.Locale,int,int,java.lang.Object[]):101:fResourceBundle == null || locale != fLocale |==> locale != fLocale
9:COR:||(boolean,boolean):TRUE(boolean,boolean):org.apache.xerces.utils.XMLMessages@createMessage(java.util.Locale,int,int,java.lang.Object[]):101:fResourceBundle == null || locale != fLocale |==> true
10:ROR:!=(java.lang.Object,java.lang.Object):TRUE(java.lang.Object,java.lang.Object):org.apache.xerces.utils.XMLMessages@createMessage(java.util.Locale,int,int,java.lang.Object[]):102:locale != null |==> true
11:STD:<ASSIGN>:<NO-OP>:org.apache.xerces.utils.XMLMessages@createMessage(java.util.Locale,int,int,java.lang.Object[]):103:fResourceBundle = ListResourceBundle.getBundle("org.apache.xerces.msg.XMLMessages", locale) |==> <NO-OP>
12:ROR:==(java.lang.Object,java.lang.Object):FALSE(java.lang.Object,java.lang.Object):org.apache.xerces.utils.XMLMessages@createMessage(java.util.Locale,int,int,java.lang.Object[]):104:fResourceBundle == null |==> false
13:STD:<ASSIGN>:<NO-OP>:org.apache.xerces.utils.XMLMessages@createMessage(java.util.Locale,int,int,java.lang.Object[]):105:fResourceBundle = ListResourceBundle.getBundle("org.apache.xerces.msg.XMLMessages") |==> <NO-OP>
14:LVR:0:POS:org.apache.xerces.utils.XMLMessages@createMessage(java.util.Locale,int,int,java.lang.Object[]):107:0 |==> 1
15:LVR:0:NEG:org.apache.xerces.utils.XMLMessages@createMessage(java.util.Locale,int,int,java.lang.Object[]):107:0 |==> -1
16:ROR:<(int,int):!=(int,int):org.apache.xerces.utils.XMLMessages@createMessage(java.util.Locale,int,int,java.lang.Object[]):107:majorCode < 0 |==> majorCode != 0
17:ROR:<(int,int):<=(int,int):org.apache.xerces.utils.XMLMessages@createMessage(java.util.Locale,int,int,java.lang.Object[]):107:majorCode < 0 |==> majorCode <= 0
18:ROR:<(int,int):FALSE(int,int):org.apache.xerces.utils.XMLMessages@createMessage(java.util.Locale,int,int,java.lang.Object[]):107:majorCode < 0 |==> false
19:LVR:POS:0:org.apache.xerces.utils.XMLMessages@createMessage(java.util.Locale,int,int,java.lang.Object[]):107:1 |==> 0
20:LVR:POS:NEG:org.apache.xerces.utils.XMLMessages@createMessage(java.util.Locale,int,int,java.lang.Object[]):107:1 |==> -1
21:AOR:-(int,int):%(int,int):org.apache.xerces.utils.XMLMessages@createMessage(java.util.Locale,int,int,java.lang.Object[]):107:fgMessageKeys.length - 1 |==> fgMessageKeys.length % 1
22:AOR:-(int,int):*(int,int):org.apache.xerces.utils.XMLMessages@createMessage(java.util.Locale,int,int,java.lang.Object[]):107:fgMessageKeys.length - 1 |==> fgMessageKeys.length * 1
23:AOR:-(int,int):+(int,int):org.apache.xerces.utils.XMLMessages@createMessage(java.util.Locale,int,int,java.lang.Object[]):107:fgMessageKeys.length - 1 |==> fgMessageKeys.length + 1
24:AOR:-(int,int):/(int,int):org.apache.xerces.utils.XMLMessages@createMessage(java.util.Locale,int,int,java.lang.Object[]):107:fgMessageKeys.length - 1 |==> fgMessageKeys.length / 1
25:ROR:>=(int,int):==(int,int):org.apache.xerces.utils.XMLMessages@createMessage(java.util.Locale,int,int,java.lang.Object[]):107:majorCode >= fgMessageKeys.length - 1 |==> majorCode == fgMessageKeys.length - 1
26:ROR:>=(int,int):>(int,int):org.apache.xerces.utils.XMLMessages@createMessage(java.util.Locale,int,int,java.lang.Object[]):107:majorCode >= fgMessageKeys.length - 1 |==> majorCode > fgMessageKeys.length - 1
27:ROR:>=(int,int):TRUE(int,int):org.apache.xerces.utils.XMLMessages@createMessage(java.util.Locale,int,int,java.lang.Object[]):107:majorCode >= fgMessageKeys.length - 1 |==> true
28:COR:||(boolean,boolean):!=(boolean,boolean):org.apache.xerces.utils.XMLMessages@createMessage(java.util.Locale,int,int,java.lang.Object[]):107:majorCode < 0 || majorCode >= fgMessageKeys.length - 1 |==> majorCode < 0 != majorCode >= fgMessageKeys.length - 1
29:COR:||(boolean,boolean):LHS(boolean,boolean):org.apache.xerces.utils.XMLMessages@createMessage(java.util.Locale,int,int,java.lang.Object[]):107:majorCode < 0 || majorCode >= fgMessageKeys.length - 1 |==> majorCode < 0
30:COR:||(boolean,boolean):RHS(boolean,boolean):org.apache.xerces.utils.XMLMessages@createMessage(java.util.Locale,int,int,java.lang.Object[]):107:majorCode < 0 || majorCode >= fgMessageKeys.length - 1 |==> majorCode >= fgMessageKeys.length - 1
31:COR:||(boolean,boolean):TRUE(boolean,boolean):org.apache.xerces.utils.XMLMessages@createMessage(java.util.Locale,int,int,java.lang.Object[]):107:majorCode < 0 || majorCode >= fgMessageKeys.length - 1 |==> true
32:STD:<ASSIGN>:<NO-OP>:org.apache.xerces.utils.XMLMessages@createMessage(java.util.Locale,int,int,java.lang.Object[]):108:majorCode = MSG_BAD_MAJORCODE |==> <NO-OP>
33:LVR:TRUE:FALSE:org.apache.xerces.utils.XMLMessages@createMessage(java.util.Locale,int,int,java.lang.Object[]):109:true |==> false
34:STD:<ASSIGN>:<NO-OP>:org.apache.xerces.utils.XMLMessages@createMessage(java.util.Locale,int,int,java.lang.Object[]):109:throwex = true |==> <NO-OP>
35:EVR:<ARRAY_ACCESS(java.lang.String)>:<DEFAULT>:org.apache.xerces.utils.XMLMessages@createMessage(java.util.Locale,int,int,java.lang.Object[]):111:fgMessageKeys[majorCode] |==> null
36:EVR:<METHOD_INVOCATION(java.lang.String)>:<DEFAULT>:org.apache.xerces.utils.XMLMessages@createMessage(java.util.Locale,int,int,java.lang.Object[]):112:fResourceBundle.getString(msgKey) |==> null
37:ROR:!=(java.lang.Object,java.lang.Object):TRUE(java.lang.Object,java.lang.Object):org.apache.xerces.utils.XMLMessages@createMessage(java.util.Locale,int,int,java.lang.Object[]):113:args != null |==> true
38:STD:<ASSIGN>:<NO-OP>:org.apache.xerces.utils.XMLMessages@createMessage(java.util.Locale,int,int,java.lang.Object[]):115:msg = java.text.MessageFormat.format(msg, args) |==> <NO-OP>
39:STD:<ASSIGN>:<NO-OP>:org.apache.xerces.utils.XMLMessages@createMessage(java.util.Locale,int,int,java.lang.Object[]):117:msg = fResourceBundle.getString(fgMessageKeys[MSG_FORMAT_FAILURE]) |==> <NO-OP>
40:STD:<ASSIGN>:<NO-OP>:org.apache.xerces.utils.XMLMessages@createMessage(java.util.Locale,int,int,java.lang.Object[]):118:msg += " " + fResourceBundle.getString(msgKey) |==> <NO-OP>
41:COR:throwex:TRUE:org.apache.xerces.utils.XMLMessages@createMessage(java.util.Locale,int,int,java.lang.Object[]):130:throwex |==> false
42:COR:throwex:FALSE:org.apache.xerces.utils.XMLMessages@createMessage(java.util.Locale,int,int,java.lang.Object[]):130:throwex |==> true
43:EVR:<IDENTIFIER(java.lang.String)>:<DEFAULT>:org.apache.xerces.utils.XMLMessages@createMessage(java.util.Locale,int,int,java.lang.Object[]):133:msg |==> null
44:EVR:<NEW_ARRAY(java.lang.String[])>:<DEFAULT>:org.apache.xerces.utils.XMLMessages:318:{"BadMajorCode", "FormatFailed", "LessthanInAttValue", "RootElementTypeMustMatchDoctypedecl", "IDREFSInvalid", "NMTOKENSInvalid", "ReservedPITarget", "SpaceRequiredInPI", "InvalidCharInPI", "DashDashInComment", "InvalidCharInComment", "InvalidCharRef", "InvalidCharInAttValue", "QuoteRequiredInAttValue", "NameRequiredInReference", "SemicolonRequiredInReference", "DigitRequiredInCharRef", "HexdigitRequiredInCharRef", "SemicolonRequiredInCharRef", "QuoteRequiredInSystemID", "InvalidCharInSystemID", "QuoteRequiredInPublicID", "InvalidCharInPublicID", "IncludeSectUnterminated", "IgnoreSectUnterminated", "InvalidCharInIgnoreSect", "ElementUnterminated", "EqRequiredInAttribute", "AttributeNotUnique", "EncodingDeclRequired", "VersionInfoRequired", "EqRequiredInXMLDecl", "EqRequiredInTextDecl", "QuoteRequiredInXMLDecl", "QuoteRequiredInTextDecl", "InvalidCharInXMLDecl", "InvalidCharInTextDecl", "VersionInfoInvalid", "VersionNotSupported", "SpaceRequiredInTextDecl", "EncodingDeclInvalid", "SDDeclInvalid", "XMLDeclUnterminated", "TextDeclUnterminated", "InvalidCharInInternalSubset", "InvalidCharInExternalSubset", "InvalidCharInEntityValue", "MixedContentUnterminated", "NameRequiredInPEReference", "SemicolonRequiredInPEReference", "ExternalIDRequired", "PEReferenceWithinMarkup", "InvalidCharInProlog", "InvalidCharInMisc", "InvalidCharInCDSect", "InvalidCharInContent", "ETagRequired", "ETagUnterminated", "AttNameRequiredInAttDef", "AttTypeRequiredInAttDef", "PubidCharIllegal", "EncodingNotSupported", "EntityNotDeclared", "ReferenceToUnparsedEntity", "ReferenceToExternalEntity", "XMLLangInvalid", "CDSectUnterminated", "DuplicateTypeInMixedContent", "ElementEntityMismatch", "IDDefaultTypeInvalid", "EncodingRequired", "RecursiveReference", "RecursivePEReference", "ImproperDeclarationNesting", "ImproperGroupNesting", "IDInvalid", "IDNotUnique", "IDREFInvalid", "NMTOKENInvalid", "ENTITYInvalid", "ENTITIESInvalid", "MSG_ELEMENT_WITH_ID_REQUIRED", "MSG_ATTRIBUTE_NOT_DECLARED", "MSG_ELEMENT_NOT_DECLARED", "MSG_AVAILABLE1", "MSG_DUPLICATE_ATTDEF", "MSG_MORE_THAN_ONE_ID_ATTRIBUTE", "MSG_CONTENT_INVALID", "MSG_CONTENT_INCOMPLETE", "MSG_ELEMENT_ALREADY_DECLARED", "MSG_ATTRIBUTE_VALUE_NOT_IN_LIST", "MSG_AVAILABLE2", "UndeclaredElementInContentSpec", "MSG_FIXED_ATTVALUE_INVALID", "MSG_REQUIRED_ATTRIBUTE_NOT_SPECIFIED", "MSG_DEFAULTED_ATTRIBUTE_NOT_SPECIFIED", "MSG_AVAILABLE3", "MSG_AVAILABLE4", "MSG_CLOSE_PAREN_REQUIRED_IN_CHILDREN", "MSG_AVAILABLE5", "SystemIDUnterminated", "PublicIDUnterminated", "MSG_EXTERNAL_ENTITY_NOT_PERMITTED", "MSG_AVAILABLE6", "XMLDeclMustBeFirst", "TextDeclMustBeFirst", "ElementDeclUnterminated", "MSG_SPACE_REQUIRED_BEFORE_ENTITY_NAME_IN_PEDECL", "MSG_SPACE_REQUIRED_BEFORE_ENTITY_NAME_IN_ENTITYDECL", "MSG_SPACE_REQUIRED_BEFORE_PERCENT_IN_PEDECL", "MSG_ENTITY_NAME_REQUIRED_IN_ENTITYDECL", "MSG_SPACE_REQUIRED_AFTER_ENTITY_NAME_IN_ENTITYDECL", "EntityDeclUnterminated", "MSG_NOTATION_NAME_REQUIRED_FOR_UNPARSED_ENTITYDECL", "MSG_NOTATION_NOT_DECLARED_FOR_UNPARSED_ENTITYDECL", "MSG_NAME_REQUIRED_IN_NOTATIONTYPE", "MSG_NMTOKEN_REQUIRED_IN_ENUMERATION", "MSG_NOTATION_NOT_DECLARED_FOR_NOTATIONTYPE_ATTRIBUTE", "NotationTypeUnterminated", "EnumerationUnterminated", "MSG_NOTATION_NAME_REQUIRED_IN_NOTATIONDECL", "MSG_MORE_THAN_ONE_NOTATION_ATTRIBUTE", "NotationDeclUnterminated", "MSG_ATTVALUE_CHANGED_DURING_NORMALIZATION_WHEN_STANDALONE", "CDEndInContent", "MSG_ELEMENT_TYPE_REQUIRED_IN_ATTLISTDECL", "TwoColonsInQName", "MarkupNotRecognizedInContent", "MarkupNotRecognizedInMisc", "MarkupNotRecognizedInProlog", "MSG_OPEN_PAREN_REQUIRED_IN_NOTATIONTYPE", "PITargetRequired", "MSG_REFERENCE_TO_EXTERNALLY_DECLARED_ENTITY_WHEN_STANDALONE", "MSG_URI_FRAGMENT_IN_SYSTEMID", "RootElementRequired", "MSG_SPACE_REQUIRED_AFTER_FIXED_IN_DEFAULTDECL", "MSG_SPACE_REQUIRED_AFTER_NOTATION_IN_NOTATIONTYPE", "MSG_SPACE_REQUIRED_AFTER_NOTATION_NAME_IN_NOTATIONDECL", "MSG_SPACE_REQUIRED_BEFORE_ATTRIBUTE_NAME_IN_ATTDEF", "MSG_SPACE_REQUIRED_BEFORE_ATTTYPE_IN_ATTDEF", "MSG_SPACE_REQUIRED_BEFORE_DEFAULTDECL_IN_ATTDEF", "MSG_SPACE_REQUIRED_BEFORE_ELEMENT_TYPE_IN_ATTLISTDECL", "MSG_SPACE_REQUIRED_BEFORE_NOTATION_NAME_IN_NOTATIONDECL", "MSG_WHITE_SPACE_IN_ELEMENT_CONTENT_WHEN_STANDALONE", "MSG_XML_SPACE_DECLARATION_ILLEGAL", "MSG_CLOSE_PAREN_REQUIRED_IN_MIXED", "MSG_CONTENTSPEC_REQUIRED_IN_ELEMENTDECL", "DoctypedeclUnterminated", "MSG_ELEMENT_TYPE_REQUIRED_IN_ELEMENTDECL", "MSG_ELEMENT_TYPE_REQUIRED_IN_MIXED_CONTENT", "MSG_MARKUP_NOT_RECOGNIZED_IN_DTD", "AttributeValueUnterminated", "MSG_OPEN_PAREN_OR_ELEMENT_TYPE_REQUIRED_IN_CHILDREN", "MSG_ROOT_ELEMENT_TYPE_REQUIRED", "MSG_SPACE_REQUIRED_AFTER_PUBIDLITERAL_IN_EXTERNALID", "MSG_SPACE_REQUIRED_BEFORE_CONTENTSPEC_IN_ELEMENTDECL", "MSG_SPACE_REQUIRED_BEFORE_ELEMENT_TYPE_IN_ELEMENTDECL", "MSG_SPACE_REQUIRED_BEFORE_NOTATION_NAME_IN_UNPARSED_ENTITYDECL", "MSG_SPACE_REQUIRED_BEFORE_PUBIDLITERAL_IN_EXTERNALID", "MSG_SPACE_REQUIRED_BEFORE_ROOT_ELEMENT_TYPE_IN_DOCTYPEDECL", "MSG_SPACE_REQUIRED_BEFORE_SYSTEMLITERAL_IN_EXTERNALID", "ReferenceNotInOneEntity", "CommentNotInOneEntity", "CommentUnterminated", "PIUnterminated", "PINotInOneEntity", "ReferenceUnterminated", "PrefixDeclared", "MSG_ATT_DEFAULT_INVALID", "MSG_GENERIC_SCHEMA_ERROR", ""} |==> null
