1:STD:<ASSIGN>:<NO-OP>:org.apache.xerces.readers.MIME2Java:518:s_enchash = new Hashtable() |==> <NO-OP>
2:STD:<CALL>:<NO-OP>:org.apache.xerces.readers.MIME2Java:520:s_enchash.put("UTF-8", "UTF8") |==> <NO-OP>
3:STD:<CALL>:<NO-OP>:org.apache.xerces.readers.MIME2Java:521:s_enchash.put("US-ASCII", "8859_1") |==> <NO-OP>
4:STD:<CALL>:<NO-OP>:org.apache.xerces.readers.MIME2Java:522:s_enchash.put("ISO-8859-1", "8859_1") |==> <NO-OP>
5:STD:<CALL>:<NO-OP>:org.apache.xerces.readers.MIME2Java:523:s_enchash.put("ISO-8859-2", "8859_2") |==> <NO-OP>
6:STD:<CALL>:<NO-OP>:org.apache.xerces.readers.MIME2Java:524:s_enchash.put("ISO-8859-3", "8859_3") |==> <NO-OP>
7:STD:<CALL>:<NO-OP>:org.apache.xerces.readers.MIME2Java:525:s_enchash.put("ISO-8859-4", "8859_4") |==> <NO-OP>
8:STD:<CALL>:<NO-OP>:org.apache.xerces.readers.MIME2Java:526:s_enchash.put("ISO-8859-5", "8859_5") |==> <NO-OP>
9:STD:<CALL>:<NO-OP>:org.apache.xerces.readers.MIME2Java:527:s_enchash.put("ISO-8859-6", "8859_6") |==> <NO-OP>
10:STD:<CALL>:<NO-OP>:org.apache.xerces.readers.MIME2Java:528:s_enchash.put("ISO-8859-7", "8859_7") |==> <NO-OP>
11:STD:<CALL>:<NO-OP>:org.apache.xerces.readers.MIME2Java:529:s_enchash.put("ISO-8859-8", "8859_8") |==> <NO-OP>
12:STD:<CALL>:<NO-OP>:org.apache.xerces.readers.MIME2Java:530:s_enchash.put("ISO-8859-9", "8859_9") |==> <NO-OP>
13:STD:<CALL>:<NO-OP>:org.apache.xerces.readers.MIME2Java:531:s_enchash.put("ISO-2022-JP", "JIS") |==> <NO-OP>
14:STD:<CALL>:<NO-OP>:org.apache.xerces.readers.MIME2Java:532:s_enchash.put("SHIFT_JIS", "SJIS") |==> <NO-OP>
15:STD:<CALL>:<NO-OP>:org.apache.xerces.readers.MIME2Java:533:s_enchash.put("EUC-JP", "EUCJIS") |==> <NO-OP>
16:STD:<CALL>:<NO-OP>:org.apache.xerces.readers.MIME2Java:534:s_enchash.put("GB2312", "GB2312") |==> <NO-OP>
17:STD:<CALL>:<NO-OP>:org.apache.xerces.readers.MIME2Java:535:s_enchash.put("BIG5", "Big5") |==> <NO-OP>
18:STD:<CALL>:<NO-OP>:org.apache.xerces.readers.MIME2Java:536:s_enchash.put("EUC-KR", "KSC5601") |==> <NO-OP>
19:STD:<CALL>:<NO-OP>:org.apache.xerces.readers.MIME2Java:537:s_enchash.put("ISO-2022-KR", "ISO2022KR") |==> <NO-OP>
20:STD:<CALL>:<NO-OP>:org.apache.xerces.readers.MIME2Java:538:s_enchash.put("KOI8-R", "KOI8_R") |==> <NO-OP>
21:STD:<CALL>:<NO-OP>:org.apache.xerces.readers.MIME2Java:540:s_enchash.put("EBCDIC-CP-US", "CP037") |==> <NO-OP>
22:STD:<CALL>:<NO-OP>:org.apache.xerces.readers.MIME2Java:541:s_enchash.put("EBCDIC-CP-CA", "CP037") |==> <NO-OP>
23:STD:<CALL>:<NO-OP>:org.apache.xerces.readers.MIME2Java:542:s_enchash.put("EBCDIC-CP-NL", "CP037") |==> <NO-OP>
24:STD:<CALL>:<NO-OP>:org.apache.xerces.readers.MIME2Java:543:s_enchash.put("EBCDIC-CP-DK", "CP277") |==> <NO-OP>
25:STD:<CALL>:<NO-OP>:org.apache.xerces.readers.MIME2Java:544:s_enchash.put("EBCDIC-CP-NO", "CP277") |==> <NO-OP>
26:STD:<CALL>:<NO-OP>:org.apache.xerces.readers.MIME2Java:545:s_enchash.put("EBCDIC-CP-FI", "CP278") |==> <NO-OP>
27:STD:<CALL>:<NO-OP>:org.apache.xerces.readers.MIME2Java:546:s_enchash.put("EBCDIC-CP-SE", "CP278") |==> <NO-OP>
28:STD:<CALL>:<NO-OP>:org.apache.xerces.readers.MIME2Java:547:s_enchash.put("EBCDIC-CP-IT", "CP280") |==> <NO-OP>
29:STD:<CALL>:<NO-OP>:org.apache.xerces.readers.MIME2Java:548:s_enchash.put("EBCDIC-CP-ES", "CP284") |==> <NO-OP>
30:STD:<CALL>:<NO-OP>:org.apache.xerces.readers.MIME2Java:549:s_enchash.put("EBCDIC-CP-GB", "CP285") |==> <NO-OP>
31:STD:<CALL>:<NO-OP>:org.apache.xerces.readers.MIME2Java:550:s_enchash.put("EBCDIC-CP-FR", "CP297") |==> <NO-OP>
32:STD:<CALL>:<NO-OP>:org.apache.xerces.readers.MIME2Java:551:s_enchash.put("EBCDIC-CP-AR1", "CP420") |==> <NO-OP>
33:STD:<CALL>:<NO-OP>:org.apache.xerces.readers.MIME2Java:552:s_enchash.put("EBCDIC-CP-HE", "CP424") |==> <NO-OP>
34:STD:<CALL>:<NO-OP>:org.apache.xerces.readers.MIME2Java:553:s_enchash.put("EBCDIC-CP-CH", "CP500") |==> <NO-OP>
35:STD:<CALL>:<NO-OP>:org.apache.xerces.readers.MIME2Java:554:s_enchash.put("EBCDIC-CP-ROECE", "CP870") |==> <NO-OP>
36:STD:<CALL>:<NO-OP>:org.apache.xerces.readers.MIME2Java:555:s_enchash.put("EBCDIC-CP-YU", "CP870") |==> <NO-OP>
37:STD:<CALL>:<NO-OP>:org.apache.xerces.readers.MIME2Java:556:s_enchash.put("EBCDIC-CP-IS", "CP871") |==> <NO-OP>
38:STD:<CALL>:<NO-OP>:org.apache.xerces.readers.MIME2Java:557:s_enchash.put("EBCDIC-CP-AR2", "CP918") |==> <NO-OP>
39:STD:<ASSIGN>:<NO-OP>:org.apache.xerces.readers.MIME2Java:562:s_revhash = new Hashtable() |==> <NO-OP>
40:STD:<CALL>:<NO-OP>:org.apache.xerces.readers.MIME2Java:564:s_revhash.put("UTF8", "UTF-8") |==> <NO-OP>
41:STD:<CALL>:<NO-OP>:org.apache.xerces.readers.MIME2Java:566:s_revhash.put("8859_1", "ISO-8859-1") |==> <NO-OP>
42:STD:<CALL>:<NO-OP>:org.apache.xerces.readers.MIME2Java:567:s_revhash.put("8859_2", "ISO-8859-2") |==> <NO-OP>
43:STD:<CALL>:<NO-OP>:org.apache.xerces.readers.MIME2Java:568:s_revhash.put("8859_3", "ISO-8859-3") |==> <NO-OP>
44:STD:<CALL>:<NO-OP>:org.apache.xerces.readers.MIME2Java:569:s_revhash.put("8859_4", "ISO-8859-4") |==> <NO-OP>
45:STD:<CALL>:<NO-OP>:org.apache.xerces.readers.MIME2Java:570:s_revhash.put("8859_5", "ISO-8859-5") |==> <NO-OP>
46:STD:<CALL>:<NO-OP>:org.apache.xerces.readers.MIME2Java:571:s_revhash.put("8859_6", "ISO-8859-6") |==> <NO-OP>
47:STD:<CALL>:<NO-OP>:org.apache.xerces.readers.MIME2Java:572:s_revhash.put("8859_7", "ISO-8859-7") |==> <NO-OP>
48:STD:<CALL>:<NO-OP>:org.apache.xerces.readers.MIME2Java:573:s_revhash.put("8859_8", "ISO-8859-8") |==> <NO-OP>
49:STD:<CALL>:<NO-OP>:org.apache.xerces.readers.MIME2Java:574:s_revhash.put("8859_9", "ISO-8859-9") |==> <NO-OP>
50:STD:<CALL>:<NO-OP>:org.apache.xerces.readers.MIME2Java:575:s_revhash.put("JIS", "ISO-2022-JP") |==> <NO-OP>
51:STD:<CALL>:<NO-OP>:org.apache.xerces.readers.MIME2Java:576:s_revhash.put("SJIS", "Shift_JIS") |==> <NO-OP>
52:STD:<CALL>:<NO-OP>:org.apache.xerces.readers.MIME2Java:577:s_revhash.put("EUCJIS", "EUC-JP") |==> <NO-OP>
53:STD:<CALL>:<NO-OP>:org.apache.xerces.readers.MIME2Java:578:s_revhash.put("GB2312", "GB2312") |==> <NO-OP>
54:STD:<CALL>:<NO-OP>:org.apache.xerces.readers.MIME2Java:579:s_revhash.put("BIG5", "Big5") |==> <NO-OP>
55:STD:<CALL>:<NO-OP>:org.apache.xerces.readers.MIME2Java:580:s_revhash.put("KSC5601", "EUC-KR") |==> <NO-OP>
56:STD:<CALL>:<NO-OP>:org.apache.xerces.readers.MIME2Java:581:s_revhash.put("ISO2022KR", "ISO-2022-KR") |==> <NO-OP>
57:STD:<CALL>:<NO-OP>:org.apache.xerces.readers.MIME2Java:582:s_revhash.put("KOI8_R", "KOI8-R") |==> <NO-OP>
58:STD:<CALL>:<NO-OP>:org.apache.xerces.readers.MIME2Java:584:s_revhash.put("CP037", "EBCDIC-CP-US") |==> <NO-OP>
59:STD:<CALL>:<NO-OP>:org.apache.xerces.readers.MIME2Java:585:s_revhash.put("CP037", "EBCDIC-CP-CA") |==> <NO-OP>
60:STD:<CALL>:<NO-OP>:org.apache.xerces.readers.MIME2Java:586:s_revhash.put("CP037", "EBCDIC-CP-NL") |==> <NO-OP>
61:STD:<CALL>:<NO-OP>:org.apache.xerces.readers.MIME2Java:587:s_revhash.put("CP277", "EBCDIC-CP-DK") |==> <NO-OP>
62:STD:<CALL>:<NO-OP>:org.apache.xerces.readers.MIME2Java:588:s_revhash.put("CP277", "EBCDIC-CP-NO") |==> <NO-OP>
63:STD:<CALL>:<NO-OP>:org.apache.xerces.readers.MIME2Java:589:s_revhash.put("CP278", "EBCDIC-CP-FI") |==> <NO-OP>
64:STD:<CALL>:<NO-OP>:org.apache.xerces.readers.MIME2Java:590:s_revhash.put("CP278", "EBCDIC-CP-SE") |==> <NO-OP>
65:STD:<CALL>:<NO-OP>:org.apache.xerces.readers.MIME2Java:591:s_revhash.put("CP280", "EBCDIC-CP-IT") |==> <NO-OP>
66:STD:<CALL>:<NO-OP>:org.apache.xerces.readers.MIME2Java:592:s_revhash.put("CP284", "EBCDIC-CP-ES") |==> <NO-OP>
67:STD:<CALL>:<NO-OP>:org.apache.xerces.readers.MIME2Java:593:s_revhash.put("CP285", "EBCDIC-CP-GB") |==> <NO-OP>
68:STD:<CALL>:<NO-OP>:org.apache.xerces.readers.MIME2Java:594:s_revhash.put("CP297", "EBCDIC-CP-FR") |==> <NO-OP>
69:STD:<CALL>:<NO-OP>:org.apache.xerces.readers.MIME2Java:595:s_revhash.put("CP420", "EBCDIC-CP-AR1") |==> <NO-OP>
70:STD:<CALL>:<NO-OP>:org.apache.xerces.readers.MIME2Java:596:s_revhash.put("CP424", "EBCDIC-CP-HE") |==> <NO-OP>
71:STD:<CALL>:<NO-OP>:org.apache.xerces.readers.MIME2Java:597:s_revhash.put("CP500", "EBCDIC-CP-CH") |==> <NO-OP>
72:STD:<CALL>:<NO-OP>:org.apache.xerces.readers.MIME2Java:598:s_revhash.put("CP870", "EBCDIC-CP-ROECE") |==> <NO-OP>
73:STD:<CALL>:<NO-OP>:org.apache.xerces.readers.MIME2Java:599:s_revhash.put("CP870", "EBCDIC-CP-YU") |==> <NO-OP>
74:STD:<CALL>:<NO-OP>:org.apache.xerces.readers.MIME2Java:600:s_revhash.put("CP871", "EBCDIC-CP-IS") |==> <NO-OP>
75:STD:<CALL>:<NO-OP>:org.apache.xerces.readers.MIME2Java:601:s_revhash.put("CP918", "EBCDIC-CP-AR2") |==> <NO-OP>
76:EVR:<TYPE_CAST(java.lang.String)>:<DEFAULT>:org.apache.xerces.readers.MIME2Java@convert(java.lang.String):623:(String)s_enchash.get(mimeCharsetName.toUpperCase()) |==> null
77:EVR:<TYPE_CAST(java.lang.String)>:<DEFAULT>:org.apache.xerces.readers.MIME2Java@reverse(java.lang.String):641:(String)s_revhash.get(encoding.toUpperCase()) |==> null
